[4.125s] Invoking command in '/home/yundo/f1tenth_ws/src/f1tenth_system/teleop_tools/joy_teleop': AMENT_PREFIX_PATH=/home/yundo/f1tenth_ws/install/teleop_tools_msgs:${AMENT_PREFIX_PATH} BYOBU_DATE=%Y-%m-%d CMAKE_PREFIX_PATH=/home/yundo/f1tenth_ws/install/teleop_tools_msgs LD_LIBRARY_PATH=/home/yundo/f1tenth_ws/install/teleop_tools_msgs/lib:${LD_LIBRARY_PATH} PYTHONPATH=/home/yundo/f1tenth_ws/build/joy_teleop/prefix_override:/home/yundo/f1tenth_ws/install/joy_teleop/lib/python3.8/site-packages:/home/yundo/f1tenth_ws/install/teleop_tools_msgs/lib/python3.8/site-packages:${PYTHONPATH} /usr/bin/python3 -W ignore:setup.py install is deprecated setup.py egg_info --egg-base ../../../../build/joy_teleop build --build-base /home/yundo/f1tenth_ws/build/joy_teleop/build install --record /home/yundo/f1tenth_ws/build/joy_teleop/install.log --install-scripts $base/lib/joy_teleop --single-version-externally-managed install_data
[7.546s] /usr/local/lib/python3.8/dist-packages/setuptools/dist.py:717: UserWarning: Usage of dash-separated 'script-dir' will not be supported in future versions. Please use the underscore name 'script_dir' instead
[7.547s]   warnings.warn(
[7.944s] running egg_info
[7.947s] creating ../../../../build/joy_teleop/joy_teleop.egg-info
[7.948s] writing ../../../../build/joy_teleop/joy_teleop.egg-info/PKG-INFO
[7.949s] writing dependency_links to ../../../../build/joy_teleop/joy_teleop.egg-info/dependency_links.txt
[7.950s] writing entry points to ../../../../build/joy_teleop/joy_teleop.egg-info/entry_points.txt
[7.951s] writing requirements to ../../../../build/joy_teleop/joy_teleop.egg-info/requires.txt
[7.952s] writing top-level names to ../../../../build/joy_teleop/joy_teleop.egg-info/top_level.txt
[7.973s] writing manifest file '../../../../build/joy_teleop/joy_teleop.egg-info/SOURCES.txt'
[7.988s] reading manifest file '../../../../build/joy_teleop/joy_teleop.egg-info/SOURCES.txt'
[7.994s] writing manifest file '../../../../build/joy_teleop/joy_teleop.egg-info/SOURCES.txt'
[7.995s] running build
[7.996s] running build_py
[7.998s] creating /home/yundo/f1tenth_ws/build/joy_teleop/build
[8.000s] creating /home/yundo/f1tenth_ws/build/joy_teleop/build/lib
[8.001s] creating /home/yundo/f1tenth_ws/build/joy_teleop/build/lib/joy_teleop
[8.002s] copying joy_teleop/incrementer_server.py -> /home/yundo/f1tenth_ws/build/joy_teleop/build/lib/joy_teleop
[8.006s] copying joy_teleop/joy_teleop.py -> /home/yundo/f1tenth_ws/build/joy_teleop/build/lib/joy_teleop
[8.008s] copying joy_teleop/__init__.py -> /home/yundo/f1tenth_ws/build/joy_teleop/build/lib/joy_teleop
[8.010s] running install
[8.018s] running install_lib
[8.030s] creating /home/yundo/f1tenth_ws/install/joy_teleop/lib/python3.8/site-packages/joy_teleop
[8.032s] copying /home/yundo/f1tenth_ws/build/joy_teleop/build/lib/joy_teleop/incrementer_server.py -> /home/yundo/f1tenth_ws/install/joy_teleop/lib/python3.8/site-packages/joy_teleop
[8.033s] copying /home/yundo/f1tenth_ws/build/joy_teleop/build/lib/joy_teleop/joy_teleop.py -> /home/yundo/f1tenth_ws/install/joy_teleop/lib/python3.8/site-packages/joy_teleop
[8.035s] copying /home/yundo/f1tenth_ws/build/joy_teleop/build/lib/joy_teleop/__init__.py -> /home/yundo/f1tenth_ws/install/joy_teleop/lib/python3.8/site-packages/joy_teleop
[8.041s] byte-compiling /home/yundo/f1tenth_ws/install/joy_teleop/lib/python3.8/site-packages/joy_teleop/incrementer_server.py to incrementer_server.cpython-38.pyc
[8.045s] byte-compiling /home/yundo/f1tenth_ws/install/joy_teleop/lib/python3.8/site-packages/joy_teleop/joy_teleop.py to joy_teleop.cpython-38.pyc
[8.054s] byte-compiling /home/yundo/f1tenth_ws/install/joy_teleop/lib/python3.8/site-packages/joy_teleop/__init__.py to __init__.cpython-38.pyc
[8.056s] running install_data
[8.058s] copying package.xml -> /home/yundo/f1tenth_ws/install/joy_teleop/share/joy_teleop
[8.063s] creating /home/yundo/f1tenth_ws/install/joy_teleop/share/joy_teleop/config
[8.064s] copying config/joy_teleop_example.yaml -> /home/yundo/f1tenth_ws/install/joy_teleop/share/joy_teleop/config
[8.065s] creating /home/yundo/f1tenth_ws/install/joy_teleop/share/joy_teleop/launch
[8.067s] copying launch/example.launch.py -> /home/yundo/f1tenth_ws/install/joy_teleop/share/joy_teleop/launch
[8.072s] creating /home/yundo/f1tenth_ws/install/joy_teleop/share/ament_index
[8.073s] creating /home/yundo/f1tenth_ws/install/joy_teleop/share/ament_index/resource_index
[8.075s] creating /home/yundo/f1tenth_ws/install/joy_teleop/share/ament_index/resource_index/packages
[8.076s] copying resource/joy_teleop -> /home/yundo/f1tenth_ws/install/joy_teleop/share/ament_index/resource_index/packages
[8.077s] running install_egg_info
[8.095s] Copying ../../../../build/joy_teleop/joy_teleop.egg-info to /home/yundo/f1tenth_ws/install/joy_teleop/lib/python3.8/site-packages/joy_teleop-0.3.0-py3.8.egg-info
[8.101s] running install_scripts
[8.328s] Installing incrementer_server script to /home/yundo/f1tenth_ws/install/joy_teleop/lib/joy_teleop
[8.329s] Installing joy_teleop script to /home/yundo/f1tenth_ws/install/joy_teleop/lib/joy_teleop
[8.330s] writing list of installed files to '/home/yundo/f1tenth_ws/build/joy_teleop/install.log'
[8.551s] Invoked command in '/home/yundo/f1tenth_ws/src/f1tenth_system/teleop_tools/joy_teleop' returned '0': AMENT_PREFIX_PATH=/home/yundo/f1tenth_ws/install/teleop_tools_msgs:${AMENT_PREFIX_PATH} BYOBU_DATE=%Y-%m-%d CMAKE_PREFIX_PATH=/home/yundo/f1tenth_ws/install/teleop_tools_msgs LD_LIBRARY_PATH=/home/yundo/f1tenth_ws/install/teleop_tools_msgs/lib:${LD_LIBRARY_PATH} PYTHONPATH=/home/yundo/f1tenth_ws/build/joy_teleop/prefix_override:/home/yundo/f1tenth_ws/install/joy_teleop/lib/python3.8/site-packages:/home/yundo/f1tenth_ws/install/teleop_tools_msgs/lib/python3.8/site-packages:${PYTHONPATH} /usr/bin/python3 -W ignore:setup.py install is deprecated setup.py egg_info --egg-base ../../../../build/joy_teleop build --build-base /home/yundo/f1tenth_ws/build/joy_teleop/build install --record /home/yundo/f1tenth_ws/build/joy_teleop/install.log --install-scripts $base/lib/joy_teleop --single-version-externally-managed install_data
