[5.412s] Invoking command in '/home/yundo/f1tenth_ws/src/f1tenth_system/teleop_tools/key_teleop': BYOBU_DATE=%Y-%m-%d PYTHONPATH=/home/yundo/f1tenth_ws/build/key_teleop/prefix_override:/home/yundo/f1tenth_ws/install/key_teleop/lib/python3.8/site-packages:${PYTHONPATH} /usr/bin/python3 -W ignore:setup.py install is deprecated setup.py egg_info --egg-base ../../../../build/key_teleop build --build-base /home/yundo/f1tenth_ws/build/key_teleop/build install --record /home/yundo/f1tenth_ws/build/key_teleop/install.log --install-scripts $base/lib/key_teleop --single-version-externally-managed install_data
[6.566s] /usr/local/lib/python3.8/dist-packages/setuptools/dist.py:717: UserWarning: Usage of dash-separated 'script-dir' will not be supported in future versions. Please use the underscore name 'script_dir' instead
[6.566s]   warnings.warn(
[6.713s] running egg_info
[6.716s] writing ../../../../build/key_teleop/key_teleop.egg-info/PKG-INFO
[6.717s] writing dependency_links to ../../../../build/key_teleop/key_teleop.egg-info/dependency_links.txt
[6.717s] writing entry points to ../../../../build/key_teleop/key_teleop.egg-info/entry_points.txt
[6.718s] writing requirements to ../../../../build/key_teleop/key_teleop.egg-info/requires.txt
[6.718s] writing top-level names to ../../../../build/key_teleop/key_teleop.egg-info/top_level.txt
[6.732s] reading manifest file '../../../../build/key_teleop/key_teleop.egg-info/SOURCES.txt'
[6.733s] adding license file 'LICENSE'
[6.736s] writing manifest file '../../../../build/key_teleop/key_teleop.egg-info/SOURCES.txt'
[6.736s] running build
[6.737s] running build_py
[6.738s] running install
[6.744s] running install_lib
[6.747s] running install_data
[6.748s] running install_egg_info
[6.755s] removing '/home/yundo/f1tenth_ws/install/key_teleop/lib/python3.8/site-packages/key_teleop-0.3.0-py3.8.egg-info' (and everything under it)
[6.756s] Copying ../../../../build/key_teleop/key_teleop.egg-info to /home/yundo/f1tenth_ws/install/key_teleop/lib/python3.8/site-packages/key_teleop-0.3.0-py3.8.egg-info
[6.760s] running install_scripts
[6.840s] Installing key_teleop script to /home/yundo/f1tenth_ws/install/key_teleop/lib/key_teleop
[6.846s] writing list of installed files to '/home/yundo/f1tenth_ws/build/key_teleop/install.log'
[6.955s] Invoked command in '/home/yundo/f1tenth_ws/src/f1tenth_system/teleop_tools/key_teleop' returned '0': BYOBU_DATE=%Y-%m-%d PYTHONPATH=/home/yundo/f1tenth_ws/build/key_teleop/prefix_override:/home/yundo/f1tenth_ws/install/key_teleop/lib/python3.8/site-packages:${PYTHONPATH} /usr/bin/python3 -W ignore:setup.py install is deprecated setup.py egg_info --egg-base ../../../../build/key_teleop build --build-base /home/yundo/f1tenth_ws/build/key_teleop/build install --record /home/yundo/f1tenth_ws/build/key_teleop/install.log --install-scripts $base/lib/key_teleop --single-version-externally-managed install_data
