[3.168s] Invoking command in '/home/yundo/f1tenth_ws/src/f1tenth_system/teleop_tools/joy_teleop': BYOBU_DATE=%Y-%m-%d CMAKE_PREFIX_PATH=/home/yundo/f1tenth_ws/install/teleop_tools_msgs:/home/yundo/f1tenth_ws/install/teleop_tools:/home/yundo/f1tenth_ws/install/ackermann_mux:/home/yundo/vesc_ws/install/vesc:/home/yundo/vesc_ws/install/vesc_driver:/home/yundo/vesc_ws/install/vesc_ackermann:/home/yundo/vesc_ws/install/vesc_msgs:/home/yundo/vesc_ws/install/udp_driver:/home/yundo/vesc_ws/install/io_context:/home/yundo/vesc_ws/install/asio_cmake_module:/home/yundo/ydlidar_ws/install/ydlidar_ros2_driver PYTHONPATH=/home/yundo/f1tenth_ws/build/joy_teleop/prefix_override:/usr/lib/python3/dist-packages/colcon_core/task/python/colcon_distutils_commands:/home/yundo/f1tenth_ws/install/joy_teleop/lib/python3.8/site-packages:/home/yundo/f1tenth_ws/install/teleop_tools_msgs/lib/python3.8/site-packages:/home/yundo/f1tenth_ws/install/f1tenth_stack/lib/python3.8/site-packages:/home/yundo/f1tenth_ws/install/joy_teleop/lib/python3.8/site-packages:/home/yundo/f1tenth_ws/install/mouse_teleop/lib/python3.8/site-packages:/home/yundo/f1tenth_ws/install/key_teleop/lib/python3.8/site-packages:/home/yundo/vesc_ws/install/vesc_msgs/lib/python3.8/site-packages:/opt/ros/foxy/lib/python3.8/site-packages /usr/bin/python3 -W ignore:setup.py install is deprecated -W ignore:easy_install command is deprecated setup.py egg_info --egg-base ../../../../build/joy_teleop build --build-base /home/yundo/f1tenth_ws/build/joy_teleop/build install --record /home/yundo/f1tenth_ws/build/joy_teleop/install.log --install-scripts $base/lib/joy_teleop --single-version-externally-managed install_data
[4.267s] /usr/local/lib/python3.8/dist-packages/setuptools/dist.py:717: UserWarning: Usage of dash-separated 'script-dir' will not be supported in future versions. Please use the underscore name 'script_dir' instead
[4.267s]   warnings.warn(
[4.399s] running egg_info
[4.401s] writing ../../../../build/joy_teleop/joy_teleop.egg-info/PKG-INFO
[4.402s] writing dependency_links to ../../../../build/joy_teleop/joy_teleop.egg-info/dependency_links.txt
[4.403s] writing entry points to ../../../../build/joy_teleop/joy_teleop.egg-info/entry_points.txt
[4.403s] writing requirements to ../../../../build/joy_teleop/joy_teleop.egg-info/requires.txt
[4.404s] writing top-level names to ../../../../build/joy_teleop/joy_teleop.egg-info/top_level.txt
[4.417s] reading manifest file '../../../../build/joy_teleop/joy_teleop.egg-info/SOURCES.txt'
[4.422s] writing manifest file '../../../../build/joy_teleop/joy_teleop.egg-info/SOURCES.txt'
[4.423s] running build
[4.423s] running build_py
[4.424s] copying joy_teleop/joy_teleop.py -> /home/yundo/f1tenth_ws/build/joy_teleop/build/lib/joy_teleop
[4.424s] copying joy_teleop/joy_teleop.old.py -> /home/yundo/f1tenth_ws/build/joy_teleop/build/lib/joy_teleop
[4.425s] running install
[4.428s] running install_lib
[4.431s] copying /home/yundo/f1tenth_ws/build/joy_teleop/build/lib/joy_teleop/joy_teleop.py -> /home/yundo/f1tenth_ws/install/joy_teleop/lib/python3.8/site-packages/joy_teleop
[4.432s] copying /home/yundo/f1tenth_ws/build/joy_teleop/build/lib/joy_teleop/joy_teleop.old.py -> /home/yundo/f1tenth_ws/install/joy_teleop/lib/python3.8/site-packages/joy_teleop
[4.435s] byte-compiling /home/yundo/f1tenth_ws/install/joy_teleop/lib/python3.8/site-packages/joy_teleop/joy_teleop.py to joy_teleop.cpython-38.pyc
[4.443s] byte-compiling /home/yundo/f1tenth_ws/install/joy_teleop/lib/python3.8/site-packages/joy_teleop/joy_teleop.old.py to joy_teleop.old.cpython-38.pyc
[4.451s] running install_data
[4.451s] running install_egg_info
[4.460s] removing '/home/yundo/f1tenth_ws/install/joy_teleop/lib/python3.8/site-packages/joy_teleop-0.3.0-py3.8.egg-info' (and everything under it)
[4.461s] Copying ../../../../build/joy_teleop/joy_teleop.egg-info to /home/yundo/f1tenth_ws/install/joy_teleop/lib/python3.8/site-packages/joy_teleop-0.3.0-py3.8.egg-info
[4.464s] running install_scripts
[4.539s] Installing incrementer_server script to /home/yundo/f1tenth_ws/install/joy_teleop/lib/joy_teleop
[4.540s] Installing joy_teleop script to /home/yundo/f1tenth_ws/install/joy_teleop/lib/joy_teleop
[4.541s] writing list of installed files to '/home/yundo/f1tenth_ws/build/joy_teleop/install.log'
[4.641s] Invoked command in '/home/yundo/f1tenth_ws/src/f1tenth_system/teleop_tools/joy_teleop' returned '0': BYOBU_DATE=%Y-%m-%d CMAKE_PREFIX_PATH=/home/yundo/f1tenth_ws/install/teleop_tools_msgs:/home/yundo/f1tenth_ws/install/teleop_tools:/home/yundo/f1tenth_ws/install/ackermann_mux:/home/yundo/vesc_ws/install/vesc:/home/yundo/vesc_ws/install/vesc_driver:/home/yundo/vesc_ws/install/vesc_ackermann:/home/yundo/vesc_ws/install/vesc_msgs:/home/yundo/vesc_ws/install/udp_driver:/home/yundo/vesc_ws/install/io_context:/home/yundo/vesc_ws/install/asio_cmake_module:/home/yundo/ydlidar_ws/install/ydlidar_ros2_driver PYTHONPATH=/home/yundo/f1tenth_ws/build/joy_teleop/prefix_override:/usr/lib/python3/dist-packages/colcon_core/task/python/colcon_distutils_commands:/home/yundo/f1tenth_ws/install/joy_teleop/lib/python3.8/site-packages:/home/yundo/f1tenth_ws/install/teleop_tools_msgs/lib/python3.8/site-packages:/home/yundo/f1tenth_ws/install/f1tenth_stack/lib/python3.8/site-packages:/home/yundo/f1tenth_ws/install/joy_teleop/lib/python3.8/site-packages:/home/yundo/f1tenth_ws/install/mouse_teleop/lib/python3.8/site-packages:/home/yundo/f1tenth_ws/install/key_teleop/lib/python3.8/site-packages:/home/yundo/vesc_ws/install/vesc_msgs/lib/python3.8/site-packages:/opt/ros/foxy/lib/python3.8/site-packages /usr/bin/python3 -W ignore:setup.py install is deprecated -W ignore:easy_install command is deprecated setup.py egg_info --egg-base ../../../../build/joy_teleop build --build-base /home/yundo/f1tenth_ws/build/joy_teleop/build install --record /home/yundo/f1tenth_ws/build/joy_teleop/install.log --install-scripts $base/lib/joy_teleop --single-version-externally-managed install_data
