[  2%] Built target vesc_msgs__cpp
[ 12%] Built target vesc_msgs__rosidl_generator_c
[ 23%] Built target vesc_msgs__rosidl_typesupport_cpp
[ 33%] Built target vesc_msgs__rosidl_typesupport_c
[ 43%] Built target vesc_msgs__rosidl_typesupport_introspection_cpp
[ 53%] Built target vesc_msgs__rosidl_typesupport_fastrtps_cpp
[ 64%] Built target vesc_msgs__rosidl_typesupport_introspection_c
[ 74%] Built target vesc_msgs__rosidl_typesupport_fastrtps_c
[ 74%] Built target vesc_msgs
[ 76%] Built target vesc_msgs__py
[ 84%] Built target vesc_msgs__python
[ 89%] Built target vesc_msgs__rosidl_typesupport_introspection_c__pyext
[ 94%] Built target vesc_msgs__rosidl_typesupport_c__pyext
[100%] Built target vesc_msgs__rosidl_typesupport_fastrtps_c__pyext
-- Install configuration: ""
-- Installing: /home/yundo/f1tenth_ws/install/vesc_msgs/share/ament_index/resource_index/rosidl_interfaces/vesc_msgs
-- Installing: /home/yundo/f1tenth_ws/install/vesc_msgs/include/vesc_msgs
-- Installing: /home/yundo/f1tenth_ws/install/vesc_msgs/include/vesc_msgs/msg
-- Installing: /home/yundo/f1tenth_ws/install/vesc_msgs/include/vesc_msgs/msg/detail
-- Installing: /home/yundo/f1tenth_ws/install/vesc_msgs/include/vesc_msgs/msg/detail/vesc_state__functions.c
-- Installing: /home/yundo/f1tenth_ws/install/vesc_msgs/include/vesc_msgs/msg/detail/vesc_state__struct.h
-- Installing: /home/yundo/f1tenth_ws/install/vesc_msgs/include/vesc_msgs/msg/detail/vesc_state_stamped__functions.c
-- Installing: /home/yundo/f1tenth_ws/install/vesc_msgs/include/vesc_msgs/msg/detail/vesc_state__functions.h
-- Installing: /home/yundo/f1tenth_ws/install/vesc_msgs/include/vesc_msgs/msg/detail/vesc_state_stamped__functions.h
-- Installing: /home/yundo/f1tenth_ws/install/vesc_msgs/include/vesc_msgs/msg/detail/vesc_state__type_support.h
-- Installing: /home/yundo/f1tenth_ws/install/vesc_msgs/include/vesc_msgs/msg/detail/vesc_state_stamped__type_support.h
-- Installing: /home/yundo/f1tenth_ws/install/vesc_msgs/include/vesc_msgs/msg/detail/vesc_state_stamped__struct.h
-- Installing: /home/yundo/f1tenth_ws/install/vesc_msgs/include/vesc_msgs/msg/vesc_state.h
-- Installing: /home/yundo/f1tenth_ws/install/vesc_msgs/include/vesc_msgs/msg/rosidl_generator_c__visibility_control.h
-- Installing: /home/yundo/f1tenth_ws/install/vesc_msgs/include/vesc_msgs/msg/vesc_state_stamped.h
-- Installing: /home/yundo/f1tenth_ws/install/vesc_msgs/share/vesc_msgs/environment/library_path.sh
-- Installing: /home/yundo/f1tenth_ws/install/vesc_msgs/share/vesc_msgs/environment/library_path.dsv
-- Installing: /home/yundo/f1tenth_ws/install/vesc_msgs/lib/libvesc_msgs__rosidl_generator_c.so
-- Set runtime path of "/home/yundo/f1tenth_ws/install/vesc_msgs/lib/libvesc_msgs__rosidl_generator_c.so" to ""
-- Up-to-date: /home/yundo/f1tenth_ws/install/vesc_msgs/include/vesc_msgs
-- Up-to-date: /home/yundo/f1tenth_ws/install/vesc_msgs/include/vesc_msgs/msg
-- Up-to-date: /home/yundo/f1tenth_ws/install/vesc_msgs/include/vesc_msgs/msg/detail
-- Installing: /home/yundo/f1tenth_ws/install/vesc_msgs/include/vesc_msgs/msg/detail/vesc_state_stamped__rosidl_typesupport_fastrtps_c.h
-- Installing: /home/yundo/f1tenth_ws/install/vesc_msgs/include/vesc_msgs/msg/detail/vesc_state__rosidl_typesupport_fastrtps_c.h
-- Installing: /home/yundo/f1tenth_ws/install/vesc_msgs/include/vesc_msgs/msg/rosidl_typesupport_fastrtps_c__visibility_control.h
-- Installing: /home/yundo/f1tenth_ws/install/vesc_msgs/lib/libvesc_msgs__rosidl_typesupport_fastrtps_c.so
-- Set runtime path of "/home/yundo/f1tenth_ws/install/vesc_msgs/lib/libvesc_msgs__rosidl_typesupport_fastrtps_c.so" to ""
-- Up-to-date: /home/yundo/f1tenth_ws/install/vesc_msgs/include/vesc_msgs
-- Up-to-date: /home/yundo/f1tenth_ws/install/vesc_msgs/include/vesc_msgs/msg
-- Up-to-date: /home/yundo/f1tenth_ws/install/vesc_msgs/include/vesc_msgs/msg/detail
-- Installing: /home/yundo/f1tenth_ws/install/vesc_msgs/include/vesc_msgs/msg/detail/vesc_state_stamped__rosidl_typesupport_fastrtps_cpp.hpp
-- Installing: /home/yundo/f1tenth_ws/install/vesc_msgs/include/vesc_msgs/msg/detail/vesc_state__rosidl_typesupport_fastrtps_cpp.hpp
-- Installing: /home/yundo/f1tenth_ws/install/vesc_msgs/include/vesc_msgs/msg/detail/dds_fastrtps
-- Installing: /home/yundo/f1tenth_ws/install/vesc_msgs/include/vesc_msgs/msg/rosidl_typesupport_fastrtps_cpp__visibility_control.h
-- Installing: /home/yundo/f1tenth_ws/install/vesc_msgs/lib/libvesc_msgs__rosidl_typesupport_fastrtps_cpp.so
-- Set runtime path of "/home/yundo/f1tenth_ws/install/vesc_msgs/lib/libvesc_msgs__rosidl_typesupport_fastrtps_cpp.so" to ""
-- Up-to-date: /home/yundo/f1tenth_ws/install/vesc_msgs/include/vesc_msgs
-- Up-to-date: /home/yundo/f1tenth_ws/install/vesc_msgs/include/vesc_msgs/msg
-- Up-to-date: /home/yundo/f1tenth_ws/install/vesc_msgs/include/vesc_msgs/msg/detail
-- Installing: /home/yundo/f1tenth_ws/install/vesc_msgs/include/vesc_msgs/msg/detail/vesc_state_stamped__rosidl_typesupport_introspection_c.h
-- Installing: /home/yundo/f1tenth_ws/install/vesc_msgs/include/vesc_msgs/msg/detail/vesc_state__rosidl_typesupport_introspection_c.h
-- Installing: /home/yundo/f1tenth_ws/install/vesc_msgs/include/vesc_msgs/msg/detail/vesc_state_stamped__type_support.c
-- Installing: /home/yundo/f1tenth_ws/install/vesc_msgs/include/vesc_msgs/msg/detail/vesc_state__type_support.c
-- Installing: /home/yundo/f1tenth_ws/install/vesc_msgs/include/vesc_msgs/msg/rosidl_typesupport_introspection_c__visibility_control.h
-- Installing: /home/yundo/f1tenth_ws/install/vesc_msgs/lib/libvesc_msgs__rosidl_typesupport_introspection_c.so
-- Set runtime path of "/home/yundo/f1tenth_ws/install/vesc_msgs/lib/libvesc_msgs__rosidl_typesupport_introspection_c.so" to ""
-- Installing: /home/yundo/f1tenth_ws/install/vesc_msgs/lib/libvesc_msgs__rosidl_typesupport_c.so
-- Set runtime path of "/home/yundo/f1tenth_ws/install/vesc_msgs/lib/libvesc_msgs__rosidl_typesupport_c.so" to ""
-- Up-to-date: /home/yundo/f1tenth_ws/install/vesc_msgs/include/vesc_msgs
-- Up-to-date: /home/yundo/f1tenth_ws/install/vesc_msgs/include/vesc_msgs/msg
-- Up-to-date: /home/yundo/f1tenth_ws/install/vesc_msgs/include/vesc_msgs/msg/detail
-- Installing: /home/yundo/f1tenth_ws/install/vesc_msgs/include/vesc_msgs/msg/detail/vesc_state__struct.hpp
-- Installing: /home/yundo/f1tenth_ws/install/vesc_msgs/include/vesc_msgs/msg/detail/vesc_state__traits.hpp
-- Installing: /home/yundo/f1tenth_ws/install/vesc_msgs/include/vesc_msgs/msg/detail/vesc_state_stamped__struct.hpp
-- Installing: /home/yundo/f1tenth_ws/install/vesc_msgs/include/vesc_msgs/msg/detail/vesc_state_stamped__type_support.hpp
-- Installing: /home/yundo/f1tenth_ws/install/vesc_msgs/include/vesc_msgs/msg/detail/vesc_state__type_support.hpp
-- Installing: /home/yundo/f1tenth_ws/install/vesc_msgs/include/vesc_msgs/msg/detail/vesc_state_stamped__builder.hpp
-- Installing: /home/yundo/f1tenth_ws/install/vesc_msgs/include/vesc_msgs/msg/detail/vesc_state_stamped__traits.hpp
-- Installing: /home/yundo/f1tenth_ws/install/vesc_msgs/include/vesc_msgs/msg/detail/vesc_state__builder.hpp
-- Installing: /home/yundo/f1tenth_ws/install/vesc_msgs/include/vesc_msgs/msg/vesc_state_stamped.hpp
-- Installing: /home/yundo/f1tenth_ws/install/vesc_msgs/include/vesc_msgs/msg/vesc_state.hpp
-- Installing: /home/yundo/f1tenth_ws/install/vesc_msgs/include/vesc_msgs/msg/rosidl_generator_cpp__visibility_control.hpp
-- Up-to-date: /home/yundo/f1tenth_ws/install/vesc_msgs/include/vesc_msgs
-- Up-to-date: /home/yundo/f1tenth_ws/install/vesc_msgs/include/vesc_msgs/msg
-- Up-to-date: /home/yundo/f1tenth_ws/install/vesc_msgs/include/vesc_msgs/msg/detail
-- Installing: /home/yundo/f1tenth_ws/install/vesc_msgs/include/vesc_msgs/msg/detail/vesc_state_stamped__rosidl_typesupport_introspection_cpp.hpp
-- Installing: /home/yundo/f1tenth_ws/install/vesc_msgs/include/vesc_msgs/msg/detail/vesc_state__rosidl_typesupport_introspection_cpp.hpp
-- Installing: /home/yundo/f1tenth_ws/install/vesc_msgs/include/vesc_msgs/msg/detail/vesc_state__type_support.cpp
-- Installing: /home/yundo/f1tenth_ws/install/vesc_msgs/include/vesc_msgs/msg/detail/vesc_state_stamped__type_support.cpp
-- Installing: /home/yundo/f1tenth_ws/install/vesc_msgs/lib/libvesc_msgs__rosidl_typesupport_introspection_cpp.so
-- Set runtime path of "/home/yundo/f1tenth_ws/install/vesc_msgs/lib/libvesc_msgs__rosidl_typesupport_introspection_cpp.so" to ""
-- Installing: /home/yundo/f1tenth_ws/install/vesc_msgs/lib/libvesc_msgs__rosidl_typesupport_cpp.so
-- Set runtime path of "/home/yundo/f1tenth_ws/install/vesc_msgs/lib/libvesc_msgs__rosidl_typesupport_cpp.so" to ""
-- Installing: /home/yundo/f1tenth_ws/install/vesc_msgs/share/vesc_msgs/environment/pythonpath.sh
-- Installing: /home/yundo/f1tenth_ws/install/vesc_msgs/share/vesc_msgs/environment/pythonpath.dsv
-- Installing: /home/yundo/f1tenth_ws/install/vesc_msgs/lib/python3.8/site-packages/vesc_msgs/__init__.py
Compiling '/home/yundo/f1tenth_ws/install/vesc_msgs/lib/python3.8/site-packages/vesc_msgs/__init__.py'...
-- Installing: /home/yundo/f1tenth_ws/install/vesc_msgs/lib/python3.8/site-packages/vesc_msgs/msg
-- Installing: /home/yundo/f1tenth_ws/install/vesc_msgs/lib/python3.8/site-packages/vesc_msgs/msg/_vesc_state_stamped.py
-- Installing: /home/yundo/f1tenth_ws/install/vesc_msgs/lib/python3.8/site-packages/vesc_msgs/msg/_vesc_state_stamped_s.c
-- Installing: /home/yundo/f1tenth_ws/install/vesc_msgs/lib/python3.8/site-packages/vesc_msgs/msg/_vesc_state_s.c
-- Installing: /home/yundo/f1tenth_ws/install/vesc_msgs/lib/python3.8/site-packages/vesc_msgs/msg/__init__.py
-- Installing: /home/yundo/f1tenth_ws/install/vesc_msgs/lib/python3.8/site-packages/vesc_msgs/msg/_vesc_state.py
-- Installing: /home/yundo/f1tenth_ws/install/vesc_msgs/lib/python3.8/site-packages/vesc_msgs/vesc_msgs_s__rosidl_typesupport_fastrtps_c.cpython-38-aarch64-linux-gnu.so
-- Set runtime path of "/home/yundo/f1tenth_ws/install/vesc_msgs/lib/python3.8/site-packages/vesc_msgs/vesc_msgs_s__rosidl_typesupport_fastrtps_c.cpython-38-aarch64-linux-gnu.so" to ""
-- Installing: /home/yundo/f1tenth_ws/install/vesc_msgs/lib/python3.8/site-packages/vesc_msgs/vesc_msgs_s__rosidl_typesupport_introspection_c.cpython-38-aarch64-linux-gnu.so
-- Set runtime path of "/home/yundo/f1tenth_ws/install/vesc_msgs/lib/python3.8/site-packages/vesc_msgs/vesc_msgs_s__rosidl_typesupport_introspection_c.cpython-38-aarch64-linux-gnu.so" to ""
-- Installing: /home/yundo/f1tenth_ws/install/vesc_msgs/lib/python3.8/site-packages/vesc_msgs/vesc_msgs_s__rosidl_typesupport_c.cpython-38-aarch64-linux-gnu.so
-- Set runtime path of "/home/yundo/f1tenth_ws/install/vesc_msgs/lib/python3.8/site-packages/vesc_msgs/vesc_msgs_s__rosidl_typesupport_c.cpython-38-aarch64-linux-gnu.so" to ""
-- Installing: /home/yundo/f1tenth_ws/install/vesc_msgs/lib/libvesc_msgs__python.so
-- Set runtime path of "/home/yundo/f1tenth_ws/install/vesc_msgs/lib/libvesc_msgs__python.so" to ""
-- Installing: /home/yundo/f1tenth_ws/install/vesc_msgs/share/vesc_msgs/msg/VescState.idl
-- Installing: /home/yundo/f1tenth_ws/install/vesc_msgs/share/vesc_msgs/msg/VescStateStamped.idl
-- Installing: /home/yundo/f1tenth_ws/install/vesc_msgs/share/vesc_msgs/msg/VescState.msg
-- Installing: /home/yundo/f1tenth_ws/install/vesc_msgs/share/vesc_msgs/msg/VescStateStamped.msg
-- Installing: /home/yundo/f1tenth_ws/install/vesc_msgs/share/ament_index/resource_index/package_run_dependencies/vesc_msgs
-- Installing: /home/yundo/f1tenth_ws/install/vesc_msgs/share/ament_index/resource_index/parent_prefix_path/vesc_msgs
-- Installing: /home/yundo/f1tenth_ws/install/vesc_msgs/share/vesc_msgs/environment/ament_prefix_path.sh
-- Installing: /home/yundo/f1tenth_ws/install/vesc_msgs/share/vesc_msgs/environment/ament_prefix_path.dsv
-- Installing: /home/yundo/f1tenth_ws/install/vesc_msgs/share/vesc_msgs/environment/path.sh
-- Installing: /home/yundo/f1tenth_ws/install/vesc_msgs/share/vesc_msgs/environment/path.dsv
-- Installing: /home/yundo/f1tenth_ws/install/vesc_msgs/share/vesc_msgs/local_setup.bash
-- Installing: /home/yundo/f1tenth_ws/install/vesc_msgs/share/vesc_msgs/local_setup.sh
-- Installing: /home/yundo/f1tenth_ws/install/vesc_msgs/share/vesc_msgs/local_setup.zsh
-- Installing: /home/yundo/f1tenth_ws/install/vesc_msgs/share/vesc_msgs/local_setup.dsv
-- Installing: /home/yundo/f1tenth_ws/install/vesc_msgs/share/vesc_msgs/package.dsv
-- Installing: /home/yundo/f1tenth_ws/install/vesc_msgs/share/ament_index/resource_index/packages/vesc_msgs
-- Installing: /home/yundo/f1tenth_ws/install/vesc_msgs/share/vesc_msgs/cmake/vesc_msgs__rosidl_generator_cExport.cmake
-- Installing: /home/yundo/f1tenth_ws/install/vesc_msgs/share/vesc_msgs/cmake/vesc_msgs__rosidl_generator_cExport-noconfig.cmake
-- Installing: /home/yundo/f1tenth_ws/install/vesc_msgs/share/vesc_msgs/cmake/vesc_msgs__rosidl_typesupport_introspection_cExport.cmake
-- Installing: /home/yundo/f1tenth_ws/install/vesc_msgs/share/vesc_msgs/cmake/vesc_msgs__rosidl_typesupport_introspection_cExport-noconfig.cmake
-- Installing: /home/yundo/f1tenth_ws/install/vesc_msgs/share/vesc_msgs/cmake/vesc_msgs__rosidl_typesupport_cExport.cmake
-- Installing: /home/yundo/f1tenth_ws/install/vesc_msgs/share/vesc_msgs/cmake/vesc_msgs__rosidl_typesupport_cExport-noconfig.cmake
-- Installing: /home/yundo/f1tenth_ws/install/vesc_msgs/share/vesc_msgs/cmake/vesc_msgs__rosidl_generator_cppExport.cmake
-- Installing: /home/yundo/f1tenth_ws/install/vesc_msgs/share/vesc_msgs/cmake/vesc_msgs__rosidl_typesupport_introspection_cppExport.cmake
-- Installing: /home/yundo/f1tenth_ws/install/vesc_msgs/share/vesc_msgs/cmake/vesc_msgs__rosidl_typesupport_introspection_cppExport-noconfig.cmake
-- Installing: /home/yundo/f1tenth_ws/install/vesc_msgs/share/vesc_msgs/cmake/vesc_msgs__rosidl_typesupport_cppExport.cmake
-- Installing: /home/yundo/f1tenth_ws/install/vesc_msgs/share/vesc_msgs/cmake/vesc_msgs__rosidl_typesupport_cppExport-noconfig.cmake
-- Installing: /home/yundo/f1tenth_ws/install/vesc_msgs/share/vesc_msgs/cmake/rosidl_cmake-extras.cmake
-- Installing: /home/yundo/f1tenth_ws/install/vesc_msgs/share/vesc_msgs/cmake/ament_cmake_export_dependencies-extras.cmake
-- Installing: /home/yundo/f1tenth_ws/install/vesc_msgs/share/vesc_msgs/cmake/ament_cmake_export_libraries-extras.cmake
-- Installing: /home/yundo/f1tenth_ws/install/vesc_msgs/share/vesc_msgs/cmake/ament_cmake_export_targets-extras.cmake
-- Installing: /home/yundo/f1tenth_ws/install/vesc_msgs/share/vesc_msgs/cmake/ament_cmake_export_include_directories-extras.cmake
-- Installing: /home/yundo/f1tenth_ws/install/vesc_msgs/share/vesc_msgs/cmake/rosidl_cmake_export_typesupport_libraries-extras.cmake
-- Installing: /home/yundo/f1tenth_ws/install/vesc_msgs/share/vesc_msgs/cmake/rosidl_cmake_export_typesupport_targets-extras.cmake
-- Installing: /home/yundo/f1tenth_ws/install/vesc_msgs/share/vesc_msgs/cmake/vesc_msgsConfig.cmake
-- Installing: /home/yundo/f1tenth_ws/install/vesc_msgs/share/vesc_msgs/cmake/vesc_msgsConfig-version.cmake
-- Installing: /home/yundo/f1tenth_ws/install/vesc_msgs/share/vesc_msgs/package.xml
