[0.121s] Invoking command in '/home/yundo/f1tenth_ws/build/vesc_msgs': BYOBU_DATE=%Y-%m-%d CMAKE_PREFIX_PATH=/opt/ros/foxy /usr/bin/cmake --build /home/yundo/f1tenth_ws/build/vesc_msgs -- -j4 -l4
[1.779s] [  2%] Built target vesc_msgs__cpp
[1.780s] [ 12%] Built target vesc_msgs__rosidl_generator_c
[1.782s] [ 23%] Built target vesc_msgs__rosidl_typesupport_cpp
[1.783s] [ 33%] Built target vesc_msgs__rosidl_typesupport_c
[1.784s] [ 43%] Built target vesc_msgs__rosidl_typesupport_introspection_cpp
[1.785s] [ 53%] Built target vesc_msgs__rosidl_typesupport_fastrtps_cpp
[1.786s] [ 64%] Built target vesc_msgs__rosidl_typesupport_introspection_c
[1.791s] [ 74%] Built target vesc_msgs__rosidl_typesupport_fastrtps_c
[1.792s] [ 74%] Built target vesc_msgs
[1.793s] [ 76%] Built target vesc_msgs__py
[1.794s] [ 84%] Built target vesc_msgs__python
[1.794s] [ 89%] Built target vesc_msgs__rosidl_typesupport_introspection_c__pyext
[1.794s] [ 94%] Built target vesc_msgs__rosidl_typesupport_c__pyext
[1.795s] [100%] Built target vesc_msgs__rosidl_typesupport_fastrtps_c__pyext
[1.817s] Invoked command in '/home/yundo/f1tenth_ws/build/vesc_msgs' returned '0': BYOBU_DATE=%Y-%m-%d CMAKE_PREFIX_PATH=/opt/ros/foxy /usr/bin/cmake --build /home/yundo/f1tenth_ws/build/vesc_msgs -- -j4 -l4
[2.112s] Invoking command in '/home/yundo/f1tenth_ws/build/vesc_msgs': BYOBU_DATE=%Y-%m-%d CMAKE_PREFIX_PATH=/opt/ros/foxy /usr/bin/cmake --install /home/yundo/f1tenth_ws/build/vesc_msgs
[2.160s] -- Install configuration: ""
[2.161s] -- Installing: /home/yundo/f1tenth_ws/install/vesc_msgs/share/ament_index/resource_index/rosidl_interfaces/vesc_msgs
[2.162s] -- Installing: /home/yundo/f1tenth_ws/install/vesc_msgs/include/vesc_msgs
[2.162s] -- Installing: /home/yundo/f1tenth_ws/install/vesc_msgs/include/vesc_msgs/msg
[2.163s] -- Installing: /home/yundo/f1tenth_ws/install/vesc_msgs/include/vesc_msgs/msg/detail
[2.164s] -- Installing: /home/yundo/f1tenth_ws/install/vesc_msgs/include/vesc_msgs/msg/detail/vesc_state__functions.c
[2.165s] -- Installing: /home/yundo/f1tenth_ws/install/vesc_msgs/include/vesc_msgs/msg/detail/vesc_state__struct.h
[2.165s] -- Installing: /home/yundo/f1tenth_ws/install/vesc_msgs/include/vesc_msgs/msg/detail/vesc_state_stamped__functions.c
[2.166s] -- Installing: /home/yundo/f1tenth_ws/install/vesc_msgs/include/vesc_msgs/msg/detail/vesc_state__functions.h
[2.167s] -- Installing: /home/yundo/f1tenth_ws/install/vesc_msgs/include/vesc_msgs/msg/detail/vesc_state_stamped__functions.h
[2.167s] -- Installing: /home/yundo/f1tenth_ws/install/vesc_msgs/include/vesc_msgs/msg/detail/vesc_state__type_support.h
[2.168s] -- Installing: /home/yundo/f1tenth_ws/install/vesc_msgs/include/vesc_msgs/msg/detail/vesc_state_stamped__type_support.h
[2.174s] -- Installing: /home/yundo/f1tenth_ws/install/vesc_msgs/include/vesc_msgs/msg/detail/vesc_state_stamped__struct.h
[2.174s] -- Installing: /home/yundo/f1tenth_ws/install/vesc_msgs/include/vesc_msgs/msg/vesc_state.h
[2.175s] -- Installing: /home/yundo/f1tenth_ws/install/vesc_msgs/include/vesc_msgs/msg/rosidl_generator_c__visibility_control.h
[2.177s] -- Installing: /home/yundo/f1tenth_ws/install/vesc_msgs/include/vesc_msgs/msg/vesc_state_stamped.h
[2.183s] -- Installing: /home/yundo/f1tenth_ws/install/vesc_msgs/share/vesc_msgs/environment/library_path.sh
[2.184s] -- Installing: /home/yundo/f1tenth_ws/install/vesc_msgs/share/vesc_msgs/environment/library_path.dsv
[2.184s] -- Installing: /home/yundo/f1tenth_ws/install/vesc_msgs/lib/libvesc_msgs__rosidl_generator_c.so
[2.190s] -- Set runtime path of "/home/yundo/f1tenth_ws/install/vesc_msgs/lib/libvesc_msgs__rosidl_generator_c.so" to ""
[2.190s] -- Up-to-date: /home/yundo/f1tenth_ws/install/vesc_msgs/include/vesc_msgs
[2.192s] -- Up-to-date: /home/yundo/f1tenth_ws/install/vesc_msgs/include/vesc_msgs/msg
[2.194s] -- Up-to-date: /home/yundo/f1tenth_ws/install/vesc_msgs/include/vesc_msgs/msg/detail
[2.195s] -- Installing: /home/yundo/f1tenth_ws/install/vesc_msgs/include/vesc_msgs/msg/detail/vesc_state_stamped__rosidl_typesupport_fastrtps_c.h
[2.195s] -- Installing: /home/yundo/f1tenth_ws/install/vesc_msgs/include/vesc_msgs/msg/detail/vesc_state__rosidl_typesupport_fastrtps_c.h
[2.196s] -- Installing: /home/yundo/f1tenth_ws/install/vesc_msgs/include/vesc_msgs/msg/rosidl_typesupport_fastrtps_c__visibility_control.h
[2.198s] -- Installing: /home/yundo/f1tenth_ws/install/vesc_msgs/lib/libvesc_msgs__rosidl_typesupport_fastrtps_c.so
[2.211s] -- Set runtime path of "/home/yundo/f1tenth_ws/install/vesc_msgs/lib/libvesc_msgs__rosidl_typesupport_fastrtps_c.so" to ""
[2.211s] -- Up-to-date: /home/yundo/f1tenth_ws/install/vesc_msgs/include/vesc_msgs
[2.212s] -- Up-to-date: /home/yundo/f1tenth_ws/install/vesc_msgs/include/vesc_msgs/msg
[2.212s] -- Up-to-date: /home/yundo/f1tenth_ws/install/vesc_msgs/include/vesc_msgs/msg/detail
[2.213s] -- Installing: /home/yundo/f1tenth_ws/install/vesc_msgs/include/vesc_msgs/msg/detail/vesc_state_stamped__rosidl_typesupport_fastrtps_cpp.hpp
[2.214s] -- Installing: /home/yundo/f1tenth_ws/install/vesc_msgs/include/vesc_msgs/msg/detail/vesc_state__rosidl_typesupport_fastrtps_cpp.hpp
[2.214s] -- Installing: /home/yundo/f1tenth_ws/install/vesc_msgs/include/vesc_msgs/msg/detail/dds_fastrtps
[2.215s] -- Installing: /home/yundo/f1tenth_ws/install/vesc_msgs/include/vesc_msgs/msg/rosidl_typesupport_fastrtps_cpp__visibility_control.h
[2.215s] -- Installing: /home/yundo/f1tenth_ws/install/vesc_msgs/lib/libvesc_msgs__rosidl_typesupport_fastrtps_cpp.so
[2.219s] -- Set runtime path of "/home/yundo/f1tenth_ws/install/vesc_msgs/lib/libvesc_msgs__rosidl_typesupport_fastrtps_cpp.so" to ""
[2.220s] -- Up-to-date: /home/yundo/f1tenth_ws/install/vesc_msgs/include/vesc_msgs
[2.220s] -- Up-to-date: /home/yundo/f1tenth_ws/install/vesc_msgs/include/vesc_msgs/msg
[2.221s] -- Up-to-date: /home/yundo/f1tenth_ws/install/vesc_msgs/include/vesc_msgs/msg/detail
[2.221s] -- Installing: /home/yundo/f1tenth_ws/install/vesc_msgs/include/vesc_msgs/msg/detail/vesc_state_stamped__rosidl_typesupport_introspection_c.h
[2.222s] -- Installing: /home/yundo/f1tenth_ws/install/vesc_msgs/include/vesc_msgs/msg/detail/vesc_state__rosidl_typesupport_introspection_c.h
[2.222s] -- Installing: /home/yundo/f1tenth_ws/install/vesc_msgs/include/vesc_msgs/msg/detail/vesc_state_stamped__type_support.c
[2.223s] -- Installing: /home/yundo/f1tenth_ws/install/vesc_msgs/include/vesc_msgs/msg/detail/vesc_state__type_support.c
[2.223s] -- Installing: /home/yundo/f1tenth_ws/install/vesc_msgs/include/vesc_msgs/msg/rosidl_typesupport_introspection_c__visibility_control.h
[2.224s] -- Installing: /home/yundo/f1tenth_ws/install/vesc_msgs/lib/libvesc_msgs__rosidl_typesupport_introspection_c.so
[2.225s] -- Set runtime path of "/home/yundo/f1tenth_ws/install/vesc_msgs/lib/libvesc_msgs__rosidl_typesupport_introspection_c.so" to ""
[2.225s] -- Installing: /home/yundo/f1tenth_ws/install/vesc_msgs/lib/libvesc_msgs__rosidl_typesupport_c.so
[2.226s] -- Set runtime path of "/home/yundo/f1tenth_ws/install/vesc_msgs/lib/libvesc_msgs__rosidl_typesupport_c.so" to ""
[2.226s] -- Up-to-date: /home/yundo/f1tenth_ws/install/vesc_msgs/include/vesc_msgs
[2.226s] -- Up-to-date: /home/yundo/f1tenth_ws/install/vesc_msgs/include/vesc_msgs/msg
[2.227s] -- Up-to-date: /home/yundo/f1tenth_ws/install/vesc_msgs/include/vesc_msgs/msg/detail
[2.228s] -- Installing: /home/yundo/f1tenth_ws/install/vesc_msgs/include/vesc_msgs/msg/detail/vesc_state__struct.hpp
[2.228s] -- Installing: /home/yundo/f1tenth_ws/install/vesc_msgs/include/vesc_msgs/msg/detail/vesc_state__traits.hpp
[2.229s] -- Installing: /home/yundo/f1tenth_ws/install/vesc_msgs/include/vesc_msgs/msg/detail/vesc_state_stamped__struct.hpp
[2.234s] -- Installing: /home/yundo/f1tenth_ws/install/vesc_msgs/include/vesc_msgs/msg/detail/vesc_state_stamped__type_support.hpp
[2.242s] -- Installing: /home/yundo/f1tenth_ws/install/vesc_msgs/include/vesc_msgs/msg/detail/vesc_state__type_support.hpp
[2.243s] -- Installing: /home/yundo/f1tenth_ws/install/vesc_msgs/include/vesc_msgs/msg/detail/vesc_state_stamped__builder.hpp
[2.244s] -- Installing: /home/yundo/f1tenth_ws/install/vesc_msgs/include/vesc_msgs/msg/detail/vesc_state_stamped__traits.hpp
[2.252s] -- Installing: /home/yundo/f1tenth_ws/install/vesc_msgs/include/vesc_msgs/msg/detail/vesc_state__builder.hpp
[2.253s] -- Installing: /home/yundo/f1tenth_ws/install/vesc_msgs/include/vesc_msgs/msg/vesc_state_stamped.hpp
[2.253s] -- Installing: /home/yundo/f1tenth_ws/install/vesc_msgs/include/vesc_msgs/msg/vesc_state.hpp
[2.253s] -- Installing: /home/yundo/f1tenth_ws/install/vesc_msgs/include/vesc_msgs/msg/rosidl_generator_cpp__visibility_control.hpp
[2.254s] -- Up-to-date: /home/yundo/f1tenth_ws/install/vesc_msgs/include/vesc_msgs
[2.254s] -- Up-to-date: /home/yundo/f1tenth_ws/install/vesc_msgs/include/vesc_msgs/msg
[2.255s] -- Up-to-date: /home/yundo/f1tenth_ws/install/vesc_msgs/include/vesc_msgs/msg/detail
[2.255s] -- Installing: /home/yundo/f1tenth_ws/install/vesc_msgs/include/vesc_msgs/msg/detail/vesc_state_stamped__rosidl_typesupport_introspection_cpp.hpp
[2.258s] -- Installing: /home/yundo/f1tenth_ws/install/vesc_msgs/include/vesc_msgs/msg/detail/vesc_state__rosidl_typesupport_introspection_cpp.hpp
[2.259s] -- Installing: /home/yundo/f1tenth_ws/install/vesc_msgs/include/vesc_msgs/msg/detail/vesc_state__type_support.cpp
[2.259s] -- Installing: /home/yundo/f1tenth_ws/install/vesc_msgs/include/vesc_msgs/msg/detail/vesc_state_stamped__type_support.cpp
[2.260s] -- Installing: /home/yundo/f1tenth_ws/install/vesc_msgs/lib/libvesc_msgs__rosidl_typesupport_introspection_cpp.so
[2.260s] -- Set runtime path of "/home/yundo/f1tenth_ws/install/vesc_msgs/lib/libvesc_msgs__rosidl_typesupport_introspection_cpp.so" to ""
[2.260s] -- Installing: /home/yundo/f1tenth_ws/install/vesc_msgs/lib/libvesc_msgs__rosidl_typesupport_cpp.so
[2.261s] -- Set runtime path of "/home/yundo/f1tenth_ws/install/vesc_msgs/lib/libvesc_msgs__rosidl_typesupport_cpp.so" to ""
[2.264s] -- Installing: /home/yundo/f1tenth_ws/install/vesc_msgs/share/vesc_msgs/environment/pythonpath.sh
[2.264s] -- Installing: /home/yundo/f1tenth_ws/install/vesc_msgs/share/vesc_msgs/environment/pythonpath.dsv
[2.265s] -- Installing: /home/yundo/f1tenth_ws/install/vesc_msgs/lib/python3.8/site-packages/vesc_msgs/__init__.py
[2.367s] Compiling '/home/yundo/f1tenth_ws/install/vesc_msgs/lib/python3.8/site-packages/vesc_msgs/__init__.py'...
[2.393s] -- Installing: /home/yundo/f1tenth_ws/install/vesc_msgs/lib/python3.8/site-packages/vesc_msgs/msg
[2.394s] -- Installing: /home/yundo/f1tenth_ws/install/vesc_msgs/lib/python3.8/site-packages/vesc_msgs/msg/_vesc_state_stamped.py
[2.395s] -- Installing: /home/yundo/f1tenth_ws/install/vesc_msgs/lib/python3.8/site-packages/vesc_msgs/msg/_vesc_state_stamped_s.c
[2.396s] -- Installing: /home/yundo/f1tenth_ws/install/vesc_msgs/lib/python3.8/site-packages/vesc_msgs/msg/_vesc_state_s.c
[2.397s] -- Installing: /home/yundo/f1tenth_ws/install/vesc_msgs/lib/python3.8/site-packages/vesc_msgs/msg/__init__.py
[2.397s] -- Installing: /home/yundo/f1tenth_ws/install/vesc_msgs/lib/python3.8/site-packages/vesc_msgs/msg/_vesc_state.py
[2.398s] -- Installing: /home/yundo/f1tenth_ws/install/vesc_msgs/lib/python3.8/site-packages/vesc_msgs/vesc_msgs_s__rosidl_typesupport_fastrtps_c.cpython-38-aarch64-linux-gnu.so
[2.400s] -- Set runtime path of "/home/yundo/f1tenth_ws/install/vesc_msgs/lib/python3.8/site-packages/vesc_msgs/vesc_msgs_s__rosidl_typesupport_fastrtps_c.cpython-38-aarch64-linux-gnu.so" to ""
[2.401s] -- Installing: /home/yundo/f1tenth_ws/install/vesc_msgs/lib/python3.8/site-packages/vesc_msgs/vesc_msgs_s__rosidl_typesupport_introspection_c.cpython-38-aarch64-linux-gnu.so
[2.403s] -- Set runtime path of "/home/yundo/f1tenth_ws/install/vesc_msgs/lib/python3.8/site-packages/vesc_msgs/vesc_msgs_s__rosidl_typesupport_introspection_c.cpython-38-aarch64-linux-gnu.so" to ""
[2.406s] -- Installing: /home/yundo/f1tenth_ws/install/vesc_msgs/lib/python3.8/site-packages/vesc_msgs/vesc_msgs_s__rosidl_typesupport_c.cpython-38-aarch64-linux-gnu.so
[2.411s] -- Set runtime path of "/home/yundo/f1tenth_ws/install/vesc_msgs/lib/python3.8/site-packages/vesc_msgs/vesc_msgs_s__rosidl_typesupport_c.cpython-38-aarch64-linux-gnu.so" to ""
[2.413s] -- Installing: /home/yundo/f1tenth_ws/install/vesc_msgs/lib/libvesc_msgs__python.so
[2.432s] -- Set runtime path of "/home/yundo/f1tenth_ws/install/vesc_msgs/lib/libvesc_msgs__python.so" to ""
[2.433s] -- Installing: /home/yundo/f1tenth_ws/install/vesc_msgs/share/vesc_msgs/msg/VescState.idl
[2.433s] -- Installing: /home/yundo/f1tenth_ws/install/vesc_msgs/share/vesc_msgs/msg/VescStateStamped.idl
[2.435s] -- Installing: /home/yundo/f1tenth_ws/install/vesc_msgs/share/vesc_msgs/msg/VescState.msg
[2.436s] -- Installing: /home/yundo/f1tenth_ws/install/vesc_msgs/share/vesc_msgs/msg/VescStateStamped.msg
[2.437s] -- Installing: /home/yundo/f1tenth_ws/install/vesc_msgs/share/ament_index/resource_index/package_run_dependencies/vesc_msgs
[2.447s] -- Installing: /home/yundo/f1tenth_ws/install/vesc_msgs/share/ament_index/resource_index/parent_prefix_path/vesc_msgs
[2.448s] -- Installing: /home/yundo/f1tenth_ws/install/vesc_msgs/share/vesc_msgs/environment/ament_prefix_path.sh
[2.448s] -- Installing: /home/yundo/f1tenth_ws/install/vesc_msgs/share/vesc_msgs/environment/ament_prefix_path.dsv
[2.449s] -- Installing: /home/yundo/f1tenth_ws/install/vesc_msgs/share/vesc_msgs/environment/path.sh
[2.449s] -- Installing: /home/yundo/f1tenth_ws/install/vesc_msgs/share/vesc_msgs/environment/path.dsv
[2.450s] -- Installing: /home/yundo/f1tenth_ws/install/vesc_msgs/share/vesc_msgs/local_setup.bash
[2.450s] -- Installing: /home/yundo/f1tenth_ws/install/vesc_msgs/share/vesc_msgs/local_setup.sh
[2.451s] -- Installing: /home/yundo/f1tenth_ws/install/vesc_msgs/share/vesc_msgs/local_setup.zsh
[2.451s] -- Installing: /home/yundo/f1tenth_ws/install/vesc_msgs/share/vesc_msgs/local_setup.dsv
[2.452s] -- Installing: /home/yundo/f1tenth_ws/install/vesc_msgs/share/vesc_msgs/package.dsv
[2.471s] -- Installing: /home/yundo/f1tenth_ws/install/vesc_msgs/share/ament_index/resource_index/packages/vesc_msgs
[2.471s] -- Installing: /home/yundo/f1tenth_ws/install/vesc_msgs/share/vesc_msgs/cmake/vesc_msgs__rosidl_generator_cExport.cmake
[2.472s] -- Installing: /home/yundo/f1tenth_ws/install/vesc_msgs/share/vesc_msgs/cmake/vesc_msgs__rosidl_generator_cExport-noconfig.cmake
[2.474s] -- Installing: /home/yundo/f1tenth_ws/install/vesc_msgs/share/vesc_msgs/cmake/vesc_msgs__rosidl_typesupport_introspection_cExport.cmake
[2.475s] -- Installing: /home/yundo/f1tenth_ws/install/vesc_msgs/share/vesc_msgs/cmake/vesc_msgs__rosidl_typesupport_introspection_cExport-noconfig.cmake
[2.475s] -- Installing: /home/yundo/f1tenth_ws/install/vesc_msgs/share/vesc_msgs/cmake/vesc_msgs__rosidl_typesupport_cExport.cmake
[2.476s] -- Installing: /home/yundo/f1tenth_ws/install/vesc_msgs/share/vesc_msgs/cmake/vesc_msgs__rosidl_typesupport_cExport-noconfig.cmake
[2.477s] -- Installing: /home/yundo/f1tenth_ws/install/vesc_msgs/share/vesc_msgs/cmake/vesc_msgs__rosidl_generator_cppExport.cmake
[2.478s] -- Installing: /home/yundo/f1tenth_ws/install/vesc_msgs/share/vesc_msgs/cmake/vesc_msgs__rosidl_typesupport_introspection_cppExport.cmake
[2.479s] -- Installing: /home/yundo/f1tenth_ws/install/vesc_msgs/share/vesc_msgs/cmake/vesc_msgs__rosidl_typesupport_introspection_cppExport-noconfig.cmake
[2.480s] -- Installing: /home/yundo/f1tenth_ws/install/vesc_msgs/share/vesc_msgs/cmake/vesc_msgs__rosidl_typesupport_cppExport.cmake
[2.480s] -- Installing: /home/yundo/f1tenth_ws/install/vesc_msgs/share/vesc_msgs/cmake/vesc_msgs__rosidl_typesupport_cppExport-noconfig.cmake
[2.481s] -- Installing: /home/yundo/f1tenth_ws/install/vesc_msgs/share/vesc_msgs/cmake/rosidl_cmake-extras.cmake
[2.483s] -- Installing: /home/yundo/f1tenth_ws/install/vesc_msgs/share/vesc_msgs/cmake/ament_cmake_export_dependencies-extras.cmake
[2.483s] -- Installing: /home/yundo/f1tenth_ws/install/vesc_msgs/share/vesc_msgs/cmake/ament_cmake_export_libraries-extras.cmake
[2.493s] -- Installing: /home/yundo/f1tenth_ws/install/vesc_msgs/share/vesc_msgs/cmake/ament_cmake_export_targets-extras.cmake
[2.494s] -- Installing: /home/yundo/f1tenth_ws/install/vesc_msgs/share/vesc_msgs/cmake/ament_cmake_export_include_directories-extras.cmake
[2.494s] -- Installing: /home/yundo/f1tenth_ws/install/vesc_msgs/share/vesc_msgs/cmake/rosidl_cmake_export_typesupport_libraries-extras.cmake
[2.495s] -- Installing: /home/yundo/f1tenth_ws/install/vesc_msgs/share/vesc_msgs/cmake/rosidl_cmake_export_typesupport_targets-extras.cmake
[2.496s] -- Installing: /home/yundo/f1tenth_ws/install/vesc_msgs/share/vesc_msgs/cmake/vesc_msgsConfig.cmake
[2.497s] -- Installing: /home/yundo/f1tenth_ws/install/vesc_msgs/share/vesc_msgs/cmake/vesc_msgsConfig-version.cmake
[2.497s] -- Installing: /home/yundo/f1tenth_ws/install/vesc_msgs/share/vesc_msgs/package.xml
[2.566s] Invoked command in '/home/yundo/f1tenth_ws/build/vesc_msgs' returned '0': BYOBU_DATE=%Y-%m-%d CMAKE_PREFIX_PATH=/opt/ros/foxy /usr/bin/cmake --install /home/yundo/f1tenth_ws/build/vesc_msgs
