[0.194s] Invoking command in '/home/yundo/f1tenth_ws/build/vesc_msgs': BYOBU_DATE=%Y-%m-%d CMAKE_PREFIX_PATH=/opt/ros/foxy /usr/bin/cmake /home/yundo/f1tenth_ws/src/f1tenth_system/vesc/vesc_msgs -DCMAKE_INSTALL_PREFIX=/home/yundo/f1tenth_ws/install/vesc_msgs
[1.150s] -- The C compiler identification is GNU 8.4.0
[1.760s] -- The CXX compiler identification is GNU 8.4.0
[1.813s] -- Check for working C compiler: /usr/bin/cc
[2.215s] -- Check for working C compiler: /usr/bin/cc -- works
[2.224s] -- Detecting C compiler ABI info
[2.898s] -- Detecting C compiler ABI info - done
[3.133s] -- Detecting C compile features
[3.136s] -- Detecting C compile features - done
[3.166s] -- Check for working CXX compiler: /usr/bin/c++
[3.914s] -- Check for working CXX compiler: /usr/bin/c++ -- works
[3.918s] -- Detecting CXX compiler ABI info
[4.471s] -- Detecting CXX compiler ABI info - done
[4.566s] -- Detecting CXX compile features
[4.568s] -- Detecting CXX compile features - done
[4.591s] -- Found ament_cmake_auto: 0.9.12 (/opt/ros/foxy/share/ament_cmake_auto/cmake)
[4.761s] -- Found PythonInterp: /usr/bin/python3 (found suitable version "3.8.10", minimum required is "3") 
[4.768s] -- Using PYTHON_EXECUTABLE: /usr/bin/python3
[6.508s] -- Using all available rosidl_typesupport_c: rosidl_typesupport_fastrtps_c;rosidl_typesupport_introspection_c
[6.570s] -- Found rosidl_adapter: 1.3.1 (/opt/ros/foxy/share/rosidl_adapter/cmake)
[7.384s] -- Found OpenSSL: /usr/lib/aarch64-linux-gnu/libcrypto.so (found version "1.1.1f")  
[7.628s] -- Found FastRTPS: /opt/ros/foxy/include  
[8.160s] -- Using all available rosidl_typesupport_cpp: rosidl_typesupport_fastrtps_cpp;rosidl_typesupport_introspection_cpp
[8.774s] -- Found PythonInterp: /usr/bin/python3 (found version "3.8.10") 
[9.422s] -- Found ament_cmake_ros: 0.9.2 (/opt/ros/foxy/share/ament_cmake_ros/cmake)
[10.642s] -- Using all available rosidl_typesupport_c: rosidl_typesupport_fastrtps_c;rosidl_typesupport_introspection_c
[11.088s] -- Using all available rosidl_typesupport_cpp: rosidl_typesupport_fastrtps_cpp;rosidl_typesupport_introspection_cpp
[11.296s] -- Found PythonInterp: /usr/bin/python3 (found suitable version "3.8.10", minimum required is "3.5") 
[11.304s] -- Found python_cmake_module: 0.8.1 (/opt/ros/foxy/share/python_cmake_module/cmake)
[11.476s] -- Found PythonLibs: /usr/lib/aarch64-linux-gnu/libpython3.8.so (found suitable version "3.8.10", minimum required is "3.5") 
[11.477s] -- Using PYTHON_EXECUTABLE: /usr/bin/python3
[11.477s] -- Using PYTHON_INCLUDE_DIRS: /usr/include/python3.8
[11.478s] -- Using PYTHON_LIBRARIES: /usr/lib/aarch64-linux-gnu/libpython3.8.so
[11.635s] -- Found PythonExtra: .so  
[12.125s] -- Found ament_lint_auto: 0.9.8 (/opt/ros/foxy/share/ament_lint_auto/cmake)
[12.238s] -- Added test 'copyright' to check source files copyright and LICENSE
[12.246s] -- Added test 'lint_cmake' to check CMake code style
[12.251s] -- Added test 'xmllint' to check XML markup files
[12.275s] -- Configuring done
[12.490s] -- Generating done
[12.502s] -- Build files have been written to: /home/yundo/f1tenth_ws/build/vesc_msgs
