[0.169s] Invoking command in '/home/yundo/f1tenth_ws/build/ackermann_mux': BYOBU_DATE=%Y-%m-%d CMAKE_PREFIX_PATH=/home/yundo/f1tenth_ws/install/teleop_tools:/home/yundo/f1tenth_ws/install/teleop_tools_msgs:/home/yundo/f1tenth_ws/install/ackermann_mux:/home/yundo/vesc_ws/install/vesc:/home/yundo/vesc_ws/install/vesc_driver:/home/yundo/vesc_ws/install/vesc_ackermann:/home/yundo/f1tenth_ws/install/f1tenth_stack:/home/yundo/f1tenth_ws/install/joy_teleop:/home/yundo/f1tenth_ws/install/mouse_teleop:/home/yundo/f1tenth_ws/install/key_teleop:/opt/ros/foxy:/home/yundo/vesc_ws/install/vesc_msgs:/home/yundo/vesc_ws/install/udp_driver:/home/yundo/vesc_ws/install/io_context:/home/yundo/vesc_ws/install/asio_cmake_module:/home/yundo/ydlidar_ws/install/ydlidar_ros2_driver /usr/bin/cmake --build /home/yundo/f1tenth_ws/build/ackermann_mux -- -j4 -l4
[2.172s] [35m[1mScanning dependencies of target ackermann_mux[0m
[2.173s] [ 25%] [32mBuilding CXX object CMakeFiles/ackermann_mux.dir/src/ackermann_mux.cpp.o[0m
[28.522s] [ 50%] [32m[1mLinking CXX executable ackermann_mux[0m
[30.681s] [100%] Built target ackermann_mux
[30.723s] Invoked command in '/home/yundo/f1tenth_ws/build/ackermann_mux' returned '0': BYOBU_DATE=%Y-%m-%d CMAKE_PREFIX_PATH=/home/yundo/f1tenth_ws/install/teleop_tools:/home/yundo/f1tenth_ws/install/teleop_tools_msgs:/home/yundo/f1tenth_ws/install/ackermann_mux:/home/yundo/vesc_ws/install/vesc:/home/yundo/vesc_ws/install/vesc_driver:/home/yundo/vesc_ws/install/vesc_ackermann:/home/yundo/f1tenth_ws/install/f1tenth_stack:/home/yundo/f1tenth_ws/install/joy_teleop:/home/yundo/f1tenth_ws/install/mouse_teleop:/home/yundo/f1tenth_ws/install/key_teleop:/opt/ros/foxy:/home/yundo/vesc_ws/install/vesc_msgs:/home/yundo/vesc_ws/install/udp_driver:/home/yundo/vesc_ws/install/io_context:/home/yundo/vesc_ws/install/asio_cmake_module:/home/yundo/ydlidar_ws/install/ydlidar_ros2_driver /usr/bin/cmake --build /home/yundo/f1tenth_ws/build/ackermann_mux -- -j4 -l4
[30.840s] Invoking command in '/home/yundo/f1tenth_ws/build/ackermann_mux': BYOBU_DATE=%Y-%m-%d CMAKE_PREFIX_PATH=/home/yundo/f1tenth_ws/install/teleop_tools:/home/yundo/f1tenth_ws/install/teleop_tools_msgs:/home/yundo/f1tenth_ws/install/ackermann_mux:/home/yundo/vesc_ws/install/vesc:/home/yundo/vesc_ws/install/vesc_driver:/home/yundo/vesc_ws/install/vesc_ackermann:/home/yundo/f1tenth_ws/install/f1tenth_stack:/home/yundo/f1tenth_ws/install/joy_teleop:/home/yundo/f1tenth_ws/install/mouse_teleop:/home/yundo/f1tenth_ws/install/key_teleop:/opt/ros/foxy:/home/yundo/vesc_ws/install/vesc_msgs:/home/yundo/vesc_ws/install/udp_driver:/home/yundo/vesc_ws/install/io_context:/home/yundo/vesc_ws/install/asio_cmake_module:/home/yundo/ydlidar_ws/install/ydlidar_ros2_driver /usr/bin/cmake --install /home/yundo/f1tenth_ws/build/ackermann_mux
[30.882s] -- Install configuration: ""
[30.883s] -- Installing: /home/yundo/f1tenth_ws/install/ackermann_mux/lib/ackermann_mux/ackermann_mux
[30.899s] -- Set runtime path of "/home/yundo/f1tenth_ws/install/ackermann_mux/lib/ackermann_mux/ackermann_mux" to ""
[30.900s] -- Up-to-date: /home/yundo/f1tenth_ws/install/ackermann_mux/share/ackermann_mux/launch
[30.900s] -- Up-to-date: /home/yundo/f1tenth_ws/install/ackermann_mux/share/ackermann_mux/launch/ackermann_mux_launch.py
[30.901s] -- Up-to-date: /home/yundo/f1tenth_ws/install/ackermann_mux/share/ackermann_mux/config
[30.901s] -- Up-to-date: /home/yundo/f1tenth_ws/install/ackermann_mux/share/ackermann_mux/config/ackermann_mux_locks.yaml
[30.902s] -- Up-to-date: /home/yundo/f1tenth_ws/install/ackermann_mux/share/ackermann_mux/config/ackermann_mux_topics.yaml
[30.902s] -- Up-to-date: /home/yundo/f1tenth_ws/install/ackermann_mux/share/ackermann_mux/config/joystick.yaml
[30.903s] -- Up-to-date: /home/yundo/f1tenth_ws/install/ackermann_mux/include
[30.903s] -- Up-to-date: /home/yundo/f1tenth_ws/install/ackermann_mux/include/ackermann_mux
[30.904s] -- Up-to-date: /home/yundo/f1tenth_ws/install/ackermann_mux/include/ackermann_mux/ackermann_mux_diagnostics_status.hpp
[30.904s] -- Up-to-date: /home/yundo/f1tenth_ws/install/ackermann_mux/include/ackermann_mux/utils.hpp
[30.905s] -- Up-to-date: /home/yundo/f1tenth_ws/install/ackermann_mux/include/ackermann_mux/ackermann_mux.hpp
[30.905s] -- Up-to-date: /home/yundo/f1tenth_ws/install/ackermann_mux/include/ackermann_mux/ackermann_mux_diagnostics.hpp
[30.905s] -- Up-to-date: /home/yundo/f1tenth_ws/install/ackermann_mux/include/ackermann_mux/topic_handle.hpp
[30.906s] -- Up-to-date: /home/yundo/f1tenth_ws/install/ackermann_mux/include/ackermann_mux/params_helpers.hpp
[30.906s] -- Up-to-date: /home/yundo/f1tenth_ws/install/ackermann_mux/share/ament_index/resource_index/package_run_dependencies/ackermann_mux
[30.906s] -- Up-to-date: /home/yundo/f1tenth_ws/install/ackermann_mux/share/ament_index/resource_index/parent_prefix_path/ackermann_mux
[30.907s] -- Up-to-date: /home/yundo/f1tenth_ws/install/ackermann_mux/share/ackermann_mux/environment/ament_prefix_path.sh
[30.907s] -- Up-to-date: /home/yundo/f1tenth_ws/install/ackermann_mux/share/ackermann_mux/environment/ament_prefix_path.dsv
[30.908s] -- Up-to-date: /home/yundo/f1tenth_ws/install/ackermann_mux/share/ackermann_mux/environment/path.sh
[30.908s] -- Up-to-date: /home/yundo/f1tenth_ws/install/ackermann_mux/share/ackermann_mux/environment/path.dsv
[30.909s] -- Up-to-date: /home/yundo/f1tenth_ws/install/ackermann_mux/share/ackermann_mux/local_setup.bash
[30.909s] -- Up-to-date: /home/yundo/f1tenth_ws/install/ackermann_mux/share/ackermann_mux/local_setup.sh
[30.909s] -- Up-to-date: /home/yundo/f1tenth_ws/install/ackermann_mux/share/ackermann_mux/local_setup.zsh
[30.910s] -- Up-to-date: /home/yundo/f1tenth_ws/install/ackermann_mux/share/ackermann_mux/local_setup.dsv
[30.910s] -- Installing: /home/yundo/f1tenth_ws/install/ackermann_mux/share/ackermann_mux/package.dsv
[30.911s] -- Up-to-date: /home/yundo/f1tenth_ws/install/ackermann_mux/share/ament_index/resource_index/packages/ackermann_mux
[30.911s] -- Up-to-date: /home/yundo/f1tenth_ws/install/ackermann_mux/share/ackermann_mux/cmake/ament_cmake_export_include_directories-extras.cmake
[30.912s] -- Up-to-date: /home/yundo/f1tenth_ws/install/ackermann_mux/share/ackermann_mux/cmake/ament_cmake_export_dependencies-extras.cmake
[30.913s] -- Up-to-date: /home/yundo/f1tenth_ws/install/ackermann_mux/share/ackermann_mux/cmake/ackermann_muxConfig.cmake
[30.914s] -- Up-to-date: /home/yundo/f1tenth_ws/install/ackermann_mux/share/ackermann_mux/cmake/ackermann_muxConfig-version.cmake
[30.918s] -- Up-to-date: /home/yundo/f1tenth_ws/install/ackermann_mux/share/ackermann_mux/package.xml
[30.919s] Invoked command in '/home/yundo/f1tenth_ws/build/ackermann_mux' returned '0': BYOBU_DATE=%Y-%m-%d CMAKE_PREFIX_PATH=/home/yundo/f1tenth_ws/install/teleop_tools:/home/yundo/f1tenth_ws/install/teleop_tools_msgs:/home/yundo/f1tenth_ws/install/ackermann_mux:/home/yundo/vesc_ws/install/vesc:/home/yundo/vesc_ws/install/vesc_driver:/home/yundo/vesc_ws/install/vesc_ackermann:/home/yundo/f1tenth_ws/install/f1tenth_stack:/home/yundo/f1tenth_ws/install/joy_teleop:/home/yundo/f1tenth_ws/install/mouse_teleop:/home/yundo/f1tenth_ws/install/key_teleop:/opt/ros/foxy:/home/yundo/vesc_ws/install/vesc_msgs:/home/yundo/vesc_ws/install/udp_driver:/home/yundo/vesc_ws/install/io_context:/home/yundo/vesc_ws/install/asio_cmake_module:/home/yundo/ydlidar_ws/install/ydlidar_ros2_driver /usr/bin/cmake --install /home/yundo/f1tenth_ws/build/ackermann_mux
