[3.677s] Invoking command in '/home/yundo/f1tenth_ws/src/f1tenth_system/teleop_tools/joy_teleop': BYOBU_DATE=%Y-%m-%d CMAKE_PREFIX_PATH=/home/yundo/f1tenth_ws/install/teleop_tools_msgs:/home/yundo/f1tenth_ws/install/teleop_tools:/home/yundo/f1tenth_ws/install/ackermann_mux:/home/yundo/vesc_ws/install/vesc:/home/yundo/vesc_ws/install/vesc_driver:/home/yundo/vesc_ws/install/vesc_ackermann:/home/yundo/vesc_ws/install/vesc_msgs:/home/yundo/vesc_ws/install/udp_driver:/home/yundo/vesc_ws/install/io_context:/home/yundo/vesc_ws/install/asio_cmake_module:/home/yundo/ydlidar_ws/install/ydlidar_ros2_driver PYTHONPATH=/home/yundo/f1tenth_ws/build/joy_teleop/prefix_override:/usr/lib/python3/dist-packages/colcon_core/task/python/colcon_distutils_commands:/home/yundo/f1tenth_ws/install/joy_teleop/lib/python3.8/site-packages:/home/yundo/f1tenth_ws/install/teleop_tools_msgs/lib/python3.8/site-packages:/home/yundo/f1tenth_ws/install/f1tenth_stack/lib/python3.8/site-packages:/home/yundo/f1tenth_ws/install/joy_teleop/lib/python3.8/site-packages:/home/yundo/f1tenth_ws/install/mouse_teleop/lib/python3.8/site-packages:/home/yundo/f1tenth_ws/install/key_teleop/lib/python3.8/site-packages:/home/yundo/vesc_ws/install/vesc_msgs/lib/python3.8/site-packages:/opt/ros/foxy/lib/python3.8/site-packages /usr/bin/python3 -W ignore:setup.py install is deprecated -W ignore:easy_install command is deprecated setup.py egg_info --egg-base ../../../../build/joy_teleop build --build-base /home/yundo/f1tenth_ws/build/joy_teleop/build install --record /home/yundo/f1tenth_ws/build/joy_teleop/install.log --install-scripts $base/lib/joy_teleop --single-version-externally-managed install_data
[4.774s] /usr/local/lib/python3.8/dist-packages/setuptools/dist.py:717: UserWarning: Usage of dash-separated 'script-dir' will not be supported in future versions. Please use the underscore name 'script_dir' instead
[4.774s]   warnings.warn(
[4.923s] running egg_info
[4.926s] writing ../../../../build/joy_teleop/joy_teleop.egg-info/PKG-INFO
[4.927s] writing dependency_links to ../../../../build/joy_teleop/joy_teleop.egg-info/dependency_links.txt
[4.927s] writing entry points to ../../../../build/joy_teleop/joy_teleop.egg-info/entry_points.txt
[4.928s] writing requirements to ../../../../build/joy_teleop/joy_teleop.egg-info/requires.txt
[4.928s] writing top-level names to ../../../../build/joy_teleop/joy_teleop.egg-info/top_level.txt
[4.953s] reading manifest file '../../../../build/joy_teleop/joy_teleop.egg-info/SOURCES.txt'
[4.956s] writing manifest file '../../../../build/joy_teleop/joy_teleop.egg-info/SOURCES.txt'
[4.956s] running build
[4.957s] running build_py
[4.957s] running install
[4.959s] running install_lib
[4.967s] running install_data
[4.970s] running install_egg_info
[4.979s] removing '/home/yundo/f1tenth_ws/install/joy_teleop/lib/python3.8/site-packages/joy_teleop-0.3.0-py3.8.egg-info' (and everything under it)
[4.980s] Copying ../../../../build/joy_teleop/joy_teleop.egg-info to /home/yundo/f1tenth_ws/install/joy_teleop/lib/python3.8/site-packages/joy_teleop-0.3.0-py3.8.egg-info
[4.986s] running install_scripts
[5.067s] Installing incrementer_server script to /home/yundo/f1tenth_ws/install/joy_teleop/lib/joy_teleop
[5.069s] Installing joy_teleop script to /home/yundo/f1tenth_ws/install/joy_teleop/lib/joy_teleop
[5.070s] writing list of installed files to '/home/yundo/f1tenth_ws/build/joy_teleop/install.log'
[5.174s] Invoked command in '/home/yundo/f1tenth_ws/src/f1tenth_system/teleop_tools/joy_teleop' returned '0': BYOBU_DATE=%Y-%m-%d CMAKE_PREFIX_PATH=/home/yundo/f1tenth_ws/install/teleop_tools_msgs:/home/yundo/f1tenth_ws/install/teleop_tools:/home/yundo/f1tenth_ws/install/ackermann_mux:/home/yundo/vesc_ws/install/vesc:/home/yundo/vesc_ws/install/vesc_driver:/home/yundo/vesc_ws/install/vesc_ackermann:/home/yundo/vesc_ws/install/vesc_msgs:/home/yundo/vesc_ws/install/udp_driver:/home/yundo/vesc_ws/install/io_context:/home/yundo/vesc_ws/install/asio_cmake_module:/home/yundo/ydlidar_ws/install/ydlidar_ros2_driver PYTHONPATH=/home/yundo/f1tenth_ws/build/joy_teleop/prefix_override:/usr/lib/python3/dist-packages/colcon_core/task/python/colcon_distutils_commands:/home/yundo/f1tenth_ws/install/joy_teleop/lib/python3.8/site-packages:/home/yundo/f1tenth_ws/install/teleop_tools_msgs/lib/python3.8/site-packages:/home/yundo/f1tenth_ws/install/f1tenth_stack/lib/python3.8/site-packages:/home/yundo/f1tenth_ws/install/joy_teleop/lib/python3.8/site-packages:/home/yundo/f1tenth_ws/install/mouse_teleop/lib/python3.8/site-packages:/home/yundo/f1tenth_ws/install/key_teleop/lib/python3.8/site-packages:/home/yundo/vesc_ws/install/vesc_msgs/lib/python3.8/site-packages:/opt/ros/foxy/lib/python3.8/site-packages /usr/bin/python3 -W ignore:setup.py install is deprecated -W ignore:easy_install command is deprecated setup.py egg_info --egg-base ../../../../build/joy_teleop build --build-base /home/yundo/f1tenth_ws/build/joy_teleop/build install --record /home/yundo/f1tenth_ws/build/joy_teleop/install.log --install-scripts $base/lib/joy_teleop --single-version-externally-managed install_data
