[1.113s] DEBUG:colcon:Command line arguments: ['/usr/bin/colcon', 'build']
[1.114s] DEBUG:colcon:Parsed command line arguments: Namespace(allow_overriding=[], ament_cmake_args=None, base_paths=['.'], build_base='build', catkin_cmake_args=None, catkin_skip_building_tests=False, cmake_args=None, cmake_clean_cache=False, cmake_clean_first=False, cmake_force_configure=False, cmake_target=None, cmake_target_skip_unavailable=False, continue_on_error=False, event_handlers=None, executor='parallel', ignore_user_meta=False, install_base='install', log_base=None, log_level=None, main=<bound method BuildVerb.main of <colcon_core.verb.build.BuildVerb object at 0x7f92525a90>>, merge_install=False, metas=['./colcon.meta'], mixin=None, mixin_files=None, mixin_verb=('build',), packages_above=None, packages_above_and_dependencies=None, packages_above_depth=None, packages_end=None, packages_ignore=None, packages_ignore_regex=None, packages_select=None, packages_select_build_failed=False, packages_select_by_dep=None, packages_select_regex=None, packages_select_test_failures=False, packages_skip=None, packages_skip_build_finished=False, packages_skip_by_dep=None, packages_skip_regex=None, packages_skip_test_passed=False, packages_skip_up_to=None, packages_start=None, packages_up_to=None, packages_up_to_regex=None, parallel_workers=4, paths=None, symlink_install=False, test_result_base=None, verb_extension=<colcon_core.verb.build.BuildVerb object at 0x7f92525a90>, verb_name='build', verb_parser=<colcon_mixin.mixin.mixin_argument.MixinArgumentDecorator object at 0x7f92412130>)
[2.162s] Level 1:colcon.colcon_core.package_discovery:discover_packages(colcon_meta) check parameters
[2.162s] Level 1:colcon.colcon_core.package_discovery:discover_packages(recursive) check parameters
[2.163s] Level 1:colcon.colcon_core.package_discovery:discover_packages(ignore) check parameters
[2.163s] Level 1:colcon.colcon_core.package_discovery:discover_packages(path) check parameters
[2.163s] Level 1:colcon.colcon_core.package_discovery:discover_packages(colcon_meta) discover
[2.163s] Level 1:colcon.colcon_core.package_discovery:discover_packages(recursive) discover
[2.163s] INFO:colcon.colcon_core.package_discovery:Crawling recursively for packages in '/home/yundo/f1tenth_ws'
[2.164s] Level 1:colcon.colcon_core.package_identification:_identify(.) by extensions ['ignore', 'ignore_ament_install']
[2.164s] Level 1:colcon.colcon_core.package_identification:_identify(.) by extension 'ignore'
[2.164s] Level 1:colcon.colcon_core.package_identification:_identify(.) by extension 'ignore_ament_install'
[2.165s] Level 1:colcon.colcon_core.package_identification:_identify(.) by extensions ['colcon_pkg']
[2.165s] Level 1:colcon.colcon_core.package_identification:_identify(.) by extension 'colcon_pkg'
[2.165s] Level 1:colcon.colcon_core.package_identification:_identify(.) by extensions ['colcon_meta']
[2.165s] Level 1:colcon.colcon_core.package_identification:_identify(.) by extension 'colcon_meta'
[2.165s] Level 1:colcon.colcon_core.package_identification:_identify(.) by extensions ['ros']
[2.165s] Level 1:colcon.colcon_core.package_identification:_identify(.) by extension 'ros'
[2.252s] Level 1:colcon.colcon_core.package_identification:_identify(.) by extensions ['cmake', 'python']
[2.253s] Level 1:colcon.colcon_core.package_identification:_identify(.) by extension 'cmake'
[2.253s] Level 1:colcon.colcon_core.package_identification:_identify(.) by extension 'python'
[2.253s] Level 1:colcon.colcon_core.package_identification:_identify(.) by extensions ['python_setup_py']
[2.253s] Level 1:colcon.colcon_core.package_identification:_identify(.) by extension 'python_setup_py'
[2.254s] Level 1:colcon.colcon_core.package_identification:_identify(build) by extensions ['ignore', 'ignore_ament_install']
[2.254s] Level 1:colcon.colcon_core.package_identification:_identify(build) by extension 'ignore'
[2.254s] Level 1:colcon.colcon_core.package_identification:_identify(build) ignored
[2.255s] Level 1:colcon.colcon_core.package_identification:_identify(install) by extensions ['ignore', 'ignore_ament_install']
[2.255s] Level 1:colcon.colcon_core.package_identification:_identify(install) by extension 'ignore'
[2.256s] Level 1:colcon.colcon_core.package_identification:_identify(install) ignored
[2.256s] Level 1:colcon.colcon_core.package_identification:_identify(log) by extensions ['ignore', 'ignore_ament_install']
[2.256s] Level 1:colcon.colcon_core.package_identification:_identify(log) by extension 'ignore'
[2.256s] Level 1:colcon.colcon_core.package_identification:_identify(log) ignored
[2.257s] Level 1:colcon.colcon_core.package_identification:_identify(src) by extensions ['ignore', 'ignore_ament_install']
[2.257s] Level 1:colcon.colcon_core.package_identification:_identify(src) by extension 'ignore'
[2.257s] Level 1:colcon.colcon_core.package_identification:_identify(src) by extension 'ignore_ament_install'
[2.258s] Level 1:colcon.colcon_core.package_identification:_identify(src) by extensions ['colcon_pkg']
[2.258s] Level 1:colcon.colcon_core.package_identification:_identify(src) by extension 'colcon_pkg'
[2.258s] Level 1:colcon.colcon_core.package_identification:_identify(src) by extensions ['colcon_meta']
[2.258s] Level 1:colcon.colcon_core.package_identification:_identify(src) by extension 'colcon_meta'
[2.258s] Level 1:colcon.colcon_core.package_identification:_identify(src) by extensions ['ros']
[2.258s] Level 1:colcon.colcon_core.package_identification:_identify(src) by extension 'ros'
[2.259s] Level 1:colcon.colcon_core.package_identification:_identify(src) by extensions ['cmake', 'python']
[2.259s] Level 1:colcon.colcon_core.package_identification:_identify(src) by extension 'cmake'
[2.259s] Level 1:colcon.colcon_core.package_identification:_identify(src) by extension 'python'
[2.259s] Level 1:colcon.colcon_core.package_identification:_identify(src) by extensions ['python_setup_py']
[2.259s] Level 1:colcon.colcon_core.package_identification:_identify(src) by extension 'python_setup_py'
[2.260s] Level 1:colcon.colcon_core.package_identification:_identify(src/f1tenth_system) by extensions ['ignore', 'ignore_ament_install']
[2.260s] Level 1:colcon.colcon_core.package_identification:_identify(src/f1tenth_system) by extension 'ignore'
[2.260s] Level 1:colcon.colcon_core.package_identification:_identify(src/f1tenth_system) by extension 'ignore_ament_install'
[2.261s] Level 1:colcon.colcon_core.package_identification:_identify(src/f1tenth_system) by extensions ['colcon_pkg']
[2.261s] Level 1:colcon.colcon_core.package_identification:_identify(src/f1tenth_system) by extension 'colcon_pkg'
[2.261s] Level 1:colcon.colcon_core.package_identification:_identify(src/f1tenth_system) by extensions ['colcon_meta']
[2.261s] Level 1:colcon.colcon_core.package_identification:_identify(src/f1tenth_system) by extension 'colcon_meta'
[2.261s] Level 1:colcon.colcon_core.package_identification:_identify(src/f1tenth_system) by extensions ['ros']
[2.261s] Level 1:colcon.colcon_core.package_identification:_identify(src/f1tenth_system) by extension 'ros'
[2.262s] Level 1:colcon.colcon_core.package_identification:_identify(src/f1tenth_system) by extensions ['cmake', 'python']
[2.262s] Level 1:colcon.colcon_core.package_identification:_identify(src/f1tenth_system) by extension 'cmake'
[2.262s] Level 1:colcon.colcon_core.package_identification:_identify(src/f1tenth_system) by extension 'python'
[2.262s] Level 1:colcon.colcon_core.package_identification:_identify(src/f1tenth_system) by extensions ['python_setup_py']
[2.262s] Level 1:colcon.colcon_core.package_identification:_identify(src/f1tenth_system) by extension 'python_setup_py'
[2.265s] Level 1:colcon.colcon_core.package_identification:_identify(src/f1tenth_system/ackermann_mux) by extensions ['ignore', 'ignore_ament_install']
[2.266s] Level 1:colcon.colcon_core.package_identification:_identify(src/f1tenth_system/ackermann_mux) by extension 'ignore'
[2.266s] Level 1:colcon.colcon_core.package_identification:_identify(src/f1tenth_system/ackermann_mux) by extension 'ignore_ament_install'
[2.266s] Level 1:colcon.colcon_core.package_identification:_identify(src/f1tenth_system/ackermann_mux) by extensions ['colcon_pkg']
[2.266s] Level 1:colcon.colcon_core.package_identification:_identify(src/f1tenth_system/ackermann_mux) by extension 'colcon_pkg'
[2.266s] Level 1:colcon.colcon_core.package_identification:_identify(src/f1tenth_system/ackermann_mux) by extensions ['colcon_meta']
[2.267s] Level 1:colcon.colcon_core.package_identification:_identify(src/f1tenth_system/ackermann_mux) by extension 'colcon_meta'
[2.267s] Level 1:colcon.colcon_core.package_identification:_identify(src/f1tenth_system/ackermann_mux) by extensions ['ros']
[2.267s] Level 1:colcon.colcon_core.package_identification:_identify(src/f1tenth_system/ackermann_mux) by extension 'ros'
[2.280s] DEBUG:colcon.colcon_core.package_identification:Package 'src/f1tenth_system/ackermann_mux' with type 'ros.ament_cmake' and name 'ackermann_mux'
[2.281s] Level 1:colcon.colcon_core.package_identification:_identify(src/f1tenth_system/f1tenth_stack) by extensions ['ignore', 'ignore_ament_install']
[2.281s] Level 1:colcon.colcon_core.package_identification:_identify(src/f1tenth_system/f1tenth_stack) by extension 'ignore'
[2.281s] Level 1:colcon.colcon_core.package_identification:_identify(src/f1tenth_system/f1tenth_stack) by extension 'ignore_ament_install'
[2.282s] Level 1:colcon.colcon_core.package_identification:_identify(src/f1tenth_system/f1tenth_stack) by extensions ['colcon_pkg']
[2.282s] Level 1:colcon.colcon_core.package_identification:_identify(src/f1tenth_system/f1tenth_stack) by extension 'colcon_pkg'
[2.282s] Level 1:colcon.colcon_core.package_identification:_identify(src/f1tenth_system/f1tenth_stack) by extensions ['colcon_meta']
[2.282s] Level 1:colcon.colcon_core.package_identification:_identify(src/f1tenth_system/f1tenth_stack) by extension 'colcon_meta'
[2.282s] Level 1:colcon.colcon_core.package_identification:_identify(src/f1tenth_system/f1tenth_stack) by extensions ['ros']
[2.283s] Level 1:colcon.colcon_core.package_identification:_identify(src/f1tenth_system/f1tenth_stack) by extension 'ros'
[2.289s] DEBUG:colcon.colcon_core.package_identification:Package 'src/f1tenth_system/f1tenth_stack' with type 'ros.ament_python' and name 'f1tenth_stack'
[2.291s] Level 1:colcon.colcon_core.package_identification:_identify(src/f1tenth_system/scripts) by extensions ['ignore', 'ignore_ament_install']
[2.291s] Level 1:colcon.colcon_core.package_identification:_identify(src/f1tenth_system/scripts) by extension 'ignore'
[2.292s] Level 1:colcon.colcon_core.package_identification:_identify(src/f1tenth_system/scripts) by extension 'ignore_ament_install'
[2.292s] Level 1:colcon.colcon_core.package_identification:_identify(src/f1tenth_system/scripts) by extensions ['colcon_pkg']
[2.292s] Level 1:colcon.colcon_core.package_identification:_identify(src/f1tenth_system/scripts) by extension 'colcon_pkg'
[2.292s] Level 1:colcon.colcon_core.package_identification:_identify(src/f1tenth_system/scripts) by extensions ['colcon_meta']
[2.292s] Level 1:colcon.colcon_core.package_identification:_identify(src/f1tenth_system/scripts) by extension 'colcon_meta'
[2.293s] Level 1:colcon.colcon_core.package_identification:_identify(src/f1tenth_system/scripts) by extensions ['ros']
[2.293s] Level 1:colcon.colcon_core.package_identification:_identify(src/f1tenth_system/scripts) by extension 'ros'
[2.293s] Level 1:colcon.colcon_core.package_identification:_identify(src/f1tenth_system/scripts) by extensions ['cmake', 'python']
[2.294s] Level 1:colcon.colcon_core.package_identification:_identify(src/f1tenth_system/scripts) by extension 'cmake'
[2.294s] Level 1:colcon.colcon_core.package_identification:_identify(src/f1tenth_system/scripts) by extension 'python'
[2.294s] Level 1:colcon.colcon_core.package_identification:_identify(src/f1tenth_system/scripts) by extensions ['python_setup_py']
[2.294s] Level 1:colcon.colcon_core.package_identification:_identify(src/f1tenth_system/scripts) by extension 'python_setup_py'
[2.295s] Level 1:colcon.colcon_core.package_identification:_identify(src/f1tenth_system/teleop_tools) by extensions ['ignore', 'ignore_ament_install']
[2.295s] Level 1:colcon.colcon_core.package_identification:_identify(src/f1tenth_system/teleop_tools) by extension 'ignore'
[2.296s] Level 1:colcon.colcon_core.package_identification:_identify(src/f1tenth_system/teleop_tools) by extension 'ignore_ament_install'
[2.296s] Level 1:colcon.colcon_core.package_identification:_identify(src/f1tenth_system/teleop_tools) by extensions ['colcon_pkg']
[2.296s] Level 1:colcon.colcon_core.package_identification:_identify(src/f1tenth_system/teleop_tools) by extension 'colcon_pkg'
[2.296s] Level 1:colcon.colcon_core.package_identification:_identify(src/f1tenth_system/teleop_tools) by extensions ['colcon_meta']
[2.296s] Level 1:colcon.colcon_core.package_identification:_identify(src/f1tenth_system/teleop_tools) by extension 'colcon_meta'
[2.297s] Level 1:colcon.colcon_core.package_identification:_identify(src/f1tenth_system/teleop_tools) by extensions ['ros']
[2.297s] Level 1:colcon.colcon_core.package_identification:_identify(src/f1tenth_system/teleop_tools) by extension 'ros'
[2.297s] Level 1:colcon.colcon_core.package_identification:_identify(src/f1tenth_system/teleop_tools) by extensions ['cmake', 'python']
[2.297s] Level 1:colcon.colcon_core.package_identification:_identify(src/f1tenth_system/teleop_tools) by extension 'cmake'
[2.298s] Level 1:colcon.colcon_core.package_identification:_identify(src/f1tenth_system/teleop_tools) by extension 'python'
[2.298s] Level 1:colcon.colcon_core.package_identification:_identify(src/f1tenth_system/teleop_tools) by extensions ['python_setup_py']
[2.298s] Level 1:colcon.colcon_core.package_identification:_identify(src/f1tenth_system/teleop_tools) by extension 'python_setup_py'
[2.299s] Level 1:colcon.colcon_core.package_identification:_identify(src/f1tenth_system/teleop_tools/joy_teleop) by extensions ['ignore', 'ignore_ament_install']
[2.299s] Level 1:colcon.colcon_core.package_identification:_identify(src/f1tenth_system/teleop_tools/joy_teleop) by extension 'ignore'
[2.299s] Level 1:colcon.colcon_core.package_identification:_identify(src/f1tenth_system/teleop_tools/joy_teleop) by extension 'ignore_ament_install'
[2.300s] Level 1:colcon.colcon_core.package_identification:_identify(src/f1tenth_system/teleop_tools/joy_teleop) by extensions ['colcon_pkg']
[2.300s] Level 1:colcon.colcon_core.package_identification:_identify(src/f1tenth_system/teleop_tools/joy_teleop) by extension 'colcon_pkg'
[2.300s] Level 1:colcon.colcon_core.package_identification:_identify(src/f1tenth_system/teleop_tools/joy_teleop) by extensions ['colcon_meta']
[2.300s] Level 1:colcon.colcon_core.package_identification:_identify(src/f1tenth_system/teleop_tools/joy_teleop) by extension 'colcon_meta'
[2.300s] Level 1:colcon.colcon_core.package_identification:_identify(src/f1tenth_system/teleop_tools/joy_teleop) by extensions ['ros']
[2.301s] Level 1:colcon.colcon_core.package_identification:_identify(src/f1tenth_system/teleop_tools/joy_teleop) by extension 'ros'
[2.305s] DEBUG:colcon.colcon_core.package_identification:Package 'src/f1tenth_system/teleop_tools/joy_teleop' with type 'ros.ament_python' and name 'joy_teleop'
[2.307s] Level 1:colcon.colcon_core.package_identification:_identify(src/f1tenth_system/teleop_tools/key_teleop) by extensions ['ignore', 'ignore_ament_install']
[2.307s] Level 1:colcon.colcon_core.package_identification:_identify(src/f1tenth_system/teleop_tools/key_teleop) by extension 'ignore'
[2.307s] Level 1:colcon.colcon_core.package_identification:_identify(src/f1tenth_system/teleop_tools/key_teleop) by extension 'ignore_ament_install'
[2.308s] Level 1:colcon.colcon_core.package_identification:_identify(src/f1tenth_system/teleop_tools/key_teleop) by extensions ['colcon_pkg']
[2.308s] Level 1:colcon.colcon_core.package_identification:_identify(src/f1tenth_system/teleop_tools/key_teleop) by extension 'colcon_pkg'
[2.308s] Level 1:colcon.colcon_core.package_identification:_identify(src/f1tenth_system/teleop_tools/key_teleop) by extensions ['colcon_meta']
[2.308s] Level 1:colcon.colcon_core.package_identification:_identify(src/f1tenth_system/teleop_tools/key_teleop) by extension 'colcon_meta'
[2.308s] Level 1:colcon.colcon_core.package_identification:_identify(src/f1tenth_system/teleop_tools/key_teleop) by extensions ['ros']
[2.309s] Level 1:colcon.colcon_core.package_identification:_identify(src/f1tenth_system/teleop_tools/key_teleop) by extension 'ros'
[2.313s] DEBUG:colcon.colcon_core.package_identification:Package 'src/f1tenth_system/teleop_tools/key_teleop' with type 'ros.ament_python' and name 'key_teleop'
[2.314s] Level 1:colcon.colcon_core.package_identification:_identify(src/f1tenth_system/teleop_tools/mouse_teleop) by extensions ['ignore', 'ignore_ament_install']
[2.314s] Level 1:colcon.colcon_core.package_identification:_identify(src/f1tenth_system/teleop_tools/mouse_teleop) by extension 'ignore'
[2.315s] Level 1:colcon.colcon_core.package_identification:_identify(src/f1tenth_system/teleop_tools/mouse_teleop) by extension 'ignore_ament_install'
[2.315s] Level 1:colcon.colcon_core.package_identification:_identify(src/f1tenth_system/teleop_tools/mouse_teleop) by extensions ['colcon_pkg']
[2.315s] Level 1:colcon.colcon_core.package_identification:_identify(src/f1tenth_system/teleop_tools/mouse_teleop) by extension 'colcon_pkg'
[2.315s] Level 1:colcon.colcon_core.package_identification:_identify(src/f1tenth_system/teleop_tools/mouse_teleop) by extensions ['colcon_meta']
[2.315s] Level 1:colcon.colcon_core.package_identification:_identify(src/f1tenth_system/teleop_tools/mouse_teleop) by extension 'colcon_meta'
[2.316s] Level 1:colcon.colcon_core.package_identification:_identify(src/f1tenth_system/teleop_tools/mouse_teleop) by extensions ['ros']
[2.316s] Level 1:colcon.colcon_core.package_identification:_identify(src/f1tenth_system/teleop_tools/mouse_teleop) by extension 'ros'
[2.319s] DEBUG:colcon.colcon_core.package_identification:Package 'src/f1tenth_system/teleop_tools/mouse_teleop' with type 'ros.ament_python' and name 'mouse_teleop'
[2.320s] Level 1:colcon.colcon_core.package_identification:_identify(src/f1tenth_system/teleop_tools/teleop_tools) by extensions ['ignore', 'ignore_ament_install']
[2.321s] Level 1:colcon.colcon_core.package_identification:_identify(src/f1tenth_system/teleop_tools/teleop_tools) by extension 'ignore'
[2.321s] Level 1:colcon.colcon_core.package_identification:_identify(src/f1tenth_system/teleop_tools/teleop_tools) by extension 'ignore_ament_install'
[2.321s] Level 1:colcon.colcon_core.package_identification:_identify(src/f1tenth_system/teleop_tools/teleop_tools) by extensions ['colcon_pkg']
[2.321s] Level 1:colcon.colcon_core.package_identification:_identify(src/f1tenth_system/teleop_tools/teleop_tools) by extension 'colcon_pkg'
[2.322s] Level 1:colcon.colcon_core.package_identification:_identify(src/f1tenth_system/teleop_tools/teleop_tools) by extensions ['colcon_meta']
[2.322s] Level 1:colcon.colcon_core.package_identification:_identify(src/f1tenth_system/teleop_tools/teleop_tools) by extension 'colcon_meta'
[2.322s] Level 1:colcon.colcon_core.package_identification:_identify(src/f1tenth_system/teleop_tools/teleop_tools) by extensions ['ros']
[2.322s] Level 1:colcon.colcon_core.package_identification:_identify(src/f1tenth_system/teleop_tools/teleop_tools) by extension 'ros'
[2.325s] DEBUG:colcon.colcon_core.package_identification:Package 'src/f1tenth_system/teleop_tools/teleop_tools' with type 'ros.ament_cmake' and name 'teleop_tools'
[2.326s] Level 1:colcon.colcon_core.package_identification:_identify(src/f1tenth_system/teleop_tools/teleop_tools_msgs) by extensions ['ignore', 'ignore_ament_install']
[2.326s] Level 1:colcon.colcon_core.package_identification:_identify(src/f1tenth_system/teleop_tools/teleop_tools_msgs) by extension 'ignore'
[2.326s] Level 1:colcon.colcon_core.package_identification:_identify(src/f1tenth_system/teleop_tools/teleop_tools_msgs) by extension 'ignore_ament_install'
[2.327s] Level 1:colcon.colcon_core.package_identification:_identify(src/f1tenth_system/teleop_tools/teleop_tools_msgs) by extensions ['colcon_pkg']
[2.327s] Level 1:colcon.colcon_core.package_identification:_identify(src/f1tenth_system/teleop_tools/teleop_tools_msgs) by extension 'colcon_pkg'
[2.327s] Level 1:colcon.colcon_core.package_identification:_identify(src/f1tenth_system/teleop_tools/teleop_tools_msgs) by extensions ['colcon_meta']
[2.327s] Level 1:colcon.colcon_core.package_identification:_identify(src/f1tenth_system/teleop_tools/teleop_tools_msgs) by extension 'colcon_meta'
[2.328s] Level 1:colcon.colcon_core.package_identification:_identify(src/f1tenth_system/teleop_tools/teleop_tools_msgs) by extensions ['ros']
[2.328s] Level 1:colcon.colcon_core.package_identification:_identify(src/f1tenth_system/teleop_tools/teleop_tools_msgs) by extension 'ros'
[2.331s] DEBUG:colcon.colcon_core.package_identification:Package 'src/f1tenth_system/teleop_tools/teleop_tools_msgs' with type 'ros.ament_cmake' and name 'teleop_tools_msgs'
[2.331s] Level 1:colcon.colcon_core.package_discovery:discover_packages(recursive) using defaults
[2.331s] Level 1:colcon.colcon_core.package_discovery:discover_packages(ignore) discover
[2.331s] Level 1:colcon.colcon_core.package_discovery:discover_packages(ignore) using defaults
[2.332s] Level 1:colcon.colcon_core.package_discovery:discover_packages(path) discover
[2.332s] Level 1:colcon.colcon_core.package_discovery:discover_packages(path) using defaults
[2.446s] Level 1:colcon.colcon_core.package_discovery:discover_packages(prefix_path) check parameters
[2.446s] Level 1:colcon.colcon_core.package_discovery:discover_packages(prefix_path) discover
[2.461s] DEBUG:colcon.colcon_installed_package_information.package_discovery:Found 7 installed packages in /home/yundo/vesc_ws/install
[2.463s] DEBUG:colcon.colcon_installed_package_information.package_discovery:Found 1 installed packages in /home/yundo/ydlidar_ws/install
[2.466s] DEBUG:colcon.colcon_installed_package_information.package_discovery:Found 8 installed packages in /home/yundo/f1tenth_ws/install
[2.473s] DEBUG:colcon.colcon_installed_package_information.package_discovery:Found 261 installed packages in /opt/ros/foxy
[2.482s] Level 1:colcon.colcon_core.package_discovery:discover_packages(prefix_path) using defaults
[2.842s] Level 5:colcon.colcon_core.verb:set package 'ackermann_mux' build argument 'cmake_args' from command line to 'None'
[2.842s] Level 5:colcon.colcon_core.verb:set package 'ackermann_mux' build argument 'cmake_target' from command line to 'None'
[2.842s] Level 5:colcon.colcon_core.verb:set package 'ackermann_mux' build argument 'cmake_target_skip_unavailable' from command line to 'False'
[2.842s] Level 5:colcon.colcon_core.verb:set package 'ackermann_mux' build argument 'cmake_clean_cache' from command line to 'False'
[2.843s] Level 5:colcon.colcon_core.verb:set package 'ackermann_mux' build argument 'cmake_clean_first' from command line to 'False'
[2.843s] Level 5:colcon.colcon_core.verb:set package 'ackermann_mux' build argument 'cmake_force_configure' from command line to 'False'
[2.843s] Level 5:colcon.colcon_core.verb:set package 'ackermann_mux' build argument 'ament_cmake_args' from command line to 'None'
[2.843s] Level 5:colcon.colcon_core.verb:set package 'ackermann_mux' build argument 'catkin_cmake_args' from command line to 'None'
[2.843s] Level 5:colcon.colcon_core.verb:set package 'ackermann_mux' build argument 'catkin_skip_building_tests' from command line to 'False'
[2.843s] DEBUG:colcon.colcon_core.verb:Building package 'ackermann_mux' with the following arguments: {'ament_cmake_args': None, 'build_base': '/home/yundo/f1tenth_ws/build/ackermann_mux', 'catkin_cmake_args': None, 'catkin_skip_building_tests': False, 'cmake_args': None, 'cmake_clean_cache': False, 'cmake_clean_first': False, 'cmake_force_configure': False, 'cmake_target': None, 'cmake_target_skip_unavailable': False, 'install_base': '/home/yundo/f1tenth_ws/install/ackermann_mux', 'merge_install': False, 'path': '/home/yundo/f1tenth_ws/src/f1tenth_system/ackermann_mux', 'symlink_install': False, 'test_result_base': None}
[2.845s] Level 5:colcon.colcon_core.verb:set package 'key_teleop' build argument 'cmake_args' from command line to 'None'
[2.845s] Level 5:colcon.colcon_core.verb:set package 'key_teleop' build argument 'cmake_target' from command line to 'None'
[2.845s] Level 5:colcon.colcon_core.verb:set package 'key_teleop' build argument 'cmake_target_skip_unavailable' from command line to 'False'
[2.845s] Level 5:colcon.colcon_core.verb:set package 'key_teleop' build argument 'cmake_clean_cache' from command line to 'False'
[2.846s] Level 5:colcon.colcon_core.verb:set package 'key_teleop' build argument 'cmake_clean_first' from command line to 'False'
[2.846s] Level 5:colcon.colcon_core.verb:set package 'key_teleop' build argument 'cmake_force_configure' from command line to 'False'
[2.846s] Level 5:colcon.colcon_core.verb:set package 'key_teleop' build argument 'ament_cmake_args' from command line to 'None'
[2.846s] Level 5:colcon.colcon_core.verb:set package 'key_teleop' build argument 'catkin_cmake_args' from command line to 'None'
[2.846s] Level 5:colcon.colcon_core.verb:set package 'key_teleop' build argument 'catkin_skip_building_tests' from command line to 'False'
[2.846s] DEBUG:colcon.colcon_core.verb:Building package 'key_teleop' with the following arguments: {'ament_cmake_args': None, 'build_base': '/home/yundo/f1tenth_ws/build/key_teleop', 'catkin_cmake_args': None, 'catkin_skip_building_tests': False, 'cmake_args': None, 'cmake_clean_cache': False, 'cmake_clean_first': False, 'cmake_force_configure': False, 'cmake_target': None, 'cmake_target_skip_unavailable': False, 'install_base': '/home/yundo/f1tenth_ws/install/key_teleop', 'merge_install': False, 'path': '/home/yundo/f1tenth_ws/src/f1tenth_system/teleop_tools/key_teleop', 'symlink_install': False, 'test_result_base': None}
[2.848s] Level 5:colcon.colcon_core.verb:set package 'mouse_teleop' build argument 'cmake_args' from command line to 'None'
[2.848s] Level 5:colcon.colcon_core.verb:set package 'mouse_teleop' build argument 'cmake_target' from command line to 'None'
[2.848s] Level 5:colcon.colcon_core.verb:set package 'mouse_teleop' build argument 'cmake_target_skip_unavailable' from command line to 'False'
[2.848s] Level 5:colcon.colcon_core.verb:set package 'mouse_teleop' build argument 'cmake_clean_cache' from command line to 'False'
[2.849s] Level 5:colcon.colcon_core.verb:set package 'mouse_teleop' build argument 'cmake_clean_first' from command line to 'False'
[2.849s] Level 5:colcon.colcon_core.verb:set package 'mouse_teleop' build argument 'cmake_force_configure' from command line to 'False'
[2.849s] Level 5:colcon.colcon_core.verb:set package 'mouse_teleop' build argument 'ament_cmake_args' from command line to 'None'
[2.849s] Level 5:colcon.colcon_core.verb:set package 'mouse_teleop' build argument 'catkin_cmake_args' from command line to 'None'
[2.849s] Level 5:colcon.colcon_core.verb:set package 'mouse_teleop' build argument 'catkin_skip_building_tests' from command line to 'False'
[2.849s] DEBUG:colcon.colcon_core.verb:Building package 'mouse_teleop' with the following arguments: {'ament_cmake_args': None, 'build_base': '/home/yundo/f1tenth_ws/build/mouse_teleop', 'catkin_cmake_args': None, 'catkin_skip_building_tests': False, 'cmake_args': None, 'cmake_clean_cache': False, 'cmake_clean_first': False, 'cmake_force_configure': False, 'cmake_target': None, 'cmake_target_skip_unavailable': False, 'install_base': '/home/yundo/f1tenth_ws/install/mouse_teleop', 'merge_install': False, 'path': '/home/yundo/f1tenth_ws/src/f1tenth_system/teleop_tools/mouse_teleop', 'symlink_install': False, 'test_result_base': None}
[2.851s] Level 5:colcon.colcon_core.verb:set package 'teleop_tools_msgs' build argument 'cmake_args' from command line to 'None'
[2.851s] Level 5:colcon.colcon_core.verb:set package 'teleop_tools_msgs' build argument 'cmake_target' from command line to 'None'
[2.851s] Level 5:colcon.colcon_core.verb:set package 'teleop_tools_msgs' build argument 'cmake_target_skip_unavailable' from command line to 'False'
[2.851s] Level 5:colcon.colcon_core.verb:set package 'teleop_tools_msgs' build argument 'cmake_clean_cache' from command line to 'False'
[2.851s] Level 5:colcon.colcon_core.verb:set package 'teleop_tools_msgs' build argument 'cmake_clean_first' from command line to 'False'
[2.852s] Level 5:colcon.colcon_core.verb:set package 'teleop_tools_msgs' build argument 'cmake_force_configure' from command line to 'False'
[2.852s] Level 5:colcon.colcon_core.verb:set package 'teleop_tools_msgs' build argument 'ament_cmake_args' from command line to 'None'
[2.852s] Level 5:colcon.colcon_core.verb:set package 'teleop_tools_msgs' build argument 'catkin_cmake_args' from command line to 'None'
[2.852s] Level 5:colcon.colcon_core.verb:set package 'teleop_tools_msgs' build argument 'catkin_skip_building_tests' from command line to 'False'
[2.852s] DEBUG:colcon.colcon_core.verb:Building package 'teleop_tools_msgs' with the following arguments: {'ament_cmake_args': None, 'build_base': '/home/yundo/f1tenth_ws/build/teleop_tools_msgs', 'catkin_cmake_args': None, 'catkin_skip_building_tests': False, 'cmake_args': None, 'cmake_clean_cache': False, 'cmake_clean_first': False, 'cmake_force_configure': False, 'cmake_target': None, 'cmake_target_skip_unavailable': False, 'install_base': '/home/yundo/f1tenth_ws/install/teleop_tools_msgs', 'merge_install': False, 'path': '/home/yundo/f1tenth_ws/src/f1tenth_system/teleop_tools/teleop_tools_msgs', 'symlink_install': False, 'test_result_base': None}
[2.854s] Level 5:colcon.colcon_core.verb:set package 'joy_teleop' build argument 'cmake_args' from command line to 'None'
[2.854s] Level 5:colcon.colcon_core.verb:set package 'joy_teleop' build argument 'cmake_target' from command line to 'None'
[2.854s] Level 5:colcon.colcon_core.verb:set package 'joy_teleop' build argument 'cmake_target_skip_unavailable' from command line to 'False'
[2.854s] Level 5:colcon.colcon_core.verb:set package 'joy_teleop' build argument 'cmake_clean_cache' from command line to 'False'
[2.854s] Level 5:colcon.colcon_core.verb:set package 'joy_teleop' build argument 'cmake_clean_first' from command line to 'False'
[2.854s] Level 5:colcon.colcon_core.verb:set package 'joy_teleop' build argument 'cmake_force_configure' from command line to 'False'
[2.854s] Level 5:colcon.colcon_core.verb:set package 'joy_teleop' build argument 'ament_cmake_args' from command line to 'None'
[2.855s] Level 5:colcon.colcon_core.verb:set package 'joy_teleop' build argument 'catkin_cmake_args' from command line to 'None'
[2.855s] Level 5:colcon.colcon_core.verb:set package 'joy_teleop' build argument 'catkin_skip_building_tests' from command line to 'False'
[2.855s] DEBUG:colcon.colcon_core.verb:Building package 'joy_teleop' with the following arguments: {'ament_cmake_args': None, 'build_base': '/home/yundo/f1tenth_ws/build/joy_teleop', 'catkin_cmake_args': None, 'catkin_skip_building_tests': False, 'cmake_args': None, 'cmake_clean_cache': False, 'cmake_clean_first': False, 'cmake_force_configure': False, 'cmake_target': None, 'cmake_target_skip_unavailable': False, 'install_base': '/home/yundo/f1tenth_ws/install/joy_teleop', 'merge_install': False, 'path': '/home/yundo/f1tenth_ws/src/f1tenth_system/teleop_tools/joy_teleop', 'symlink_install': False, 'test_result_base': None}
[2.857s] Level 5:colcon.colcon_core.verb:set package 'f1tenth_stack' build argument 'cmake_args' from command line to 'None'
[2.857s] Level 5:colcon.colcon_core.verb:set package 'f1tenth_stack' build argument 'cmake_target' from command line to 'None'
[2.857s] Level 5:colcon.colcon_core.verb:set package 'f1tenth_stack' build argument 'cmake_target_skip_unavailable' from command line to 'False'
[2.857s] Level 5:colcon.colcon_core.verb:set package 'f1tenth_stack' build argument 'cmake_clean_cache' from command line to 'False'
[2.857s] Level 5:colcon.colcon_core.verb:set package 'f1tenth_stack' build argument 'cmake_clean_first' from command line to 'False'
[2.857s] Level 5:colcon.colcon_core.verb:set package 'f1tenth_stack' build argument 'cmake_force_configure' from command line to 'False'
[2.857s] Level 5:colcon.colcon_core.verb:set package 'f1tenth_stack' build argument 'ament_cmake_args' from command line to 'None'
[2.857s] Level 5:colcon.colcon_core.verb:set package 'f1tenth_stack' build argument 'catkin_cmake_args' from command line to 'None'
[2.858s] Level 5:colcon.colcon_core.verb:set package 'f1tenth_stack' build argument 'catkin_skip_building_tests' from command line to 'False'
[2.858s] DEBUG:colcon.colcon_core.verb:Building package 'f1tenth_stack' with the following arguments: {'ament_cmake_args': None, 'build_base': '/home/yundo/f1tenth_ws/build/f1tenth_stack', 'catkin_cmake_args': None, 'catkin_skip_building_tests': False, 'cmake_args': None, 'cmake_clean_cache': False, 'cmake_clean_first': False, 'cmake_force_configure': False, 'cmake_target': None, 'cmake_target_skip_unavailable': False, 'install_base': '/home/yundo/f1tenth_ws/install/f1tenth_stack', 'merge_install': False, 'path': '/home/yundo/f1tenth_ws/src/f1tenth_system/f1tenth_stack', 'symlink_install': False, 'test_result_base': None}
[2.859s] Level 5:colcon.colcon_core.verb:set package 'teleop_tools' build argument 'cmake_args' from command line to 'None'
[2.860s] Level 5:colcon.colcon_core.verb:set package 'teleop_tools' build argument 'cmake_target' from command line to 'None'
[2.860s] Level 5:colcon.colcon_core.verb:set package 'teleop_tools' build argument 'cmake_target_skip_unavailable' from command line to 'False'
[2.860s] Level 5:colcon.colcon_core.verb:set package 'teleop_tools' build argument 'cmake_clean_cache' from command line to 'False'
[2.860s] Level 5:colcon.colcon_core.verb:set package 'teleop_tools' build argument 'cmake_clean_first' from command line to 'False'
[2.860s] Level 5:colcon.colcon_core.verb:set package 'teleop_tools' build argument 'cmake_force_configure' from command line to 'False'
[2.860s] Level 5:colcon.colcon_core.verb:set package 'teleop_tools' build argument 'ament_cmake_args' from command line to 'None'
[2.860s] Level 5:colcon.colcon_core.verb:set package 'teleop_tools' build argument 'catkin_cmake_args' from command line to 'None'
[2.860s] Level 5:colcon.colcon_core.verb:set package 'teleop_tools' build argument 'catkin_skip_building_tests' from command line to 'False'
[2.861s] DEBUG:colcon.colcon_core.verb:Building package 'teleop_tools' with the following arguments: {'ament_cmake_args': None, 'build_base': '/home/yundo/f1tenth_ws/build/teleop_tools', 'catkin_cmake_args': None, 'catkin_skip_building_tests': False, 'cmake_args': None, 'cmake_clean_cache': False, 'cmake_clean_first': False, 'cmake_force_configure': False, 'cmake_target': None, 'cmake_target_skip_unavailable': False, 'install_base': '/home/yundo/f1tenth_ws/install/teleop_tools', 'merge_install': False, 'path': '/home/yundo/f1tenth_ws/src/f1tenth_system/teleop_tools/teleop_tools', 'symlink_install': False, 'test_result_base': None}
[2.861s] INFO:colcon.colcon_core.executor:Executing jobs using 'parallel' executor
[2.864s] DEBUG:colcon.colcon_parallel_executor.executor.parallel:run_until_complete
[2.865s] INFO:colcon.colcon_ros.task.ament_cmake.build:Building ROS package in '/home/yundo/f1tenth_ws/src/f1tenth_system/teleop_tools/teleop_tools_msgs' with build type 'ament_cmake'
[2.866s] INFO:colcon.colcon_cmake.task.cmake.build:Building CMake package in '/home/yundo/f1tenth_ws/src/f1tenth_system/teleop_tools/teleop_tools_msgs'
[2.884s] INFO:colcon.colcon_core.plugin_system:Skipping extension 'colcon_core.shell.bat': Not used on non-Windows systems
[2.884s] INFO:colcon.colcon_core.shell:Skip shell extension 'powershell' for command environment: Not usable outside of PowerShell
[2.885s] DEBUG:colcon.colcon_core.shell:Skip shell extension 'dsv' for command environment
[2.916s] INFO:colcon.colcon_ros.task.ament_cmake.build:Building ROS package in '/home/yundo/f1tenth_ws/src/f1tenth_system/ackermann_mux' with build type 'ament_cmake'
[2.917s] INFO:colcon.colcon_cmake.task.cmake.build:Building CMake package in '/home/yundo/f1tenth_ws/src/f1tenth_system/ackermann_mux'
[2.918s] INFO:colcon.colcon_core.shell:Skip shell extension 'powershell' for command environment: Not usable outside of PowerShell
[2.919s] DEBUG:colcon.colcon_core.shell:Skip shell extension 'dsv' for command environment
[2.958s] INFO:colcon.colcon_ros.task.ament_python.build:Building ROS package in '/home/yundo/f1tenth_ws/src/f1tenth_system/teleop_tools/key_teleop' with build type 'ament_python'
[2.959s] Level 1:colcon.colcon_core.shell:create_environment_hook('key_teleop', 'ament_prefix_path')
[2.961s] INFO:colcon.colcon_core.shell:Creating environment hook '/home/yundo/f1tenth_ws/install/key_teleop/share/key_teleop/hook/ament_prefix_path.ps1'
[2.966s] INFO:colcon.colcon_core.shell:Creating environment descriptor '/home/yundo/f1tenth_ws/install/key_teleop/share/key_teleop/hook/ament_prefix_path.dsv'
[2.969s] INFO:colcon.colcon_core.shell:Creating environment hook '/home/yundo/f1tenth_ws/install/key_teleop/share/key_teleop/hook/ament_prefix_path.sh'
[2.974s] INFO:colcon.colcon_core.shell:Skip shell extension 'powershell' for command environment: Not usable outside of PowerShell
[2.974s] DEBUG:colcon.colcon_core.shell:Skip shell extension 'dsv' for command environment
[3.012s] INFO:colcon.colcon_ros.task.ament_python.build:Building ROS package in '/home/yundo/f1tenth_ws/src/f1tenth_system/teleop_tools/mouse_teleop' with build type 'ament_python'
[3.013s] Level 1:colcon.colcon_core.shell:create_environment_hook('mouse_teleop', 'ament_prefix_path')
[3.015s] INFO:colcon.colcon_core.shell:Creating environment hook '/home/yundo/f1tenth_ws/install/mouse_teleop/share/mouse_teleop/hook/ament_prefix_path.ps1'
[3.018s] INFO:colcon.colcon_core.shell:Creating environment descriptor '/home/yundo/f1tenth_ws/install/mouse_teleop/share/mouse_teleop/hook/ament_prefix_path.dsv'
[3.020s] INFO:colcon.colcon_core.shell:Creating environment hook '/home/yundo/f1tenth_ws/install/mouse_teleop/share/mouse_teleop/hook/ament_prefix_path.sh'
[3.023s] INFO:colcon.colcon_core.shell:Skip shell extension 'powershell' for command environment: Not usable outside of PowerShell
[3.023s] DEBUG:colcon.colcon_core.shell:Skip shell extension 'dsv' for command environment
[3.076s] DEBUG:colcon.colcon_core.event_handler.log_command:Invoking command in '/home/yundo/f1tenth_ws/build/teleop_tools_msgs': BYOBU_DATE=%Y-%m-%d CMAKE_PREFIX_PATH=/home/yundo/f1tenth_ws/install/teleop_tools:/home/yundo/f1tenth_ws/install/teleop_tools_msgs:/home/yundo/f1tenth_ws/install/ackermann_mux:/home/yundo/vesc_ws/install/vesc:/home/yundo/vesc_ws/install/vesc_driver:/home/yundo/vesc_ws/install/vesc_ackermann:/home/yundo/f1tenth_ws/install/f1tenth_stack:/home/yundo/f1tenth_ws/install/joy_teleop:/home/yundo/f1tenth_ws/install/mouse_teleop:/home/yundo/f1tenth_ws/install/key_teleop:/opt/ros/foxy:/home/yundo/vesc_ws/install/vesc_msgs:/home/yundo/vesc_ws/install/udp_driver:/home/yundo/vesc_ws/install/io_context:/home/yundo/vesc_ws/install/asio_cmake_module:/home/yundo/ydlidar_ws/install/ydlidar_ros2_driver /usr/bin/cmake --build /home/yundo/f1tenth_ws/build/teleop_tools_msgs -- -j4 -l4
[3.388s] DEBUG:colcon.colcon_core.event_handler.log_command:Invoking command in '/home/yundo/f1tenth_ws/build/ackermann_mux': BYOBU_DATE=%Y-%m-%d CMAKE_PREFIX_PATH=/home/yundo/f1tenth_ws/install/teleop_tools:/home/yundo/f1tenth_ws/install/teleop_tools_msgs:/home/yundo/f1tenth_ws/install/ackermann_mux:/home/yundo/vesc_ws/install/vesc:/home/yundo/vesc_ws/install/vesc_driver:/home/yundo/vesc_ws/install/vesc_ackermann:/home/yundo/f1tenth_ws/install/f1tenth_stack:/home/yundo/f1tenth_ws/install/joy_teleop:/home/yundo/f1tenth_ws/install/mouse_teleop:/home/yundo/f1tenth_ws/install/key_teleop:/opt/ros/foxy:/home/yundo/vesc_ws/install/vesc_msgs:/home/yundo/vesc_ws/install/udp_driver:/home/yundo/vesc_ws/install/io_context:/home/yundo/vesc_ws/install/asio_cmake_module:/home/yundo/ydlidar_ws/install/ydlidar_ros2_driver /usr/bin/cmake --build /home/yundo/f1tenth_ws/build/ackermann_mux -- -j4 -l4
[4.973s] INFO:colcon.colcon_core.task.python.build:Building Python package in '/home/yundo/f1tenth_ws/src/f1tenth_system/teleop_tools/key_teleop'
[4.975s] INFO:colcon.colcon_core.shell:Skip shell extension 'powershell' for command environment: Not usable outside of PowerShell
[4.975s] DEBUG:colcon.colcon_core.shell:Skip shell extension 'dsv' for command environment
[6.893s] INFO:colcon.colcon_core.task.python.build:Building Python package in '/home/yundo/f1tenth_ws/src/f1tenth_system/teleop_tools/mouse_teleop'
[6.894s] INFO:colcon.colcon_core.shell:Skip shell extension 'powershell' for command environment: Not usable outside of PowerShell
[6.895s] DEBUG:colcon.colcon_core.shell:Skip shell extension 'dsv' for command environment
[6.946s] DEBUG:colcon.colcon_core.event_handler.log_command:Invoked command in '/home/yundo/f1tenth_ws/build/ackermann_mux' returned '0': BYOBU_DATE=%Y-%m-%d CMAKE_PREFIX_PATH=/home/yundo/f1tenth_ws/install/teleop_tools:/home/yundo/f1tenth_ws/install/teleop_tools_msgs:/home/yundo/f1tenth_ws/install/ackermann_mux:/home/yundo/vesc_ws/install/vesc:/home/yundo/vesc_ws/install/vesc_driver:/home/yundo/vesc_ws/install/vesc_ackermann:/home/yundo/f1tenth_ws/install/f1tenth_stack:/home/yundo/f1tenth_ws/install/joy_teleop:/home/yundo/f1tenth_ws/install/mouse_teleop:/home/yundo/f1tenth_ws/install/key_teleop:/opt/ros/foxy:/home/yundo/vesc_ws/install/vesc_msgs:/home/yundo/vesc_ws/install/udp_driver:/home/yundo/vesc_ws/install/io_context:/home/yundo/vesc_ws/install/asio_cmake_module:/home/yundo/ydlidar_ws/install/ydlidar_ros2_driver /usr/bin/cmake --build /home/yundo/f1tenth_ws/build/ackermann_mux -- -j4 -l4
[7.254s] DEBUG:colcon.colcon_core.event_handler.log_command:Invoking command in '/home/yundo/f1tenth_ws/build/ackermann_mux': BYOBU_DATE=%Y-%m-%d CMAKE_PREFIX_PATH=/home/yundo/f1tenth_ws/install/teleop_tools:/home/yundo/f1tenth_ws/install/teleop_tools_msgs:/home/yundo/f1tenth_ws/install/ackermann_mux:/home/yundo/vesc_ws/install/vesc:/home/yundo/vesc_ws/install/vesc_driver:/home/yundo/vesc_ws/install/vesc_ackermann:/home/yundo/f1tenth_ws/install/f1tenth_stack:/home/yundo/f1tenth_ws/install/joy_teleop:/home/yundo/f1tenth_ws/install/mouse_teleop:/home/yundo/f1tenth_ws/install/key_teleop:/opt/ros/foxy:/home/yundo/vesc_ws/install/vesc_msgs:/home/yundo/vesc_ws/install/udp_driver:/home/yundo/vesc_ws/install/io_context:/home/yundo/vesc_ws/install/asio_cmake_module:/home/yundo/ydlidar_ws/install/ydlidar_ros2_driver /usr/bin/cmake --install /home/yundo/f1tenth_ws/build/ackermann_mux
[7.993s] Level 1:colcon.colcon_core.environment:create_environment_scripts_only(ackermann_mux)
[7.996s] DEBUG:colcon.colcon_core.event_handler.log_command:Invoked command in '/home/yundo/f1tenth_ws/build/ackermann_mux' returned '0': BYOBU_DATE=%Y-%m-%d CMAKE_PREFIX_PATH=/home/yundo/f1tenth_ws/install/teleop_tools:/home/yundo/f1tenth_ws/install/teleop_tools_msgs:/home/yundo/f1tenth_ws/install/ackermann_mux:/home/yundo/vesc_ws/install/vesc:/home/yundo/vesc_ws/install/vesc_driver:/home/yundo/vesc_ws/install/vesc_ackermann:/home/yundo/f1tenth_ws/install/f1tenth_stack:/home/yundo/f1tenth_ws/install/joy_teleop:/home/yundo/f1tenth_ws/install/mouse_teleop:/home/yundo/f1tenth_ws/install/key_teleop:/opt/ros/foxy:/home/yundo/vesc_ws/install/vesc_msgs:/home/yundo/vesc_ws/install/udp_driver:/home/yundo/vesc_ws/install/io_context:/home/yundo/vesc_ws/install/asio_cmake_module:/home/yundo/ydlidar_ws/install/ydlidar_ros2_driver /usr/bin/cmake --install /home/yundo/f1tenth_ws/build/ackermann_mux
[8.099s] Level 1:colcon.colcon_core.environment:checking '/home/yundo/f1tenth_ws/install/ackermann_mux' for CMake module files
[8.102s] Level 1:colcon.colcon_core.environment:checking '/home/yundo/f1tenth_ws/install/ackermann_mux' for CMake config files
[8.103s] Level 1:colcon.colcon_core.shell:create_environment_hook('ackermann_mux', 'cmake_prefix_path')
[8.105s] INFO:colcon.colcon_core.shell:Creating environment hook '/home/yundo/f1tenth_ws/install/ackermann_mux/share/ackermann_mux/hook/cmake_prefix_path.ps1'
[8.107s] INFO:colcon.colcon_core.shell:Creating environment descriptor '/home/yundo/f1tenth_ws/install/ackermann_mux/share/ackermann_mux/hook/cmake_prefix_path.dsv'
[8.108s] INFO:colcon.colcon_core.shell:Creating environment hook '/home/yundo/f1tenth_ws/install/ackermann_mux/share/ackermann_mux/hook/cmake_prefix_path.sh'
[8.111s] Level 1:colcon.colcon_core.environment:checking '/home/yundo/f1tenth_ws/install/ackermann_mux/lib'
[8.112s] Level 1:colcon.colcon_core.environment:checking '/home/yundo/f1tenth_ws/install/ackermann_mux/bin'
[8.112s] Level 1:colcon.colcon_core.environment:checking '/home/yundo/f1tenth_ws/install/ackermann_mux/lib/pkgconfig/ackermann_mux.pc'
[8.113s] Level 1:colcon.colcon_core.environment:checking '/home/yundo/f1tenth_ws/install/ackermann_mux/lib/python3.8/site-packages'
[8.114s] Level 1:colcon.colcon_core.environment:checking '/home/yundo/f1tenth_ws/install/ackermann_mux/bin'
[8.115s] INFO:colcon.colcon_core.shell:Creating package script '/home/yundo/f1tenth_ws/install/ackermann_mux/share/ackermann_mux/package.ps1'
[8.143s] INFO:colcon.colcon_core.shell:Creating package descriptor '/home/yundo/f1tenth_ws/install/ackermann_mux/share/ackermann_mux/package.dsv'
[8.150s] INFO:colcon.colcon_core.shell:Creating package script '/home/yundo/f1tenth_ws/install/ackermann_mux/share/ackermann_mux/package.sh'
[8.155s] INFO:colcon.colcon_core.shell:Creating package script '/home/yundo/f1tenth_ws/install/ackermann_mux/share/ackermann_mux/package.bash'
[8.161s] INFO:colcon.colcon_core.shell:Creating package script '/home/yundo/f1tenth_ws/install/ackermann_mux/share/ackermann_mux/package.zsh'
[8.166s] Level 1:colcon.colcon_core.environment:create_file_with_runtime_dependencies(/home/yundo/f1tenth_ws/install/ackermann_mux/share/colcon-core/packages/ackermann_mux)
[8.316s] Level 1:colcon.colcon_core.environment:create_environment_scripts_only(ackermann_mux)
[8.318s] Level 1:colcon.colcon_core.environment:checking '/home/yundo/f1tenth_ws/install/ackermann_mux' for CMake module files
[8.321s] Level 1:colcon.colcon_core.environment:checking '/home/yundo/f1tenth_ws/install/ackermann_mux' for CMake config files
[8.322s] Level 1:colcon.colcon_core.shell:create_environment_hook('ackermann_mux', 'cmake_prefix_path')
[8.324s] INFO:colcon.colcon_core.shell:Creating environment hook '/home/yundo/f1tenth_ws/install/ackermann_mux/share/ackermann_mux/hook/cmake_prefix_path.ps1'
[8.328s] INFO:colcon.colcon_core.shell:Creating environment descriptor '/home/yundo/f1tenth_ws/install/ackermann_mux/share/ackermann_mux/hook/cmake_prefix_path.dsv'
[8.329s] INFO:colcon.colcon_core.shell:Creating environment hook '/home/yundo/f1tenth_ws/install/ackermann_mux/share/ackermann_mux/hook/cmake_prefix_path.sh'
[8.332s] Level 1:colcon.colcon_core.environment:checking '/home/yundo/f1tenth_ws/install/ackermann_mux/lib'
[8.333s] Level 1:colcon.colcon_core.environment:checking '/home/yundo/f1tenth_ws/install/ackermann_mux/bin'
[8.333s] Level 1:colcon.colcon_core.environment:checking '/home/yundo/f1tenth_ws/install/ackermann_mux/lib/pkgconfig/ackermann_mux.pc'
[8.334s] Level 1:colcon.colcon_core.environment:checking '/home/yundo/f1tenth_ws/install/ackermann_mux/lib/python3.8/site-packages'
[8.335s] Level 1:colcon.colcon_core.environment:checking '/home/yundo/f1tenth_ws/install/ackermann_mux/bin'
[8.337s] INFO:colcon.colcon_core.shell:Creating package script '/home/yundo/f1tenth_ws/install/ackermann_mux/share/ackermann_mux/package.ps1'
[8.340s] INFO:colcon.colcon_core.shell:Creating package descriptor '/home/yundo/f1tenth_ws/install/ackermann_mux/share/ackermann_mux/package.dsv'
[8.342s] INFO:colcon.colcon_core.shell:Creating package script '/home/yundo/f1tenth_ws/install/ackermann_mux/share/ackermann_mux/package.sh'
[8.344s] INFO:colcon.colcon_core.shell:Creating package script '/home/yundo/f1tenth_ws/install/ackermann_mux/share/ackermann_mux/package.bash'
[8.348s] INFO:colcon.colcon_core.shell:Creating package script '/home/yundo/f1tenth_ws/install/ackermann_mux/share/ackermann_mux/package.zsh'
[8.350s] Level 1:colcon.colcon_core.environment:create_file_with_runtime_dependencies(/home/yundo/f1tenth_ws/install/ackermann_mux/share/colcon-core/packages/ackermann_mux)
[10.216s] DEBUG:colcon.colcon_core.event_handler.log_command:Invoking command in '/home/yundo/f1tenth_ws/src/f1tenth_system/teleop_tools/key_teleop': BYOBU_DATE=%Y-%m-%d PYTHONPATH=/home/yundo/f1tenth_ws/build/key_teleop/prefix_override:/usr/lib/python3/dist-packages/colcon_core/task/python/colcon_distutils_commands:/home/yundo/f1tenth_ws/install/key_teleop/lib/python3.8/site-packages:${PYTHONPATH} /usr/bin/python3 -W ignore:setup.py install is deprecated -W ignore:easy_install command is deprecated setup.py egg_info --egg-base ../../../../build/key_teleop build --build-base /home/yundo/f1tenth_ws/build/key_teleop/build install --record /home/yundo/f1tenth_ws/build/key_teleop/install.log --install-scripts $base/lib/key_teleop --single-version-externally-managed install_data
[10.246s] DEBUG:colcon.colcon_core.event_handler.log_command:Invoking command in '/home/yundo/f1tenth_ws/src/f1tenth_system/teleop_tools/mouse_teleop': BYOBU_DATE=%Y-%m-%d PYTHONPATH=/home/yundo/f1tenth_ws/build/mouse_teleop/prefix_override:/usr/lib/python3/dist-packages/colcon_core/task/python/colcon_distutils_commands:/home/yundo/f1tenth_ws/install/mouse_teleop/lib/python3.8/site-packages:${PYTHONPATH} /usr/bin/python3 -W ignore:setup.py install is deprecated -W ignore:easy_install command is deprecated setup.py egg_info --egg-base ../../../../build/mouse_teleop build --build-base /home/yundo/f1tenth_ws/build/mouse_teleop/build install --record /home/yundo/f1tenth_ws/build/mouse_teleop/install.log --install-scripts $base/lib/mouse_teleop --single-version-externally-managed install_data
[10.359s] DEBUG:colcon.colcon_core.event_handler.log_command:Invoked command in '/home/yundo/f1tenth_ws/build/teleop_tools_msgs' returned '0': BYOBU_DATE=%Y-%m-%d CMAKE_PREFIX_PATH=/home/yundo/f1tenth_ws/install/teleop_tools:/home/yundo/f1tenth_ws/install/teleop_tools_msgs:/home/yundo/f1tenth_ws/install/ackermann_mux:/home/yundo/vesc_ws/install/vesc:/home/yundo/vesc_ws/install/vesc_driver:/home/yundo/vesc_ws/install/vesc_ackermann:/home/yundo/f1tenth_ws/install/f1tenth_stack:/home/yundo/f1tenth_ws/install/joy_teleop:/home/yundo/f1tenth_ws/install/mouse_teleop:/home/yundo/f1tenth_ws/install/key_teleop:/opt/ros/foxy:/home/yundo/vesc_ws/install/vesc_msgs:/home/yundo/vesc_ws/install/udp_driver:/home/yundo/vesc_ws/install/io_context:/home/yundo/vesc_ws/install/asio_cmake_module:/home/yundo/ydlidar_ws/install/ydlidar_ros2_driver /usr/bin/cmake --build /home/yundo/f1tenth_ws/build/teleop_tools_msgs -- -j4 -l4
[10.596s] DEBUG:colcon.colcon_core.event_handler.log_command:Invoking command in '/home/yundo/f1tenth_ws/build/teleop_tools_msgs': BYOBU_DATE=%Y-%m-%d CMAKE_PREFIX_PATH=/home/yundo/f1tenth_ws/install/teleop_tools:/home/yundo/f1tenth_ws/install/teleop_tools_msgs:/home/yundo/f1tenth_ws/install/ackermann_mux:/home/yundo/vesc_ws/install/vesc:/home/yundo/vesc_ws/install/vesc_driver:/home/yundo/vesc_ws/install/vesc_ackermann:/home/yundo/f1tenth_ws/install/f1tenth_stack:/home/yundo/f1tenth_ws/install/joy_teleop:/home/yundo/f1tenth_ws/install/mouse_teleop:/home/yundo/f1tenth_ws/install/key_teleop:/opt/ros/foxy:/home/yundo/vesc_ws/install/vesc_msgs:/home/yundo/vesc_ws/install/udp_driver:/home/yundo/vesc_ws/install/io_context:/home/yundo/vesc_ws/install/asio_cmake_module:/home/yundo/ydlidar_ws/install/ydlidar_ros2_driver /usr/bin/cmake --install /home/yundo/f1tenth_ws/build/teleop_tools_msgs
[10.916s] Level 1:colcon.colcon_core.environment:create_environment_scripts_only(teleop_tools_msgs)
[10.917s] Level 1:colcon.colcon_core.environment:checking '/home/yundo/f1tenth_ws/install/teleop_tools_msgs' for CMake module files
[10.920s] DEBUG:colcon.colcon_core.event_handler.log_command:Invoked command in '/home/yundo/f1tenth_ws/build/teleop_tools_msgs' returned '0': BYOBU_DATE=%Y-%m-%d CMAKE_PREFIX_PATH=/home/yundo/f1tenth_ws/install/teleop_tools:/home/yundo/f1tenth_ws/install/teleop_tools_msgs:/home/yundo/f1tenth_ws/install/ackermann_mux:/home/yundo/vesc_ws/install/vesc:/home/yundo/vesc_ws/install/vesc_driver:/home/yundo/vesc_ws/install/vesc_ackermann:/home/yundo/f1tenth_ws/install/f1tenth_stack:/home/yundo/f1tenth_ws/install/joy_teleop:/home/yundo/f1tenth_ws/install/mouse_teleop:/home/yundo/f1tenth_ws/install/key_teleop:/opt/ros/foxy:/home/yundo/vesc_ws/install/vesc_msgs:/home/yundo/vesc_ws/install/udp_driver:/home/yundo/vesc_ws/install/io_context:/home/yundo/vesc_ws/install/asio_cmake_module:/home/yundo/ydlidar_ws/install/ydlidar_ros2_driver /usr/bin/cmake --install /home/yundo/f1tenth_ws/build/teleop_tools_msgs
[10.923s] Level 1:colcon.colcon_core.environment:checking '/home/yundo/f1tenth_ws/install/teleop_tools_msgs' for CMake config files
[10.926s] Level 1:colcon.colcon_core.shell:create_environment_hook('teleop_tools_msgs', 'cmake_prefix_path')
[10.928s] INFO:colcon.colcon_core.shell:Creating environment hook '/home/yundo/f1tenth_ws/install/teleop_tools_msgs/share/teleop_tools_msgs/hook/cmake_prefix_path.ps1'
[10.930s] INFO:colcon.colcon_core.shell:Creating environment descriptor '/home/yundo/f1tenth_ws/install/teleop_tools_msgs/share/teleop_tools_msgs/hook/cmake_prefix_path.dsv'
[10.932s] INFO:colcon.colcon_core.shell:Creating environment hook '/home/yundo/f1tenth_ws/install/teleop_tools_msgs/share/teleop_tools_msgs/hook/cmake_prefix_path.sh'
[10.934s] Level 1:colcon.colcon_core.environment:checking '/home/yundo/f1tenth_ws/install/teleop_tools_msgs/lib'
[10.934s] Level 1:colcon.colcon_core.shell:create_environment_hook('teleop_tools_msgs', 'ld_library_path_lib')
[10.936s] INFO:colcon.colcon_core.shell:Creating environment hook '/home/yundo/f1tenth_ws/install/teleop_tools_msgs/share/teleop_tools_msgs/hook/ld_library_path_lib.ps1'
[10.937s] INFO:colcon.colcon_core.shell:Creating environment descriptor '/home/yundo/f1tenth_ws/install/teleop_tools_msgs/share/teleop_tools_msgs/hook/ld_library_path_lib.dsv'
[10.939s] INFO:colcon.colcon_core.shell:Creating environment hook '/home/yundo/f1tenth_ws/install/teleop_tools_msgs/share/teleop_tools_msgs/hook/ld_library_path_lib.sh'
[10.940s] Level 1:colcon.colcon_core.environment:checking '/home/yundo/f1tenth_ws/install/teleop_tools_msgs/bin'
[10.941s] Level 1:colcon.colcon_core.environment:checking '/home/yundo/f1tenth_ws/install/teleop_tools_msgs/lib/pkgconfig/teleop_tools_msgs.pc'
[10.942s] Level 1:colcon.colcon_core.environment:checking '/home/yundo/f1tenth_ws/install/teleop_tools_msgs/lib/python3.8/site-packages'
[10.942s] Level 1:colcon.colcon_core.shell:create_environment_hook('teleop_tools_msgs', 'pythonpath')
[10.943s] INFO:colcon.colcon_core.shell:Creating environment hook '/home/yundo/f1tenth_ws/install/teleop_tools_msgs/share/teleop_tools_msgs/hook/pythonpath.ps1'
[10.945s] INFO:colcon.colcon_core.shell:Creating environment descriptor '/home/yundo/f1tenth_ws/install/teleop_tools_msgs/share/teleop_tools_msgs/hook/pythonpath.dsv'
[10.947s] INFO:colcon.colcon_core.shell:Creating environment hook '/home/yundo/f1tenth_ws/install/teleop_tools_msgs/share/teleop_tools_msgs/hook/pythonpath.sh'
[10.949s] Level 1:colcon.colcon_core.environment:checking '/home/yundo/f1tenth_ws/install/teleop_tools_msgs/bin'
[10.951s] INFO:colcon.colcon_core.shell:Creating package script '/home/yundo/f1tenth_ws/install/teleop_tools_msgs/share/teleop_tools_msgs/package.ps1'
[10.953s] INFO:colcon.colcon_core.shell:Creating package descriptor '/home/yundo/f1tenth_ws/install/teleop_tools_msgs/share/teleop_tools_msgs/package.dsv'
[10.955s] INFO:colcon.colcon_core.shell:Creating package script '/home/yundo/f1tenth_ws/install/teleop_tools_msgs/share/teleop_tools_msgs/package.sh'
[10.957s] INFO:colcon.colcon_core.shell:Creating package script '/home/yundo/f1tenth_ws/install/teleop_tools_msgs/share/teleop_tools_msgs/package.bash'
[10.959s] INFO:colcon.colcon_core.shell:Creating package script '/home/yundo/f1tenth_ws/install/teleop_tools_msgs/share/teleop_tools_msgs/package.zsh'
[10.960s] Level 1:colcon.colcon_core.environment:create_file_with_runtime_dependencies(/home/yundo/f1tenth_ws/install/teleop_tools_msgs/share/colcon-core/packages/teleop_tools_msgs)
[11.185s] Level 1:colcon.colcon_core.environment:create_environment_scripts_only(teleop_tools_msgs)
[11.186s] Level 1:colcon.colcon_core.environment:checking '/home/yundo/f1tenth_ws/install/teleop_tools_msgs' for CMake module files
[11.190s] Level 1:colcon.colcon_core.environment:checking '/home/yundo/f1tenth_ws/install/teleop_tools_msgs' for CMake config files
[11.192s] Level 1:colcon.colcon_core.shell:create_environment_hook('teleop_tools_msgs', 'cmake_prefix_path')
[11.193s] INFO:colcon.colcon_core.shell:Creating environment hook '/home/yundo/f1tenth_ws/install/teleop_tools_msgs/share/teleop_tools_msgs/hook/cmake_prefix_path.ps1'
[11.197s] INFO:colcon.colcon_core.shell:Creating environment descriptor '/home/yundo/f1tenth_ws/install/teleop_tools_msgs/share/teleop_tools_msgs/hook/cmake_prefix_path.dsv'
[11.199s] INFO:colcon.colcon_core.shell:Creating environment hook '/home/yundo/f1tenth_ws/install/teleop_tools_msgs/share/teleop_tools_msgs/hook/cmake_prefix_path.sh'
[11.202s] Level 1:colcon.colcon_core.environment:checking '/home/yundo/f1tenth_ws/install/teleop_tools_msgs/lib'
[11.202s] Level 1:colcon.colcon_core.shell:create_environment_hook('teleop_tools_msgs', 'ld_library_path_lib')
[11.204s] INFO:colcon.colcon_core.shell:Creating environment hook '/home/yundo/f1tenth_ws/install/teleop_tools_msgs/share/teleop_tools_msgs/hook/ld_library_path_lib.ps1'
[11.206s] INFO:colcon.colcon_core.shell:Creating environment descriptor '/home/yundo/f1tenth_ws/install/teleop_tools_msgs/share/teleop_tools_msgs/hook/ld_library_path_lib.dsv'
[11.210s] INFO:colcon.colcon_core.shell:Creating environment hook '/home/yundo/f1tenth_ws/install/teleop_tools_msgs/share/teleop_tools_msgs/hook/ld_library_path_lib.sh'
[11.212s] Level 1:colcon.colcon_core.environment:checking '/home/yundo/f1tenth_ws/install/teleop_tools_msgs/bin'
[11.212s] Level 1:colcon.colcon_core.environment:checking '/home/yundo/f1tenth_ws/install/teleop_tools_msgs/lib/pkgconfig/teleop_tools_msgs.pc'
[11.214s] Level 1:colcon.colcon_core.environment:checking '/home/yundo/f1tenth_ws/install/teleop_tools_msgs/lib/python3.8/site-packages'
[11.214s] Level 1:colcon.colcon_core.shell:create_environment_hook('teleop_tools_msgs', 'pythonpath')
[11.215s] INFO:colcon.colcon_core.shell:Creating environment hook '/home/yundo/f1tenth_ws/install/teleop_tools_msgs/share/teleop_tools_msgs/hook/pythonpath.ps1'
[11.217s] INFO:colcon.colcon_core.shell:Creating environment descriptor '/home/yundo/f1tenth_ws/install/teleop_tools_msgs/share/teleop_tools_msgs/hook/pythonpath.dsv'
[11.219s] INFO:colcon.colcon_core.shell:Creating environment hook '/home/yundo/f1tenth_ws/install/teleop_tools_msgs/share/teleop_tools_msgs/hook/pythonpath.sh'
[11.221s] Level 1:colcon.colcon_core.environment:checking '/home/yundo/f1tenth_ws/install/teleop_tools_msgs/bin'
[11.223s] INFO:colcon.colcon_core.shell:Creating package script '/home/yundo/f1tenth_ws/install/teleop_tools_msgs/share/teleop_tools_msgs/package.ps1'
[11.226s] INFO:colcon.colcon_core.shell:Creating package descriptor '/home/yundo/f1tenth_ws/install/teleop_tools_msgs/share/teleop_tools_msgs/package.dsv'
[11.229s] INFO:colcon.colcon_core.shell:Creating package script '/home/yundo/f1tenth_ws/install/teleop_tools_msgs/share/teleop_tools_msgs/package.sh'
[11.231s] INFO:colcon.colcon_core.shell:Creating package script '/home/yundo/f1tenth_ws/install/teleop_tools_msgs/share/teleop_tools_msgs/package.bash'
[11.234s] INFO:colcon.colcon_core.shell:Creating package script '/home/yundo/f1tenth_ws/install/teleop_tools_msgs/share/teleop_tools_msgs/package.zsh'
[11.236s] Level 1:colcon.colcon_core.environment:create_file_with_runtime_dependencies(/home/yundo/f1tenth_ws/install/teleop_tools_msgs/share/colcon-core/packages/teleop_tools_msgs)
[11.238s] INFO:colcon.colcon_ros.task.ament_python.build:Building ROS package in '/home/yundo/f1tenth_ws/src/f1tenth_system/teleop_tools/joy_teleop' with build type 'ament_python'
[11.238s] Level 1:colcon.colcon_core.shell:create_environment_hook('joy_teleop', 'ament_prefix_path')
[11.240s] INFO:colcon.colcon_core.shell:Creating environment hook '/home/yundo/f1tenth_ws/install/joy_teleop/share/joy_teleop/hook/ament_prefix_path.ps1'
[11.243s] INFO:colcon.colcon_core.shell:Creating environment descriptor '/home/yundo/f1tenth_ws/install/joy_teleop/share/joy_teleop/hook/ament_prefix_path.dsv'
[11.245s] INFO:colcon.colcon_core.shell:Creating environment hook '/home/yundo/f1tenth_ws/install/joy_teleop/share/joy_teleop/hook/ament_prefix_path.sh'
[11.248s] INFO:colcon.colcon_core.shell:Skip shell extension 'powershell' for command environment: Not usable outside of PowerShell
[11.249s] DEBUG:colcon.colcon_core.shell:Skip shell extension 'dsv' for command environment
[12.689s] INFO:colcon.colcon_core.task.python.build:Building Python package in '/home/yundo/f1tenth_ws/src/f1tenth_system/teleop_tools/joy_teleop'
[12.690s] INFO:colcon.colcon_core.shell:Skip shell extension 'powershell' for command environment: Not usable outside of PowerShell
[12.690s] DEBUG:colcon.colcon_core.shell:Skip shell extension 'dsv' for command environment
[12.725s] Level 1:colcon.colcon_core.environment:checking '/home/yundo/f1tenth_ws/install/key_teleop' for CMake module files
[12.728s] DEBUG:colcon.colcon_core.event_handler.log_command:Invoked command in '/home/yundo/f1tenth_ws/src/f1tenth_system/teleop_tools/key_teleop' returned '0': BYOBU_DATE=%Y-%m-%d PYTHONPATH=/home/yundo/f1tenth_ws/build/key_teleop/prefix_override:/usr/lib/python3/dist-packages/colcon_core/task/python/colcon_distutils_commands:/home/yundo/f1tenth_ws/install/key_teleop/lib/python3.8/site-packages:${PYTHONPATH} /usr/bin/python3 -W ignore:setup.py install is deprecated -W ignore:easy_install command is deprecated setup.py egg_info --egg-base ../../../../build/key_teleop build --build-base /home/yundo/f1tenth_ws/build/key_teleop/build install --record /home/yundo/f1tenth_ws/build/key_teleop/install.log --install-scripts $base/lib/key_teleop --single-version-externally-managed install_data
[12.730s] Level 1:colcon.colcon_core.environment:checking '/home/yundo/f1tenth_ws/install/key_teleop' for CMake config files
[12.732s] Level 1:colcon.colcon_core.environment:checking '/home/yundo/f1tenth_ws/install/key_teleop/lib'
[12.733s] Level 1:colcon.colcon_core.environment:checking '/home/yundo/f1tenth_ws/install/key_teleop/bin'
[12.733s] Level 1:colcon.colcon_core.environment:checking '/home/yundo/f1tenth_ws/install/key_teleop/lib/pkgconfig/key_teleop.pc'
[12.734s] Level 1:colcon.colcon_core.environment:checking '/home/yundo/f1tenth_ws/install/key_teleop/lib/python3.8/site-packages'
[12.734s] Level 1:colcon.colcon_core.shell:create_environment_hook('key_teleop', 'pythonpath')
[12.736s] INFO:colcon.colcon_core.shell:Creating environment hook '/home/yundo/f1tenth_ws/install/key_teleop/share/key_teleop/hook/pythonpath.ps1'
[12.738s] INFO:colcon.colcon_core.shell:Creating environment descriptor '/home/yundo/f1tenth_ws/install/key_teleop/share/key_teleop/hook/pythonpath.dsv'
[12.739s] INFO:colcon.colcon_core.shell:Creating environment hook '/home/yundo/f1tenth_ws/install/key_teleop/share/key_teleop/hook/pythonpath.sh'
[12.741s] Level 1:colcon.colcon_core.environment:checking '/home/yundo/f1tenth_ws/install/key_teleop/bin'
[12.741s] Level 1:colcon.colcon_core.environment:create_environment_scripts_only(key_teleop)
[12.743s] INFO:colcon.colcon_core.shell:Creating package script '/home/yundo/f1tenth_ws/install/key_teleop/share/key_teleop/package.ps1'
[12.745s] INFO:colcon.colcon_core.shell:Creating package descriptor '/home/yundo/f1tenth_ws/install/key_teleop/share/key_teleop/package.dsv'
[12.747s] INFO:colcon.colcon_core.shell:Creating package script '/home/yundo/f1tenth_ws/install/key_teleop/share/key_teleop/package.sh'
[12.748s] INFO:colcon.colcon_core.shell:Creating package script '/home/yundo/f1tenth_ws/install/key_teleop/share/key_teleop/package.bash'
[12.750s] INFO:colcon.colcon_core.shell:Creating package script '/home/yundo/f1tenth_ws/install/key_teleop/share/key_teleop/package.zsh'
[12.751s] Level 1:colcon.colcon_core.environment:create_file_with_runtime_dependencies(/home/yundo/f1tenth_ws/install/key_teleop/share/colcon-core/packages/key_teleop)
[12.753s] Level 1:colcon.colcon_core.environment:checking '/home/yundo/f1tenth_ws/install/mouse_teleop' for CMake module files
[12.757s] DEBUG:colcon.colcon_core.event_handler.log_command:Invoked command in '/home/yundo/f1tenth_ws/src/f1tenth_system/teleop_tools/mouse_teleop' returned '0': BYOBU_DATE=%Y-%m-%d PYTHONPATH=/home/yundo/f1tenth_ws/build/mouse_teleop/prefix_override:/usr/lib/python3/dist-packages/colcon_core/task/python/colcon_distutils_commands:/home/yundo/f1tenth_ws/install/mouse_teleop/lib/python3.8/site-packages:${PYTHONPATH} /usr/bin/python3 -W ignore:setup.py install is deprecated -W ignore:easy_install command is deprecated setup.py egg_info --egg-base ../../../../build/mouse_teleop build --build-base /home/yundo/f1tenth_ws/build/mouse_teleop/build install --record /home/yundo/f1tenth_ws/build/mouse_teleop/install.log --install-scripts $base/lib/mouse_teleop --single-version-externally-managed install_data
[12.758s] Level 1:colcon.colcon_core.environment:checking '/home/yundo/f1tenth_ws/install/mouse_teleop' for CMake config files
[12.761s] Level 1:colcon.colcon_core.environment:checking '/home/yundo/f1tenth_ws/install/mouse_teleop/lib'
[12.761s] Level 1:colcon.colcon_core.environment:checking '/home/yundo/f1tenth_ws/install/mouse_teleop/bin'
[12.761s] Level 1:colcon.colcon_core.environment:checking '/home/yundo/f1tenth_ws/install/mouse_teleop/lib/pkgconfig/mouse_teleop.pc'
[12.762s] Level 1:colcon.colcon_core.environment:checking '/home/yundo/f1tenth_ws/install/mouse_teleop/lib/python3.8/site-packages'
[12.762s] Level 1:colcon.colcon_core.shell:create_environment_hook('mouse_teleop', 'pythonpath')
[12.763s] INFO:colcon.colcon_core.shell:Creating environment hook '/home/yundo/f1tenth_ws/install/mouse_teleop/share/mouse_teleop/hook/pythonpath.ps1'
[12.765s] INFO:colcon.colcon_core.shell:Creating environment descriptor '/home/yundo/f1tenth_ws/install/mouse_teleop/share/mouse_teleop/hook/pythonpath.dsv'
[12.766s] INFO:colcon.colcon_core.shell:Creating environment hook '/home/yundo/f1tenth_ws/install/mouse_teleop/share/mouse_teleop/hook/pythonpath.sh'
[12.769s] Level 1:colcon.colcon_core.environment:checking '/home/yundo/f1tenth_ws/install/mouse_teleop/bin'
[12.769s] Level 1:colcon.colcon_core.environment:create_environment_scripts_only(mouse_teleop)
[12.771s] INFO:colcon.colcon_core.shell:Creating package script '/home/yundo/f1tenth_ws/install/mouse_teleop/share/mouse_teleop/package.ps1'
[12.774s] INFO:colcon.colcon_core.shell:Creating package descriptor '/home/yundo/f1tenth_ws/install/mouse_teleop/share/mouse_teleop/package.dsv'
[12.775s] INFO:colcon.colcon_core.shell:Creating package script '/home/yundo/f1tenth_ws/install/mouse_teleop/share/mouse_teleop/package.sh'
[12.777s] INFO:colcon.colcon_core.shell:Creating package script '/home/yundo/f1tenth_ws/install/mouse_teleop/share/mouse_teleop/package.bash'
[12.779s] INFO:colcon.colcon_core.shell:Creating package script '/home/yundo/f1tenth_ws/install/mouse_teleop/share/mouse_teleop/package.zsh'
[12.781s] Level 1:colcon.colcon_core.environment:create_file_with_runtime_dependencies(/home/yundo/f1tenth_ws/install/mouse_teleop/share/colcon-core/packages/mouse_teleop)
[14.614s] DEBUG:colcon.colcon_core.event_handler.log_command:Invoking command in '/home/yundo/f1tenth_ws/src/f1tenth_system/teleop_tools/joy_teleop': BYOBU_DATE=%Y-%m-%d CMAKE_PREFIX_PATH=/home/yundo/f1tenth_ws/install/teleop_tools_msgs:/home/yundo/f1tenth_ws/install/teleop_tools:/home/yundo/f1tenth_ws/install/ackermann_mux:/home/yundo/vesc_ws/install/vesc:/home/yundo/vesc_ws/install/vesc_driver:/home/yundo/vesc_ws/install/vesc_ackermann:/home/yundo/vesc_ws/install/vesc_msgs:/home/yundo/vesc_ws/install/udp_driver:/home/yundo/vesc_ws/install/io_context:/home/yundo/vesc_ws/install/asio_cmake_module:/home/yundo/ydlidar_ws/install/ydlidar_ros2_driver PYTHONPATH=/home/yundo/f1tenth_ws/build/joy_teleop/prefix_override:/usr/lib/python3/dist-packages/colcon_core/task/python/colcon_distutils_commands:/home/yundo/f1tenth_ws/install/joy_teleop/lib/python3.8/site-packages:/home/yundo/f1tenth_ws/install/teleop_tools_msgs/lib/python3.8/site-packages:/home/yundo/f1tenth_ws/install/f1tenth_stack/lib/python3.8/site-packages:/home/yundo/f1tenth_ws/install/joy_teleop/lib/python3.8/site-packages:/home/yundo/f1tenth_ws/install/mouse_teleop/lib/python3.8/site-packages:/home/yundo/f1tenth_ws/install/key_teleop/lib/python3.8/site-packages:/home/yundo/vesc_ws/install/vesc_msgs/lib/python3.8/site-packages:/opt/ros/foxy/lib/python3.8/site-packages /usr/bin/python3 -W ignore:setup.py install is deprecated -W ignore:easy_install command is deprecated setup.py egg_info --egg-base ../../../../build/joy_teleop build --build-base /home/yundo/f1tenth_ws/build/joy_teleop/build install --record /home/yundo/f1tenth_ws/build/joy_teleop/install.log --install-scripts $base/lib/joy_teleop --single-version-externally-managed install_data
[16.055s] Level 1:colcon.colcon_core.environment:checking '/home/yundo/f1tenth_ws/install/joy_teleop' for CMake module files
[16.058s] DEBUG:colcon.colcon_core.event_handler.log_command:Invoked command in '/home/yundo/f1tenth_ws/src/f1tenth_system/teleop_tools/joy_teleop' returned '0': BYOBU_DATE=%Y-%m-%d CMAKE_PREFIX_PATH=/home/yundo/f1tenth_ws/install/teleop_tools_msgs:/home/yundo/f1tenth_ws/install/teleop_tools:/home/yundo/f1tenth_ws/install/ackermann_mux:/home/yundo/vesc_ws/install/vesc:/home/yundo/vesc_ws/install/vesc_driver:/home/yundo/vesc_ws/install/vesc_ackermann:/home/yundo/vesc_ws/install/vesc_msgs:/home/yundo/vesc_ws/install/udp_driver:/home/yundo/vesc_ws/install/io_context:/home/yundo/vesc_ws/install/asio_cmake_module:/home/yundo/ydlidar_ws/install/ydlidar_ros2_driver PYTHONPATH=/home/yundo/f1tenth_ws/build/joy_teleop/prefix_override:/usr/lib/python3/dist-packages/colcon_core/task/python/colcon_distutils_commands:/home/yundo/f1tenth_ws/install/joy_teleop/lib/python3.8/site-packages:/home/yundo/f1tenth_ws/install/teleop_tools_msgs/lib/python3.8/site-packages:/home/yundo/f1tenth_ws/install/f1tenth_stack/lib/python3.8/site-packages:/home/yundo/f1tenth_ws/install/joy_teleop/lib/python3.8/site-packages:/home/yundo/f1tenth_ws/install/mouse_teleop/lib/python3.8/site-packages:/home/yundo/f1tenth_ws/install/key_teleop/lib/python3.8/site-packages:/home/yundo/vesc_ws/install/vesc_msgs/lib/python3.8/site-packages:/opt/ros/foxy/lib/python3.8/site-packages /usr/bin/python3 -W ignore:setup.py install is deprecated -W ignore:easy_install command is deprecated setup.py egg_info --egg-base ../../../../build/joy_teleop build --build-base /home/yundo/f1tenth_ws/build/joy_teleop/build install --record /home/yundo/f1tenth_ws/build/joy_teleop/install.log --install-scripts $base/lib/joy_teleop --single-version-externally-managed install_data
[16.060s] Level 1:colcon.colcon_core.environment:checking '/home/yundo/f1tenth_ws/install/joy_teleop' for CMake config files
[16.063s] Level 1:colcon.colcon_core.environment:checking '/home/yundo/f1tenth_ws/install/joy_teleop/lib'
[16.063s] Level 1:colcon.colcon_core.environment:checking '/home/yundo/f1tenth_ws/install/joy_teleop/bin'
[16.064s] Level 1:colcon.colcon_core.environment:checking '/home/yundo/f1tenth_ws/install/joy_teleop/lib/pkgconfig/joy_teleop.pc'
[16.065s] Level 1:colcon.colcon_core.environment:checking '/home/yundo/f1tenth_ws/install/joy_teleop/lib/python3.8/site-packages'
[16.065s] Level 1:colcon.colcon_core.shell:create_environment_hook('joy_teleop', 'pythonpath')
[16.066s] INFO:colcon.colcon_core.shell:Creating environment hook '/home/yundo/f1tenth_ws/install/joy_teleop/share/joy_teleop/hook/pythonpath.ps1'
[16.068s] INFO:colcon.colcon_core.shell:Creating environment descriptor '/home/yundo/f1tenth_ws/install/joy_teleop/share/joy_teleop/hook/pythonpath.dsv'
[16.071s] INFO:colcon.colcon_core.shell:Creating environment hook '/home/yundo/f1tenth_ws/install/joy_teleop/share/joy_teleop/hook/pythonpath.sh'
[16.074s] Level 1:colcon.colcon_core.environment:checking '/home/yundo/f1tenth_ws/install/joy_teleop/bin'
[16.074s] Level 1:colcon.colcon_core.environment:create_environment_scripts_only(joy_teleop)
[16.075s] INFO:colcon.colcon_core.shell:Creating package script '/home/yundo/f1tenth_ws/install/joy_teleop/share/joy_teleop/package.ps1'
[16.078s] INFO:colcon.colcon_core.shell:Creating package descriptor '/home/yundo/f1tenth_ws/install/joy_teleop/share/joy_teleop/package.dsv'
[16.080s] INFO:colcon.colcon_core.shell:Creating package script '/home/yundo/f1tenth_ws/install/joy_teleop/share/joy_teleop/package.sh'
[16.081s] INFO:colcon.colcon_core.shell:Creating package script '/home/yundo/f1tenth_ws/install/joy_teleop/share/joy_teleop/package.bash'
[16.083s] INFO:colcon.colcon_core.shell:Creating package script '/home/yundo/f1tenth_ws/install/joy_teleop/share/joy_teleop/package.zsh'
[16.084s] Level 1:colcon.colcon_core.environment:create_file_with_runtime_dependencies(/home/yundo/f1tenth_ws/install/joy_teleop/share/colcon-core/packages/joy_teleop)
[16.086s] INFO:colcon.colcon_ros.task.ament_python.build:Building ROS package in '/home/yundo/f1tenth_ws/src/f1tenth_system/f1tenth_stack' with build type 'ament_python'
[16.086s] Level 1:colcon.colcon_core.shell:create_environment_hook('f1tenth_stack', 'ament_prefix_path')
[16.088s] INFO:colcon.colcon_core.shell:Creating environment hook '/home/yundo/f1tenth_ws/install/f1tenth_stack/share/f1tenth_stack/hook/ament_prefix_path.ps1'
[16.091s] INFO:colcon.colcon_core.shell:Creating environment descriptor '/home/yundo/f1tenth_ws/install/f1tenth_stack/share/f1tenth_stack/hook/ament_prefix_path.dsv'
[16.092s] INFO:colcon.colcon_core.shell:Creating environment hook '/home/yundo/f1tenth_ws/install/f1tenth_stack/share/f1tenth_stack/hook/ament_prefix_path.sh'
[16.095s] INFO:colcon.colcon_core.shell:Skip shell extension 'powershell' for command environment: Not usable outside of PowerShell
[16.095s] DEBUG:colcon.colcon_core.shell:Skip shell extension 'dsv' for command environment
[16.129s] INFO:colcon.colcon_ros.task.ament_cmake.build:Building ROS package in '/home/yundo/f1tenth_ws/src/f1tenth_system/teleop_tools/teleop_tools' with build type 'ament_cmake'
[16.130s] INFO:colcon.colcon_cmake.task.cmake.build:Building CMake package in '/home/yundo/f1tenth_ws/src/f1tenth_system/teleop_tools/teleop_tools'
[16.132s] INFO:colcon.colcon_core.shell:Skip shell extension 'powershell' for command environment: Not usable outside of PowerShell
[16.133s] DEBUG:colcon.colcon_core.shell:Skip shell extension 'dsv' for command environment
[17.462s] INFO:colcon.colcon_core.task.python.build:Building Python package in '/home/yundo/f1tenth_ws/src/f1tenth_system/f1tenth_stack'
[17.463s] INFO:colcon.colcon_core.shell:Skip shell extension 'powershell' for command environment: Not usable outside of PowerShell
[17.464s] DEBUG:colcon.colcon_core.shell:Skip shell extension 'dsv' for command environment
[17.514s] DEBUG:colcon.colcon_core.event_handler.log_command:Invoking command in '/home/yundo/f1tenth_ws/build/teleop_tools': AMENT_PREFIX_PATH=/home/yundo/f1tenth_ws/install/joy_teleop:/home/yundo/f1tenth_ws/install/key_teleop:/home/yundo/f1tenth_ws/install/teleop_tools:/home/yundo/f1tenth_ws/install/f1tenth_stack:/home/yundo/f1tenth_ws/install/teleop_tools_msgs:/home/yundo/f1tenth_ws/install/mouse_teleop:/home/yundo/f1tenth_ws/install/ackermann_mux:/home/yundo/vesc_ws/install/vesc:/home/yundo/vesc_ws/install/vesc_driver:/home/yundo/vesc_ws/install/vesc_ackermann:/home/yundo/vesc_ws/install/vesc_msgs:/home/yundo/vesc_ws/install/udp_driver:/home/yundo/vesc_ws/install/io_context:/home/yundo/vesc_ws/install/asio_cmake_module:/home/yundo/ydlidar_ws/install/ydlidar_ros2_driver:/opt/ros/foxy BYOBU_DATE=%Y-%m-%d CMAKE_PREFIX_PATH=/home/yundo/f1tenth_ws/install/teleop_tools_msgs:/home/yundo/f1tenth_ws/install/teleop_tools:/home/yundo/f1tenth_ws/install/ackermann_mux:/home/yundo/vesc_ws/install/vesc:/home/yundo/vesc_ws/install/vesc_driver:/home/yundo/vesc_ws/install/vesc_ackermann:/home/yundo/f1tenth_ws/install/f1tenth_stack:/home/yundo/f1tenth_ws/install/joy_teleop:/home/yundo/f1tenth_ws/install/mouse_teleop:/home/yundo/f1tenth_ws/install/key_teleop:/opt/ros/foxy:/home/yundo/vesc_ws/install/vesc_msgs:/home/yundo/vesc_ws/install/udp_driver:/home/yundo/vesc_ws/install/io_context:/home/yundo/vesc_ws/install/asio_cmake_module:/home/yundo/ydlidar_ws/install/ydlidar_ros2_driver PYTHONPATH=/home/yundo/f1tenth_ws/install/joy_teleop/lib/python3.8/site-packages:/home/yundo/f1tenth_ws/install/teleop_tools_msgs/lib/python3.8/site-packages:/home/yundo/f1tenth_ws/install/key_teleop/lib/python3.8/site-packages:/home/yundo/f1tenth_ws/install/f1tenth_stack/lib/python3.8/site-packages:/home/yundo/f1tenth_ws/install/mouse_teleop/lib/python3.8/site-packages:/home/yundo/vesc_ws/install/vesc_msgs/lib/python3.8/site-packages:/opt/ros/foxy/lib/python3.8/site-packages /usr/bin/cmake --build /home/yundo/f1tenth_ws/build/teleop_tools -- -j4 -l4
[17.681s] DEBUG:colcon.colcon_core.event_handler.log_command:Invoked command in '/home/yundo/f1tenth_ws/build/teleop_tools' returned '0': AMENT_PREFIX_PATH=/home/yundo/f1tenth_ws/install/joy_teleop:/home/yundo/f1tenth_ws/install/key_teleop:/home/yundo/f1tenth_ws/install/teleop_tools:/home/yundo/f1tenth_ws/install/f1tenth_stack:/home/yundo/f1tenth_ws/install/teleop_tools_msgs:/home/yundo/f1tenth_ws/install/mouse_teleop:/home/yundo/f1tenth_ws/install/ackermann_mux:/home/yundo/vesc_ws/install/vesc:/home/yundo/vesc_ws/install/vesc_driver:/home/yundo/vesc_ws/install/vesc_ackermann:/home/yundo/vesc_ws/install/vesc_msgs:/home/yundo/vesc_ws/install/udp_driver:/home/yundo/vesc_ws/install/io_context:/home/yundo/vesc_ws/install/asio_cmake_module:/home/yundo/ydlidar_ws/install/ydlidar_ros2_driver:/opt/ros/foxy BYOBU_DATE=%Y-%m-%d CMAKE_PREFIX_PATH=/home/yundo/f1tenth_ws/install/teleop_tools_msgs:/home/yundo/f1tenth_ws/install/teleop_tools:/home/yundo/f1tenth_ws/install/ackermann_mux:/home/yundo/vesc_ws/install/vesc:/home/yundo/vesc_ws/install/vesc_driver:/home/yundo/vesc_ws/install/vesc_ackermann:/home/yundo/f1tenth_ws/install/f1tenth_stack:/home/yundo/f1tenth_ws/install/joy_teleop:/home/yundo/f1tenth_ws/install/mouse_teleop:/home/yundo/f1tenth_ws/install/key_teleop:/opt/ros/foxy:/home/yundo/vesc_ws/install/vesc_msgs:/home/yundo/vesc_ws/install/udp_driver:/home/yundo/vesc_ws/install/io_context:/home/yundo/vesc_ws/install/asio_cmake_module:/home/yundo/ydlidar_ws/install/ydlidar_ros2_driver PYTHONPATH=/home/yundo/f1tenth_ws/install/joy_teleop/lib/python3.8/site-packages:/home/yundo/f1tenth_ws/install/teleop_tools_msgs/lib/python3.8/site-packages:/home/yundo/f1tenth_ws/install/key_teleop/lib/python3.8/site-packages:/home/yundo/f1tenth_ws/install/f1tenth_stack/lib/python3.8/site-packages:/home/yundo/f1tenth_ws/install/mouse_teleop/lib/python3.8/site-packages:/home/yundo/vesc_ws/install/vesc_msgs/lib/python3.8/site-packages:/opt/ros/foxy/lib/python3.8/site-packages /usr/bin/cmake --build /home/yundo/f1tenth_ws/build/teleop_tools -- -j4 -l4
[17.772s] DEBUG:colcon.colcon_core.event_handler.log_command:Invoking command in '/home/yundo/f1tenth_ws/build/teleop_tools': AMENT_PREFIX_PATH=/home/yundo/f1tenth_ws/install/joy_teleop:/home/yundo/f1tenth_ws/install/key_teleop:/home/yundo/f1tenth_ws/install/teleop_tools:/home/yundo/f1tenth_ws/install/f1tenth_stack:/home/yundo/f1tenth_ws/install/teleop_tools_msgs:/home/yundo/f1tenth_ws/install/mouse_teleop:/home/yundo/f1tenth_ws/install/ackermann_mux:/home/yundo/vesc_ws/install/vesc:/home/yundo/vesc_ws/install/vesc_driver:/home/yundo/vesc_ws/install/vesc_ackermann:/home/yundo/vesc_ws/install/vesc_msgs:/home/yundo/vesc_ws/install/udp_driver:/home/yundo/vesc_ws/install/io_context:/home/yundo/vesc_ws/install/asio_cmake_module:/home/yundo/ydlidar_ws/install/ydlidar_ros2_driver:/opt/ros/foxy BYOBU_DATE=%Y-%m-%d CMAKE_PREFIX_PATH=/home/yundo/f1tenth_ws/install/teleop_tools_msgs:/home/yundo/f1tenth_ws/install/teleop_tools:/home/yundo/f1tenth_ws/install/ackermann_mux:/home/yundo/vesc_ws/install/vesc:/home/yundo/vesc_ws/install/vesc_driver:/home/yundo/vesc_ws/install/vesc_ackermann:/home/yundo/f1tenth_ws/install/f1tenth_stack:/home/yundo/f1tenth_ws/install/joy_teleop:/home/yundo/f1tenth_ws/install/mouse_teleop:/home/yundo/f1tenth_ws/install/key_teleop:/opt/ros/foxy:/home/yundo/vesc_ws/install/vesc_msgs:/home/yundo/vesc_ws/install/udp_driver:/home/yundo/vesc_ws/install/io_context:/home/yundo/vesc_ws/install/asio_cmake_module:/home/yundo/ydlidar_ws/install/ydlidar_ros2_driver PYTHONPATH=/home/yundo/f1tenth_ws/install/joy_teleop/lib/python3.8/site-packages:/home/yundo/f1tenth_ws/install/teleop_tools_msgs/lib/python3.8/site-packages:/home/yundo/f1tenth_ws/install/key_teleop/lib/python3.8/site-packages:/home/yundo/f1tenth_ws/install/f1tenth_stack/lib/python3.8/site-packages:/home/yundo/f1tenth_ws/install/mouse_teleop/lib/python3.8/site-packages:/home/yundo/vesc_ws/install/vesc_msgs/lib/python3.8/site-packages:/opt/ros/foxy/lib/python3.8/site-packages /usr/bin/cmake --install /home/yundo/f1tenth_ws/build/teleop_tools
[17.818s] Level 1:colcon.colcon_core.environment:create_environment_scripts_only(teleop_tools)
[17.820s] Level 1:colcon.colcon_core.environment:checking '/home/yundo/f1tenth_ws/install/teleop_tools' for CMake module files
[17.823s] DEBUG:colcon.colcon_core.event_handler.log_command:Invoked command in '/home/yundo/f1tenth_ws/build/teleop_tools' returned '0': AMENT_PREFIX_PATH=/home/yundo/f1tenth_ws/install/joy_teleop:/home/yundo/f1tenth_ws/install/key_teleop:/home/yundo/f1tenth_ws/install/teleop_tools:/home/yundo/f1tenth_ws/install/f1tenth_stack:/home/yundo/f1tenth_ws/install/teleop_tools_msgs:/home/yundo/f1tenth_ws/install/mouse_teleop:/home/yundo/f1tenth_ws/install/ackermann_mux:/home/yundo/vesc_ws/install/vesc:/home/yundo/vesc_ws/install/vesc_driver:/home/yundo/vesc_ws/install/vesc_ackermann:/home/yundo/vesc_ws/install/vesc_msgs:/home/yundo/vesc_ws/install/udp_driver:/home/yundo/vesc_ws/install/io_context:/home/yundo/vesc_ws/install/asio_cmake_module:/home/yundo/ydlidar_ws/install/ydlidar_ros2_driver:/opt/ros/foxy BYOBU_DATE=%Y-%m-%d CMAKE_PREFIX_PATH=/home/yundo/f1tenth_ws/install/teleop_tools_msgs:/home/yundo/f1tenth_ws/install/teleop_tools:/home/yundo/f1tenth_ws/install/ackermann_mux:/home/yundo/vesc_ws/install/vesc:/home/yundo/vesc_ws/install/vesc_driver:/home/yundo/vesc_ws/install/vesc_ackermann:/home/yundo/f1tenth_ws/install/f1tenth_stack:/home/yundo/f1tenth_ws/install/joy_teleop:/home/yundo/f1tenth_ws/install/mouse_teleop:/home/yundo/f1tenth_ws/install/key_teleop:/opt/ros/foxy:/home/yundo/vesc_ws/install/vesc_msgs:/home/yundo/vesc_ws/install/udp_driver:/home/yundo/vesc_ws/install/io_context:/home/yundo/vesc_ws/install/asio_cmake_module:/home/yundo/ydlidar_ws/install/ydlidar_ros2_driver PYTHONPATH=/home/yundo/f1tenth_ws/install/joy_teleop/lib/python3.8/site-packages:/home/yundo/f1tenth_ws/install/teleop_tools_msgs/lib/python3.8/site-packages:/home/yundo/f1tenth_ws/install/key_teleop/lib/python3.8/site-packages:/home/yundo/f1tenth_ws/install/f1tenth_stack/lib/python3.8/site-packages:/home/yundo/f1tenth_ws/install/mouse_teleop/lib/python3.8/site-packages:/home/yundo/vesc_ws/install/vesc_msgs/lib/python3.8/site-packages:/opt/ros/foxy/lib/python3.8/site-packages /usr/bin/cmake --install /home/yundo/f1tenth_ws/build/teleop_tools
[17.825s] Level 1:colcon.colcon_core.environment:checking '/home/yundo/f1tenth_ws/install/teleop_tools' for CMake config files
[17.826s] Level 1:colcon.colcon_core.shell:create_environment_hook('teleop_tools', 'cmake_prefix_path')
[17.827s] INFO:colcon.colcon_core.shell:Creating environment hook '/home/yundo/f1tenth_ws/install/teleop_tools/share/teleop_tools/hook/cmake_prefix_path.ps1'
[17.829s] INFO:colcon.colcon_core.shell:Creating environment descriptor '/home/yundo/f1tenth_ws/install/teleop_tools/share/teleop_tools/hook/cmake_prefix_path.dsv'
[17.831s] INFO:colcon.colcon_core.shell:Creating environment hook '/home/yundo/f1tenth_ws/install/teleop_tools/share/teleop_tools/hook/cmake_prefix_path.sh'
[17.833s] Level 1:colcon.colcon_core.environment:checking '/home/yundo/f1tenth_ws/install/teleop_tools/bin'
[17.834s] Level 1:colcon.colcon_core.environment:checking '/home/yundo/f1tenth_ws/install/teleop_tools/lib/pkgconfig/teleop_tools.pc'
[17.834s] Level 1:colcon.colcon_core.environment:checking '/home/yundo/f1tenth_ws/install/teleop_tools/lib/python3.8/site-packages'
[17.835s] Level 1:colcon.colcon_core.environment:checking '/home/yundo/f1tenth_ws/install/teleop_tools/bin'
[17.837s] INFO:colcon.colcon_core.shell:Creating package script '/home/yundo/f1tenth_ws/install/teleop_tools/share/teleop_tools/package.ps1'
[17.839s] INFO:colcon.colcon_core.shell:Creating package descriptor '/home/yundo/f1tenth_ws/install/teleop_tools/share/teleop_tools/package.dsv'
[17.841s] INFO:colcon.colcon_core.shell:Creating package script '/home/yundo/f1tenth_ws/install/teleop_tools/share/teleop_tools/package.sh'
[17.843s] INFO:colcon.colcon_core.shell:Creating package script '/home/yundo/f1tenth_ws/install/teleop_tools/share/teleop_tools/package.bash'
[17.845s] INFO:colcon.colcon_core.shell:Creating package script '/home/yundo/f1tenth_ws/install/teleop_tools/share/teleop_tools/package.zsh'
[17.846s] Level 1:colcon.colcon_core.environment:create_file_with_runtime_dependencies(/home/yundo/f1tenth_ws/install/teleop_tools/share/colcon-core/packages/teleop_tools)
[17.931s] Level 1:colcon.colcon_core.environment:create_environment_scripts_only(teleop_tools)
[17.932s] Level 1:colcon.colcon_core.environment:checking '/home/yundo/f1tenth_ws/install/teleop_tools' for CMake module files
[17.934s] Level 1:colcon.colcon_core.environment:checking '/home/yundo/f1tenth_ws/install/teleop_tools' for CMake config files
[17.935s] Level 1:colcon.colcon_core.shell:create_environment_hook('teleop_tools', 'cmake_prefix_path')
[17.936s] INFO:colcon.colcon_core.shell:Creating environment hook '/home/yundo/f1tenth_ws/install/teleop_tools/share/teleop_tools/hook/cmake_prefix_path.ps1'
[17.940s] INFO:colcon.colcon_core.shell:Creating environment descriptor '/home/yundo/f1tenth_ws/install/teleop_tools/share/teleop_tools/hook/cmake_prefix_path.dsv'
[17.942s] INFO:colcon.colcon_core.shell:Creating environment hook '/home/yundo/f1tenth_ws/install/teleop_tools/share/teleop_tools/hook/cmake_prefix_path.sh'
[17.945s] Level 1:colcon.colcon_core.environment:checking '/home/yundo/f1tenth_ws/install/teleop_tools/bin'
[17.945s] Level 1:colcon.colcon_core.environment:checking '/home/yundo/f1tenth_ws/install/teleop_tools/lib/pkgconfig/teleop_tools.pc'
[17.946s] Level 1:colcon.colcon_core.environment:checking '/home/yundo/f1tenth_ws/install/teleop_tools/lib/python3.8/site-packages'
[17.947s] Level 1:colcon.colcon_core.environment:checking '/home/yundo/f1tenth_ws/install/teleop_tools/bin'
[17.949s] INFO:colcon.colcon_core.shell:Creating package script '/home/yundo/f1tenth_ws/install/teleop_tools/share/teleop_tools/package.ps1'
[17.951s] INFO:colcon.colcon_core.shell:Creating package descriptor '/home/yundo/f1tenth_ws/install/teleop_tools/share/teleop_tools/package.dsv'
[17.953s] INFO:colcon.colcon_core.shell:Creating package script '/home/yundo/f1tenth_ws/install/teleop_tools/share/teleop_tools/package.sh'
[17.955s] INFO:colcon.colcon_core.shell:Creating package script '/home/yundo/f1tenth_ws/install/teleop_tools/share/teleop_tools/package.bash'
[17.958s] INFO:colcon.colcon_core.shell:Creating package script '/home/yundo/f1tenth_ws/install/teleop_tools/share/teleop_tools/package.zsh'
[17.960s] Level 1:colcon.colcon_core.environment:create_file_with_runtime_dependencies(/home/yundo/f1tenth_ws/install/teleop_tools/share/colcon-core/packages/teleop_tools)
[19.374s] DEBUG:colcon.colcon_core.event_handler.log_command:Invoking command in '/home/yundo/f1tenth_ws/src/f1tenth_system/f1tenth_stack': AMENT_PREFIX_PATH=/home/yundo/f1tenth_ws/install/joy_teleop:/home/yundo/f1tenth_ws/install/teleop_tools:/home/yundo/f1tenth_ws/install/f1tenth_stack:/home/yundo/f1tenth_ws/install/teleop_tools_msgs:/home/yundo/f1tenth_ws/install/mouse_teleop:/home/yundo/f1tenth_ws/install/key_teleop:/home/yundo/f1tenth_ws/install/ackermann_mux:/home/yundo/vesc_ws/install/vesc:/home/yundo/vesc_ws/install/vesc_driver:/home/yundo/vesc_ws/install/vesc_ackermann:/home/yundo/vesc_ws/install/vesc_msgs:/home/yundo/vesc_ws/install/udp_driver:/home/yundo/vesc_ws/install/io_context:/home/yundo/vesc_ws/install/asio_cmake_module:/home/yundo/ydlidar_ws/install/ydlidar_ros2_driver:/opt/ros/foxy BYOBU_DATE=%Y-%m-%d CMAKE_PREFIX_PATH=/home/yundo/f1tenth_ws/install/teleop_tools_msgs:/home/yundo/f1tenth_ws/install/ackermann_mux:/home/yundo/f1tenth_ws/install/teleop_tools:/home/yundo/vesc_ws/install/vesc:/home/yundo/vesc_ws/install/vesc_driver:/home/yundo/vesc_ws/install/vesc_ackermann:/home/yundo/vesc_ws/install/vesc_msgs:/home/yundo/vesc_ws/install/udp_driver:/home/yundo/vesc_ws/install/io_context:/home/yundo/vesc_ws/install/asio_cmake_module:/home/yundo/ydlidar_ws/install/ydlidar_ros2_driver PYTHONPATH=/home/yundo/f1tenth_ws/build/f1tenth_stack/prefix_override:/usr/lib/python3/dist-packages/colcon_core/task/python/colcon_distutils_commands:/home/yundo/f1tenth_ws/install/f1tenth_stack/lib/python3.8/site-packages:/home/yundo/f1tenth_ws/install/joy_teleop/lib/python3.8/site-packages:/home/yundo/f1tenth_ws/install/teleop_tools_msgs/lib/python3.8/site-packages:/home/yundo/f1tenth_ws/install/f1tenth_stack/lib/python3.8/site-packages:/home/yundo/f1tenth_ws/install/mouse_teleop/lib/python3.8/site-packages:/home/yundo/f1tenth_ws/install/key_teleop/lib/python3.8/site-packages:/home/yundo/vesc_ws/install/vesc_msgs/lib/python3.8/site-packages:/opt/ros/foxy/lib/python3.8/site-packages /usr/bin/python3 -W ignore:setup.py install is deprecated -W ignore:easy_install command is deprecated setup.py egg_info --egg-base ../../../build/f1tenth_stack build --build-base /home/yundo/f1tenth_ws/build/f1tenth_stack/build install --record /home/yundo/f1tenth_ws/build/f1tenth_stack/install.log --install-scripts $base/lib/f1tenth_stack --single-version-externally-managed install_data
[20.818s] Level 1:colcon.colcon_core.environment:checking '/home/yundo/f1tenth_ws/install/f1tenth_stack' for CMake module files
[20.821s] DEBUG:colcon.colcon_core.event_handler.log_command:Invoked command in '/home/yundo/f1tenth_ws/src/f1tenth_system/f1tenth_stack' returned '0': AMENT_PREFIX_PATH=/home/yundo/f1tenth_ws/install/joy_teleop:/home/yundo/f1tenth_ws/install/teleop_tools:/home/yundo/f1tenth_ws/install/f1tenth_stack:/home/yundo/f1tenth_ws/install/teleop_tools_msgs:/home/yundo/f1tenth_ws/install/mouse_teleop:/home/yundo/f1tenth_ws/install/key_teleop:/home/yundo/f1tenth_ws/install/ackermann_mux:/home/yundo/vesc_ws/install/vesc:/home/yundo/vesc_ws/install/vesc_driver:/home/yundo/vesc_ws/install/vesc_ackermann:/home/yundo/vesc_ws/install/vesc_msgs:/home/yundo/vesc_ws/install/udp_driver:/home/yundo/vesc_ws/install/io_context:/home/yundo/vesc_ws/install/asio_cmake_module:/home/yundo/ydlidar_ws/install/ydlidar_ros2_driver:/opt/ros/foxy BYOBU_DATE=%Y-%m-%d CMAKE_PREFIX_PATH=/home/yundo/f1tenth_ws/install/teleop_tools_msgs:/home/yundo/f1tenth_ws/install/ackermann_mux:/home/yundo/f1tenth_ws/install/teleop_tools:/home/yundo/vesc_ws/install/vesc:/home/yundo/vesc_ws/install/vesc_driver:/home/yundo/vesc_ws/install/vesc_ackermann:/home/yundo/vesc_ws/install/vesc_msgs:/home/yundo/vesc_ws/install/udp_driver:/home/yundo/vesc_ws/install/io_context:/home/yundo/vesc_ws/install/asio_cmake_module:/home/yundo/ydlidar_ws/install/ydlidar_ros2_driver PYTHONPATH=/home/yundo/f1tenth_ws/build/f1tenth_stack/prefix_override:/usr/lib/python3/dist-packages/colcon_core/task/python/colcon_distutils_commands:/home/yundo/f1tenth_ws/install/f1tenth_stack/lib/python3.8/site-packages:/home/yundo/f1tenth_ws/install/joy_teleop/lib/python3.8/site-packages:/home/yundo/f1tenth_ws/install/teleop_tools_msgs/lib/python3.8/site-packages:/home/yundo/f1tenth_ws/install/f1tenth_stack/lib/python3.8/site-packages:/home/yundo/f1tenth_ws/install/mouse_teleop/lib/python3.8/site-packages:/home/yundo/f1tenth_ws/install/key_teleop/lib/python3.8/site-packages:/home/yundo/vesc_ws/install/vesc_msgs/lib/python3.8/site-packages:/opt/ros/foxy/lib/python3.8/site-packages /usr/bin/python3 -W ignore:setup.py install is deprecated -W ignore:easy_install command is deprecated setup.py egg_info --egg-base ../../../build/f1tenth_stack build --build-base /home/yundo/f1tenth_ws/build/f1tenth_stack/build install --record /home/yundo/f1tenth_ws/build/f1tenth_stack/install.log --install-scripts $base/lib/f1tenth_stack --single-version-externally-managed install_data
[20.822s] Level 1:colcon.colcon_core.environment:checking '/home/yundo/f1tenth_ws/install/f1tenth_stack' for CMake config files
[20.825s] Level 1:colcon.colcon_core.environment:checking '/home/yundo/f1tenth_ws/install/f1tenth_stack/lib'
[20.825s] Level 1:colcon.colcon_core.environment:checking '/home/yundo/f1tenth_ws/install/f1tenth_stack/bin'
[20.825s] Level 1:colcon.colcon_core.environment:checking '/home/yundo/f1tenth_ws/install/f1tenth_stack/lib/pkgconfig/f1tenth_stack.pc'
[20.826s] Level 1:colcon.colcon_core.environment:checking '/home/yundo/f1tenth_ws/install/f1tenth_stack/lib/python3.8/site-packages'
[20.826s] Level 1:colcon.colcon_core.shell:create_environment_hook('f1tenth_stack', 'pythonpath')
[20.828s] INFO:colcon.colcon_core.shell:Creating environment hook '/home/yundo/f1tenth_ws/install/f1tenth_stack/share/f1tenth_stack/hook/pythonpath.ps1'
[20.830s] INFO:colcon.colcon_core.shell:Creating environment descriptor '/home/yundo/f1tenth_ws/install/f1tenth_stack/share/f1tenth_stack/hook/pythonpath.dsv'
[20.832s] INFO:colcon.colcon_core.shell:Creating environment hook '/home/yundo/f1tenth_ws/install/f1tenth_stack/share/f1tenth_stack/hook/pythonpath.sh'
[20.834s] Level 1:colcon.colcon_core.environment:checking '/home/yundo/f1tenth_ws/install/f1tenth_stack/bin'
[20.834s] Level 1:colcon.colcon_core.environment:create_environment_scripts_only(f1tenth_stack)
[20.835s] INFO:colcon.colcon_core.shell:Creating package script '/home/yundo/f1tenth_ws/install/f1tenth_stack/share/f1tenth_stack/package.ps1'
[20.837s] INFO:colcon.colcon_core.shell:Creating package descriptor '/home/yundo/f1tenth_ws/install/f1tenth_stack/share/f1tenth_stack/package.dsv'
[20.839s] INFO:colcon.colcon_core.shell:Creating package script '/home/yundo/f1tenth_ws/install/f1tenth_stack/share/f1tenth_stack/package.sh'
[20.841s] INFO:colcon.colcon_core.shell:Creating package script '/home/yundo/f1tenth_ws/install/f1tenth_stack/share/f1tenth_stack/package.bash'
[20.843s] INFO:colcon.colcon_core.shell:Creating package script '/home/yundo/f1tenth_ws/install/f1tenth_stack/share/f1tenth_stack/package.zsh'
[20.844s] Level 1:colcon.colcon_core.environment:create_file_with_runtime_dependencies(/home/yundo/f1tenth_ws/install/f1tenth_stack/share/colcon-core/packages/f1tenth_stack)
[20.845s] DEBUG:colcon.colcon_parallel_executor.executor.parallel:closing loop
[20.846s] DEBUG:colcon.colcon_parallel_executor.executor.parallel:loop closed
[20.847s] DEBUG:colcon.colcon_parallel_executor.executor.parallel:run_until_complete finished with '0'
[20.847s] DEBUG:colcon.colcon_core.event_reactor:joining thread
[20.875s] INFO:colcon.colcon_core.plugin_system:Skipping extension 'colcon_notification.desktop_notification.terminal_notifier': Not used on non-Darwin systems
[20.875s] INFO:colcon.colcon_core.plugin_system:Skipping extension 'colcon_notification.desktop_notification.win32': Not used on non-Windows systems
[20.876s] INFO:colcon.colcon_notification.desktop_notification:Sending desktop notification using 'notify2'
[20.949s] DEBUG:colcon.colcon_core.event_reactor:joined thread
[20.950s] INFO:colcon.colcon_core.shell:Creating prefix script '/home/yundo/f1tenth_ws/install/local_setup.ps1'
[20.955s] INFO:colcon.colcon_core.shell:Creating prefix util module '/home/yundo/f1tenth_ws/install/_local_setup_util_ps1.py'
[20.964s] INFO:colcon.colcon_core.shell:Creating prefix chain script '/home/yundo/f1tenth_ws/install/setup.ps1'
[20.973s] INFO:colcon.colcon_core.shell:Creating prefix script '/home/yundo/f1tenth_ws/install/local_setup.sh'
[20.977s] INFO:colcon.colcon_core.shell:Creating prefix util module '/home/yundo/f1tenth_ws/install/_local_setup_util_sh.py'
[20.980s] INFO:colcon.colcon_core.shell:Creating prefix chain script '/home/yundo/f1tenth_ws/install/setup.sh'
[20.990s] INFO:colcon.colcon_core.shell:Creating prefix script '/home/yundo/f1tenth_ws/install/local_setup.bash'
[20.993s] INFO:colcon.colcon_core.shell:Creating prefix chain script '/home/yundo/f1tenth_ws/install/setup.bash'
[21.002s] INFO:colcon.colcon_core.shell:Creating prefix script '/home/yundo/f1tenth_ws/install/local_setup.zsh'
[21.005s] INFO:colcon.colcon_core.shell:Creating prefix chain script '/home/yundo/f1tenth_ws/install/setup.zsh'
