[0.174s] Invoking command in '/home/yundo/f1tenth_ws/build/teleop_tools_msgs': BYOBU_DATE=%Y-%m-%d CMAKE_PREFIX_PATH=/home/yundo/f1tenth_ws/install/teleop_tools:/home/yundo/f1tenth_ws/install/teleop_tools_msgs:/home/yundo/f1tenth_ws/install/ackermann_mux:/home/yundo/vesc_ws/install/vesc:/home/yundo/vesc_ws/install/vesc_driver:/home/yundo/vesc_ws/install/vesc_ackermann:/home/yundo/f1tenth_ws/install/f1tenth_stack:/home/yundo/f1tenth_ws/install/joy_teleop:/home/yundo/f1tenth_ws/install/mouse_teleop:/home/yundo/f1tenth_ws/install/key_teleop:/opt/ros/foxy:/home/yundo/vesc_ws/install/vesc_msgs:/home/yundo/vesc_ws/install/udp_driver:/home/yundo/vesc_ws/install/io_context:/home/yundo/vesc_ws/install/asio_cmake_module:/home/yundo/ydlidar_ws/install/ydlidar_ros2_driver /usr/bin/cmake --build /home/yundo/f1tenth_ws/build/teleop_tools_msgs -- -j4 -l4
[2.006s] [  3%] Built target teleop_tools_msgs__cpp
[2.007s] [ 12%] Built target teleop_tools_msgs__rosidl_generator_c
[2.008s] [ 22%] Built target teleop_tools_msgs__rosidl_typesupport_introspection_cpp
[2.009s] [ 32%] Built target teleop_tools_msgs__rosidl_typesupport_cpp
[2.009s] [ 41%] Built target teleop_tools_msgs__rosidl_typesupport_fastrtps_cpp
[2.011s] [ 51%] Built target teleop_tools_msgs__rosidl_typesupport_introspection_c
[2.011s] [ 61%] Built target teleop_tools_msgs__rosidl_typesupport_c
[2.012s] [ 70%] Built target teleop_tools_msgs__rosidl_typesupport_fastrtps_c
[2.012s] [ 70%] Built target teleop_tools_msgs
[2.012s] [ 74%] Built target teleop_tools_msgs__py
[2.013s] [ 80%] Built target teleop_tools_msgs__python
[2.082s] [ 87%] Built target teleop_tools_msgs__rosidl_typesupport_fastrtps_c__pyext
[2.123s] [ 93%] Built target teleop_tools_msgs__rosidl_typesupport_c__pyext
[2.124s] [100%] Built target teleop_tools_msgs__rosidl_typesupport_introspection_c__pyext
[3.360s] Invoked command in '/home/yundo/f1tenth_ws/build/teleop_tools_msgs' returned '0': BYOBU_DATE=%Y-%m-%d CMAKE_PREFIX_PATH=/home/yundo/f1tenth_ws/install/teleop_tools:/home/yundo/f1tenth_ws/install/teleop_tools_msgs:/home/yundo/f1tenth_ws/install/ackermann_mux:/home/yundo/vesc_ws/install/vesc:/home/yundo/vesc_ws/install/vesc_driver:/home/yundo/vesc_ws/install/vesc_ackermann:/home/yundo/f1tenth_ws/install/f1tenth_stack:/home/yundo/f1tenth_ws/install/joy_teleop:/home/yundo/f1tenth_ws/install/mouse_teleop:/home/yundo/f1tenth_ws/install/key_teleop:/opt/ros/foxy:/home/yundo/vesc_ws/install/vesc_msgs:/home/yundo/vesc_ws/install/udp_driver:/home/yundo/vesc_ws/install/io_context:/home/yundo/vesc_ws/install/asio_cmake_module:/home/yundo/ydlidar_ws/install/ydlidar_ros2_driver /usr/bin/cmake --build /home/yundo/f1tenth_ws/build/teleop_tools_msgs -- -j4 -l4
[3.689s] Invoking command in '/home/yundo/f1tenth_ws/build/teleop_tools_msgs': BYOBU_DATE=%Y-%m-%d CMAKE_PREFIX_PATH=/home/yundo/f1tenth_ws/install/teleop_tools:/home/yundo/f1tenth_ws/install/teleop_tools_msgs:/home/yundo/f1tenth_ws/install/ackermann_mux:/home/yundo/vesc_ws/install/vesc:/home/yundo/vesc_ws/install/vesc_driver:/home/yundo/vesc_ws/install/vesc_ackermann:/home/yundo/f1tenth_ws/install/f1tenth_stack:/home/yundo/f1tenth_ws/install/joy_teleop:/home/yundo/f1tenth_ws/install/mouse_teleop:/home/yundo/f1tenth_ws/install/key_teleop:/opt/ros/foxy:/home/yundo/vesc_ws/install/vesc_msgs:/home/yundo/vesc_ws/install/udp_driver:/home/yundo/vesc_ws/install/io_context:/home/yundo/vesc_ws/install/asio_cmake_module:/home/yundo/ydlidar_ws/install/ydlidar_ros2_driver /usr/bin/cmake --install /home/yundo/f1tenth_ws/build/teleop_tools_msgs
[3.755s] -- Install configuration: ""
[3.756s] -- Up-to-date: /home/yundo/f1tenth_ws/install/teleop_tools_msgs/share/ament_index/resource_index/rosidl_interfaces/teleop_tools_msgs
[3.759s] -- Up-to-date: /home/yundo/f1tenth_ws/install/teleop_tools_msgs/include/teleop_tools_msgs
[3.759s] -- Up-to-date: /home/yundo/f1tenth_ws/install/teleop_tools_msgs/include/teleop_tools_msgs/action
[3.760s] -- Up-to-date: /home/yundo/f1tenth_ws/install/teleop_tools_msgs/include/teleop_tools_msgs/action/detail
[3.761s] -- Up-to-date: /home/yundo/f1tenth_ws/install/teleop_tools_msgs/include/teleop_tools_msgs/action/detail/increment__struct.h
[3.762s] -- Up-to-date: /home/yundo/f1tenth_ws/install/teleop_tools_msgs/include/teleop_tools_msgs/action/detail/increment__type_support.h
[3.762s] -- Up-to-date: /home/yundo/f1tenth_ws/install/teleop_tools_msgs/include/teleop_tools_msgs/action/detail/increment__functions.c
[3.763s] -- Up-to-date: /home/yundo/f1tenth_ws/install/teleop_tools_msgs/include/teleop_tools_msgs/action/detail/increment__functions.h
[3.763s] -- Up-to-date: /home/yundo/f1tenth_ws/install/teleop_tools_msgs/include/teleop_tools_msgs/action/increment.h
[3.764s] -- Up-to-date: /home/yundo/f1tenth_ws/install/teleop_tools_msgs/include/teleop_tools_msgs/msg
[3.765s] -- Up-to-date: /home/yundo/f1tenth_ws/install/teleop_tools_msgs/include/teleop_tools_msgs/msg/rosidl_generator_c__visibility_control.h
[3.765s] -- Up-to-date: /home/yundo/f1tenth_ws/install/teleop_tools_msgs/share/teleop_tools_msgs/environment/library_path.sh
[3.766s] -- Up-to-date: /home/yundo/f1tenth_ws/install/teleop_tools_msgs/share/teleop_tools_msgs/environment/library_path.dsv
[3.767s] -- Up-to-date: /home/yundo/f1tenth_ws/install/teleop_tools_msgs/lib/libteleop_tools_msgs__rosidl_generator_c.so
[3.770s] -- Up-to-date: /home/yundo/f1tenth_ws/install/teleop_tools_msgs/include/teleop_tools_msgs
[3.771s] -- Up-to-date: /home/yundo/f1tenth_ws/install/teleop_tools_msgs/include/teleop_tools_msgs/action
[3.771s] -- Up-to-date: /home/yundo/f1tenth_ws/install/teleop_tools_msgs/include/teleop_tools_msgs/action/detail
[3.777s] -- Up-to-date: /home/yundo/f1tenth_ws/install/teleop_tools_msgs/include/teleop_tools_msgs/action/detail/increment__rosidl_typesupport_fastrtps_c.h
[3.777s] -- Up-to-date: /home/yundo/f1tenth_ws/install/teleop_tools_msgs/include/teleop_tools_msgs/msg
[3.778s] -- Up-to-date: /home/yundo/f1tenth_ws/install/teleop_tools_msgs/include/teleop_tools_msgs/msg/rosidl_typesupport_fastrtps_c__visibility_control.h
[3.779s] -- Up-to-date: /home/yundo/f1tenth_ws/install/teleop_tools_msgs/lib/libteleop_tools_msgs__rosidl_typesupport_fastrtps_c.so
[3.783s] -- Up-to-date: /home/yundo/f1tenth_ws/install/teleop_tools_msgs/include/teleop_tools_msgs
[3.784s] -- Up-to-date: /home/yundo/f1tenth_ws/install/teleop_tools_msgs/include/teleop_tools_msgs/action
[3.784s] -- Up-to-date: /home/yundo/f1tenth_ws/install/teleop_tools_msgs/include/teleop_tools_msgs/action/detail
[3.785s] -- Up-to-date: /home/yundo/f1tenth_ws/install/teleop_tools_msgs/include/teleop_tools_msgs/action/detail/increment__rosidl_typesupport_fastrtps_cpp.hpp
[3.786s] -- Up-to-date: /home/yundo/f1tenth_ws/install/teleop_tools_msgs/include/teleop_tools_msgs/action/detail/dds_fastrtps
[3.786s] -- Up-to-date: /home/yundo/f1tenth_ws/install/teleop_tools_msgs/include/teleop_tools_msgs/msg
[3.787s] -- Up-to-date: /home/yundo/f1tenth_ws/install/teleop_tools_msgs/include/teleop_tools_msgs/msg/rosidl_typesupport_fastrtps_cpp__visibility_control.h
[3.788s] -- Up-to-date: /home/yundo/f1tenth_ws/install/teleop_tools_msgs/lib/libteleop_tools_msgs__rosidl_typesupport_fastrtps_cpp.so
[3.789s] -- Up-to-date: /home/yundo/f1tenth_ws/install/teleop_tools_msgs/include/teleop_tools_msgs
[3.789s] -- Up-to-date: /home/yundo/f1tenth_ws/install/teleop_tools_msgs/include/teleop_tools_msgs/action
[3.789s] -- Up-to-date: /home/yundo/f1tenth_ws/install/teleop_tools_msgs/include/teleop_tools_msgs/action/detail
[3.790s] -- Up-to-date: /home/yundo/f1tenth_ws/install/teleop_tools_msgs/include/teleop_tools_msgs/action/detail/increment__rosidl_typesupport_introspection_c.h
[3.791s] -- Up-to-date: /home/yundo/f1tenth_ws/install/teleop_tools_msgs/include/teleop_tools_msgs/action/detail/increment__type_support.c
[3.791s] -- Up-to-date: /home/yundo/f1tenth_ws/install/teleop_tools_msgs/include/teleop_tools_msgs/msg
[3.791s] -- Up-to-date: /home/yundo/f1tenth_ws/install/teleop_tools_msgs/include/teleop_tools_msgs/msg/rosidl_typesupport_introspection_c__visibility_control.h
[3.792s] -- Up-to-date: /home/yundo/f1tenth_ws/install/teleop_tools_msgs/lib/libteleop_tools_msgs__rosidl_typesupport_introspection_c.so
[3.801s] -- Up-to-date: /home/yundo/f1tenth_ws/install/teleop_tools_msgs/lib/libteleop_tools_msgs__rosidl_typesupport_c.so
[3.802s] -- Up-to-date: /home/yundo/f1tenth_ws/install/teleop_tools_msgs/include/teleop_tools_msgs
[3.802s] -- Up-to-date: /home/yundo/f1tenth_ws/install/teleop_tools_msgs/include/teleop_tools_msgs/action
[3.803s] -- Up-to-date: /home/yundo/f1tenth_ws/install/teleop_tools_msgs/include/teleop_tools_msgs/action/detail
[3.803s] -- Up-to-date: /home/yundo/f1tenth_ws/install/teleop_tools_msgs/include/teleop_tools_msgs/action/detail/increment__builder.hpp
[3.804s] -- Up-to-date: /home/yundo/f1tenth_ws/install/teleop_tools_msgs/include/teleop_tools_msgs/action/detail/increment__struct.hpp
[3.804s] -- Up-to-date: /home/yundo/f1tenth_ws/install/teleop_tools_msgs/include/teleop_tools_msgs/action/detail/increment__traits.hpp
[3.805s] -- Up-to-date: /home/yundo/f1tenth_ws/install/teleop_tools_msgs/include/teleop_tools_msgs/action/detail/increment__type_support.hpp
[3.805s] -- Up-to-date: /home/yundo/f1tenth_ws/install/teleop_tools_msgs/include/teleop_tools_msgs/action/increment.hpp
[3.805s] -- Up-to-date: /home/yundo/f1tenth_ws/install/teleop_tools_msgs/include/teleop_tools_msgs/msg
[3.806s] -- Up-to-date: /home/yundo/f1tenth_ws/install/teleop_tools_msgs/include/teleop_tools_msgs/msg/rosidl_generator_cpp__visibility_control.hpp
[3.806s] -- Up-to-date: /home/yundo/f1tenth_ws/install/teleop_tools_msgs/include/teleop_tools_msgs
[3.807s] -- Up-to-date: /home/yundo/f1tenth_ws/install/teleop_tools_msgs/include/teleop_tools_msgs/action
[3.807s] -- Up-to-date: /home/yundo/f1tenth_ws/install/teleop_tools_msgs/include/teleop_tools_msgs/action/detail
[3.807s] -- Up-to-date: /home/yundo/f1tenth_ws/install/teleop_tools_msgs/include/teleop_tools_msgs/action/detail/increment__type_support.cpp
[3.808s] -- Up-to-date: /home/yundo/f1tenth_ws/install/teleop_tools_msgs/include/teleop_tools_msgs/action/detail/increment__rosidl_typesupport_introspection_cpp.hpp
[3.808s] -- Up-to-date: /home/yundo/f1tenth_ws/install/teleop_tools_msgs/lib/libteleop_tools_msgs__rosidl_typesupport_introspection_cpp.so
[3.809s] -- Up-to-date: /home/yundo/f1tenth_ws/install/teleop_tools_msgs/lib/libteleop_tools_msgs__rosidl_typesupport_cpp.so
[3.811s] -- Up-to-date: /home/yundo/f1tenth_ws/install/teleop_tools_msgs/share/teleop_tools_msgs/environment/pythonpath.sh
[3.811s] -- Up-to-date: /home/yundo/f1tenth_ws/install/teleop_tools_msgs/share/teleop_tools_msgs/environment/pythonpath.dsv
[3.812s] -- Up-to-date: /home/yundo/f1tenth_ws/install/teleop_tools_msgs/lib/python3.8/site-packages/teleop_tools_msgs/__init__.py
[3.990s] -- Up-to-date: /home/yundo/f1tenth_ws/install/teleop_tools_msgs/lib/python3.8/site-packages/teleop_tools_msgs/action
[3.991s] -- Up-to-date: /home/yundo/f1tenth_ws/install/teleop_tools_msgs/lib/python3.8/site-packages/teleop_tools_msgs/action/_increment.py
[3.991s] -- Up-to-date: /home/yundo/f1tenth_ws/install/teleop_tools_msgs/lib/python3.8/site-packages/teleop_tools_msgs/action/_increment_s.c
[3.992s] -- Up-to-date: /home/yundo/f1tenth_ws/install/teleop_tools_msgs/lib/python3.8/site-packages/teleop_tools_msgs/action/__init__.py
[3.993s] -- Up-to-date: /home/yundo/f1tenth_ws/install/teleop_tools_msgs/lib/python3.8/site-packages/teleop_tools_msgs/teleop_tools_msgs_s__rosidl_typesupport_fastrtps_c.cpython-38-aarch64-linux-gnu.so
[3.998s] -- Up-to-date: /home/yundo/f1tenth_ws/install/teleop_tools_msgs/lib/python3.8/site-packages/teleop_tools_msgs/teleop_tools_msgs_s__rosidl_typesupport_introspection_c.cpython-38-aarch64-linux-gnu.so
[3.999s] -- Up-to-date: /home/yundo/f1tenth_ws/install/teleop_tools_msgs/lib/python3.8/site-packages/teleop_tools_msgs/teleop_tools_msgs_s__rosidl_typesupport_c.cpython-38-aarch64-linux-gnu.so
[4.002s] -- Up-to-date: /home/yundo/f1tenth_ws/install/teleop_tools_msgs/lib/libteleop_tools_msgs__python.so
[4.003s] -- Up-to-date: /home/yundo/f1tenth_ws/install/teleop_tools_msgs/share/teleop_tools_msgs/action/Increment.idl
[4.004s] -- Up-to-date: /home/yundo/f1tenth_ws/install/teleop_tools_msgs/share/teleop_tools_msgs/action/Increment.action
[4.005s] -- Up-to-date: /home/yundo/f1tenth_ws/install/teleop_tools_msgs/share/ament_index/resource_index/package_run_dependencies/teleop_tools_msgs
[4.005s] -- Up-to-date: /home/yundo/f1tenth_ws/install/teleop_tools_msgs/share/ament_index/resource_index/parent_prefix_path/teleop_tools_msgs
[4.006s] -- Up-to-date: /home/yundo/f1tenth_ws/install/teleop_tools_msgs/share/teleop_tools_msgs/environment/ament_prefix_path.sh
[4.007s] -- Up-to-date: /home/yundo/f1tenth_ws/install/teleop_tools_msgs/share/teleop_tools_msgs/environment/ament_prefix_path.dsv
[4.009s] -- Up-to-date: /home/yundo/f1tenth_ws/install/teleop_tools_msgs/share/teleop_tools_msgs/environment/path.sh
[4.010s] -- Up-to-date: /home/yundo/f1tenth_ws/install/teleop_tools_msgs/share/teleop_tools_msgs/environment/path.dsv
[4.010s] -- Up-to-date: /home/yundo/f1tenth_ws/install/teleop_tools_msgs/share/teleop_tools_msgs/local_setup.bash
[4.011s] -- Up-to-date: /home/yundo/f1tenth_ws/install/teleop_tools_msgs/share/teleop_tools_msgs/local_setup.sh
[4.012s] -- Up-to-date: /home/yundo/f1tenth_ws/install/teleop_tools_msgs/share/teleop_tools_msgs/local_setup.zsh
[4.012s] -- Up-to-date: /home/yundo/f1tenth_ws/install/teleop_tools_msgs/share/teleop_tools_msgs/local_setup.dsv
[4.012s] -- Installing: /home/yundo/f1tenth_ws/install/teleop_tools_msgs/share/teleop_tools_msgs/package.dsv
[4.013s] -- Up-to-date: /home/yundo/f1tenth_ws/install/teleop_tools_msgs/share/ament_index/resource_index/packages/teleop_tools_msgs
[4.013s] -- Up-to-date: /home/yundo/f1tenth_ws/install/teleop_tools_msgs/share/teleop_tools_msgs/cmake/teleop_tools_msgs__rosidl_generator_cExport.cmake
[4.014s] -- Up-to-date: /home/yundo/f1tenth_ws/install/teleop_tools_msgs/share/teleop_tools_msgs/cmake/teleop_tools_msgs__rosidl_generator_cExport-noconfig.cmake
[4.015s] -- Up-to-date: /home/yundo/f1tenth_ws/install/teleop_tools_msgs/share/teleop_tools_msgs/cmake/teleop_tools_msgs__rosidl_typesupport_introspection_cExport.cmake
[4.015s] -- Up-to-date: /home/yundo/f1tenth_ws/install/teleop_tools_msgs/share/teleop_tools_msgs/cmake/teleop_tools_msgs__rosidl_typesupport_introspection_cExport-noconfig.cmake
[4.017s] -- Up-to-date: /home/yundo/f1tenth_ws/install/teleop_tools_msgs/share/teleop_tools_msgs/cmake/teleop_tools_msgs__rosidl_typesupport_cExport.cmake
[4.018s] -- Up-to-date: /home/yundo/f1tenth_ws/install/teleop_tools_msgs/share/teleop_tools_msgs/cmake/teleop_tools_msgs__rosidl_typesupport_cExport-noconfig.cmake
[4.022s] -- Up-to-date: /home/yundo/f1tenth_ws/install/teleop_tools_msgs/share/teleop_tools_msgs/cmake/teleop_tools_msgs__rosidl_generator_cppExport.cmake
[4.026s] -- Up-to-date: /home/yundo/f1tenth_ws/install/teleop_tools_msgs/share/teleop_tools_msgs/cmake/teleop_tools_msgs__rosidl_typesupport_introspection_cppExport.cmake
[4.026s] -- Up-to-date: /home/yundo/f1tenth_ws/install/teleop_tools_msgs/share/teleop_tools_msgs/cmake/teleop_tools_msgs__rosidl_typesupport_introspection_cppExport-noconfig.cmake
[4.027s] -- Up-to-date: /home/yundo/f1tenth_ws/install/teleop_tools_msgs/share/teleop_tools_msgs/cmake/teleop_tools_msgs__rosidl_typesupport_cppExport.cmake
[4.028s] -- Up-to-date: /home/yundo/f1tenth_ws/install/teleop_tools_msgs/share/teleop_tools_msgs/cmake/teleop_tools_msgs__rosidl_typesupport_cppExport-noconfig.cmake
[4.029s] -- Up-to-date: /home/yundo/f1tenth_ws/install/teleop_tools_msgs/share/teleop_tools_msgs/cmake/rosidl_cmake-extras.cmake
[4.030s] -- Up-to-date: /home/yundo/f1tenth_ws/install/teleop_tools_msgs/share/teleop_tools_msgs/cmake/ament_cmake_export_dependencies-extras.cmake
[4.030s] -- Up-to-date: /home/yundo/f1tenth_ws/install/teleop_tools_msgs/share/teleop_tools_msgs/cmake/ament_cmake_export_libraries-extras.cmake
[4.032s] -- Up-to-date: /home/yundo/f1tenth_ws/install/teleop_tools_msgs/share/teleop_tools_msgs/cmake/ament_cmake_export_targets-extras.cmake
[4.032s] -- Up-to-date: /home/yundo/f1tenth_ws/install/teleop_tools_msgs/share/teleop_tools_msgs/cmake/ament_cmake_export_include_directories-extras.cmake
[4.033s] -- Up-to-date: /home/yundo/f1tenth_ws/install/teleop_tools_msgs/share/teleop_tools_msgs/cmake/rosidl_cmake_export_typesupport_libraries-extras.cmake
[4.033s] -- Up-to-date: /home/yundo/f1tenth_ws/install/teleop_tools_msgs/share/teleop_tools_msgs/cmake/rosidl_cmake_export_typesupport_targets-extras.cmake
[4.034s] -- Up-to-date: /home/yundo/f1tenth_ws/install/teleop_tools_msgs/share/teleop_tools_msgs/cmake/teleop_tools_msgsConfig.cmake
[4.034s] -- Up-to-date: /home/yundo/f1tenth_ws/install/teleop_tools_msgs/share/teleop_tools_msgs/cmake/teleop_tools_msgsConfig-version.cmake
[4.035s] -- Up-to-date: /home/yundo/f1tenth_ws/install/teleop_tools_msgs/share/teleop_tools_msgs/package.xml
[4.044s] Invoked command in '/home/yundo/f1tenth_ws/build/teleop_tools_msgs' returned '0': BYOBU_DATE=%Y-%m-%d CMAKE_PREFIX_PATH=/home/yundo/f1tenth_ws/install/teleop_tools:/home/yundo/f1tenth_ws/install/teleop_tools_msgs:/home/yundo/f1tenth_ws/install/ackermann_mux:/home/yundo/vesc_ws/install/vesc:/home/yundo/vesc_ws/install/vesc_driver:/home/yundo/vesc_ws/install/vesc_ackermann:/home/yundo/f1tenth_ws/install/f1tenth_stack:/home/yundo/f1tenth_ws/install/joy_teleop:/home/yundo/f1tenth_ws/install/mouse_teleop:/home/yundo/f1tenth_ws/install/key_teleop:/opt/ros/foxy:/home/yundo/vesc_ws/install/vesc_msgs:/home/yundo/vesc_ws/install/udp_driver:/home/yundo/vesc_ws/install/io_context:/home/yundo/vesc_ws/install/asio_cmake_module:/home/yundo/ydlidar_ws/install/ydlidar_ros2_driver /usr/bin/cmake --install /home/yundo/f1tenth_ws/build/teleop_tools_msgs
