[5.990s] Invoking command in '/home/yundo/f1tenth_ws/src/f1tenth_system/teleop_tools/key_teleop': BYOBU_DATE=%Y-%m-%d PYTHONPATH=/home/yundo/f1tenth_ws/build/key_teleop/prefix_override:/usr/lib/python3/dist-packages/colcon_core/task/python/colcon_distutils_commands:/home/yundo/f1tenth_ws/install/key_teleop/lib/python3.8/site-packages:${PYTHONPATH} /usr/bin/python3 -W ignore:setup.py install is deprecated -W ignore:easy_install command is deprecated setup.py egg_info --egg-base ../../../../build/key_teleop build --build-base /home/yundo/f1tenth_ws/build/key_teleop/build install --record /home/yundo/f1tenth_ws/build/key_teleop/install.log --install-scripts $base/lib/key_teleop --single-version-externally-managed install_data
[7.225s] /usr/local/lib/python3.8/dist-packages/setuptools/dist.py:717: UserWarning: Usage of dash-separated 'script-dir' will not be supported in future versions. Please use the underscore name 'script_dir' instead
[7.226s]   warnings.warn(
[7.378s] running egg_info
[7.380s] writing ../../../../build/key_teleop/key_teleop.egg-info/PKG-INFO
[7.381s] writing dependency_links to ../../../../build/key_teleop/key_teleop.egg-info/dependency_links.txt
[7.382s] writing entry points to ../../../../build/key_teleop/key_teleop.egg-info/entry_points.txt
[7.383s] writing requirements to ../../../../build/key_teleop/key_teleop.egg-info/requires.txt
[7.383s] writing top-level names to ../../../../build/key_teleop/key_teleop.egg-info/top_level.txt
[7.396s] reading manifest file '../../../../build/key_teleop/key_teleop.egg-info/SOURCES.txt'
[7.398s] adding license file 'LICENSE'
[7.401s] writing manifest file '../../../../build/key_teleop/key_teleop.egg-info/SOURCES.txt'
[7.402s] running build
[7.403s] running build_py
[7.404s] running install
[7.406s] running install_lib
[7.413s] running install_data
[7.414s] running install_egg_info
[7.422s] removing '/home/yundo/f1tenth_ws/install/key_teleop/lib/python3.8/site-packages/key_teleop-0.3.0-py3.8.egg-info' (and everything under it)
[7.424s] Copying ../../../../build/key_teleop/key_teleop.egg-info to /home/yundo/f1tenth_ws/install/key_teleop/lib/python3.8/site-packages/key_teleop-0.3.0-py3.8.egg-info
[7.431s] running install_scripts
[7.511s] Installing key_teleop script to /home/yundo/f1tenth_ws/install/key_teleop/lib/key_teleop
[7.513s] writing list of installed files to '/home/yundo/f1tenth_ws/build/key_teleop/install.log'
[7.659s] Invoked command in '/home/yundo/f1tenth_ws/src/f1tenth_system/teleop_tools/key_teleop' returned '0': BYOBU_DATE=%Y-%m-%d PYTHONPATH=/home/yundo/f1tenth_ws/build/key_teleop/prefix_override:/usr/lib/python3/dist-packages/colcon_core/task/python/colcon_distutils_commands:/home/yundo/f1tenth_ws/install/key_teleop/lib/python3.8/site-packages:${PYTHONPATH} /usr/bin/python3 -W ignore:setup.py install is deprecated -W ignore:easy_install command is deprecated setup.py egg_info --egg-base ../../../../build/key_teleop build --build-base /home/yundo/f1tenth_ws/build/key_teleop/build install --record /home/yundo/f1tenth_ws/build/key_teleop/install.log --install-scripts $base/lib/key_teleop --single-version-externally-managed install_data
