[0.130s] Invoking command in '/home/yundo/f1tenth_ws/build/vesc_msgs': BYOBU_DATE=%Y-%m-%d CMAKE_PREFIX_PATH=/opt/ros/foxy /usr/bin/cmake --build /home/yundo/f1tenth_ws/build/vesc_msgs -- -j4 -l4
[0.531s] [ 10%] Built target vesc_msgs__rosidl_generator_c
[0.549s] [ 12%] Built target vesc_msgs__cpp
[0.739s] [ 23%] Built target vesc_msgs__rosidl_typesupport_c
[0.814s] [ 33%] Built target vesc_msgs__rosidl_typesupport_introspection_c
[0.861s] [ 43%] Built target vesc_msgs__rosidl_typesupport_cpp
[0.874s] [ 53%] Built target vesc_msgs__rosidl_typesupport_fastrtps_cpp
[0.928s] [ 64%] Built target vesc_msgs__rosidl_typesupport_introspection_cpp
[1.022s] [ 74%] Built target vesc_msgs__rosidl_typesupport_fastrtps_c
[1.102s] [ 74%] Built target vesc_msgs
[1.188s] [ 76%] Built target vesc_msgs__py
[1.320s] [ 84%] Built target vesc_msgs__python
[1.527s] [ 89%] Built target vesc_msgs__rosidl_typesupport_introspection_c__pyext
[1.579s] [ 94%] Built target vesc_msgs__rosidl_typesupport_fastrtps_c__pyext
[1.583s] [100%] Built target vesc_msgs__rosidl_typesupport_c__pyext
[1.829s] Invoked command in '/home/yundo/f1tenth_ws/build/vesc_msgs' returned '0': BYOBU_DATE=%Y-%m-%d CMAKE_PREFIX_PATH=/opt/ros/foxy /usr/bin/cmake --build /home/yundo/f1tenth_ws/build/vesc_msgs -- -j4 -l4
[2.205s] Invoking command in '/home/yundo/f1tenth_ws/build/vesc_msgs': BYOBU_DATE=%Y-%m-%d CMAKE_PREFIX_PATH=/opt/ros/foxy /usr/bin/cmake --install /home/yundo/f1tenth_ws/build/vesc_msgs
[2.258s] -- Install configuration: ""
[2.260s] -- Up-to-date: /home/yundo/f1tenth_ws/install/vesc_msgs/share/ament_index/resource_index/rosidl_interfaces/vesc_msgs
[2.262s] -- Up-to-date: /home/yundo/f1tenth_ws/install/vesc_msgs/include/vesc_msgs
[2.262s] -- Up-to-date: /home/yundo/f1tenth_ws/install/vesc_msgs/include/vesc_msgs/msg
[2.263s] -- Up-to-date: /home/yundo/f1tenth_ws/install/vesc_msgs/include/vesc_msgs/msg/detail
[2.264s] -- Up-to-date: /home/yundo/f1tenth_ws/install/vesc_msgs/include/vesc_msgs/msg/detail/vesc_state__functions.c
[2.265s] -- Up-to-date: /home/yundo/f1tenth_ws/install/vesc_msgs/include/vesc_msgs/msg/detail/vesc_state__struct.h
[2.266s] -- Up-to-date: /home/yundo/f1tenth_ws/install/vesc_msgs/include/vesc_msgs/msg/detail/vesc_state_stamped__functions.c
[2.266s] -- Up-to-date: /home/yundo/f1tenth_ws/install/vesc_msgs/include/vesc_msgs/msg/detail/vesc_state__functions.h
[2.267s] -- Up-to-date: /home/yundo/f1tenth_ws/install/vesc_msgs/include/vesc_msgs/msg/detail/vesc_state_stamped__functions.h
[2.267s] -- Up-to-date: /home/yundo/f1tenth_ws/install/vesc_msgs/include/vesc_msgs/msg/detail/vesc_state__type_support.h
[2.268s] -- Up-to-date: /home/yundo/f1tenth_ws/install/vesc_msgs/include/vesc_msgs/msg/detail/vesc_state_stamped__type_support.h
[2.269s] -- Up-to-date: /home/yundo/f1tenth_ws/install/vesc_msgs/include/vesc_msgs/msg/detail/vesc_state_stamped__struct.h
[2.269s] -- Up-to-date: /home/yundo/f1tenth_ws/install/vesc_msgs/include/vesc_msgs/msg/vesc_state.h
[2.270s] -- Up-to-date: /home/yundo/f1tenth_ws/install/vesc_msgs/include/vesc_msgs/msg/rosidl_generator_c__visibility_control.h
[2.270s] -- Up-to-date: /home/yundo/f1tenth_ws/install/vesc_msgs/include/vesc_msgs/msg/vesc_state_stamped.h
[2.271s] -- Up-to-date: /home/yundo/f1tenth_ws/install/vesc_msgs/share/vesc_msgs/environment/library_path.sh
[2.272s] -- Up-to-date: /home/yundo/f1tenth_ws/install/vesc_msgs/share/vesc_msgs/environment/library_path.dsv
[2.275s] -- Up-to-date: /home/yundo/f1tenth_ws/install/vesc_msgs/lib/libvesc_msgs__rosidl_generator_c.so
[2.276s] -- Up-to-date: /home/yundo/f1tenth_ws/install/vesc_msgs/include/vesc_msgs
[2.277s] -- Up-to-date: /home/yundo/f1tenth_ws/install/vesc_msgs/include/vesc_msgs/msg
[2.278s] -- Up-to-date: /home/yundo/f1tenth_ws/install/vesc_msgs/include/vesc_msgs/msg/detail
[2.278s] -- Up-to-date: /home/yundo/f1tenth_ws/install/vesc_msgs/include/vesc_msgs/msg/detail/vesc_state_stamped__rosidl_typesupport_fastrtps_c.h
[2.279s] -- Up-to-date: /home/yundo/f1tenth_ws/install/vesc_msgs/include/vesc_msgs/msg/detail/vesc_state__rosidl_typesupport_fastrtps_c.h
[2.280s] -- Up-to-date: /home/yundo/f1tenth_ws/install/vesc_msgs/include/vesc_msgs/msg/rosidl_typesupport_fastrtps_c__visibility_control.h
[2.280s] -- Up-to-date: /home/yundo/f1tenth_ws/install/vesc_msgs/lib/libvesc_msgs__rosidl_typesupport_fastrtps_c.so
[2.283s] -- Up-to-date: /home/yundo/f1tenth_ws/install/vesc_msgs/include/vesc_msgs
[2.286s] -- Up-to-date: /home/yundo/f1tenth_ws/install/vesc_msgs/include/vesc_msgs/msg
[2.287s] -- Up-to-date: /home/yundo/f1tenth_ws/install/vesc_msgs/include/vesc_msgs/msg/detail
[2.288s] -- Up-to-date: /home/yundo/f1tenth_ws/install/vesc_msgs/include/vesc_msgs/msg/detail/vesc_state_stamped__rosidl_typesupport_fastrtps_cpp.hpp
[2.289s] -- Up-to-date: /home/yundo/f1tenth_ws/install/vesc_msgs/include/vesc_msgs/msg/detail/vesc_state__rosidl_typesupport_fastrtps_cpp.hpp
[2.290s] -- Up-to-date: /home/yundo/f1tenth_ws/install/vesc_msgs/include/vesc_msgs/msg/detail/dds_fastrtps
[2.291s] -- Up-to-date: /home/yundo/f1tenth_ws/install/vesc_msgs/include/vesc_msgs/msg/rosidl_typesupport_fastrtps_cpp__visibility_control.h
[2.291s] -- Up-to-date: /home/yundo/f1tenth_ws/install/vesc_msgs/lib/libvesc_msgs__rosidl_typesupport_fastrtps_cpp.so
[2.292s] -- Up-to-date: /home/yundo/f1tenth_ws/install/vesc_msgs/include/vesc_msgs
[2.293s] -- Up-to-date: /home/yundo/f1tenth_ws/install/vesc_msgs/include/vesc_msgs/msg
[2.294s] -- Up-to-date: /home/yundo/f1tenth_ws/install/vesc_msgs/include/vesc_msgs/msg/detail
[2.295s] -- Up-to-date: /home/yundo/f1tenth_ws/install/vesc_msgs/include/vesc_msgs/msg/detail/vesc_state_stamped__rosidl_typesupport_introspection_c.h
[2.295s] -- Up-to-date: /home/yundo/f1tenth_ws/install/vesc_msgs/include/vesc_msgs/msg/detail/vesc_state__rosidl_typesupport_introspection_c.h
[2.296s] -- Up-to-date: /home/yundo/f1tenth_ws/install/vesc_msgs/include/vesc_msgs/msg/detail/vesc_state_stamped__type_support.c
[2.297s] -- Up-to-date: /home/yundo/f1tenth_ws/install/vesc_msgs/include/vesc_msgs/msg/detail/vesc_state__type_support.c
[2.297s] -- Up-to-date: /home/yundo/f1tenth_ws/install/vesc_msgs/include/vesc_msgs/msg/rosidl_typesupport_introspection_c__visibility_control.h
[2.298s] -- Up-to-date: /home/yundo/f1tenth_ws/install/vesc_msgs/lib/libvesc_msgs__rosidl_typesupport_introspection_c.so
[2.299s] -- Up-to-date: /home/yundo/f1tenth_ws/install/vesc_msgs/lib/libvesc_msgs__rosidl_typesupport_c.so
[2.300s] -- Up-to-date: /home/yundo/f1tenth_ws/install/vesc_msgs/include/vesc_msgs
[2.300s] -- Up-to-date: /home/yundo/f1tenth_ws/install/vesc_msgs/include/vesc_msgs/msg
[2.301s] -- Up-to-date: /home/yundo/f1tenth_ws/install/vesc_msgs/include/vesc_msgs/msg/detail
[2.301s] -- Up-to-date: /home/yundo/f1tenth_ws/install/vesc_msgs/include/vesc_msgs/msg/detail/vesc_state__struct.hpp
[2.302s] -- Up-to-date: /home/yundo/f1tenth_ws/install/vesc_msgs/include/vesc_msgs/msg/detail/vesc_state__traits.hpp
[2.302s] -- Up-to-date: /home/yundo/f1tenth_ws/install/vesc_msgs/include/vesc_msgs/msg/detail/vesc_state_stamped__struct.hpp
[2.302s] -- Up-to-date: /home/yundo/f1tenth_ws/install/vesc_msgs/include/vesc_msgs/msg/detail/vesc_state_stamped__type_support.hpp
[2.303s] -- Up-to-date: /home/yundo/f1tenth_ws/install/vesc_msgs/include/vesc_msgs/msg/detail/vesc_state__type_support.hpp
[2.303s] -- Up-to-date: /home/yundo/f1tenth_ws/install/vesc_msgs/include/vesc_msgs/msg/detail/vesc_state_stamped__builder.hpp
[2.304s] -- Up-to-date: /home/yundo/f1tenth_ws/install/vesc_msgs/include/vesc_msgs/msg/detail/vesc_state_stamped__traits.hpp
[2.305s] -- Up-to-date: /home/yundo/f1tenth_ws/install/vesc_msgs/include/vesc_msgs/msg/detail/vesc_state__builder.hpp
[2.305s] -- Up-to-date: /home/yundo/f1tenth_ws/install/vesc_msgs/include/vesc_msgs/msg/vesc_state_stamped.hpp
[2.306s] -- Up-to-date: /home/yundo/f1tenth_ws/install/vesc_msgs/include/vesc_msgs/msg/vesc_state.hpp
[2.306s] -- Up-to-date: /home/yundo/f1tenth_ws/install/vesc_msgs/include/vesc_msgs/msg/rosidl_generator_cpp__visibility_control.hpp
[2.307s] -- Up-to-date: /home/yundo/f1tenth_ws/install/vesc_msgs/include/vesc_msgs
[2.308s] -- Up-to-date: /home/yundo/f1tenth_ws/install/vesc_msgs/include/vesc_msgs/msg
[2.309s] -- Up-to-date: /home/yundo/f1tenth_ws/install/vesc_msgs/include/vesc_msgs/msg/detail
[2.309s] -- Up-to-date: /home/yundo/f1tenth_ws/install/vesc_msgs/include/vesc_msgs/msg/detail/vesc_state_stamped__rosidl_typesupport_introspection_cpp.hpp
[2.310s] -- Up-to-date: /home/yundo/f1tenth_ws/install/vesc_msgs/include/vesc_msgs/msg/detail/vesc_state__rosidl_typesupport_introspection_cpp.hpp
[2.311s] -- Up-to-date: /home/yundo/f1tenth_ws/install/vesc_msgs/include/vesc_msgs/msg/detail/vesc_state__type_support.cpp
[2.311s] -- Up-to-date: /home/yundo/f1tenth_ws/install/vesc_msgs/include/vesc_msgs/msg/detail/vesc_state_stamped__type_support.cpp
[2.312s] -- Up-to-date: /home/yundo/f1tenth_ws/install/vesc_msgs/lib/libvesc_msgs__rosidl_typesupport_introspection_cpp.so
[2.313s] -- Up-to-date: /home/yundo/f1tenth_ws/install/vesc_msgs/lib/libvesc_msgs__rosidl_typesupport_cpp.so
[2.313s] -- Up-to-date: /home/yundo/f1tenth_ws/install/vesc_msgs/share/vesc_msgs/environment/pythonpath.sh
[2.314s] -- Up-to-date: /home/yundo/f1tenth_ws/install/vesc_msgs/share/vesc_msgs/environment/pythonpath.dsv
[2.314s] -- Up-to-date: /home/yundo/f1tenth_ws/install/vesc_msgs/lib/python3.8/site-packages/vesc_msgs/__init__.py
[2.470s] -- Up-to-date: /home/yundo/f1tenth_ws/install/vesc_msgs/lib/python3.8/site-packages/vesc_msgs/msg
[2.471s] -- Up-to-date: /home/yundo/f1tenth_ws/install/vesc_msgs/lib/python3.8/site-packages/vesc_msgs/msg/_vesc_state_stamped.py
[2.472s] -- Up-to-date: /home/yundo/f1tenth_ws/install/vesc_msgs/lib/python3.8/site-packages/vesc_msgs/msg/_vesc_state_stamped_s.c
[2.478s] -- Up-to-date: /home/yundo/f1tenth_ws/install/vesc_msgs/lib/python3.8/site-packages/vesc_msgs/msg/_vesc_state_s.c
[2.479s] -- Up-to-date: /home/yundo/f1tenth_ws/install/vesc_msgs/lib/python3.8/site-packages/vesc_msgs/msg/__init__.py
[2.479s] -- Up-to-date: /home/yundo/f1tenth_ws/install/vesc_msgs/lib/python3.8/site-packages/vesc_msgs/msg/_vesc_state.py
[2.480s] -- Up-to-date: /home/yundo/f1tenth_ws/install/vesc_msgs/lib/python3.8/site-packages/vesc_msgs/vesc_msgs_s__rosidl_typesupport_fastrtps_c.cpython-38-aarch64-linux-gnu.so
[2.491s] -- Up-to-date: /home/yundo/f1tenth_ws/install/vesc_msgs/lib/python3.8/site-packages/vesc_msgs/vesc_msgs_s__rosidl_typesupport_introspection_c.cpython-38-aarch64-linux-gnu.so
[2.493s] -- Up-to-date: /home/yundo/f1tenth_ws/install/vesc_msgs/lib/python3.8/site-packages/vesc_msgs/vesc_msgs_s__rosidl_typesupport_c.cpython-38-aarch64-linux-gnu.so
[2.500s] -- Up-to-date: /home/yundo/f1tenth_ws/install/vesc_msgs/lib/libvesc_msgs__python.so
[2.501s] -- Up-to-date: /home/yundo/f1tenth_ws/install/vesc_msgs/share/vesc_msgs/msg/VescState.idl
[2.502s] -- Up-to-date: /home/yundo/f1tenth_ws/install/vesc_msgs/share/vesc_msgs/msg/VescStateStamped.idl
[2.503s] -- Up-to-date: /home/yundo/f1tenth_ws/install/vesc_msgs/share/vesc_msgs/msg/VescState.msg
[2.504s] -- Up-to-date: /home/yundo/f1tenth_ws/install/vesc_msgs/share/vesc_msgs/msg/VescStateStamped.msg
[2.504s] -- Up-to-date: /home/yundo/f1tenth_ws/install/vesc_msgs/share/ament_index/resource_index/package_run_dependencies/vesc_msgs
[2.505s] -- Up-to-date: /home/yundo/f1tenth_ws/install/vesc_msgs/share/ament_index/resource_index/parent_prefix_path/vesc_msgs
[2.506s] -- Up-to-date: /home/yundo/f1tenth_ws/install/vesc_msgs/share/vesc_msgs/environment/ament_prefix_path.sh
[2.507s] -- Up-to-date: /home/yundo/f1tenth_ws/install/vesc_msgs/share/vesc_msgs/environment/ament_prefix_path.dsv
[2.507s] -- Up-to-date: /home/yundo/f1tenth_ws/install/vesc_msgs/share/vesc_msgs/environment/path.sh
[2.510s] -- Up-to-date: /home/yundo/f1tenth_ws/install/vesc_msgs/share/vesc_msgs/environment/path.dsv
[2.512s] -- Up-to-date: /home/yundo/f1tenth_ws/install/vesc_msgs/share/vesc_msgs/local_setup.bash
[2.514s] -- Up-to-date: /home/yundo/f1tenth_ws/install/vesc_msgs/share/vesc_msgs/local_setup.sh
[2.515s] -- Up-to-date: /home/yundo/f1tenth_ws/install/vesc_msgs/share/vesc_msgs/local_setup.zsh
[2.517s] -- Up-to-date: /home/yundo/f1tenth_ws/install/vesc_msgs/share/vesc_msgs/local_setup.dsv
[2.517s] -- Installing: /home/yundo/f1tenth_ws/install/vesc_msgs/share/vesc_msgs/package.dsv
[2.518s] -- Up-to-date: /home/yundo/f1tenth_ws/install/vesc_msgs/share/ament_index/resource_index/packages/vesc_msgs
[2.518s] -- Up-to-date: /home/yundo/f1tenth_ws/install/vesc_msgs/share/vesc_msgs/cmake/vesc_msgs__rosidl_generator_cExport.cmake
[2.519s] -- Up-to-date: /home/yundo/f1tenth_ws/install/vesc_msgs/share/vesc_msgs/cmake/vesc_msgs__rosidl_generator_cExport-noconfig.cmake
[2.520s] -- Up-to-date: /home/yundo/f1tenth_ws/install/vesc_msgs/share/vesc_msgs/cmake/vesc_msgs__rosidl_typesupport_introspection_cExport.cmake
[2.520s] -- Up-to-date: /home/yundo/f1tenth_ws/install/vesc_msgs/share/vesc_msgs/cmake/vesc_msgs__rosidl_typesupport_introspection_cExport-noconfig.cmake
[2.521s] -- Up-to-date: /home/yundo/f1tenth_ws/install/vesc_msgs/share/vesc_msgs/cmake/vesc_msgs__rosidl_typesupport_cExport.cmake
[2.521s] -- Up-to-date: /home/yundo/f1tenth_ws/install/vesc_msgs/share/vesc_msgs/cmake/vesc_msgs__rosidl_typesupport_cExport-noconfig.cmake
[2.522s] -- Up-to-date: /home/yundo/f1tenth_ws/install/vesc_msgs/share/vesc_msgs/cmake/vesc_msgs__rosidl_generator_cppExport.cmake
[2.522s] -- Up-to-date: /home/yundo/f1tenth_ws/install/vesc_msgs/share/vesc_msgs/cmake/vesc_msgs__rosidl_typesupport_introspection_cppExport.cmake
[2.523s] -- Up-to-date: /home/yundo/f1tenth_ws/install/vesc_msgs/share/vesc_msgs/cmake/vesc_msgs__rosidl_typesupport_introspection_cppExport-noconfig.cmake
[2.523s] -- Up-to-date: /home/yundo/f1tenth_ws/install/vesc_msgs/share/vesc_msgs/cmake/vesc_msgs__rosidl_typesupport_cppExport.cmake
[2.524s] -- Up-to-date: /home/yundo/f1tenth_ws/install/vesc_msgs/share/vesc_msgs/cmake/vesc_msgs__rosidl_typesupport_cppExport-noconfig.cmake
[2.524s] -- Up-to-date: /home/yundo/f1tenth_ws/install/vesc_msgs/share/vesc_msgs/cmake/rosidl_cmake-extras.cmake
[2.525s] -- Up-to-date: /home/yundo/f1tenth_ws/install/vesc_msgs/share/vesc_msgs/cmake/ament_cmake_export_dependencies-extras.cmake
[2.525s] -- Up-to-date: /home/yundo/f1tenth_ws/install/vesc_msgs/share/vesc_msgs/cmake/ament_cmake_export_libraries-extras.cmake
[2.526s] -- Up-to-date: /home/yundo/f1tenth_ws/install/vesc_msgs/share/vesc_msgs/cmake/ament_cmake_export_targets-extras.cmake
[2.526s] -- Up-to-date: /home/yundo/f1tenth_ws/install/vesc_msgs/share/vesc_msgs/cmake/ament_cmake_export_include_directories-extras.cmake
[2.527s] -- Up-to-date: /home/yundo/f1tenth_ws/install/vesc_msgs/share/vesc_msgs/cmake/rosidl_cmake_export_typesupport_libraries-extras.cmake
[2.527s] -- Up-to-date: /home/yundo/f1tenth_ws/install/vesc_msgs/share/vesc_msgs/cmake/rosidl_cmake_export_typesupport_targets-extras.cmake
[2.527s] -- Up-to-date: /home/yundo/f1tenth_ws/install/vesc_msgs/share/vesc_msgs/cmake/vesc_msgsConfig.cmake
[2.528s] -- Up-to-date: /home/yundo/f1tenth_ws/install/vesc_msgs/share/vesc_msgs/cmake/vesc_msgsConfig-version.cmake
[2.528s] -- Up-to-date: /home/yundo/f1tenth_ws/install/vesc_msgs/share/vesc_msgs/package.xml
[3.920s] Invoked command in '/home/yundo/f1tenth_ws/build/vesc_msgs' returned '0': BYOBU_DATE=%Y-%m-%d CMAKE_PREFIX_PATH=/opt/ros/foxy /usr/bin/cmake --install /home/yundo/f1tenth_ws/build/vesc_msgs
