[0.137s] Invoking command in '/home/yundo/f1tenth_ws/build/safety_node': BYOBU_DATE=%Y-%m-%d CMAKE_PREFIX_PATH=/home/yundo/f1tenth_ws/install/teleop_tools:/home/yundo/f1tenth_ws/install/teleop_tools_msgs:/home/yundo/f1tenth_ws/install/ackermann_mux:/home/yundo/vesc_ws/install/vesc:/home/yundo/vesc_ws/install/vesc_driver:/home/yundo/vesc_ws/install/vesc_ackermann:/home/yundo/f1tenth_ws/install/f1tenth_stack:/home/yundo/f1tenth_ws/install/joy_teleop:/home/yundo/f1tenth_ws/install/mouse_teleop:/home/yundo/f1tenth_ws/install/key_teleop:/opt/ros/foxy:/home/yundo/vesc_ws/install/vesc_msgs:/home/yundo/vesc_ws/install/udp_driver:/home/yundo/vesc_ws/install/io_context:/home/yundo/vesc_ws/install/asio_cmake_module:/home/yundo/ydlidar_ws/install/ydlidar_ros2_driver /usr/bin/cmake --build /home/yundo/f1tenth_ws/build/safety_node -- -j4 -l4
[0.354s] Invoked command in '/home/yundo/f1tenth_ws/build/safety_node' returned '0': BYOBU_DATE=%Y-%m-%d CMAKE_PREFIX_PATH=/home/yundo/f1tenth_ws/install/teleop_tools:/home/yundo/f1tenth_ws/install/teleop_tools_msgs:/home/yundo/f1tenth_ws/install/ackermann_mux:/home/yundo/vesc_ws/install/vesc:/home/yundo/vesc_ws/install/vesc_driver:/home/yundo/vesc_ws/install/vesc_ackermann:/home/yundo/f1tenth_ws/install/f1tenth_stack:/home/yundo/f1tenth_ws/install/joy_teleop:/home/yundo/f1tenth_ws/install/mouse_teleop:/home/yundo/f1tenth_ws/install/key_teleop:/opt/ros/foxy:/home/yundo/vesc_ws/install/vesc_msgs:/home/yundo/vesc_ws/install/udp_driver:/home/yundo/vesc_ws/install/io_context:/home/yundo/vesc_ws/install/asio_cmake_module:/home/yundo/ydlidar_ws/install/ydlidar_ros2_driver /usr/bin/cmake --build /home/yundo/f1tenth_ws/build/safety_node -- -j4 -l4
[0.358s] Invoking command in '/home/yundo/f1tenth_ws/build/safety_node': BYOBU_DATE=%Y-%m-%d CMAKE_PREFIX_PATH=/home/yundo/f1tenth_ws/install/teleop_tools:/home/yundo/f1tenth_ws/install/teleop_tools_msgs:/home/yundo/f1tenth_ws/install/ackermann_mux:/home/yundo/vesc_ws/install/vesc:/home/yundo/vesc_ws/install/vesc_driver:/home/yundo/vesc_ws/install/vesc_ackermann:/home/yundo/f1tenth_ws/install/f1tenth_stack:/home/yundo/f1tenth_ws/install/joy_teleop:/home/yundo/f1tenth_ws/install/mouse_teleop:/home/yundo/f1tenth_ws/install/key_teleop:/opt/ros/foxy:/home/yundo/vesc_ws/install/vesc_msgs:/home/yundo/vesc_ws/install/udp_driver:/home/yundo/vesc_ws/install/io_context:/home/yundo/vesc_ws/install/asio_cmake_module:/home/yundo/ydlidar_ws/install/ydlidar_ros2_driver /usr/bin/cmake --install /home/yundo/f1tenth_ws/build/safety_node
[0.417s] -- Install configuration: ""
[0.418s] -- Up-to-date: /home/yundo/f1tenth_ws/install/safety_node/share/safety_node/environment/pythonpath.sh
[0.424s] -- Up-to-date: /home/yundo/f1tenth_ws/install/safety_node/share/safety_node/environment/pythonpath.dsv
[0.427s] -- Up-to-date: /home/yundo/f1tenth_ws/install/safety_node/lib/python3.8/site-packages/safety_node
[0.428s] -- Installing: /home/yundo/f1tenth_ws/install/safety_node/lib/python3.8/site-packages/safety_node/safety_node.py
[0.430s] -- Up-to-date: /home/yundo/f1tenth_ws/install/safety_node/lib/python3.8/site-packages/safety_node/__init__.py
[0.629s] Listing '/home/yundo/f1tenth_ws/install/safety_node/lib/python3.8/site-packages/safety_node'...
[0.629s] Compiling '/home/yundo/f1tenth_ws/install/safety_node/lib/python3.8/site-packages/safety_node/safety_node.py'...
[0.675s] -- Up-to-date: /home/yundo/f1tenth_ws/install/safety_node/lib/safety_node/safety_node.py
[0.676s] -- Up-to-date: /home/yundo/f1tenth_ws/install/safety_node/share/ament_index/resource_index/package_run_dependencies/safety_node
[0.677s] -- Up-to-date: /home/yundo/f1tenth_ws/install/safety_node/share/ament_index/resource_index/parent_prefix_path/safety_node
[0.677s] -- Up-to-date: /home/yundo/f1tenth_ws/install/safety_node/share/safety_node/environment/ament_prefix_path.sh
[0.678s] -- Up-to-date: /home/yundo/f1tenth_ws/install/safety_node/share/safety_node/environment/ament_prefix_path.dsv
[0.678s] -- Up-to-date: /home/yundo/f1tenth_ws/install/safety_node/share/safety_node/environment/path.sh
[0.679s] -- Up-to-date: /home/yundo/f1tenth_ws/install/safety_node/share/safety_node/environment/path.dsv
[0.679s] -- Up-to-date: /home/yundo/f1tenth_ws/install/safety_node/share/safety_node/local_setup.bash
[0.679s] -- Up-to-date: /home/yundo/f1tenth_ws/install/safety_node/share/safety_node/local_setup.sh
[0.680s] -- Up-to-date: /home/yundo/f1tenth_ws/install/safety_node/share/safety_node/local_setup.zsh
[0.680s] -- Up-to-date: /home/yundo/f1tenth_ws/install/safety_node/share/safety_node/local_setup.dsv
[0.681s] -- Installing: /home/yundo/f1tenth_ws/install/safety_node/share/safety_node/package.dsv
[0.681s] -- Up-to-date: /home/yundo/f1tenth_ws/install/safety_node/share/ament_index/resource_index/packages/safety_node
[0.682s] -- Up-to-date: /home/yundo/f1tenth_ws/install/safety_node/share/safety_node/cmake/safety_nodeConfig.cmake
[0.682s] -- Up-to-date: /home/yundo/f1tenth_ws/install/safety_node/share/safety_node/cmake/safety_nodeConfig-version.cmake
[0.682s] -- Up-to-date: /home/yundo/f1tenth_ws/install/safety_node/share/safety_node/package.xml
[0.797s] Invoked command in '/home/yundo/f1tenth_ws/build/safety_node' returned '0': BYOBU_DATE=%Y-%m-%d CMAKE_PREFIX_PATH=/home/yundo/f1tenth_ws/install/teleop_tools:/home/yundo/f1tenth_ws/install/teleop_tools_msgs:/home/yundo/f1tenth_ws/install/ackermann_mux:/home/yundo/vesc_ws/install/vesc:/home/yundo/vesc_ws/install/vesc_driver:/home/yundo/vesc_ws/install/vesc_ackermann:/home/yundo/f1tenth_ws/install/f1tenth_stack:/home/yundo/f1tenth_ws/install/joy_teleop:/home/yundo/f1tenth_ws/install/mouse_teleop:/home/yundo/f1tenth_ws/install/key_teleop:/opt/ros/foxy:/home/yundo/vesc_ws/install/vesc_msgs:/home/yundo/vesc_ws/install/udp_driver:/home/yundo/vesc_ws/install/io_context:/home/yundo/vesc_ws/install/asio_cmake_module:/home/yundo/ydlidar_ws/install/ydlidar_ros2_driver /usr/bin/cmake --install /home/yundo/f1tenth_ws/build/safety_node
