[5.447s] Invoking command in '/home/yundo/f1tenth_ws/src/f1tenth_system/teleop_tools/key_teleop': BYOBU_DATE=%Y-%m-%d PYTHONPATH=/home/yundo/f1tenth_ws/build/key_teleop/prefix_override:/usr/lib/python3/dist-packages/colcon_core/task/python/colcon_distutils_commands:/home/yundo/f1tenth_ws/install/key_teleop/lib/python3.8/site-packages:${PYTHONPATH} /usr/bin/python3 -W ignore:setup.py install is deprecated -W ignore:easy_install command is deprecated setup.py egg_info --egg-base ../../../../build/key_teleop build --build-base /home/yundo/f1tenth_ws/build/key_teleop/build install --record /home/yundo/f1tenth_ws/build/key_teleop/install.log --install-scripts $base/lib/key_teleop --single-version-externally-managed install_data
[6.638s] /usr/local/lib/python3.8/dist-packages/setuptools/dist.py:717: UserWarning: Usage of dash-separated 'script-dir' will not be supported in future versions. Please use the underscore name 'script_dir' instead
[6.639s]   warnings.warn(
[6.792s] running egg_info
[6.796s] writing ../../../../build/key_teleop/key_teleop.egg-info/PKG-INFO
[6.797s] writing dependency_links to ../../../../build/key_teleop/key_teleop.egg-info/dependency_links.txt
[6.798s] writing entry points to ../../../../build/key_teleop/key_teleop.egg-info/entry_points.txt
[6.798s] writing requirements to ../../../../build/key_teleop/key_teleop.egg-info/requires.txt
[6.798s] writing top-level names to ../../../../build/key_teleop/key_teleop.egg-info/top_level.txt
[6.810s] reading manifest file '../../../../build/key_teleop/key_teleop.egg-info/SOURCES.txt'
[6.812s] adding license file 'LICENSE'
[6.815s] writing manifest file '../../../../build/key_teleop/key_teleop.egg-info/SOURCES.txt'
[6.816s] running build
[6.816s] running build_py
[6.817s] running install
[6.820s] running install_lib
[6.825s] running install_data
[6.826s] running install_egg_info
[6.836s] removing '/home/yundo/f1tenth_ws/install/key_teleop/lib/python3.8/site-packages/key_teleop-0.3.0-py3.8.egg-info' (and everything under it)
[6.836s] Copying ../../../../build/key_teleop/key_teleop.egg-info to /home/yundo/f1tenth_ws/install/key_teleop/lib/python3.8/site-packages/key_teleop-0.3.0-py3.8.egg-info
[6.840s] running install_scripts
[6.925s] Installing key_teleop script to /home/yundo/f1tenth_ws/install/key_teleop/lib/key_teleop
[6.926s] writing list of installed files to '/home/yundo/f1tenth_ws/build/key_teleop/install.log'
[7.058s] Invoked command in '/home/yundo/f1tenth_ws/src/f1tenth_system/teleop_tools/key_teleop' returned '0': BYOBU_DATE=%Y-%m-%d PYTHONPATH=/home/yundo/f1tenth_ws/build/key_teleop/prefix_override:/usr/lib/python3/dist-packages/colcon_core/task/python/colcon_distutils_commands:/home/yundo/f1tenth_ws/install/key_teleop/lib/python3.8/site-packages:${PYTHONPATH} /usr/bin/python3 -W ignore:setup.py install is deprecated -W ignore:easy_install command is deprecated setup.py egg_info --egg-base ../../../../build/key_teleop build --build-base /home/yundo/f1tenth_ws/build/key_teleop/build install --record /home/yundo/f1tenth_ws/build/key_teleop/install.log --install-scripts $base/lib/key_teleop --single-version-externally-managed install_data
