[9.565s] Invoking command in '/home/yundo/f1tenth_ws/src/f1tenth_system/teleop_tools/key_teleop': BYOBU_DATE=%Y-%m-%d PYTHONPATH=/home/yundo/f1tenth_ws/build/key_teleop/prefix_override:/usr/lib/python3/dist-packages/colcon_core/task/python/colcon_distutils_commands:/home/yundo/f1tenth_ws/install/key_teleop/lib/python3.8/site-packages:${PYTHONPATH} /usr/bin/python3 -W ignore:setup.py install is deprecated -W ignore:easy_install command is deprecated setup.py egg_info --egg-base ../../../../build/key_teleop build --build-base /home/yundo/f1tenth_ws/build/key_teleop/build install --record /home/yundo/f1tenth_ws/build/key_teleop/install.log --install-scripts $base/lib/key_teleop --single-version-externally-managed install_data
[10.934s] /usr/local/lib/python3.8/dist-packages/setuptools/dist.py:717: UserWarning: Usage of dash-separated 'script-dir' will not be supported in future versions. Please use the underscore name 'script_dir' instead
[10.934s]   warnings.warn(
[11.107s] running egg_info
[11.112s] writing ../../../../build/key_teleop/key_teleop.egg-info/PKG-INFO
[11.112s] writing dependency_links to ../../../../build/key_teleop/key_teleop.egg-info/dependency_links.txt
[11.114s] writing entry points to ../../../../build/key_teleop/key_teleop.egg-info/entry_points.txt
[11.115s] writing requirements to ../../../../build/key_teleop/key_teleop.egg-info/requires.txt
[11.116s] writing top-level names to ../../../../build/key_teleop/key_teleop.egg-info/top_level.txt
[11.130s] reading manifest file '../../../../build/key_teleop/key_teleop.egg-info/SOURCES.txt'
[11.132s] adding license file 'LICENSE'
[11.136s] writing manifest file '../../../../build/key_teleop/key_teleop.egg-info/SOURCES.txt'
[11.136s] running build
[11.137s] running build_py
[11.140s] running install
[11.143s] running install_lib
[11.151s] running install_data
[11.153s] running install_egg_info
[11.163s] removing '/home/yundo/f1tenth_ws/install/key_teleop/lib/python3.8/site-packages/key_teleop-0.3.0-py3.8.egg-info' (and everything under it)
[11.165s] Copying ../../../../build/key_teleop/key_teleop.egg-info to /home/yundo/f1tenth_ws/install/key_teleop/lib/python3.8/site-packages/key_teleop-0.3.0-py3.8.egg-info
[11.171s] running install_scripts
[11.267s] Installing key_teleop script to /home/yundo/f1tenth_ws/install/key_teleop/lib/key_teleop
[11.269s] writing list of installed files to '/home/yundo/f1tenth_ws/build/key_teleop/install.log'
[11.393s] Invoked command in '/home/yundo/f1tenth_ws/src/f1tenth_system/teleop_tools/key_teleop' returned '0': BYOBU_DATE=%Y-%m-%d PYTHONPATH=/home/yundo/f1tenth_ws/build/key_teleop/prefix_override:/usr/lib/python3/dist-packages/colcon_core/task/python/colcon_distutils_commands:/home/yundo/f1tenth_ws/install/key_teleop/lib/python3.8/site-packages:${PYTHONPATH} /usr/bin/python3 -W ignore:setup.py install is deprecated -W ignore:easy_install command is deprecated setup.py egg_info --egg-base ../../../../build/key_teleop build --build-base /home/yundo/f1tenth_ws/build/key_teleop/build install --record /home/yundo/f1tenth_ws/build/key_teleop/install.log --install-scripts $base/lib/key_teleop --single-version-externally-managed install_data
