[0.189s] Invoking command in '/home/yundo/f1tenth_ws/build/teleop_tools_msgs': BYOBU_DATE=%Y-%m-%d CMAKE_PREFIX_PATH=/home/yundo/f1tenth_ws/install/teleop_tools:/home/yundo/f1tenth_ws/install/teleop_tools_msgs:/home/yundo/f1tenth_ws/install/ackermann_mux:/home/yundo/vesc_ws/install/vesc:/home/yundo/vesc_ws/install/vesc_driver:/home/yundo/vesc_ws/install/vesc_ackermann:/home/yundo/f1tenth_ws/install/f1tenth_stack:/home/yundo/f1tenth_ws/install/joy_teleop:/home/yundo/f1tenth_ws/install/mouse_teleop:/home/yundo/f1tenth_ws/install/key_teleop:/opt/ros/foxy:/home/yundo/vesc_ws/install/vesc_msgs:/home/yundo/vesc_ws/install/udp_driver:/home/yundo/vesc_ws/install/io_context:/home/yundo/vesc_ws/install/asio_cmake_module:/home/yundo/ydlidar_ws/install/ydlidar_ros2_driver /usr/bin/cmake --build /home/yundo/f1tenth_ws/build/teleop_tools_msgs -- -j4 -l4
[2.030s] [  3%] Built target teleop_tools_msgs__cpp
[2.031s] [ 12%] Built target teleop_tools_msgs__rosidl_generator_c
[2.031s] [ 22%] Built target teleop_tools_msgs__rosidl_typesupport_cpp
[2.032s] [ 32%] Built target teleop_tools_msgs__rosidl_typesupport_introspection_cpp
[2.032s] [ 41%] Built target teleop_tools_msgs__rosidl_typesupport_introspection_c
[2.033s] [ 51%] Built target teleop_tools_msgs__rosidl_typesupport_fastrtps_cpp
[2.033s] [ 61%] Built target teleop_tools_msgs__rosidl_typesupport_c
[2.033s] [ 70%] Built target teleop_tools_msgs__rosidl_typesupport_fastrtps_c
[2.034s] [ 70%] Built target teleop_tools_msgs
[2.034s] [ 74%] Built target teleop_tools_msgs__py
[2.034s] [ 80%] Built target teleop_tools_msgs__python
[2.086s] [ 87%] Built target teleop_tools_msgs__rosidl_typesupport_fastrtps_c__pyext
[2.096s] [ 93%] Built target teleop_tools_msgs__rosidl_typesupport_c__pyext
[2.102s] [100%] Built target teleop_tools_msgs__rosidl_typesupport_introspection_c__pyext
[3.391s] Invoked command in '/home/yundo/f1tenth_ws/build/teleop_tools_msgs' returned '0': BYOBU_DATE=%Y-%m-%d CMAKE_PREFIX_PATH=/home/yundo/f1tenth_ws/install/teleop_tools:/home/yundo/f1tenth_ws/install/teleop_tools_msgs:/home/yundo/f1tenth_ws/install/ackermann_mux:/home/yundo/vesc_ws/install/vesc:/home/yundo/vesc_ws/install/vesc_driver:/home/yundo/vesc_ws/install/vesc_ackermann:/home/yundo/f1tenth_ws/install/f1tenth_stack:/home/yundo/f1tenth_ws/install/joy_teleop:/home/yundo/f1tenth_ws/install/mouse_teleop:/home/yundo/f1tenth_ws/install/key_teleop:/opt/ros/foxy:/home/yundo/vesc_ws/install/vesc_msgs:/home/yundo/vesc_ws/install/udp_driver:/home/yundo/vesc_ws/install/io_context:/home/yundo/vesc_ws/install/asio_cmake_module:/home/yundo/ydlidar_ws/install/ydlidar_ros2_driver /usr/bin/cmake --build /home/yundo/f1tenth_ws/build/teleop_tools_msgs -- -j4 -l4
[3.743s] Invoking command in '/home/yundo/f1tenth_ws/build/teleop_tools_msgs': BYOBU_DATE=%Y-%m-%d CMAKE_PREFIX_PATH=/home/yundo/f1tenth_ws/install/teleop_tools:/home/yundo/f1tenth_ws/install/teleop_tools_msgs:/home/yundo/f1tenth_ws/install/ackermann_mux:/home/yundo/vesc_ws/install/vesc:/home/yundo/vesc_ws/install/vesc_driver:/home/yundo/vesc_ws/install/vesc_ackermann:/home/yundo/f1tenth_ws/install/f1tenth_stack:/home/yundo/f1tenth_ws/install/joy_teleop:/home/yundo/f1tenth_ws/install/mouse_teleop:/home/yundo/f1tenth_ws/install/key_teleop:/opt/ros/foxy:/home/yundo/vesc_ws/install/vesc_msgs:/home/yundo/vesc_ws/install/udp_driver:/home/yundo/vesc_ws/install/io_context:/home/yundo/vesc_ws/install/asio_cmake_module:/home/yundo/ydlidar_ws/install/ydlidar_ros2_driver /usr/bin/cmake --install /home/yundo/f1tenth_ws/build/teleop_tools_msgs
[3.815s] -- Install configuration: ""
[3.816s] -- Up-to-date: /home/yundo/f1tenth_ws/install/teleop_tools_msgs/share/ament_index/resource_index/rosidl_interfaces/teleop_tools_msgs
[3.818s] -- Up-to-date: /home/yundo/f1tenth_ws/install/teleop_tools_msgs/include/teleop_tools_msgs
[3.819s] -- Up-to-date: /home/yundo/f1tenth_ws/install/teleop_tools_msgs/include/teleop_tools_msgs/action
[3.820s] -- Up-to-date: /home/yundo/f1tenth_ws/install/teleop_tools_msgs/include/teleop_tools_msgs/action/detail
[3.821s] -- Up-to-date: /home/yundo/f1tenth_ws/install/teleop_tools_msgs/include/teleop_tools_msgs/action/detail/increment__struct.h
[3.823s] -- Up-to-date: /home/yundo/f1tenth_ws/install/teleop_tools_msgs/include/teleop_tools_msgs/action/detail/increment__type_support.h
[3.824s] -- Up-to-date: /home/yundo/f1tenth_ws/install/teleop_tools_msgs/include/teleop_tools_msgs/action/detail/increment__functions.c
[3.832s] -- Up-to-date: /home/yundo/f1tenth_ws/install/teleop_tools_msgs/include/teleop_tools_msgs/action/detail/increment__functions.h
[3.834s] -- Up-to-date: /home/yundo/f1tenth_ws/install/teleop_tools_msgs/include/teleop_tools_msgs/action/increment.h
[3.835s] -- Up-to-date: /home/yundo/f1tenth_ws/install/teleop_tools_msgs/include/teleop_tools_msgs/msg
[3.835s] -- Up-to-date: /home/yundo/f1tenth_ws/install/teleop_tools_msgs/include/teleop_tools_msgs/msg/rosidl_generator_c__visibility_control.h
[3.836s] -- Up-to-date: /home/yundo/f1tenth_ws/install/teleop_tools_msgs/share/teleop_tools_msgs/environment/library_path.sh
[3.836s] -- Up-to-date: /home/yundo/f1tenth_ws/install/teleop_tools_msgs/share/teleop_tools_msgs/environment/library_path.dsv
[3.837s] -- Up-to-date: /home/yundo/f1tenth_ws/install/teleop_tools_msgs/lib/libteleop_tools_msgs__rosidl_generator_c.so
[3.838s] -- Up-to-date: /home/yundo/f1tenth_ws/install/teleop_tools_msgs/include/teleop_tools_msgs
[3.838s] -- Up-to-date: /home/yundo/f1tenth_ws/install/teleop_tools_msgs/include/teleop_tools_msgs/action
[3.838s] -- Up-to-date: /home/yundo/f1tenth_ws/install/teleop_tools_msgs/include/teleop_tools_msgs/action/detail
[3.839s] -- Up-to-date: /home/yundo/f1tenth_ws/install/teleop_tools_msgs/include/teleop_tools_msgs/action/detail/increment__rosidl_typesupport_fastrtps_c.h
[3.839s] -- Up-to-date: /home/yundo/f1tenth_ws/install/teleop_tools_msgs/include/teleop_tools_msgs/msg
[3.840s] -- Up-to-date: /home/yundo/f1tenth_ws/install/teleop_tools_msgs/include/teleop_tools_msgs/msg/rosidl_typesupport_fastrtps_c__visibility_control.h
[3.841s] -- Up-to-date: /home/yundo/f1tenth_ws/install/teleop_tools_msgs/lib/libteleop_tools_msgs__rosidl_typesupport_fastrtps_c.so
[3.842s] -- Up-to-date: /home/yundo/f1tenth_ws/install/teleop_tools_msgs/include/teleop_tools_msgs
[3.842s] -- Up-to-date: /home/yundo/f1tenth_ws/install/teleop_tools_msgs/include/teleop_tools_msgs/action
[3.843s] -- Up-to-date: /home/yundo/f1tenth_ws/install/teleop_tools_msgs/include/teleop_tools_msgs/action/detail
[3.843s] -- Up-to-date: /home/yundo/f1tenth_ws/install/teleop_tools_msgs/include/teleop_tools_msgs/action/detail/increment__rosidl_typesupport_fastrtps_cpp.hpp
[3.843s] -- Up-to-date: /home/yundo/f1tenth_ws/install/teleop_tools_msgs/include/teleop_tools_msgs/action/detail/dds_fastrtps
[3.844s] -- Up-to-date: /home/yundo/f1tenth_ws/install/teleop_tools_msgs/include/teleop_tools_msgs/msg
[3.844s] -- Up-to-date: /home/yundo/f1tenth_ws/install/teleop_tools_msgs/include/teleop_tools_msgs/msg/rosidl_typesupport_fastrtps_cpp__visibility_control.h
[3.845s] -- Up-to-date: /home/yundo/f1tenth_ws/install/teleop_tools_msgs/lib/libteleop_tools_msgs__rosidl_typesupport_fastrtps_cpp.so
[3.847s] -- Up-to-date: /home/yundo/f1tenth_ws/install/teleop_tools_msgs/include/teleop_tools_msgs
[3.848s] -- Up-to-date: /home/yundo/f1tenth_ws/install/teleop_tools_msgs/include/teleop_tools_msgs/action
[3.848s] -- Up-to-date: /home/yundo/f1tenth_ws/install/teleop_tools_msgs/include/teleop_tools_msgs/action/detail
[3.849s] -- Up-to-date: /home/yundo/f1tenth_ws/install/teleop_tools_msgs/include/teleop_tools_msgs/action/detail/increment__rosidl_typesupport_introspection_c.h
[3.851s] -- Up-to-date: /home/yundo/f1tenth_ws/install/teleop_tools_msgs/include/teleop_tools_msgs/action/detail/increment__type_support.c
[3.851s] -- Up-to-date: /home/yundo/f1tenth_ws/install/teleop_tools_msgs/include/teleop_tools_msgs/msg
[3.853s] -- Up-to-date: /home/yundo/f1tenth_ws/install/teleop_tools_msgs/include/teleop_tools_msgs/msg/rosidl_typesupport_introspection_c__visibility_control.h
[3.857s] -- Up-to-date: /home/yundo/f1tenth_ws/install/teleop_tools_msgs/lib/libteleop_tools_msgs__rosidl_typesupport_introspection_c.so
[3.859s] -- Up-to-date: /home/yundo/f1tenth_ws/install/teleop_tools_msgs/lib/libteleop_tools_msgs__rosidl_typesupport_c.so
[3.881s] -- Up-to-date: /home/yundo/f1tenth_ws/install/teleop_tools_msgs/include/teleop_tools_msgs
[3.882s] -- Up-to-date: /home/yundo/f1tenth_ws/install/teleop_tools_msgs/include/teleop_tools_msgs/action
[3.882s] -- Up-to-date: /home/yundo/f1tenth_ws/install/teleop_tools_msgs/include/teleop_tools_msgs/action/detail
[3.883s] -- Up-to-date: /home/yundo/f1tenth_ws/install/teleop_tools_msgs/include/teleop_tools_msgs/action/detail/increment__builder.hpp
[3.883s] -- Up-to-date: /home/yundo/f1tenth_ws/install/teleop_tools_msgs/include/teleop_tools_msgs/action/detail/increment__struct.hpp
[3.884s] -- Up-to-date: /home/yundo/f1tenth_ws/install/teleop_tools_msgs/include/teleop_tools_msgs/action/detail/increment__traits.hpp
[3.884s] -- Up-to-date: /home/yundo/f1tenth_ws/install/teleop_tools_msgs/include/teleop_tools_msgs/action/detail/increment__type_support.hpp
[3.885s] -- Up-to-date: /home/yundo/f1tenth_ws/install/teleop_tools_msgs/include/teleop_tools_msgs/action/increment.hpp
[3.885s] -- Up-to-date: /home/yundo/f1tenth_ws/install/teleop_tools_msgs/include/teleop_tools_msgs/msg
[3.886s] -- Up-to-date: /home/yundo/f1tenth_ws/install/teleop_tools_msgs/include/teleop_tools_msgs/msg/rosidl_generator_cpp__visibility_control.hpp
[3.886s] -- Up-to-date: /home/yundo/f1tenth_ws/install/teleop_tools_msgs/include/teleop_tools_msgs
[3.886s] -- Up-to-date: /home/yundo/f1tenth_ws/install/teleop_tools_msgs/include/teleop_tools_msgs/action
[3.887s] -- Up-to-date: /home/yundo/f1tenth_ws/install/teleop_tools_msgs/include/teleop_tools_msgs/action/detail
[3.887s] -- Up-to-date: /home/yundo/f1tenth_ws/install/teleop_tools_msgs/include/teleop_tools_msgs/action/detail/increment__type_support.cpp
[3.887s] -- Up-to-date: /home/yundo/f1tenth_ws/install/teleop_tools_msgs/include/teleop_tools_msgs/action/detail/increment__rosidl_typesupport_introspection_cpp.hpp
[3.888s] -- Up-to-date: /home/yundo/f1tenth_ws/install/teleop_tools_msgs/lib/libteleop_tools_msgs__rosidl_typesupport_introspection_cpp.so
[3.888s] -- Up-to-date: /home/yundo/f1tenth_ws/install/teleop_tools_msgs/lib/libteleop_tools_msgs__rosidl_typesupport_cpp.so
[3.888s] -- Up-to-date: /home/yundo/f1tenth_ws/install/teleop_tools_msgs/share/teleop_tools_msgs/environment/pythonpath.sh
[3.889s] -- Up-to-date: /home/yundo/f1tenth_ws/install/teleop_tools_msgs/share/teleop_tools_msgs/environment/pythonpath.dsv
[3.889s] -- Up-to-date: /home/yundo/f1tenth_ws/install/teleop_tools_msgs/lib/python3.8/site-packages/teleop_tools_msgs/__init__.py
[4.050s] -- Up-to-date: /home/yundo/f1tenth_ws/install/teleop_tools_msgs/lib/python3.8/site-packages/teleop_tools_msgs/action
[4.051s] -- Up-to-date: /home/yundo/f1tenth_ws/install/teleop_tools_msgs/lib/python3.8/site-packages/teleop_tools_msgs/action/_increment.py
[4.052s] -- Up-to-date: /home/yundo/f1tenth_ws/install/teleop_tools_msgs/lib/python3.8/site-packages/teleop_tools_msgs/action/_increment_s.c
[4.052s] -- Up-to-date: /home/yundo/f1tenth_ws/install/teleop_tools_msgs/lib/python3.8/site-packages/teleop_tools_msgs/action/__init__.py
[4.053s] -- Up-to-date: /home/yundo/f1tenth_ws/install/teleop_tools_msgs/lib/python3.8/site-packages/teleop_tools_msgs/teleop_tools_msgs_s__rosidl_typesupport_fastrtps_c.cpython-38-aarch64-linux-gnu.so
[4.058s] -- Up-to-date: /home/yundo/f1tenth_ws/install/teleop_tools_msgs/lib/python3.8/site-packages/teleop_tools_msgs/teleop_tools_msgs_s__rosidl_typesupport_introspection_c.cpython-38-aarch64-linux-gnu.so
[4.061s] -- Up-to-date: /home/yundo/f1tenth_ws/install/teleop_tools_msgs/lib/python3.8/site-packages/teleop_tools_msgs/teleop_tools_msgs_s__rosidl_typesupport_c.cpython-38-aarch64-linux-gnu.so
[4.064s] -- Up-to-date: /home/yundo/f1tenth_ws/install/teleop_tools_msgs/lib/libteleop_tools_msgs__python.so
[4.065s] -- Up-to-date: /home/yundo/f1tenth_ws/install/teleop_tools_msgs/share/teleop_tools_msgs/action/Increment.idl
[4.066s] -- Up-to-date: /home/yundo/f1tenth_ws/install/teleop_tools_msgs/share/teleop_tools_msgs/action/Increment.action
[4.067s] -- Up-to-date: /home/yundo/f1tenth_ws/install/teleop_tools_msgs/share/ament_index/resource_index/package_run_dependencies/teleop_tools_msgs
[4.067s] -- Up-to-date: /home/yundo/f1tenth_ws/install/teleop_tools_msgs/share/ament_index/resource_index/parent_prefix_path/teleop_tools_msgs
[4.068s] -- Up-to-date: /home/yundo/f1tenth_ws/install/teleop_tools_msgs/share/teleop_tools_msgs/environment/ament_prefix_path.sh
[4.069s] -- Up-to-date: /home/yundo/f1tenth_ws/install/teleop_tools_msgs/share/teleop_tools_msgs/environment/ament_prefix_path.dsv
[4.070s] -- Up-to-date: /home/yundo/f1tenth_ws/install/teleop_tools_msgs/share/teleop_tools_msgs/environment/path.sh
[4.070s] -- Up-to-date: /home/yundo/f1tenth_ws/install/teleop_tools_msgs/share/teleop_tools_msgs/environment/path.dsv
[4.071s] -- Up-to-date: /home/yundo/f1tenth_ws/install/teleop_tools_msgs/share/teleop_tools_msgs/local_setup.bash
[4.072s] -- Up-to-date: /home/yundo/f1tenth_ws/install/teleop_tools_msgs/share/teleop_tools_msgs/local_setup.sh
[4.072s] -- Up-to-date: /home/yundo/f1tenth_ws/install/teleop_tools_msgs/share/teleop_tools_msgs/local_setup.zsh
[4.073s] -- Up-to-date: /home/yundo/f1tenth_ws/install/teleop_tools_msgs/share/teleop_tools_msgs/local_setup.dsv
[4.074s] -- Installing: /home/yundo/f1tenth_ws/install/teleop_tools_msgs/share/teleop_tools_msgs/package.dsv
[4.074s] -- Up-to-date: /home/yundo/f1tenth_ws/install/teleop_tools_msgs/share/ament_index/resource_index/packages/teleop_tools_msgs
[4.077s] -- Up-to-date: /home/yundo/f1tenth_ws/install/teleop_tools_msgs/share/teleop_tools_msgs/cmake/teleop_tools_msgs__rosidl_generator_cExport.cmake
[4.077s] -- Up-to-date: /home/yundo/f1tenth_ws/install/teleop_tools_msgs/share/teleop_tools_msgs/cmake/teleop_tools_msgs__rosidl_generator_cExport-noconfig.cmake
[4.080s] -- Up-to-date: /home/yundo/f1tenth_ws/install/teleop_tools_msgs/share/teleop_tools_msgs/cmake/teleop_tools_msgs__rosidl_typesupport_introspection_cExport.cmake
[4.081s] -- Up-to-date: /home/yundo/f1tenth_ws/install/teleop_tools_msgs/share/teleop_tools_msgs/cmake/teleop_tools_msgs__rosidl_typesupport_introspection_cExport-noconfig.cmake
[4.083s] -- Up-to-date: /home/yundo/f1tenth_ws/install/teleop_tools_msgs/share/teleop_tools_msgs/cmake/teleop_tools_msgs__rosidl_typesupport_cExport.cmake
[4.084s] -- Up-to-date: /home/yundo/f1tenth_ws/install/teleop_tools_msgs/share/teleop_tools_msgs/cmake/teleop_tools_msgs__rosidl_typesupport_cExport-noconfig.cmake
[4.086s] -- Up-to-date: /home/yundo/f1tenth_ws/install/teleop_tools_msgs/share/teleop_tools_msgs/cmake/teleop_tools_msgs__rosidl_generator_cppExport.cmake
[4.089s] -- Up-to-date: /home/yundo/f1tenth_ws/install/teleop_tools_msgs/share/teleop_tools_msgs/cmake/teleop_tools_msgs__rosidl_typesupport_introspection_cppExport.cmake
[4.090s] -- Up-to-date: /home/yundo/f1tenth_ws/install/teleop_tools_msgs/share/teleop_tools_msgs/cmake/teleop_tools_msgs__rosidl_typesupport_introspection_cppExport-noconfig.cmake
[4.091s] -- Up-to-date: /home/yundo/f1tenth_ws/install/teleop_tools_msgs/share/teleop_tools_msgs/cmake/teleop_tools_msgs__rosidl_typesupport_cppExport.cmake
[4.092s] -- Up-to-date: /home/yundo/f1tenth_ws/install/teleop_tools_msgs/share/teleop_tools_msgs/cmake/teleop_tools_msgs__rosidl_typesupport_cppExport-noconfig.cmake
[4.093s] -- Up-to-date: /home/yundo/f1tenth_ws/install/teleop_tools_msgs/share/teleop_tools_msgs/cmake/rosidl_cmake-extras.cmake
[4.093s] -- Up-to-date: /home/yundo/f1tenth_ws/install/teleop_tools_msgs/share/teleop_tools_msgs/cmake/ament_cmake_export_dependencies-extras.cmake
[4.094s] -- Up-to-date: /home/yundo/f1tenth_ws/install/teleop_tools_msgs/share/teleop_tools_msgs/cmake/ament_cmake_export_libraries-extras.cmake
[4.095s] -- Up-to-date: /home/yundo/f1tenth_ws/install/teleop_tools_msgs/share/teleop_tools_msgs/cmake/ament_cmake_export_targets-extras.cmake
[4.095s] -- Up-to-date: /home/yundo/f1tenth_ws/install/teleop_tools_msgs/share/teleop_tools_msgs/cmake/ament_cmake_export_include_directories-extras.cmake
[4.095s] -- Up-to-date: /home/yundo/f1tenth_ws/install/teleop_tools_msgs/share/teleop_tools_msgs/cmake/rosidl_cmake_export_typesupport_libraries-extras.cmake
[4.096s] -- Up-to-date: /home/yundo/f1tenth_ws/install/teleop_tools_msgs/share/teleop_tools_msgs/cmake/rosidl_cmake_export_typesupport_targets-extras.cmake
[4.096s] -- Up-to-date: /home/yundo/f1tenth_ws/install/teleop_tools_msgs/share/teleop_tools_msgs/cmake/teleop_tools_msgsConfig.cmake
[4.097s] -- Up-to-date: /home/yundo/f1tenth_ws/install/teleop_tools_msgs/share/teleop_tools_msgs/cmake/teleop_tools_msgsConfig-version.cmake
[4.097s] -- Up-to-date: /home/yundo/f1tenth_ws/install/teleop_tools_msgs/share/teleop_tools_msgs/package.xml
[4.105s] Invoked command in '/home/yundo/f1tenth_ws/build/teleop_tools_msgs' returned '0': BYOBU_DATE=%Y-%m-%d CMAKE_PREFIX_PATH=/home/yundo/f1tenth_ws/install/teleop_tools:/home/yundo/f1tenth_ws/install/teleop_tools_msgs:/home/yundo/f1tenth_ws/install/ackermann_mux:/home/yundo/vesc_ws/install/vesc:/home/yundo/vesc_ws/install/vesc_driver:/home/yundo/vesc_ws/install/vesc_ackermann:/home/yundo/f1tenth_ws/install/f1tenth_stack:/home/yundo/f1tenth_ws/install/joy_teleop:/home/yundo/f1tenth_ws/install/mouse_teleop:/home/yundo/f1tenth_ws/install/key_teleop:/opt/ros/foxy:/home/yundo/vesc_ws/install/vesc_msgs:/home/yundo/vesc_ws/install/udp_driver:/home/yundo/vesc_ws/install/io_context:/home/yundo/vesc_ws/install/asio_cmake_module:/home/yundo/ydlidar_ws/install/ydlidar_ros2_driver /usr/bin/cmake --install /home/yundo/f1tenth_ws/build/teleop_tools_msgs
