[0.224s] Invoking command in '/home/yundo/f1tenth_ws/build/ackermann_mux': BYOBU_DATE=%Y-%m-%d CMAKE_PREFIX_PATH=/opt/ros/foxy /usr/bin/cmake /home/yundo/f1tenth_ws/src/f1tenth_system/ackermann_mux -DCMAKE_INSTALL_PREFIX=/home/yundo/f1tenth_ws/install/ackermann_mux
[1.067s] -- The C compiler identification is GNU 8.4.0
[1.740s] -- The CXX compiler identification is GNU 8.4.0
[1.765s] -- Check for working C compiler: /usr/bin/cc
[2.224s] -- Check for working C compiler: /usr/bin/cc -- works
[2.230s] -- Detecting C compiler ABI info
[2.944s] -- Detecting C compiler ABI info - done
[3.114s] -- Detecting C compile features
[3.124s] -- Detecting C compile features - done
[3.153s] -- Check for working CXX compiler: /usr/bin/c++
[3.810s] -- Check for working CXX compiler: /usr/bin/c++ -- works
[3.814s] -- Detecting CXX compiler ABI info
[4.348s] -- Detecting CXX compiler ABI info - done
[4.448s] -- Detecting CXX compile features
[4.456s] -- Detecting CXX compile features - done
[4.475s] -- Found ament_cmake: 0.9.12 (/opt/ros/foxy/share/ament_cmake/cmake)
[4.597s] -- Found PythonInterp: /usr/bin/python3 (found suitable version "3.8.10", minimum required is "3") 
[4.598s] -- Using PYTHON_EXECUTABLE: /usr/bin/python3
[6.054s] -- Found rclcpp: 2.4.3 (/opt/ros/foxy/share/rclcpp/cmake)
[6.564s] -- Using all available rosidl_typesupport_c: rosidl_typesupport_fastrtps_c;rosidl_typesupport_introspection_c
[6.607s] -- Found rosidl_adapter: 1.3.1 (/opt/ros/foxy/share/rosidl_adapter/cmake)
[7.297s] -- Found OpenSSL: /usr/lib/aarch64-linux-gnu/libcrypto.so (found version "1.1.1f")  
[7.457s] -- Found FastRTPS: /opt/ros/foxy/include  
[8.057s] -- Using all available rosidl_typesupport_cpp: rosidl_typesupport_fastrtps_cpp;rosidl_typesupport_introspection_cpp
[8.518s] -- Found rmw_implementation_cmake: 1.0.4 (/opt/ros/foxy/share/rmw_implementation_cmake/cmake)
[8.527s] -- Using RMW implementation 'rmw_fastrtps_cpp' as default
[8.534s] -- Looking for pthread.h
[9.196s] -- Looking for pthread.h - found
[9.197s] -- Performing Test CMAKE_HAVE_LIBC_PTHREAD
[9.793s] -- Performing Test CMAKE_HAVE_LIBC_PTHREAD - Failed
[9.795s] -- Looking for pthread_create in pthreads
[10.277s] -- Looking for pthread_create in pthreads - not found
[10.278s] -- Looking for pthread_create in pthread
[10.852s] -- Looking for pthread_create in pthread - found
[10.857s] -- Found Threads: TRUE  
[11.950s] CMake Error at CMakeLists.txt:16 (find_package):
[11.950s]   By not providing "Findackermann_msgs.cmake" in CMAKE_MODULE_PATH this
[11.951s]   project has asked CMake to find a package configuration file provided by
[11.951s]   "ackermann_msgs", but CMake did not find one.
[11.952s] 
[11.952s]   Could not find a package configuration file provided by "ackermann_msgs"
[11.952s]   with any of the following names:
[11.953s] 
[11.953s]     ackermann_msgsConfig.cmake
[11.954s]     ackermann_msgs-config.cmake
[11.954s] 
[11.954s]   Add the installation prefix of "ackermann_msgs" to CMAKE_PREFIX_PATH or set
[11.955s]   "ackermann_msgs_DIR" to a directory containing one of the above files.  If
[11.955s]   "ackermann_msgs" provides a separate development package or SDK, be sure it
[11.955s]   has been installed.
[11.956s] 
[11.956s] 
[11.964s] -- Configuring incomplete, errors occurred!
[11.964s] See also "/home/yundo/f1tenth_ws/build/ackermann_mux/CMakeFiles/CMakeOutput.log".
[11.965s] See also "/home/yundo/f1tenth_ws/build/ackermann_mux/CMakeFiles/CMakeError.log".
[11.997s] Invoked command in '/home/yundo/f1tenth_ws/build/ackermann_mux' returned '1': BYOBU_DATE=%Y-%m-%d CMAKE_PREFIX_PATH=/opt/ros/foxy /usr/bin/cmake /home/yundo/f1tenth_ws/src/f1tenth_system/ackermann_mux -DCMAKE_INSTALL_PREFIX=/home/yundo/f1tenth_ws/install/ackermann_mux
