[0.058s] Invoking command in '/home/yundo/f1tenth_ws/build/safety_node': BYOBU_DATE=%Y-%m-%d CMAKE_PREFIX_PATH=/home/yundo/f1tenth_ws/install/safety_node:/home/yundo/f1tenth_ws/install/teleop_tools:/home/yundo/f1tenth_ws/install/teleop_tools_msgs:/home/yundo/f1tenth_ws/install/ackermann_mux:/home/yundo/vesc_ws/install/vesc:/home/yundo/vesc_ws/install/vesc_driver:/home/yundo/vesc_ws/install/vesc_ackermann:/home/yundo/f1tenth_ws/install/f1tenth_stack:/home/yundo/f1tenth_ws/install/joy_teleop:/home/yundo/f1tenth_ws/install/mouse_teleop:/home/yundo/f1tenth_ws/install/key_teleop:/opt/ros/foxy:/home/yundo/vesc_ws/install/vesc_msgs:/home/yundo/vesc_ws/install/udp_driver:/home/yundo/vesc_ws/install/io_context:/home/yundo/vesc_ws/install/asio_cmake_module:/home/yundo/ydlidar_ws/install/ydlidar_ros2_driver /usr/bin/cmake --build /home/yundo/f1tenth_ws/build/safety_node -- -j4 -l4
[0.199s] -- Found ament_cmake: 0.9.12 (/opt/ros/foxy/share/ament_cmake/cmake)
[0.321s] -- Using PYTHON_EXECUTABLE: /usr/bin/python3
[1.467s] -- Found rclcpp: 2.4.3 (/opt/ros/foxy/share/rclcpp/cmake)
[1.698s] -- Using all available rosidl_typesupport_c: rosidl_typesupport_fastrtps_c;rosidl_typesupport_introspection_c
[1.721s] -- Found rosidl_adapter: 1.3.1 (/opt/ros/foxy/share/rosidl_adapter/cmake)
[2.387s] -- Using all available rosidl_typesupport_cpp: rosidl_typesupport_fastrtps_cpp;rosidl_typesupport_introspection_cpp
[2.665s] -- Found rmw_implementation_cmake: 1.0.4 (/opt/ros/foxy/share/rmw_implementation_cmake/cmake)
[2.676s] -- Using RMW implementation 'rmw_fastrtps_cpp' as default
[3.833s] -- Found rclpy: 1.0.13 (/opt/ros/foxy/share/rclpy/cmake)
[3.835s] -- Found nav_msgs: 2.0.5 (/opt/ros/foxy/share/nav_msgs/cmake)
[4.765s] -- Found ackermann_msgs: 2.0.2 (/opt/ros/foxy/share/ackermann_msgs/cmake)
[4.965s] -- Found sensor_msgs: 2.0.5 (/opt/ros/foxy/share/sensor_msgs/cmake)
[5.674s] -- Found ament_lint_auto: 0.9.8 (/opt/ros/foxy/share/ament_lint_auto/cmake)
[6.206s] -- Added test 'copyright' to check source files copyright and LICENSE
[6.212s] -- Added test 'cppcheck' to perform static code analysis on C / C++ code
[6.213s] -- Configured cppcheck include dirs: 
[6.213s] -- Configured cppcheck exclude dirs and/or files: 
[6.217s] -- Added test 'cpplint' to check C / C++ code against the Google style
[6.218s] -- Configured cpplint exclude dirs and/or files: 
[6.219s] -- Added test 'flake8' to check Python code syntax and style conventions
[6.222s] -- Added test 'lint_cmake' to check CMake code style
[6.224s] -- Added test 'pep257' to check Python code against some of the style conventions in PEP 257
[6.228s] -- Added test 'uncrustify' to check C / C++ code style
[6.228s] -- Configured uncrustify additional arguments: 
[6.230s] -- Added test 'xmllint' to check XML markup files
[6.244s] -- Configuring done
[6.261s] -- Generating done
[6.269s] -- Build files have been written to: /home/yundo/f1tenth_ws/build/safety_node
[6.424s] Invoked command in '/home/yundo/f1tenth_ws/build/safety_node' returned '0': BYOBU_DATE=%Y-%m-%d CMAKE_PREFIX_PATH=/home/yundo/f1tenth_ws/install/safety_node:/home/yundo/f1tenth_ws/install/teleop_tools:/home/yundo/f1tenth_ws/install/teleop_tools_msgs:/home/yundo/f1tenth_ws/install/ackermann_mux:/home/yundo/vesc_ws/install/vesc:/home/yundo/vesc_ws/install/vesc_driver:/home/yundo/vesc_ws/install/vesc_ackermann:/home/yundo/f1tenth_ws/install/f1tenth_stack:/home/yundo/f1tenth_ws/install/joy_teleop:/home/yundo/f1tenth_ws/install/mouse_teleop:/home/yundo/f1tenth_ws/install/key_teleop:/opt/ros/foxy:/home/yundo/vesc_ws/install/vesc_msgs:/home/yundo/vesc_ws/install/udp_driver:/home/yundo/vesc_ws/install/io_context:/home/yundo/vesc_ws/install/asio_cmake_module:/home/yundo/ydlidar_ws/install/ydlidar_ros2_driver /usr/bin/cmake --build /home/yundo/f1tenth_ws/build/safety_node -- -j4 -l4
[6.513s] Invoking command in '/home/yundo/f1tenth_ws/build/safety_node': BYOBU_DATE=%Y-%m-%d CMAKE_PREFIX_PATH=/home/yundo/f1tenth_ws/install/safety_node:/home/yundo/f1tenth_ws/install/teleop_tools:/home/yundo/f1tenth_ws/install/teleop_tools_msgs:/home/yundo/f1tenth_ws/install/ackermann_mux:/home/yundo/vesc_ws/install/vesc:/home/yundo/vesc_ws/install/vesc_driver:/home/yundo/vesc_ws/install/vesc_ackermann:/home/yundo/f1tenth_ws/install/f1tenth_stack:/home/yundo/f1tenth_ws/install/joy_teleop:/home/yundo/f1tenth_ws/install/mouse_teleop:/home/yundo/f1tenth_ws/install/key_teleop:/opt/ros/foxy:/home/yundo/vesc_ws/install/vesc_msgs:/home/yundo/vesc_ws/install/udp_driver:/home/yundo/vesc_ws/install/io_context:/home/yundo/vesc_ws/install/asio_cmake_module:/home/yundo/ydlidar_ws/install/ydlidar_ros2_driver /usr/bin/cmake --install /home/yundo/f1tenth_ws/build/safety_node
[6.572s] -- Install configuration: ""
[6.574s] -- Up-to-date: /home/yundo/f1tenth_ws/install/safety_node/share/safety_node/environment/pythonpath.sh
[6.574s] -- Installing: /home/yundo/f1tenth_ws/install/safety_node/share/safety_node/environment/pythonpath.dsv
[6.576s] -- Up-to-date: /home/yundo/f1tenth_ws/install/safety_node/lib/python3.8/site-packages/safety_node
[6.578s] -- Up-to-date: /home/yundo/f1tenth_ws/install/safety_node/lib/python3.8/site-packages/safety_node/safety_node.py
[6.578s] -- Up-to-date: /home/yundo/f1tenth_ws/install/safety_node/lib/python3.8/site-packages/safety_node/__init__.py
[6.772s] Listing '/home/yundo/f1tenth_ws/install/safety_node/lib/python3.8/site-packages/safety_node'...
[6.800s] -- Installing: /home/yundo/f1tenth_ws/install/safety_node/lib/safety_node/safety_node.py
[6.801s] -- Up-to-date: /home/yundo/f1tenth_ws/install/safety_node/share/ament_index/resource_index/package_run_dependencies/safety_node
[6.801s] -- Installing: /home/yundo/f1tenth_ws/install/safety_node/share/ament_index/resource_index/parent_prefix_path/safety_node
[6.802s] -- Up-to-date: /home/yundo/f1tenth_ws/install/safety_node/share/safety_node/environment/ament_prefix_path.sh
[6.802s] -- Installing: /home/yundo/f1tenth_ws/install/safety_node/share/safety_node/environment/ament_prefix_path.dsv
[6.803s] -- Up-to-date: /home/yundo/f1tenth_ws/install/safety_node/share/safety_node/environment/path.sh
[6.804s] -- Installing: /home/yundo/f1tenth_ws/install/safety_node/share/safety_node/environment/path.dsv
[6.806s] -- Up-to-date: /home/yundo/f1tenth_ws/install/safety_node/share/safety_node/local_setup.bash
[6.806s] -- Up-to-date: /home/yundo/f1tenth_ws/install/safety_node/share/safety_node/local_setup.sh
[6.807s] -- Up-to-date: /home/yundo/f1tenth_ws/install/safety_node/share/safety_node/local_setup.zsh
[6.807s] -- Installing: /home/yundo/f1tenth_ws/install/safety_node/share/safety_node/local_setup.dsv
[6.808s] -- Installing: /home/yundo/f1tenth_ws/install/safety_node/share/safety_node/package.dsv
[6.808s] -- Up-to-date: /home/yundo/f1tenth_ws/install/safety_node/share/ament_index/resource_index/packages/safety_node
[6.808s] -- Up-to-date: /home/yundo/f1tenth_ws/install/safety_node/share/safety_node/cmake/safety_nodeConfig.cmake
[6.810s] -- Up-to-date: /home/yundo/f1tenth_ws/install/safety_node/share/safety_node/cmake/safety_nodeConfig-version.cmake
[6.811s] -- Up-to-date: /home/yundo/f1tenth_ws/install/safety_node/share/safety_node/package.xml
[6.817s] Invoked command in '/home/yundo/f1tenth_ws/build/safety_node' returned '0': BYOBU_DATE=%Y-%m-%d CMAKE_PREFIX_PATH=/home/yundo/f1tenth_ws/install/safety_node:/home/yundo/f1tenth_ws/install/teleop_tools:/home/yundo/f1tenth_ws/install/teleop_tools_msgs:/home/yundo/f1tenth_ws/install/ackermann_mux:/home/yundo/vesc_ws/install/vesc:/home/yundo/vesc_ws/install/vesc_driver:/home/yundo/vesc_ws/install/vesc_ackermann:/home/yundo/f1tenth_ws/install/f1tenth_stack:/home/yundo/f1tenth_ws/install/joy_teleop:/home/yundo/f1tenth_ws/install/mouse_teleop:/home/yundo/f1tenth_ws/install/key_teleop:/opt/ros/foxy:/home/yundo/vesc_ws/install/vesc_msgs:/home/yundo/vesc_ws/install/udp_driver:/home/yundo/vesc_ws/install/io_context:/home/yundo/vesc_ws/install/asio_cmake_module:/home/yundo/ydlidar_ws/install/ydlidar_ros2_driver /usr/bin/cmake --install /home/yundo/f1tenth_ws/build/safety_node
