[3.703s] Invoking command in '/home/yundo/f1tenth_ws/src/f1tenth_system/f1tenth_stack': AMENT_PREFIX_PATH=/home/yundo/f1tenth_ws/install/vesc:/home/yundo/f1tenth_ws/install/vesc_driver:/home/yundo/f1tenth_ws/install/vesc_ackermann:/home/yundo/f1tenth_ws/install/joy_teleop:/home/yundo/f1tenth_ws/install/vesc_msgs:/home/yundo/f1tenth_ws/install/teleop_tools_msgs:/home/yundo/f1tenth_ws/install/ackermann_mux:${AMENT_PREFIX_PATH} BYOBU_DATE=%Y-%m-%d CMAKE_PREFIX_PATH=/home/yundo/f1tenth_ws/install/vesc:/home/yundo/f1tenth_ws/install/vesc_driver:/home/yundo/f1tenth_ws/install/vesc_ackermann:/home/yundo/f1tenth_ws/install/vesc_msgs:/home/yundo/f1tenth_ws/install/teleop_tools_msgs:/home/yundo/f1tenth_ws/install/ackermann_mux LD_LIBRARY_PATH=/home/yundo/f1tenth_ws/install/vesc_driver/lib:/home/yundo/f1tenth_ws/install/vesc_ackermann/lib:/home/yundo/f1tenth_ws/install/vesc_msgs/lib:/home/yundo/f1tenth_ws/install/teleop_tools_msgs/lib:${LD_LIBRARY_PATH} PYTHONPATH=/home/yundo/f1tenth_ws/build/f1tenth_stack/prefix_override:/home/yundo/f1tenth_ws/install/f1tenth_stack/lib/python3.8/site-packages:/home/yundo/f1tenth_ws/install/joy_teleop/lib/python3.8/site-packages:/home/yundo/f1tenth_ws/install/vesc_msgs/lib/python3.8/site-packages:/home/yundo/f1tenth_ws/install/teleop_tools_msgs/lib/python3.8/site-packages:${PYTHONPATH} /usr/bin/python3 -W ignore:setup.py install is deprecated setup.py egg_info --egg-base ../../../build/f1tenth_stack build --build-base /home/yundo/f1tenth_ws/build/f1tenth_stack/build install --record /home/yundo/f1tenth_ws/build/f1tenth_stack/install.log --install-scripts $base/lib/f1tenth_stack --single-version-externally-managed install_data
[4.742s] /usr/local/lib/python3.8/dist-packages/setuptools/dist.py:717: UserWarning: Usage of dash-separated 'script-dir' will not be supported in future versions. Please use the underscore name 'script_dir' instead
[4.742s]   warnings.warn(
[4.873s] running egg_info
[4.876s] creating ../../../build/f1tenth_stack/f1tenth_stack.egg-info
[4.876s] writing ../../../build/f1tenth_stack/f1tenth_stack.egg-info/PKG-INFO
[4.877s] writing dependency_links to ../../../build/f1tenth_stack/f1tenth_stack.egg-info/dependency_links.txt
[4.878s] writing entry points to ../../../build/f1tenth_stack/f1tenth_stack.egg-info/entry_points.txt
[4.878s] writing requirements to ../../../build/f1tenth_stack/f1tenth_stack.egg-info/requires.txt
[4.878s] writing top-level names to ../../../build/f1tenth_stack/f1tenth_stack.egg-info/top_level.txt
[4.883s] writing manifest file '../../../build/f1tenth_stack/f1tenth_stack.egg-info/SOURCES.txt'
[4.892s] reading manifest file '../../../build/f1tenth_stack/f1tenth_stack.egg-info/SOURCES.txt'
[4.896s] writing manifest file '../../../build/f1tenth_stack/f1tenth_stack.egg-info/SOURCES.txt'
[4.897s] running build
[4.897s] running build_py
[4.898s] creating /home/yundo/f1tenth_ws/build/f1tenth_stack/build
[4.898s] creating /home/yundo/f1tenth_ws/build/f1tenth_stack/build/lib
[4.898s] creating /home/yundo/f1tenth_ws/build/f1tenth_stack/build/lib/f1tenth_stack
[4.899s] copying f1tenth_stack/tf_publisher.py -> /home/yundo/f1tenth_ws/build/f1tenth_stack/build/lib/f1tenth_stack
[4.899s] copying f1tenth_stack/throttle_interpolator.py -> /home/yundo/f1tenth_ws/build/f1tenth_stack/build/lib/f1tenth_stack
[4.900s] copying f1tenth_stack/__init__.py -> /home/yundo/f1tenth_ws/build/f1tenth_stack/build/lib/f1tenth_stack
[4.900s] running install
[4.904s] running install_lib
[4.907s] creating /home/yundo/f1tenth_ws/install/f1tenth_stack/lib/python3.8/site-packages/f1tenth_stack
[4.907s] copying /home/yundo/f1tenth_ws/build/f1tenth_stack/build/lib/f1tenth_stack/tf_publisher.py -> /home/yundo/f1tenth_ws/install/f1tenth_stack/lib/python3.8/site-packages/f1tenth_stack
[4.908s] copying /home/yundo/f1tenth_ws/build/f1tenth_stack/build/lib/f1tenth_stack/throttle_interpolator.py -> /home/yundo/f1tenth_ws/install/f1tenth_stack/lib/python3.8/site-packages/f1tenth_stack
[4.908s] copying /home/yundo/f1tenth_ws/build/f1tenth_stack/build/lib/f1tenth_stack/__init__.py -> /home/yundo/f1tenth_ws/install/f1tenth_stack/lib/python3.8/site-packages/f1tenth_stack
[4.910s] byte-compiling /home/yundo/f1tenth_ws/install/f1tenth_stack/lib/python3.8/site-packages/f1tenth_stack/tf_publisher.py to tf_publisher.cpython-38.pyc
[4.912s] byte-compiling /home/yundo/f1tenth_ws/install/f1tenth_stack/lib/python3.8/site-packages/f1tenth_stack/throttle_interpolator.py to throttle_interpolator.cpython-38.pyc
[4.915s] byte-compiling /home/yundo/f1tenth_ws/install/f1tenth_stack/lib/python3.8/site-packages/f1tenth_stack/__init__.py to __init__.cpython-38.pyc
[4.916s] running install_data
[4.916s] creating /home/yundo/f1tenth_ws/install/f1tenth_stack/share/ament_index
[4.917s] creating /home/yundo/f1tenth_ws/install/f1tenth_stack/share/ament_index/resource_index
[4.917s] creating /home/yundo/f1tenth_ws/install/f1tenth_stack/share/ament_index/resource_index/packages
[4.918s] copying resource/f1tenth_stack -> /home/yundo/f1tenth_ws/install/f1tenth_stack/share/ament_index/resource_index/packages
[4.918s] copying package.xml -> /home/yundo/f1tenth_ws/install/f1tenth_stack/share/f1tenth_stack
[4.919s] creating /home/yundo/f1tenth_ws/install/f1tenth_stack/share/f1tenth_stack/launch
[4.919s] copying launch/bringup_launch.py -> /home/yundo/f1tenth_ws/install/f1tenth_stack/share/f1tenth_stack/launch
[4.919s] creating /home/yundo/f1tenth_ws/install/f1tenth_stack/share/f1tenth_stack/config
[4.920s] copying config/joy_teleop.yaml -> /home/yundo/f1tenth_ws/install/f1tenth_stack/share/f1tenth_stack/config
[4.920s] copying config/sensors.yaml -> /home/yundo/f1tenth_ws/install/f1tenth_stack/share/f1tenth_stack/config
[4.921s] copying config/ydlidar.yaml -> /home/yundo/f1tenth_ws/install/f1tenth_stack/share/f1tenth_stack/config
[4.921s] copying config/mux.yaml -> /home/yundo/f1tenth_ws/install/f1tenth_stack/share/f1tenth_stack/config
[4.921s] copying config/vesc.yaml -> /home/yundo/f1tenth_ws/install/f1tenth_stack/share/f1tenth_stack/config
[4.922s] copying config/f1tenth_online_async.yaml -> /home/yundo/f1tenth_ws/install/f1tenth_stack/share/f1tenth_stack/config
[4.922s] running install_egg_info
[4.929s] Copying ../../../build/f1tenth_stack/f1tenth_stack.egg-info to /home/yundo/f1tenth_ws/install/f1tenth_stack/lib/python3.8/site-packages/f1tenth_stack-0.0.1-py3.8.egg-info
[4.932s] running install_scripts
[5.006s] Installing tf_publisher script to /home/yundo/f1tenth_ws/install/f1tenth_stack/lib/f1tenth_stack
[5.006s] Installing throttle_interpolator script to /home/yundo/f1tenth_ws/install/f1tenth_stack/lib/f1tenth_stack
[5.007s] writing list of installed files to '/home/yundo/f1tenth_ws/build/f1tenth_stack/install.log'
[5.108s] Invoked command in '/home/yundo/f1tenth_ws/src/f1tenth_system/f1tenth_stack' returned '0': AMENT_PREFIX_PATH=/home/yundo/f1tenth_ws/install/vesc:/home/yundo/f1tenth_ws/install/vesc_driver:/home/yundo/f1tenth_ws/install/vesc_ackermann:/home/yundo/f1tenth_ws/install/joy_teleop:/home/yundo/f1tenth_ws/install/vesc_msgs:/home/yundo/f1tenth_ws/install/teleop_tools_msgs:/home/yundo/f1tenth_ws/install/ackermann_mux:${AMENT_PREFIX_PATH} BYOBU_DATE=%Y-%m-%d CMAKE_PREFIX_PATH=/home/yundo/f1tenth_ws/install/vesc:/home/yundo/f1tenth_ws/install/vesc_driver:/home/yundo/f1tenth_ws/install/vesc_ackermann:/home/yundo/f1tenth_ws/install/vesc_msgs:/home/yundo/f1tenth_ws/install/teleop_tools_msgs:/home/yundo/f1tenth_ws/install/ackermann_mux LD_LIBRARY_PATH=/home/yundo/f1tenth_ws/install/vesc_driver/lib:/home/yundo/f1tenth_ws/install/vesc_ackermann/lib:/home/yundo/f1tenth_ws/install/vesc_msgs/lib:/home/yundo/f1tenth_ws/install/teleop_tools_msgs/lib:${LD_LIBRARY_PATH} PYTHONPATH=/home/yundo/f1tenth_ws/build/f1tenth_stack/prefix_override:/home/yundo/f1tenth_ws/install/f1tenth_stack/lib/python3.8/site-packages:/home/yundo/f1tenth_ws/install/joy_teleop/lib/python3.8/site-packages:/home/yundo/f1tenth_ws/install/vesc_msgs/lib/python3.8/site-packages:/home/yundo/f1tenth_ws/install/teleop_tools_msgs/lib/python3.8/site-packages:${PYTHONPATH} /usr/bin/python3 -W ignore:setup.py install is deprecated setup.py egg_info --egg-base ../../../build/f1tenth_stack build --build-base /home/yundo/f1tenth_ws/build/f1tenth_stack/build install --record /home/yundo/f1tenth_ws/build/f1tenth_stack/install.log --install-scripts $base/lib/f1tenth_stack --single-version-externally-managed install_data
