/usr/local/lib/python3.8/dist-packages/setuptools/dist.py:717: UserWarning: Usage of dash-separated 'script-dir' will not be supported in future versions. Please use the underscore name 'script_dir' instead
  warnings.warn(
running egg_info
creating ../../../../build/mouse_teleop/mouse_teleop.egg-info
writing ../../../../build/mouse_teleop/mouse_teleop.egg-info/PKG-INFO
writing dependency_links to ../../../../build/mouse_teleop/mouse_teleop.egg-info/dependency_links.txt
writing entry points to ../../../../build/mouse_teleop/mouse_teleop.egg-info/entry_points.txt
writing requirements to ../../../../build/mouse_teleop/mouse_teleop.egg-info/requires.txt
writing top-level names to ../../../../build/mouse_teleop/mouse_teleop.egg-info/top_level.txt
writing manifest file '../../../../build/mouse_teleop/mouse_teleop.egg-info/SOURCES.txt'
reading manifest file '../../../../build/mouse_teleop/mouse_teleop.egg-info/SOURCES.txt'
adding license file 'LICENSE'
writing manifest file '../../../../build/mouse_teleop/mouse_teleop.egg-info/SOURCES.txt'
running build
running build_py
creating /home/yundo/f1tenth_ws/build/mouse_teleop/build
creating /home/yundo/f1tenth_ws/build/mouse_teleop/build/lib
creating /home/yundo/f1tenth_ws/build/mouse_teleop/build/lib/mouse_teleop
copying mouse_teleop/mouse_teleop.py -> /home/yundo/f1tenth_ws/build/mouse_teleop/build/lib/mouse_teleop
copying mouse_teleop/__init__.py -> /home/yundo/f1tenth_ws/build/mouse_teleop/build/lib/mouse_teleop
running install
running install_lib
creating /home/yundo/f1tenth_ws/install/mouse_teleop/lib/python3.8/site-packages/mouse_teleop
copying /home/yundo/f1tenth_ws/build/mouse_teleop/build/lib/mouse_teleop/mouse_teleop.py -> /home/yundo/f1tenth_ws/install/mouse_teleop/lib/python3.8/site-packages/mouse_teleop
copying /home/yundo/f1tenth_ws/build/mouse_teleop/build/lib/mouse_teleop/__init__.py -> /home/yundo/f1tenth_ws/install/mouse_teleop/lib/python3.8/site-packages/mouse_teleop
byte-compiling /home/yundo/f1tenth_ws/install/mouse_teleop/lib/python3.8/site-packages/mouse_teleop/mouse_teleop.py to mouse_teleop.cpython-38.pyc
byte-compiling /home/yundo/f1tenth_ws/install/mouse_teleop/lib/python3.8/site-packages/mouse_teleop/__init__.py to __init__.cpython-38.pyc
running install_data
copying package.xml -> /home/yundo/f1tenth_ws/install/mouse_teleop/share/mouse_teleop
creating /home/yundo/f1tenth_ws/install/mouse_teleop/share/mouse_teleop/config
copying config/mouse_teleop.yaml -> /home/yundo/f1tenth_ws/install/mouse_teleop/share/mouse_teleop/config
creating /home/yundo/f1tenth_ws/install/mouse_teleop/share/mouse_teleop/launch
copying launch/mouse_teleop.launch.py -> /home/yundo/f1tenth_ws/install/mouse_teleop/share/mouse_teleop/launch
creating /home/yundo/f1tenth_ws/install/mouse_teleop/share/ament_index
creating /home/yundo/f1tenth_ws/install/mouse_teleop/share/ament_index/resource_index
creating /home/yundo/f1tenth_ws/install/mouse_teleop/share/ament_index/resource_index/packages
copying resource/mouse_teleop -> /home/yundo/f1tenth_ws/install/mouse_teleop/share/ament_index/resource_index/packages
running install_egg_info
Copying ../../../../build/mouse_teleop/mouse_teleop.egg-info to /home/yundo/f1tenth_ws/install/mouse_teleop/lib/python3.8/site-packages/mouse_teleop-0.3.0-py3.8.egg-info
running install_scripts
Installing mouse_teleop script to /home/yundo/f1tenth_ws/install/mouse_teleop/lib/mouse_teleop
writing list of installed files to '/home/yundo/f1tenth_ws/build/mouse_teleop/install.log'
