[6.192s] Invoking command in '/home/yundo/f1tenth_ws/src/f1tenth_system/teleop_tools/key_teleop': BYOBU_DATE=%Y-%m-%d PYTHONPATH=/home/yundo/f1tenth_ws/build/key_teleop/prefix_override:/home/yundo/f1tenth_ws/install/key_teleop/lib/python3.8/site-packages:${PYTHONPATH} /usr/bin/python3 -W ignore:setup.py install is deprecated setup.py egg_info --egg-base ../../../../build/key_teleop build --build-base /home/yundo/f1tenth_ws/build/key_teleop/build install --record /home/yundo/f1tenth_ws/build/key_teleop/install.log --install-scripts $base/lib/key_teleop --single-version-externally-managed install_data
[7.468s] /usr/local/lib/python3.8/dist-packages/setuptools/dist.py:717: UserWarning: Usage of dash-separated 'script-dir' will not be supported in future versions. Please use the underscore name 'script_dir' instead
[7.468s]   warnings.warn(
[7.696s] running egg_info
[7.699s] creating ../../../../build/key_teleop/key_teleop.egg-info
[7.701s] writing ../../../../build/key_teleop/key_teleop.egg-info/PKG-INFO
[7.702s] writing dependency_links to ../../../../build/key_teleop/key_teleop.egg-info/dependency_links.txt
[7.703s] writing entry points to ../../../../build/key_teleop/key_teleop.egg-info/entry_points.txt
[7.704s] writing requirements to ../../../../build/key_teleop/key_teleop.egg-info/requires.txt
[7.705s] writing top-level names to ../../../../build/key_teleop/key_teleop.egg-info/top_level.txt
[7.722s] writing manifest file '../../../../build/key_teleop/key_teleop.egg-info/SOURCES.txt'
[7.736s] reading manifest file '../../../../build/key_teleop/key_teleop.egg-info/SOURCES.txt'
[7.737s] adding license file 'LICENSE'
[7.740s] writing manifest file '../../../../build/key_teleop/key_teleop.egg-info/SOURCES.txt'
[7.745s] running build
[7.745s] running build_py
[7.746s] creating /home/yundo/f1tenth_ws/build/key_teleop/build
[7.747s] creating /home/yundo/f1tenth_ws/build/key_teleop/build/lib
[7.747s] creating /home/yundo/f1tenth_ws/build/key_teleop/build/lib/key_teleop
[7.748s] copying key_teleop/__init__.py -> /home/yundo/f1tenth_ws/build/key_teleop/build/lib/key_teleop
[7.748s] copying key_teleop/key_teleop.py -> /home/yundo/f1tenth_ws/build/key_teleop/build/lib/key_teleop
[7.749s] running install
[7.753s] running install_lib
[7.759s] creating /home/yundo/f1tenth_ws/install/key_teleop/lib/python3.8/site-packages/key_teleop
[7.761s] copying /home/yundo/f1tenth_ws/build/key_teleop/build/lib/key_teleop/__init__.py -> /home/yundo/f1tenth_ws/install/key_teleop/lib/python3.8/site-packages/key_teleop
[7.762s] copying /home/yundo/f1tenth_ws/build/key_teleop/build/lib/key_teleop/key_teleop.py -> /home/yundo/f1tenth_ws/install/key_teleop/lib/python3.8/site-packages/key_teleop
[7.765s] byte-compiling /home/yundo/f1tenth_ws/install/key_teleop/lib/python3.8/site-packages/key_teleop/__init__.py to __init__.cpython-38.pyc
[7.767s] byte-compiling /home/yundo/f1tenth_ws/install/key_teleop/lib/python3.8/site-packages/key_teleop/key_teleop.py to key_teleop.cpython-38.pyc
[7.773s] running install_data
[7.774s] copying package.xml -> /home/yundo/f1tenth_ws/install/key_teleop/share/key_teleop
[7.776s] creating /home/yundo/f1tenth_ws/install/key_teleop/share/key_teleop/config
[7.777s] copying config/key_teleop.yaml -> /home/yundo/f1tenth_ws/install/key_teleop/share/key_teleop/config
[7.781s] creating /home/yundo/f1tenth_ws/install/key_teleop/share/ament_index
[7.782s] creating /home/yundo/f1tenth_ws/install/key_teleop/share/ament_index/resource_index
[7.783s] creating /home/yundo/f1tenth_ws/install/key_teleop/share/ament_index/resource_index/packages
[7.784s] copying resource/key_teleop -> /home/yundo/f1tenth_ws/install/key_teleop/share/ament_index/resource_index/packages
[7.785s] running install_egg_info
[7.794s] Copying ../../../../build/key_teleop/key_teleop.egg-info to /home/yundo/f1tenth_ws/install/key_teleop/lib/python3.8/site-packages/key_teleop-0.3.0-py3.8.egg-info
[7.799s] running install_scripts
[7.885s] Installing key_teleop script to /home/yundo/f1tenth_ws/install/key_teleop/lib/key_teleop
[7.887s] writing list of installed files to '/home/yundo/f1tenth_ws/build/key_teleop/install.log'
[8.015s] Invoked command in '/home/yundo/f1tenth_ws/src/f1tenth_system/teleop_tools/key_teleop' returned '0': BYOBU_DATE=%Y-%m-%d PYTHONPATH=/home/yundo/f1tenth_ws/build/key_teleop/prefix_override:/home/yundo/f1tenth_ws/install/key_teleop/lib/python3.8/site-packages:${PYTHONPATH} /usr/bin/python3 -W ignore:setup.py install is deprecated setup.py egg_info --egg-base ../../../../build/key_teleop build --build-base /home/yundo/f1tenth_ws/build/key_teleop/build install --record /home/yundo/f1tenth_ws/build/key_teleop/install.log --install-scripts $base/lib/key_teleop --single-version-externally-managed install_data
