[0.056s] Invoking command in '/home/yundo/f1tenth_ws/build/teleop_tools': AMENT_PREFIX_PATH=/home/yundo/f1tenth_ws/install/joy_teleop:/home/yundo/f1tenth_ws/install/teleop_tools_msgs:/home/yundo/f1tenth_ws/install/key_teleop:${AMENT_PREFIX_PATH} BYOBU_DATE=%Y-%m-%d CMAKE_PREFIX_PATH=/home/yundo/f1tenth_ws/install/teleop_tools_msgs:/opt/ros/foxy LD_LIBRARY_PATH=/home/yundo/f1tenth_ws/install/teleop_tools_msgs/lib:${LD_LIBRARY_PATH} PYTHONPATH=/home/yundo/f1tenth_ws/install/joy_teleop/lib/python3.8/site-packages:/home/yundo/f1tenth_ws/install/teleop_tools_msgs/lib/python3.8/site-packages:/home/yundo/f1tenth_ws/install/key_teleop/lib/python3.8/site-packages:${PYTHONPATH} /usr/bin/cmake --build /home/yundo/f1tenth_ws/build/teleop_tools -- -j4 -l4
[0.211s] Invoked command in '/home/yundo/f1tenth_ws/build/teleop_tools' returned '0': AMENT_PREFIX_PATH=/home/yundo/f1tenth_ws/install/joy_teleop:/home/yundo/f1tenth_ws/install/teleop_tools_msgs:/home/yundo/f1tenth_ws/install/key_teleop:${AMENT_PREFIX_PATH} BYOBU_DATE=%Y-%m-%d CMAKE_PREFIX_PATH=/home/yundo/f1tenth_ws/install/teleop_tools_msgs:/opt/ros/foxy LD_LIBRARY_PATH=/home/yundo/f1tenth_ws/install/teleop_tools_msgs/lib:${LD_LIBRARY_PATH} PYTHONPATH=/home/yundo/f1tenth_ws/install/joy_teleop/lib/python3.8/site-packages:/home/yundo/f1tenth_ws/install/teleop_tools_msgs/lib/python3.8/site-packages:/home/yundo/f1tenth_ws/install/key_teleop/lib/python3.8/site-packages:${PYTHONPATH} /usr/bin/cmake --build /home/yundo/f1tenth_ws/build/teleop_tools -- -j4 -l4
[0.293s] Invoking command in '/home/yundo/f1tenth_ws/build/teleop_tools': AMENT_PREFIX_PATH=/home/yundo/f1tenth_ws/install/joy_teleop:/home/yundo/f1tenth_ws/install/teleop_tools_msgs:/home/yundo/f1tenth_ws/install/key_teleop:${AMENT_PREFIX_PATH} BYOBU_DATE=%Y-%m-%d CMAKE_PREFIX_PATH=/home/yundo/f1tenth_ws/install/teleop_tools_msgs:/opt/ros/foxy LD_LIBRARY_PATH=/home/yundo/f1tenth_ws/install/teleop_tools_msgs/lib:${LD_LIBRARY_PATH} PYTHONPATH=/home/yundo/f1tenth_ws/install/joy_teleop/lib/python3.8/site-packages:/home/yundo/f1tenth_ws/install/teleop_tools_msgs/lib/python3.8/site-packages:/home/yundo/f1tenth_ws/install/key_teleop/lib/python3.8/site-packages:${PYTHONPATH} /usr/bin/cmake --install /home/yundo/f1tenth_ws/build/teleop_tools
[0.329s] -- Install configuration: ""
[0.330s] -- Up-to-date: /home/yundo/f1tenth_ws/install/teleop_tools/share/ament_index/resource_index/package_run_dependencies/teleop_tools
[0.331s] -- Up-to-date: /home/yundo/f1tenth_ws/install/teleop_tools/share/ament_index/resource_index/parent_prefix_path/teleop_tools
[0.332s] -- Up-to-date: /home/yundo/f1tenth_ws/install/teleop_tools/share/teleop_tools/environment/ament_prefix_path.sh
[0.333s] -- Up-to-date: /home/yundo/f1tenth_ws/install/teleop_tools/share/teleop_tools/environment/ament_prefix_path.dsv
[0.334s] -- Up-to-date: /home/yundo/f1tenth_ws/install/teleop_tools/share/teleop_tools/environment/path.sh
[0.335s] -- Up-to-date: /home/yundo/f1tenth_ws/install/teleop_tools/share/teleop_tools/environment/path.dsv
[0.336s] -- Up-to-date: /home/yundo/f1tenth_ws/install/teleop_tools/share/teleop_tools/local_setup.bash
[0.337s] -- Up-to-date: /home/yundo/f1tenth_ws/install/teleop_tools/share/teleop_tools/local_setup.sh
[0.337s] -- Up-to-date: /home/yundo/f1tenth_ws/install/teleop_tools/share/teleop_tools/local_setup.zsh
[0.338s] -- Up-to-date: /home/yundo/f1tenth_ws/install/teleop_tools/share/teleop_tools/local_setup.dsv
[0.338s] -- Up-to-date: /home/yundo/f1tenth_ws/install/teleop_tools/share/teleop_tools/package.dsv
[0.339s] -- Up-to-date: /home/yundo/f1tenth_ws/install/teleop_tools/share/ament_index/resource_index/packages/teleop_tools
[0.339s] -- Up-to-date: /home/yundo/f1tenth_ws/install/teleop_tools/share/teleop_tools/cmake/teleop_toolsConfig.cmake
[0.340s] -- Up-to-date: /home/yundo/f1tenth_ws/install/teleop_tools/share/teleop_tools/cmake/teleop_toolsConfig-version.cmake
[0.341s] -- Up-to-date: /home/yundo/f1tenth_ws/install/teleop_tools/share/teleop_tools/package.xml
[0.347s] Invoked command in '/home/yundo/f1tenth_ws/build/teleop_tools' returned '0': AMENT_PREFIX_PATH=/home/yundo/f1tenth_ws/install/joy_teleop:/home/yundo/f1tenth_ws/install/teleop_tools_msgs:/home/yundo/f1tenth_ws/install/key_teleop:${AMENT_PREFIX_PATH} BYOBU_DATE=%Y-%m-%d CMAKE_PREFIX_PATH=/home/yundo/f1tenth_ws/install/teleop_tools_msgs:/opt/ros/foxy LD_LIBRARY_PATH=/home/yundo/f1tenth_ws/install/teleop_tools_msgs/lib:${LD_LIBRARY_PATH} PYTHONPATH=/home/yundo/f1tenth_ws/install/joy_teleop/lib/python3.8/site-packages:/home/yundo/f1tenth_ws/install/teleop_tools_msgs/lib/python3.8/site-packages:/home/yundo/f1tenth_ws/install/key_teleop/lib/python3.8/site-packages:${PYTHONPATH} /usr/bin/cmake --install /home/yundo/f1tenth_ws/build/teleop_tools
