[1.050s] DEBUG:colcon:Command line arguments: ['/usr/bin/colcon', 'build', '--packages-select', 'safety_node']
[1.051s] DEBUG:colcon:Parsed command line arguments: Namespace(allow_overriding=[], ament_cmake_args=None, base_paths=['.'], build_base='build', catkin_cmake_args=None, catkin_skip_building_tests=False, cmake_args=None, cmake_clean_cache=False, cmake_clean_first=False, cmake_force_configure=False, cmake_target=None, cmake_target_skip_unavailable=False, continue_on_error=False, event_handlers=None, executor='parallel', ignore_user_meta=False, install_base='install', log_base=None, log_level=None, main=<bound method BuildVerb.main of <colcon_core.verb.build.BuildVerb object at 0x7f7b6a1b80>>, merge_install=False, metas=['./colcon.meta'], mixin=None, mixin_files=None, mixin_verb=('build',), packages_above=None, packages_above_and_dependencies=None, packages_above_depth=None, packages_end=None, packages_ignore=None, packages_ignore_regex=None, packages_select=['safety_node'], packages_select_build_failed=False, packages_select_by_dep=None, packages_select_regex=None, packages_select_test_failures=False, packages_skip=None, packages_skip_build_finished=False, packages_skip_by_dep=None, packages_skip_regex=None, packages_skip_test_passed=False, packages_skip_up_to=None, packages_start=None, packages_up_to=None, packages_up_to_regex=None, parallel_workers=4, paths=None, symlink_install=False, test_result_base=None, verb_extension=<colcon_core.verb.build.BuildVerb object at 0x7f7b6a1b80>, verb_name='build', verb_parser=<colcon_mixin.mixin.mixin_argument.MixinArgumentDecorator object at 0x7f7b58d220>)
[2.230s] Level 1:colcon.colcon_core.package_discovery:discover_packages(colcon_meta) check parameters
[2.231s] Level 1:colcon.colcon_core.package_discovery:discover_packages(recursive) check parameters
[2.231s] Level 1:colcon.colcon_core.package_discovery:discover_packages(ignore) check parameters
[2.231s] Level 1:colcon.colcon_core.package_discovery:discover_packages(path) check parameters
[2.231s] Level 1:colcon.colcon_core.package_discovery:discover_packages(colcon_meta) discover
[2.232s] Level 1:colcon.colcon_core.package_discovery:discover_packages(recursive) discover
[2.232s] INFO:colcon.colcon_core.package_discovery:Crawling recursively for packages in '/home/yundo/f1tenth_ws'
[2.233s] Level 1:colcon.colcon_core.package_identification:_identify(.) by extensions ['ignore', 'ignore_ament_install']
[2.233s] Level 1:colcon.colcon_core.package_identification:_identify(.) by extension 'ignore'
[2.234s] Level 1:colcon.colcon_core.package_identification:_identify(.) by extension 'ignore_ament_install'
[2.234s] Level 1:colcon.colcon_core.package_identification:_identify(.) by extensions ['colcon_pkg']
[2.235s] Level 1:colcon.colcon_core.package_identification:_identify(.) by extension 'colcon_pkg'
[2.235s] Level 1:colcon.colcon_core.package_identification:_identify(.) by extensions ['colcon_meta']
[2.236s] Level 1:colcon.colcon_core.package_identification:_identify(.) by extension 'colcon_meta'
[2.236s] Level 1:colcon.colcon_core.package_identification:_identify(.) by extensions ['ros']
[2.236s] Level 1:colcon.colcon_core.package_identification:_identify(.) by extension 'ros'
[2.342s] Level 1:colcon.colcon_core.package_identification:_identify(.) by extensions ['cmake', 'python']
[2.343s] Level 1:colcon.colcon_core.package_identification:_identify(.) by extension 'cmake'
[2.343s] Level 1:colcon.colcon_core.package_identification:_identify(.) by extension 'python'
[2.344s] Level 1:colcon.colcon_core.package_identification:_identify(.) by extensions ['python_setup_py']
[2.344s] Level 1:colcon.colcon_core.package_identification:_identify(.) by extension 'python_setup_py'
[2.345s] Level 1:colcon.colcon_core.package_identification:_identify(build) by extensions ['ignore', 'ignore_ament_install']
[2.345s] Level 1:colcon.colcon_core.package_identification:_identify(build) by extension 'ignore'
[2.345s] Level 1:colcon.colcon_core.package_identification:_identify(build) ignored
[2.346s] Level 1:colcon.colcon_core.package_identification:_identify(install) by extensions ['ignore', 'ignore_ament_install']
[2.347s] Level 1:colcon.colcon_core.package_identification:_identify(install) by extension 'ignore'
[2.347s] Level 1:colcon.colcon_core.package_identification:_identify(install) ignored
[2.348s] Level 1:colcon.colcon_core.package_identification:_identify(log) by extensions ['ignore', 'ignore_ament_install']
[2.348s] Level 1:colcon.colcon_core.package_identification:_identify(log) by extension 'ignore'
[2.349s] Level 1:colcon.colcon_core.package_identification:_identify(log) ignored
[2.349s] Level 1:colcon.colcon_core.package_identification:_identify(src) by extensions ['ignore', 'ignore_ament_install']
[2.350s] Level 1:colcon.colcon_core.package_identification:_identify(src) by extension 'ignore'
[2.350s] Level 1:colcon.colcon_core.package_identification:_identify(src) by extension 'ignore_ament_install'
[2.351s] Level 1:colcon.colcon_core.package_identification:_identify(src) by extensions ['colcon_pkg']
[2.351s] Level 1:colcon.colcon_core.package_identification:_identify(src) by extension 'colcon_pkg'
[2.351s] Level 1:colcon.colcon_core.package_identification:_identify(src) by extensions ['colcon_meta']
[2.351s] Level 1:colcon.colcon_core.package_identification:_identify(src) by extension 'colcon_meta'
[2.352s] Level 1:colcon.colcon_core.package_identification:_identify(src) by extensions ['ros']
[2.352s] Level 1:colcon.colcon_core.package_identification:_identify(src) by extension 'ros'
[2.353s] Level 1:colcon.colcon_core.package_identification:_identify(src) by extensions ['cmake', 'python']
[2.353s] Level 1:colcon.colcon_core.package_identification:_identify(src) by extension 'cmake'
[2.353s] Level 1:colcon.colcon_core.package_identification:_identify(src) by extension 'python'
[2.354s] Level 1:colcon.colcon_core.package_identification:_identify(src) by extensions ['python_setup_py']
[2.354s] Level 1:colcon.colcon_core.package_identification:_identify(src) by extension 'python_setup_py'
[2.355s] Level 1:colcon.colcon_core.package_identification:_identify(src/f1tenth_system) by extensions ['ignore', 'ignore_ament_install']
[2.355s] Level 1:colcon.colcon_core.package_identification:_identify(src/f1tenth_system) by extension 'ignore'
[2.356s] Level 1:colcon.colcon_core.package_identification:_identify(src/f1tenth_system) by extension 'ignore_ament_install'
[2.356s] Level 1:colcon.colcon_core.package_identification:_identify(src/f1tenth_system) by extensions ['colcon_pkg']
[2.357s] Level 1:colcon.colcon_core.package_identification:_identify(src/f1tenth_system) by extension 'colcon_pkg'
[2.357s] Level 1:colcon.colcon_core.package_identification:_identify(src/f1tenth_system) by extensions ['colcon_meta']
[2.358s] Level 1:colcon.colcon_core.package_identification:_identify(src/f1tenth_system) by extension 'colcon_meta'
[2.358s] Level 1:colcon.colcon_core.package_identification:_identify(src/f1tenth_system) by extensions ['ros']
[2.358s] Level 1:colcon.colcon_core.package_identification:_identify(src/f1tenth_system) by extension 'ros'
[2.359s] Level 1:colcon.colcon_core.package_identification:_identify(src/f1tenth_system) by extensions ['cmake', 'python']
[2.359s] Level 1:colcon.colcon_core.package_identification:_identify(src/f1tenth_system) by extension 'cmake'
[2.359s] Level 1:colcon.colcon_core.package_identification:_identify(src/f1tenth_system) by extension 'python'
[2.360s] Level 1:colcon.colcon_core.package_identification:_identify(src/f1tenth_system) by extensions ['python_setup_py']
[2.360s] Level 1:colcon.colcon_core.package_identification:_identify(src/f1tenth_system) by extension 'python_setup_py'
[2.361s] Level 1:colcon.colcon_core.package_identification:_identify(src/f1tenth_system/ackermann_mux) by extensions ['ignore', 'ignore_ament_install']
[2.361s] Level 1:colcon.colcon_core.package_identification:_identify(src/f1tenth_system/ackermann_mux) by extension 'ignore'
[2.362s] Level 1:colcon.colcon_core.package_identification:_identify(src/f1tenth_system/ackermann_mux) by extension 'ignore_ament_install'
[2.362s] Level 1:colcon.colcon_core.package_identification:_identify(src/f1tenth_system/ackermann_mux) by extensions ['colcon_pkg']
[2.362s] Level 1:colcon.colcon_core.package_identification:_identify(src/f1tenth_system/ackermann_mux) by extension 'colcon_pkg'
[2.363s] Level 1:colcon.colcon_core.package_identification:_identify(src/f1tenth_system/ackermann_mux) by extensions ['colcon_meta']
[2.363s] Level 1:colcon.colcon_core.package_identification:_identify(src/f1tenth_system/ackermann_mux) by extension 'colcon_meta'
[2.363s] Level 1:colcon.colcon_core.package_identification:_identify(src/f1tenth_system/ackermann_mux) by extensions ['ros']
[2.363s] Level 1:colcon.colcon_core.package_identification:_identify(src/f1tenth_system/ackermann_mux) by extension 'ros'
[2.380s] DEBUG:colcon.colcon_core.package_identification:Package 'src/f1tenth_system/ackermann_mux' with type 'ros.ament_cmake' and name 'ackermann_mux'
[2.380s] Level 1:colcon.colcon_core.package_identification:_identify(src/f1tenth_system/f1tenth_stack) by extensions ['ignore', 'ignore_ament_install']
[2.381s] Level 1:colcon.colcon_core.package_identification:_identify(src/f1tenth_system/f1tenth_stack) by extension 'ignore'
[2.381s] Level 1:colcon.colcon_core.package_identification:_identify(src/f1tenth_system/f1tenth_stack) by extension 'ignore_ament_install'
[2.382s] Level 1:colcon.colcon_core.package_identification:_identify(src/f1tenth_system/f1tenth_stack) by extensions ['colcon_pkg']
[2.382s] Level 1:colcon.colcon_core.package_identification:_identify(src/f1tenth_system/f1tenth_stack) by extension 'colcon_pkg'
[2.382s] Level 1:colcon.colcon_core.package_identification:_identify(src/f1tenth_system/f1tenth_stack) by extensions ['colcon_meta']
[2.382s] Level 1:colcon.colcon_core.package_identification:_identify(src/f1tenth_system/f1tenth_stack) by extension 'colcon_meta'
[2.382s] Level 1:colcon.colcon_core.package_identification:_identify(src/f1tenth_system/f1tenth_stack) by extensions ['ros']
[2.382s] Level 1:colcon.colcon_core.package_identification:_identify(src/f1tenth_system/f1tenth_stack) by extension 'ros'
[2.388s] DEBUG:colcon.colcon_core.package_identification:Package 'src/f1tenth_system/f1tenth_stack' with type 'ros.ament_python' and name 'f1tenth_stack'
[2.389s] Level 1:colcon.colcon_core.package_identification:_identify(src/f1tenth_system/safety_node) by extensions ['ignore', 'ignore_ament_install']
[2.389s] Level 1:colcon.colcon_core.package_identification:_identify(src/f1tenth_system/safety_node) by extension 'ignore'
[2.389s] Level 1:colcon.colcon_core.package_identification:_identify(src/f1tenth_system/safety_node) by extension 'ignore_ament_install'
[2.390s] Level 1:colcon.colcon_core.package_identification:_identify(src/f1tenth_system/safety_node) by extensions ['colcon_pkg']
[2.390s] Level 1:colcon.colcon_core.package_identification:_identify(src/f1tenth_system/safety_node) by extension 'colcon_pkg'
[2.390s] Level 1:colcon.colcon_core.package_identification:_identify(src/f1tenth_system/safety_node) by extensions ['colcon_meta']
[2.390s] Level 1:colcon.colcon_core.package_identification:_identify(src/f1tenth_system/safety_node) by extension 'colcon_meta'
[2.390s] Level 1:colcon.colcon_core.package_identification:_identify(src/f1tenth_system/safety_node) by extensions ['ros']
[2.391s] Level 1:colcon.colcon_core.package_identification:_identify(src/f1tenth_system/safety_node) by extension 'ros'
[2.396s] DEBUG:colcon.colcon_core.package_identification:Package 'src/f1tenth_system/safety_node' with type 'ros.ament_cmake' and name 'safety_node'
[2.397s] Level 1:colcon.colcon_core.package_identification:_identify(src/f1tenth_system/scripts) by extensions ['ignore', 'ignore_ament_install']
[2.397s] Level 1:colcon.colcon_core.package_identification:_identify(src/f1tenth_system/scripts) by extension 'ignore'
[2.398s] Level 1:colcon.colcon_core.package_identification:_identify(src/f1tenth_system/scripts) by extension 'ignore_ament_install'
[2.398s] Level 1:colcon.colcon_core.package_identification:_identify(src/f1tenth_system/scripts) by extensions ['colcon_pkg']
[2.398s] Level 1:colcon.colcon_core.package_identification:_identify(src/f1tenth_system/scripts) by extension 'colcon_pkg'
[2.399s] Level 1:colcon.colcon_core.package_identification:_identify(src/f1tenth_system/scripts) by extensions ['colcon_meta']
[2.399s] Level 1:colcon.colcon_core.package_identification:_identify(src/f1tenth_system/scripts) by extension 'colcon_meta'
[2.399s] Level 1:colcon.colcon_core.package_identification:_identify(src/f1tenth_system/scripts) by extensions ['ros']
[2.400s] Level 1:colcon.colcon_core.package_identification:_identify(src/f1tenth_system/scripts) by extension 'ros'
[2.400s] Level 1:colcon.colcon_core.package_identification:_identify(src/f1tenth_system/scripts) by extensions ['cmake', 'python']
[2.401s] Level 1:colcon.colcon_core.package_identification:_identify(src/f1tenth_system/scripts) by extension 'cmake'
[2.401s] Level 1:colcon.colcon_core.package_identification:_identify(src/f1tenth_system/scripts) by extension 'python'
[2.401s] Level 1:colcon.colcon_core.package_identification:_identify(src/f1tenth_system/scripts) by extensions ['python_setup_py']
[2.402s] Level 1:colcon.colcon_core.package_identification:_identify(src/f1tenth_system/scripts) by extension 'python_setup_py'
[2.402s] Level 1:colcon.colcon_core.package_identification:_identify(src/f1tenth_system/teleop_tools) by extensions ['ignore', 'ignore_ament_install']
[2.403s] Level 1:colcon.colcon_core.package_identification:_identify(src/f1tenth_system/teleop_tools) by extension 'ignore'
[2.403s] Level 1:colcon.colcon_core.package_identification:_identify(src/f1tenth_system/teleop_tools) by extension 'ignore_ament_install'
[2.404s] Level 1:colcon.colcon_core.package_identification:_identify(src/f1tenth_system/teleop_tools) by extensions ['colcon_pkg']
[2.404s] Level 1:colcon.colcon_core.package_identification:_identify(src/f1tenth_system/teleop_tools) by extension 'colcon_pkg'
[2.404s] Level 1:colcon.colcon_core.package_identification:_identify(src/f1tenth_system/teleop_tools) by extensions ['colcon_meta']
[2.404s] Level 1:colcon.colcon_core.package_identification:_identify(src/f1tenth_system/teleop_tools) by extension 'colcon_meta'
[2.405s] Level 1:colcon.colcon_core.package_identification:_identify(src/f1tenth_system/teleop_tools) by extensions ['ros']
[2.405s] Level 1:colcon.colcon_core.package_identification:_identify(src/f1tenth_system/teleop_tools) by extension 'ros'
[2.406s] Level 1:colcon.colcon_core.package_identification:_identify(src/f1tenth_system/teleop_tools) by extensions ['cmake', 'python']
[2.406s] Level 1:colcon.colcon_core.package_identification:_identify(src/f1tenth_system/teleop_tools) by extension 'cmake'
[2.406s] Level 1:colcon.colcon_core.package_identification:_identify(src/f1tenth_system/teleop_tools) by extension 'python'
[2.407s] Level 1:colcon.colcon_core.package_identification:_identify(src/f1tenth_system/teleop_tools) by extensions ['python_setup_py']
[2.407s] Level 1:colcon.colcon_core.package_identification:_identify(src/f1tenth_system/teleop_tools) by extension 'python_setup_py'
[2.408s] Level 1:colcon.colcon_core.package_identification:_identify(src/f1tenth_system/teleop_tools/joy_teleop) by extensions ['ignore', 'ignore_ament_install']
[2.408s] Level 1:colcon.colcon_core.package_identification:_identify(src/f1tenth_system/teleop_tools/joy_teleop) by extension 'ignore'
[2.409s] Level 1:colcon.colcon_core.package_identification:_identify(src/f1tenth_system/teleop_tools/joy_teleop) by extension 'ignore_ament_install'
[2.409s] Level 1:colcon.colcon_core.package_identification:_identify(src/f1tenth_system/teleop_tools/joy_teleop) by extensions ['colcon_pkg']
[2.409s] Level 1:colcon.colcon_core.package_identification:_identify(src/f1tenth_system/teleop_tools/joy_teleop) by extension 'colcon_pkg'
[2.409s] Level 1:colcon.colcon_core.package_identification:_identify(src/f1tenth_system/teleop_tools/joy_teleop) by extensions ['colcon_meta']
[2.409s] Level 1:colcon.colcon_core.package_identification:_identify(src/f1tenth_system/teleop_tools/joy_teleop) by extension 'colcon_meta'
[2.410s] Level 1:colcon.colcon_core.package_identification:_identify(src/f1tenth_system/teleop_tools/joy_teleop) by extensions ['ros']
[2.410s] Level 1:colcon.colcon_core.package_identification:_identify(src/f1tenth_system/teleop_tools/joy_teleop) by extension 'ros'
[2.415s] DEBUG:colcon.colcon_core.package_identification:Package 'src/f1tenth_system/teleop_tools/joy_teleop' with type 'ros.ament_python' and name 'joy_teleop'
[2.416s] Level 1:colcon.colcon_core.package_identification:_identify(src/f1tenth_system/teleop_tools/key_teleop) by extensions ['ignore', 'ignore_ament_install']
[2.416s] Level 1:colcon.colcon_core.package_identification:_identify(src/f1tenth_system/teleop_tools/key_teleop) by extension 'ignore'
[2.417s] Level 1:colcon.colcon_core.package_identification:_identify(src/f1tenth_system/teleop_tools/key_teleop) by extension 'ignore_ament_install'
[2.417s] Level 1:colcon.colcon_core.package_identification:_identify(src/f1tenth_system/teleop_tools/key_teleop) by extensions ['colcon_pkg']
[2.417s] Level 1:colcon.colcon_core.package_identification:_identify(src/f1tenth_system/teleop_tools/key_teleop) by extension 'colcon_pkg'
[2.417s] Level 1:colcon.colcon_core.package_identification:_identify(src/f1tenth_system/teleop_tools/key_teleop) by extensions ['colcon_meta']
[2.418s] Level 1:colcon.colcon_core.package_identification:_identify(src/f1tenth_system/teleop_tools/key_teleop) by extension 'colcon_meta'
[2.418s] Level 1:colcon.colcon_core.package_identification:_identify(src/f1tenth_system/teleop_tools/key_teleop) by extensions ['ros']
[2.418s] Level 1:colcon.colcon_core.package_identification:_identify(src/f1tenth_system/teleop_tools/key_teleop) by extension 'ros'
[2.422s] DEBUG:colcon.colcon_core.package_identification:Package 'src/f1tenth_system/teleop_tools/key_teleop' with type 'ros.ament_python' and name 'key_teleop'
[2.423s] Level 1:colcon.colcon_core.package_identification:_identify(src/f1tenth_system/teleop_tools/mouse_teleop) by extensions ['ignore', 'ignore_ament_install']
[2.423s] Level 1:colcon.colcon_core.package_identification:_identify(src/f1tenth_system/teleop_tools/mouse_teleop) by extension 'ignore'
[2.424s] Level 1:colcon.colcon_core.package_identification:_identify(src/f1tenth_system/teleop_tools/mouse_teleop) by extension 'ignore_ament_install'
[2.424s] Level 1:colcon.colcon_core.package_identification:_identify(src/f1tenth_system/teleop_tools/mouse_teleop) by extensions ['colcon_pkg']
[2.424s] Level 1:colcon.colcon_core.package_identification:_identify(src/f1tenth_system/teleop_tools/mouse_teleop) by extension 'colcon_pkg'
[2.424s] Level 1:colcon.colcon_core.package_identification:_identify(src/f1tenth_system/teleop_tools/mouse_teleop) by extensions ['colcon_meta']
[2.425s] Level 1:colcon.colcon_core.package_identification:_identify(src/f1tenth_system/teleop_tools/mouse_teleop) by extension 'colcon_meta'
[2.425s] Level 1:colcon.colcon_core.package_identification:_identify(src/f1tenth_system/teleop_tools/mouse_teleop) by extensions ['ros']
[2.425s] Level 1:colcon.colcon_core.package_identification:_identify(src/f1tenth_system/teleop_tools/mouse_teleop) by extension 'ros'
[2.428s] DEBUG:colcon.colcon_core.package_identification:Package 'src/f1tenth_system/teleop_tools/mouse_teleop' with type 'ros.ament_python' and name 'mouse_teleop'
[2.429s] Level 1:colcon.colcon_core.package_identification:_identify(src/f1tenth_system/teleop_tools/teleop_tools) by extensions ['ignore', 'ignore_ament_install']
[2.429s] Level 1:colcon.colcon_core.package_identification:_identify(src/f1tenth_system/teleop_tools/teleop_tools) by extension 'ignore'
[2.430s] Level 1:colcon.colcon_core.package_identification:_identify(src/f1tenth_system/teleop_tools/teleop_tools) by extension 'ignore_ament_install'
[2.430s] Level 1:colcon.colcon_core.package_identification:_identify(src/f1tenth_system/teleop_tools/teleop_tools) by extensions ['colcon_pkg']
[2.430s] Level 1:colcon.colcon_core.package_identification:_identify(src/f1tenth_system/teleop_tools/teleop_tools) by extension 'colcon_pkg'
[2.430s] Level 1:colcon.colcon_core.package_identification:_identify(src/f1tenth_system/teleop_tools/teleop_tools) by extensions ['colcon_meta']
[2.430s] Level 1:colcon.colcon_core.package_identification:_identify(src/f1tenth_system/teleop_tools/teleop_tools) by extension 'colcon_meta'
[2.431s] Level 1:colcon.colcon_core.package_identification:_identify(src/f1tenth_system/teleop_tools/teleop_tools) by extensions ['ros']
[2.431s] Level 1:colcon.colcon_core.package_identification:_identify(src/f1tenth_system/teleop_tools/teleop_tools) by extension 'ros'
[2.434s] DEBUG:colcon.colcon_core.package_identification:Package 'src/f1tenth_system/teleop_tools/teleop_tools' with type 'ros.ament_cmake' and name 'teleop_tools'
[2.434s] Level 1:colcon.colcon_core.package_identification:_identify(src/f1tenth_system/teleop_tools/teleop_tools_msgs) by extensions ['ignore', 'ignore_ament_install']
[2.435s] Level 1:colcon.colcon_core.package_identification:_identify(src/f1tenth_system/teleop_tools/teleop_tools_msgs) by extension 'ignore'
[2.435s] Level 1:colcon.colcon_core.package_identification:_identify(src/f1tenth_system/teleop_tools/teleop_tools_msgs) by extension 'ignore_ament_install'
[2.436s] Level 1:colcon.colcon_core.package_identification:_identify(src/f1tenth_system/teleop_tools/teleop_tools_msgs) by extensions ['colcon_pkg']
[2.436s] Level 1:colcon.colcon_core.package_identification:_identify(src/f1tenth_system/teleop_tools/teleop_tools_msgs) by extension 'colcon_pkg'
[2.436s] Level 1:colcon.colcon_core.package_identification:_identify(src/f1tenth_system/teleop_tools/teleop_tools_msgs) by extensions ['colcon_meta']
[2.437s] Level 1:colcon.colcon_core.package_identification:_identify(src/f1tenth_system/teleop_tools/teleop_tools_msgs) by extension 'colcon_meta'
[2.437s] Level 1:colcon.colcon_core.package_identification:_identify(src/f1tenth_system/teleop_tools/teleop_tools_msgs) by extensions ['ros']
[2.437s] Level 1:colcon.colcon_core.package_identification:_identify(src/f1tenth_system/teleop_tools/teleop_tools_msgs) by extension 'ros'
[2.441s] DEBUG:colcon.colcon_core.package_identification:Package 'src/f1tenth_system/teleop_tools/teleop_tools_msgs' with type 'ros.ament_cmake' and name 'teleop_tools_msgs'
[2.441s] Level 1:colcon.colcon_core.package_discovery:discover_packages(recursive) using defaults
[2.442s] Level 1:colcon.colcon_core.package_discovery:discover_packages(ignore) discover
[2.442s] Level 1:colcon.colcon_core.package_discovery:discover_packages(ignore) using defaults
[2.442s] Level 1:colcon.colcon_core.package_discovery:discover_packages(path) discover
[2.442s] Level 1:colcon.colcon_core.package_discovery:discover_packages(path) using defaults
[2.550s] INFO:colcon.colcon_core.package_selection:Skipping not selected package 'ackermann_mux' in 'src/f1tenth_system/ackermann_mux'
[2.550s] INFO:colcon.colcon_core.package_selection:Skipping not selected package 'key_teleop' in 'src/f1tenth_system/teleop_tools/key_teleop'
[2.551s] INFO:colcon.colcon_core.package_selection:Skipping not selected package 'mouse_teleop' in 'src/f1tenth_system/teleop_tools/mouse_teleop'
[2.551s] INFO:colcon.colcon_core.package_selection:Skipping not selected package 'teleop_tools_msgs' in 'src/f1tenth_system/teleop_tools/teleop_tools_msgs'
[2.551s] INFO:colcon.colcon_core.package_selection:Skipping not selected package 'joy_teleop' in 'src/f1tenth_system/teleop_tools/joy_teleop'
[2.551s] INFO:colcon.colcon_core.package_selection:Skipping not selected package 'f1tenth_stack' in 'src/f1tenth_system/f1tenth_stack'
[2.551s] INFO:colcon.colcon_core.package_selection:Skipping not selected package 'teleop_tools' in 'src/f1tenth_system/teleop_tools/teleop_tools'
[2.553s] Level 1:colcon.colcon_core.package_discovery:discover_packages(prefix_path) check parameters
[2.553s] Level 1:colcon.colcon_core.package_discovery:discover_packages(prefix_path) discover
[2.566s] DEBUG:colcon.colcon_installed_package_information.package_discovery:Found 9 installed packages in /home/yundo/f1tenth_ws/install
[2.569s] DEBUG:colcon.colcon_installed_package_information.package_discovery:Found 7 installed packages in /home/yundo/vesc_ws/install
[2.571s] DEBUG:colcon.colcon_installed_package_information.package_discovery:Found 1 installed packages in /home/yundo/ydlidar_ws/install
[2.578s] DEBUG:colcon.colcon_installed_package_information.package_discovery:Found 261 installed packages in /opt/ros/foxy
[2.587s] Level 1:colcon.colcon_core.package_discovery:discover_packages(prefix_path) using defaults
[2.937s] Level 5:colcon.colcon_core.verb:set package 'safety_node' build argument 'cmake_args' from command line to 'None'
[2.938s] Level 5:colcon.colcon_core.verb:set package 'safety_node' build argument 'cmake_target' from command line to 'None'
[2.938s] Level 5:colcon.colcon_core.verb:set package 'safety_node' build argument 'cmake_target_skip_unavailable' from command line to 'False'
[2.938s] Level 5:colcon.colcon_core.verb:set package 'safety_node' build argument 'cmake_clean_cache' from command line to 'False'
[2.938s] Level 5:colcon.colcon_core.verb:set package 'safety_node' build argument 'cmake_clean_first' from command line to 'False'
[2.938s] Level 5:colcon.colcon_core.verb:set package 'safety_node' build argument 'cmake_force_configure' from command line to 'False'
[2.938s] Level 5:colcon.colcon_core.verb:set package 'safety_node' build argument 'ament_cmake_args' from command line to 'None'
[2.938s] Level 5:colcon.colcon_core.verb:set package 'safety_node' build argument 'catkin_cmake_args' from command line to 'None'
[2.939s] Level 5:colcon.colcon_core.verb:set package 'safety_node' build argument 'catkin_skip_building_tests' from command line to 'False'
[2.939s] DEBUG:colcon.colcon_core.verb:Building package 'safety_node' with the following arguments: {'ament_cmake_args': None, 'build_base': '/home/yundo/f1tenth_ws/build/safety_node', 'catkin_cmake_args': None, 'catkin_skip_building_tests': False, 'cmake_args': None, 'cmake_clean_cache': False, 'cmake_clean_first': False, 'cmake_force_configure': False, 'cmake_target': None, 'cmake_target_skip_unavailable': False, 'install_base': '/home/yundo/f1tenth_ws/install/safety_node', 'merge_install': False, 'path': '/home/yundo/f1tenth_ws/src/f1tenth_system/safety_node', 'symlink_install': False, 'test_result_base': None}
[2.940s] INFO:colcon.colcon_core.executor:Executing jobs using 'parallel' executor
[2.944s] DEBUG:colcon.colcon_parallel_executor.executor.parallel:run_until_complete
[2.947s] INFO:colcon.colcon_ros.task.ament_cmake.build:Building ROS package in '/home/yundo/f1tenth_ws/src/f1tenth_system/safety_node' with build type 'ament_cmake'
[2.947s] INFO:colcon.colcon_cmake.task.cmake.build:Building CMake package in '/home/yundo/f1tenth_ws/src/f1tenth_system/safety_node'
[2.958s] INFO:colcon.colcon_core.plugin_system:Skipping extension 'colcon_core.shell.bat': Not used on non-Windows systems
[2.959s] INFO:colcon.colcon_core.shell:Skip shell extension 'powershell' for command environment: Not usable outside of PowerShell
[2.959s] DEBUG:colcon.colcon_core.shell:Skip shell extension 'dsv' for command environment
[3.014s] DEBUG:colcon.colcon_core.event_handler.log_command:Invoking command in '/home/yundo/f1tenth_ws/build/safety_node': BYOBU_DATE=%Y-%m-%d CMAKE_PREFIX_PATH=/home/yundo/f1tenth_ws/install/safety_node:/home/yundo/f1tenth_ws/install/teleop_tools:/home/yundo/f1tenth_ws/install/teleop_tools_msgs:/home/yundo/f1tenth_ws/install/ackermann_mux:/home/yundo/vesc_ws/install/vesc:/home/yundo/vesc_ws/install/vesc_driver:/home/yundo/vesc_ws/install/vesc_ackermann:/home/yundo/f1tenth_ws/install/f1tenth_stack:/home/yundo/f1tenth_ws/install/joy_teleop:/home/yundo/f1tenth_ws/install/mouse_teleop:/home/yundo/f1tenth_ws/install/key_teleop:/opt/ros/foxy:/home/yundo/vesc_ws/install/vesc_msgs:/home/yundo/vesc_ws/install/udp_driver:/home/yundo/vesc_ws/install/io_context:/home/yundo/vesc_ws/install/asio_cmake_module:/home/yundo/ydlidar_ws/install/ydlidar_ros2_driver /usr/bin/cmake --build /home/yundo/f1tenth_ws/build/safety_node -- -j4 -l4
[3.212s] DEBUG:colcon.colcon_core.event_handler.log_command:Invoked command in '/home/yundo/f1tenth_ws/build/safety_node' returned '0': BYOBU_DATE=%Y-%m-%d CMAKE_PREFIX_PATH=/home/yundo/f1tenth_ws/install/safety_node:/home/yundo/f1tenth_ws/install/teleop_tools:/home/yundo/f1tenth_ws/install/teleop_tools_msgs:/home/yundo/f1tenth_ws/install/ackermann_mux:/home/yundo/vesc_ws/install/vesc:/home/yundo/vesc_ws/install/vesc_driver:/home/yundo/vesc_ws/install/vesc_ackermann:/home/yundo/f1tenth_ws/install/f1tenth_stack:/home/yundo/f1tenth_ws/install/joy_teleop:/home/yundo/f1tenth_ws/install/mouse_teleop:/home/yundo/f1tenth_ws/install/key_teleop:/opt/ros/foxy:/home/yundo/vesc_ws/install/vesc_msgs:/home/yundo/vesc_ws/install/udp_driver:/home/yundo/vesc_ws/install/io_context:/home/yundo/vesc_ws/install/asio_cmake_module:/home/yundo/ydlidar_ws/install/ydlidar_ros2_driver /usr/bin/cmake --build /home/yundo/f1tenth_ws/build/safety_node -- -j4 -l4
[3.267s] DEBUG:colcon.colcon_core.event_handler.log_command:Invoking command in '/home/yundo/f1tenth_ws/build/safety_node': BYOBU_DATE=%Y-%m-%d CMAKE_PREFIX_PATH=/home/yundo/f1tenth_ws/install/safety_node:/home/yundo/f1tenth_ws/install/teleop_tools:/home/yundo/f1tenth_ws/install/teleop_tools_msgs:/home/yundo/f1tenth_ws/install/ackermann_mux:/home/yundo/vesc_ws/install/vesc:/home/yundo/vesc_ws/install/vesc_driver:/home/yundo/vesc_ws/install/vesc_ackermann:/home/yundo/f1tenth_ws/install/f1tenth_stack:/home/yundo/f1tenth_ws/install/joy_teleop:/home/yundo/f1tenth_ws/install/mouse_teleop:/home/yundo/f1tenth_ws/install/key_teleop:/opt/ros/foxy:/home/yundo/vesc_ws/install/vesc_msgs:/home/yundo/vesc_ws/install/udp_driver:/home/yundo/vesc_ws/install/io_context:/home/yundo/vesc_ws/install/asio_cmake_module:/home/yundo/ydlidar_ws/install/ydlidar_ros2_driver /usr/bin/cmake --install /home/yundo/f1tenth_ws/build/safety_node
[3.484s] Level 1:colcon.colcon_core.environment:create_environment_scripts_only(safety_node)
[3.487s] DEBUG:colcon.colcon_core.event_handler.log_command:Invoked command in '/home/yundo/f1tenth_ws/build/safety_node' returned '0': BYOBU_DATE=%Y-%m-%d CMAKE_PREFIX_PATH=/home/yundo/f1tenth_ws/install/safety_node:/home/yundo/f1tenth_ws/install/teleop_tools:/home/yundo/f1tenth_ws/install/teleop_tools_msgs:/home/yundo/f1tenth_ws/install/ackermann_mux:/home/yundo/vesc_ws/install/vesc:/home/yundo/vesc_ws/install/vesc_driver:/home/yundo/vesc_ws/install/vesc_ackermann:/home/yundo/f1tenth_ws/install/f1tenth_stack:/home/yundo/f1tenth_ws/install/joy_teleop:/home/yundo/f1tenth_ws/install/mouse_teleop:/home/yundo/f1tenth_ws/install/key_teleop:/opt/ros/foxy:/home/yundo/vesc_ws/install/vesc_msgs:/home/yundo/vesc_ws/install/udp_driver:/home/yundo/vesc_ws/install/io_context:/home/yundo/vesc_ws/install/asio_cmake_module:/home/yundo/ydlidar_ws/install/ydlidar_ros2_driver /usr/bin/cmake --install /home/yundo/f1tenth_ws/build/safety_node
[3.497s] Level 1:colcon.colcon_core.environment:checking '/home/yundo/f1tenth_ws/install/safety_node' for CMake module files
[3.500s] Level 1:colcon.colcon_core.environment:checking '/home/yundo/f1tenth_ws/install/safety_node' for CMake config files
[3.501s] Level 1:colcon.colcon_core.shell:create_environment_hook('safety_node', 'cmake_prefix_path')
[3.502s] INFO:colcon.colcon_core.shell:Creating environment hook '/home/yundo/f1tenth_ws/install/safety_node/share/safety_node/hook/cmake_prefix_path.ps1'
[3.505s] INFO:colcon.colcon_core.shell:Creating environment descriptor '/home/yundo/f1tenth_ws/install/safety_node/share/safety_node/hook/cmake_prefix_path.dsv'
[3.507s] INFO:colcon.colcon_core.shell:Creating environment hook '/home/yundo/f1tenth_ws/install/safety_node/share/safety_node/hook/cmake_prefix_path.sh'
[3.511s] Level 1:colcon.colcon_core.environment:checking '/home/yundo/f1tenth_ws/install/safety_node/lib'
[3.512s] Level 1:colcon.colcon_core.environment:checking '/home/yundo/f1tenth_ws/install/safety_node/bin'
[3.512s] Level 1:colcon.colcon_core.environment:checking '/home/yundo/f1tenth_ws/install/safety_node/lib/pkgconfig/safety_node.pc'
[3.513s] Level 1:colcon.colcon_core.environment:checking '/home/yundo/f1tenth_ws/install/safety_node/lib/python3.8/site-packages'
[3.513s] Level 1:colcon.colcon_core.shell:create_environment_hook('safety_node', 'pythonpath')
[3.514s] INFO:colcon.colcon_core.shell:Creating environment hook '/home/yundo/f1tenth_ws/install/safety_node/share/safety_node/hook/pythonpath.ps1'
[3.516s] INFO:colcon.colcon_core.shell:Creating environment descriptor '/home/yundo/f1tenth_ws/install/safety_node/share/safety_node/hook/pythonpath.dsv'
[3.517s] INFO:colcon.colcon_core.shell:Creating environment hook '/home/yundo/f1tenth_ws/install/safety_node/share/safety_node/hook/pythonpath.sh'
[3.519s] Level 1:colcon.colcon_core.environment:checking '/home/yundo/f1tenth_ws/install/safety_node/bin'
[3.521s] INFO:colcon.colcon_core.shell:Creating package script '/home/yundo/f1tenth_ws/install/safety_node/share/safety_node/package.ps1'
[3.525s] INFO:colcon.colcon_core.shell:Creating package descriptor '/home/yundo/f1tenth_ws/install/safety_node/share/safety_node/package.dsv'
[3.527s] INFO:colcon.colcon_core.shell:Creating package script '/home/yundo/f1tenth_ws/install/safety_node/share/safety_node/package.sh'
[3.531s] INFO:colcon.colcon_core.shell:Creating package script '/home/yundo/f1tenth_ws/install/safety_node/share/safety_node/package.bash'
[3.534s] INFO:colcon.colcon_core.shell:Creating package script '/home/yundo/f1tenth_ws/install/safety_node/share/safety_node/package.zsh'
[3.537s] Level 1:colcon.colcon_core.environment:create_file_with_runtime_dependencies(/home/yundo/f1tenth_ws/install/safety_node/share/colcon-core/packages/safety_node)
[3.540s] Level 1:colcon.colcon_core.environment:create_environment_scripts_only(safety_node)
[3.541s] Level 1:colcon.colcon_core.environment:checking '/home/yundo/f1tenth_ws/install/safety_node' for CMake module files
[3.544s] Level 1:colcon.colcon_core.environment:checking '/home/yundo/f1tenth_ws/install/safety_node' for CMake config files
[3.546s] Level 1:colcon.colcon_core.shell:create_environment_hook('safety_node', 'cmake_prefix_path')
[3.547s] INFO:colcon.colcon_core.shell:Creating environment hook '/home/yundo/f1tenth_ws/install/safety_node/share/safety_node/hook/cmake_prefix_path.ps1'
[3.549s] INFO:colcon.colcon_core.shell:Creating environment descriptor '/home/yundo/f1tenth_ws/install/safety_node/share/safety_node/hook/cmake_prefix_path.dsv'
[3.550s] INFO:colcon.colcon_core.shell:Creating environment hook '/home/yundo/f1tenth_ws/install/safety_node/share/safety_node/hook/cmake_prefix_path.sh'
[3.552s] Level 1:colcon.colcon_core.environment:checking '/home/yundo/f1tenth_ws/install/safety_node/lib'
[3.552s] Level 1:colcon.colcon_core.environment:checking '/home/yundo/f1tenth_ws/install/safety_node/bin'
[3.552s] Level 1:colcon.colcon_core.environment:checking '/home/yundo/f1tenth_ws/install/safety_node/lib/pkgconfig/safety_node.pc'
[3.553s] Level 1:colcon.colcon_core.environment:checking '/home/yundo/f1tenth_ws/install/safety_node/lib/python3.8/site-packages'
[3.554s] Level 1:colcon.colcon_core.shell:create_environment_hook('safety_node', 'pythonpath')
[3.555s] INFO:colcon.colcon_core.shell:Creating environment hook '/home/yundo/f1tenth_ws/install/safety_node/share/safety_node/hook/pythonpath.ps1'
[3.556s] INFO:colcon.colcon_core.shell:Creating environment descriptor '/home/yundo/f1tenth_ws/install/safety_node/share/safety_node/hook/pythonpath.dsv'
[3.558s] INFO:colcon.colcon_core.shell:Creating environment hook '/home/yundo/f1tenth_ws/install/safety_node/share/safety_node/hook/pythonpath.sh'
[3.560s] Level 1:colcon.colcon_core.environment:checking '/home/yundo/f1tenth_ws/install/safety_node/bin'
[3.562s] INFO:colcon.colcon_core.shell:Creating package script '/home/yundo/f1tenth_ws/install/safety_node/share/safety_node/package.ps1'
[3.564s] INFO:colcon.colcon_core.shell:Creating package descriptor '/home/yundo/f1tenth_ws/install/safety_node/share/safety_node/package.dsv'
[3.566s] INFO:colcon.colcon_core.shell:Creating package script '/home/yundo/f1tenth_ws/install/safety_node/share/safety_node/package.sh'
[3.568s] INFO:colcon.colcon_core.shell:Creating package script '/home/yundo/f1tenth_ws/install/safety_node/share/safety_node/package.bash'
[3.570s] INFO:colcon.colcon_core.shell:Creating package script '/home/yundo/f1tenth_ws/install/safety_node/share/safety_node/package.zsh'
[3.572s] Level 1:colcon.colcon_core.environment:create_file_with_runtime_dependencies(/home/yundo/f1tenth_ws/install/safety_node/share/colcon-core/packages/safety_node)
[3.573s] DEBUG:colcon.colcon_parallel_executor.executor.parallel:closing loop
[3.574s] DEBUG:colcon.colcon_parallel_executor.executor.parallel:loop closed
[3.575s] DEBUG:colcon.colcon_parallel_executor.executor.parallel:run_until_complete finished with '0'
[3.575s] DEBUG:colcon.colcon_core.event_reactor:joining thread
[3.599s] INFO:colcon.colcon_core.plugin_system:Skipping extension 'colcon_notification.desktop_notification.terminal_notifier': Not used on non-Darwin systems
[3.599s] INFO:colcon.colcon_core.plugin_system:Skipping extension 'colcon_notification.desktop_notification.win32': Not used on non-Windows systems
[3.599s] INFO:colcon.colcon_notification.desktop_notification:Sending desktop notification using 'notify2'
[3.666s] DEBUG:colcon.colcon_core.event_reactor:joined thread
[3.667s] INFO:colcon.colcon_core.shell:Creating prefix script '/home/yundo/f1tenth_ws/install/local_setup.ps1'
[3.672s] INFO:colcon.colcon_core.shell:Creating prefix util module '/home/yundo/f1tenth_ws/install/_local_setup_util_ps1.py'
[3.679s] INFO:colcon.colcon_core.shell:Creating prefix chain script '/home/yundo/f1tenth_ws/install/setup.ps1'
[3.688s] INFO:colcon.colcon_core.shell:Creating prefix script '/home/yundo/f1tenth_ws/install/local_setup.sh'
[3.691s] INFO:colcon.colcon_core.shell:Creating prefix util module '/home/yundo/f1tenth_ws/install/_local_setup_util_sh.py'
[3.695s] INFO:colcon.colcon_core.shell:Creating prefix chain script '/home/yundo/f1tenth_ws/install/setup.sh'
[3.704s] INFO:colcon.colcon_core.shell:Creating prefix script '/home/yundo/f1tenth_ws/install/local_setup.bash'
[3.706s] INFO:colcon.colcon_core.shell:Creating prefix chain script '/home/yundo/f1tenth_ws/install/setup.bash'
[3.715s] INFO:colcon.colcon_core.shell:Creating prefix script '/home/yundo/f1tenth_ws/install/local_setup.zsh'
[3.718s] INFO:colcon.colcon_core.shell:Creating prefix chain script '/home/yundo/f1tenth_ws/install/setup.zsh'
