[0.179s] Invoking command in '/home/yundo/f1tenth_ws/build/teleop_tools_msgs': BYOBU_DATE=%Y-%m-%d CMAKE_PREFIX_PATH=/home/yundo/f1tenth_ws/install/teleop_tools:/home/yundo/f1tenth_ws/install/teleop_tools_msgs:/home/yundo/f1tenth_ws/install/ackermann_mux:/home/yundo/vesc_ws/install/vesc:/home/yundo/vesc_ws/install/vesc_driver:/home/yundo/vesc_ws/install/vesc_ackermann:/home/yundo/f1tenth_ws/install/f1tenth_stack:/home/yundo/f1tenth_ws/install/joy_teleop:/home/yundo/f1tenth_ws/install/mouse_teleop:/home/yundo/f1tenth_ws/install/key_teleop:/opt/ros/foxy:/home/yundo/vesc_ws/install/vesc_msgs:/home/yundo/vesc_ws/install/udp_driver:/home/yundo/vesc_ws/install/io_context:/home/yundo/vesc_ws/install/asio_cmake_module:/home/yundo/ydlidar_ws/install/ydlidar_ros2_driver /usr/bin/cmake --build /home/yundo/f1tenth_ws/build/teleop_tools_msgs -- -j4 -l4
[1.686s] [  3%] Built target teleop_tools_msgs__cpp
[1.687s] [ 12%] Built target teleop_tools_msgs__rosidl_generator_c
[1.688s] [ 22%] Built target teleop_tools_msgs__rosidl_typesupport_introspection_cpp
[1.689s] [ 32%] Built target teleop_tools_msgs__rosidl_typesupport_introspection_c
[1.691s] [ 41%] Built target teleop_tools_msgs__rosidl_typesupport_cpp
[1.692s] [ 51%] Built target teleop_tools_msgs__rosidl_typesupport_c
[1.693s] [ 61%] Built target teleop_tools_msgs__rosidl_typesupport_fastrtps_cpp
[1.697s] [ 70%] Built target teleop_tools_msgs__rosidl_typesupport_fastrtps_c
[1.698s] [ 70%] Built target teleop_tools_msgs
[1.698s] [ 74%] Built target teleop_tools_msgs__py
[1.699s] [ 80%] Built target teleop_tools_msgs__python
[1.699s] [ 87%] Built target teleop_tools_msgs__rosidl_typesupport_introspection_c__pyext
[1.700s] [100%] Built target teleop_tools_msgs__rosidl_typesupport_fastrtps_c__pyext
[1.700s] [100%] Built target teleop_tools_msgs__rosidl_typesupport_c__pyext
[1.704s] Invoked command in '/home/yundo/f1tenth_ws/build/teleop_tools_msgs' returned '0': BYOBU_DATE=%Y-%m-%d CMAKE_PREFIX_PATH=/home/yundo/f1tenth_ws/install/teleop_tools:/home/yundo/f1tenth_ws/install/teleop_tools_msgs:/home/yundo/f1tenth_ws/install/ackermann_mux:/home/yundo/vesc_ws/install/vesc:/home/yundo/vesc_ws/install/vesc_driver:/home/yundo/vesc_ws/install/vesc_ackermann:/home/yundo/f1tenth_ws/install/f1tenth_stack:/home/yundo/f1tenth_ws/install/joy_teleop:/home/yundo/f1tenth_ws/install/mouse_teleop:/home/yundo/f1tenth_ws/install/key_teleop:/opt/ros/foxy:/home/yundo/vesc_ws/install/vesc_msgs:/home/yundo/vesc_ws/install/udp_driver:/home/yundo/vesc_ws/install/io_context:/home/yundo/vesc_ws/install/asio_cmake_module:/home/yundo/ydlidar_ws/install/ydlidar_ros2_driver /usr/bin/cmake --build /home/yundo/f1tenth_ws/build/teleop_tools_msgs -- -j4 -l4
[3.126s] Invoking command in '/home/yundo/f1tenth_ws/build/teleop_tools_msgs': BYOBU_DATE=%Y-%m-%d CMAKE_PREFIX_PATH=/home/yundo/f1tenth_ws/install/teleop_tools:/home/yundo/f1tenth_ws/install/teleop_tools_msgs:/home/yundo/f1tenth_ws/install/ackermann_mux:/home/yundo/vesc_ws/install/vesc:/home/yundo/vesc_ws/install/vesc_driver:/home/yundo/vesc_ws/install/vesc_ackermann:/home/yundo/f1tenth_ws/install/f1tenth_stack:/home/yundo/f1tenth_ws/install/joy_teleop:/home/yundo/f1tenth_ws/install/mouse_teleop:/home/yundo/f1tenth_ws/install/key_teleop:/opt/ros/foxy:/home/yundo/vesc_ws/install/vesc_msgs:/home/yundo/vesc_ws/install/udp_driver:/home/yundo/vesc_ws/install/io_context:/home/yundo/vesc_ws/install/asio_cmake_module:/home/yundo/ydlidar_ws/install/ydlidar_ros2_driver /usr/bin/cmake --install /home/yundo/f1tenth_ws/build/teleop_tools_msgs
[3.177s] -- Install configuration: ""
[3.178s] -- Up-to-date: /home/yundo/f1tenth_ws/install/teleop_tools_msgs/share/ament_index/resource_index/rosidl_interfaces/teleop_tools_msgs
[3.178s] -- Up-to-date: /home/yundo/f1tenth_ws/install/teleop_tools_msgs/include/teleop_tools_msgs
[3.179s] -- Up-to-date: /home/yundo/f1tenth_ws/install/teleop_tools_msgs/include/teleop_tools_msgs/action
[3.179s] -- Up-to-date: /home/yundo/f1tenth_ws/install/teleop_tools_msgs/include/teleop_tools_msgs/action/detail
[3.181s] -- Up-to-date: /home/yundo/f1tenth_ws/install/teleop_tools_msgs/include/teleop_tools_msgs/action/detail/increment__struct.h
[3.181s] -- Up-to-date: /home/yundo/f1tenth_ws/install/teleop_tools_msgs/include/teleop_tools_msgs/action/detail/increment__type_support.h
[3.182s] -- Up-to-date: /home/yundo/f1tenth_ws/install/teleop_tools_msgs/include/teleop_tools_msgs/action/detail/increment__functions.c
[3.182s] -- Up-to-date: /home/yundo/f1tenth_ws/install/teleop_tools_msgs/include/teleop_tools_msgs/action/detail/increment__functions.h
[3.183s] -- Up-to-date: /home/yundo/f1tenth_ws/install/teleop_tools_msgs/include/teleop_tools_msgs/action/increment.h
[3.184s] -- Up-to-date: /home/yundo/f1tenth_ws/install/teleop_tools_msgs/include/teleop_tools_msgs/msg
[3.185s] -- Up-to-date: /home/yundo/f1tenth_ws/install/teleop_tools_msgs/include/teleop_tools_msgs/msg/rosidl_generator_c__visibility_control.h
[3.186s] -- Up-to-date: /home/yundo/f1tenth_ws/install/teleop_tools_msgs/share/teleop_tools_msgs/environment/library_path.sh
[3.187s] -- Up-to-date: /home/yundo/f1tenth_ws/install/teleop_tools_msgs/share/teleop_tools_msgs/environment/library_path.dsv
[3.187s] -- Up-to-date: /home/yundo/f1tenth_ws/install/teleop_tools_msgs/lib/libteleop_tools_msgs__rosidl_generator_c.so
[3.188s] -- Up-to-date: /home/yundo/f1tenth_ws/install/teleop_tools_msgs/include/teleop_tools_msgs
[3.189s] -- Up-to-date: /home/yundo/f1tenth_ws/install/teleop_tools_msgs/include/teleop_tools_msgs/action
[3.190s] -- Up-to-date: /home/yundo/f1tenth_ws/install/teleop_tools_msgs/include/teleop_tools_msgs/action/detail
[3.191s] -- Up-to-date: /home/yundo/f1tenth_ws/install/teleop_tools_msgs/include/teleop_tools_msgs/action/detail/increment__rosidl_typesupport_fastrtps_c.h
[3.191s] -- Up-to-date: /home/yundo/f1tenth_ws/install/teleop_tools_msgs/include/teleop_tools_msgs/msg
[3.192s] -- Up-to-date: /home/yundo/f1tenth_ws/install/teleop_tools_msgs/include/teleop_tools_msgs/msg/rosidl_typesupport_fastrtps_c__visibility_control.h
[3.192s] -- Up-to-date: /home/yundo/f1tenth_ws/install/teleop_tools_msgs/lib/libteleop_tools_msgs__rosidl_typesupport_fastrtps_c.so
[3.192s] -- Up-to-date: /home/yundo/f1tenth_ws/install/teleop_tools_msgs/include/teleop_tools_msgs
[3.193s] -- Up-to-date: /home/yundo/f1tenth_ws/install/teleop_tools_msgs/include/teleop_tools_msgs/action
[3.193s] -- Up-to-date: /home/yundo/f1tenth_ws/install/teleop_tools_msgs/include/teleop_tools_msgs/action/detail
[3.195s] -- Up-to-date: /home/yundo/f1tenth_ws/install/teleop_tools_msgs/include/teleop_tools_msgs/action/detail/increment__rosidl_typesupport_fastrtps_cpp.hpp
[3.195s] -- Up-to-date: /home/yundo/f1tenth_ws/install/teleop_tools_msgs/include/teleop_tools_msgs/action/detail/dds_fastrtps
[3.195s] -- Up-to-date: /home/yundo/f1tenth_ws/install/teleop_tools_msgs/include/teleop_tools_msgs/msg
[3.196s] -- Up-to-date: /home/yundo/f1tenth_ws/install/teleop_tools_msgs/include/teleop_tools_msgs/msg/rosidl_typesupport_fastrtps_cpp__visibility_control.h
[3.197s] -- Up-to-date: /home/yundo/f1tenth_ws/install/teleop_tools_msgs/lib/libteleop_tools_msgs__rosidl_typesupport_fastrtps_cpp.so
[3.197s] -- Up-to-date: /home/yundo/f1tenth_ws/install/teleop_tools_msgs/include/teleop_tools_msgs
[3.197s] -- Up-to-date: /home/yundo/f1tenth_ws/install/teleop_tools_msgs/include/teleop_tools_msgs/action
[3.198s] -- Up-to-date: /home/yundo/f1tenth_ws/install/teleop_tools_msgs/include/teleop_tools_msgs/action/detail
[3.198s] -- Up-to-date: /home/yundo/f1tenth_ws/install/teleop_tools_msgs/include/teleop_tools_msgs/action/detail/increment__rosidl_typesupport_introspection_c.h
[3.199s] -- Up-to-date: /home/yundo/f1tenth_ws/install/teleop_tools_msgs/include/teleop_tools_msgs/action/detail/increment__type_support.c
[3.199s] -- Up-to-date: /home/yundo/f1tenth_ws/install/teleop_tools_msgs/include/teleop_tools_msgs/msg
[3.200s] -- Up-to-date: /home/yundo/f1tenth_ws/install/teleop_tools_msgs/include/teleop_tools_msgs/msg/rosidl_typesupport_introspection_c__visibility_control.h
[3.211s] -- Up-to-date: /home/yundo/f1tenth_ws/install/teleop_tools_msgs/lib/libteleop_tools_msgs__rosidl_typesupport_introspection_c.so
[3.212s] -- Up-to-date: /home/yundo/f1tenth_ws/install/teleop_tools_msgs/lib/libteleop_tools_msgs__rosidl_typesupport_c.so
[3.212s] -- Up-to-date: /home/yundo/f1tenth_ws/install/teleop_tools_msgs/include/teleop_tools_msgs
[3.213s] -- Up-to-date: /home/yundo/f1tenth_ws/install/teleop_tools_msgs/include/teleop_tools_msgs/action
[3.213s] -- Up-to-date: /home/yundo/f1tenth_ws/install/teleop_tools_msgs/include/teleop_tools_msgs/action/detail
[3.213s] -- Up-to-date: /home/yundo/f1tenth_ws/install/teleop_tools_msgs/include/teleop_tools_msgs/action/detail/increment__builder.hpp
[3.214s] -- Up-to-date: /home/yundo/f1tenth_ws/install/teleop_tools_msgs/include/teleop_tools_msgs/action/detail/increment__struct.hpp
[3.214s] -- Up-to-date: /home/yundo/f1tenth_ws/install/teleop_tools_msgs/include/teleop_tools_msgs/action/detail/increment__traits.hpp
[3.215s] -- Up-to-date: /home/yundo/f1tenth_ws/install/teleop_tools_msgs/include/teleop_tools_msgs/action/detail/increment__type_support.hpp
[3.215s] -- Up-to-date: /home/yundo/f1tenth_ws/install/teleop_tools_msgs/include/teleop_tools_msgs/action/increment.hpp
[3.216s] -- Up-to-date: /home/yundo/f1tenth_ws/install/teleop_tools_msgs/include/teleop_tools_msgs/msg
[3.216s] -- Up-to-date: /home/yundo/f1tenth_ws/install/teleop_tools_msgs/include/teleop_tools_msgs/msg/rosidl_generator_cpp__visibility_control.hpp
[3.216s] -- Up-to-date: /home/yundo/f1tenth_ws/install/teleop_tools_msgs/include/teleop_tools_msgs
[3.217s] -- Up-to-date: /home/yundo/f1tenth_ws/install/teleop_tools_msgs/include/teleop_tools_msgs/action
[3.217s] -- Up-to-date: /home/yundo/f1tenth_ws/install/teleop_tools_msgs/include/teleop_tools_msgs/action/detail
[3.218s] -- Up-to-date: /home/yundo/f1tenth_ws/install/teleop_tools_msgs/include/teleop_tools_msgs/action/detail/increment__type_support.cpp
[3.218s] -- Up-to-date: /home/yundo/f1tenth_ws/install/teleop_tools_msgs/include/teleop_tools_msgs/action/detail/increment__rosidl_typesupport_introspection_cpp.hpp
[3.219s] -- Up-to-date: /home/yundo/f1tenth_ws/install/teleop_tools_msgs/lib/libteleop_tools_msgs__rosidl_typesupport_introspection_cpp.so
[3.232s] -- Up-to-date: /home/yundo/f1tenth_ws/install/teleop_tools_msgs/lib/libteleop_tools_msgs__rosidl_typesupport_cpp.so
[3.236s] -- Up-to-date: /home/yundo/f1tenth_ws/install/teleop_tools_msgs/share/teleop_tools_msgs/environment/pythonpath.sh
[3.237s] -- Up-to-date: /home/yundo/f1tenth_ws/install/teleop_tools_msgs/share/teleop_tools_msgs/environment/pythonpath.dsv
[3.238s] -- Up-to-date: /home/yundo/f1tenth_ws/install/teleop_tools_msgs/lib/python3.8/site-packages/teleop_tools_msgs/__init__.py
[3.365s] -- Up-to-date: /home/yundo/f1tenth_ws/install/teleop_tools_msgs/lib/python3.8/site-packages/teleop_tools_msgs/action
[3.366s] -- Up-to-date: /home/yundo/f1tenth_ws/install/teleop_tools_msgs/lib/python3.8/site-packages/teleop_tools_msgs/action/_increment.py
[3.366s] -- Up-to-date: /home/yundo/f1tenth_ws/install/teleop_tools_msgs/lib/python3.8/site-packages/teleop_tools_msgs/action/_increment_s.c
[3.366s] -- Up-to-date: /home/yundo/f1tenth_ws/install/teleop_tools_msgs/lib/python3.8/site-packages/teleop_tools_msgs/action/__init__.py
[3.369s] -- Up-to-date: /home/yundo/f1tenth_ws/install/teleop_tools_msgs/lib/python3.8/site-packages/teleop_tools_msgs/teleop_tools_msgs_s__rosidl_typesupport_fastrtps_c.cpython-38-aarch64-linux-gnu.so
[3.370s] -- Up-to-date: /home/yundo/f1tenth_ws/install/teleop_tools_msgs/lib/python3.8/site-packages/teleop_tools_msgs/teleop_tools_msgs_s__rosidl_typesupport_introspection_c.cpython-38-aarch64-linux-gnu.so
[3.374s] -- Up-to-date: /home/yundo/f1tenth_ws/install/teleop_tools_msgs/lib/python3.8/site-packages/teleop_tools_msgs/teleop_tools_msgs_s__rosidl_typesupport_c.cpython-38-aarch64-linux-gnu.so
[3.377s] -- Up-to-date: /home/yundo/f1tenth_ws/install/teleop_tools_msgs/lib/libteleop_tools_msgs__python.so
[3.378s] -- Up-to-date: /home/yundo/f1tenth_ws/install/teleop_tools_msgs/share/teleop_tools_msgs/action/Increment.idl
[3.380s] -- Up-to-date: /home/yundo/f1tenth_ws/install/teleop_tools_msgs/share/teleop_tools_msgs/action/Increment.action
[3.381s] -- Up-to-date: /home/yundo/f1tenth_ws/install/teleop_tools_msgs/share/ament_index/resource_index/package_run_dependencies/teleop_tools_msgs
[3.382s] -- Up-to-date: /home/yundo/f1tenth_ws/install/teleop_tools_msgs/share/ament_index/resource_index/parent_prefix_path/teleop_tools_msgs
[3.383s] -- Up-to-date: /home/yundo/f1tenth_ws/install/teleop_tools_msgs/share/teleop_tools_msgs/environment/ament_prefix_path.sh
[3.384s] -- Up-to-date: /home/yundo/f1tenth_ws/install/teleop_tools_msgs/share/teleop_tools_msgs/environment/ament_prefix_path.dsv
[3.385s] -- Up-to-date: /home/yundo/f1tenth_ws/install/teleop_tools_msgs/share/teleop_tools_msgs/environment/path.sh
[3.385s] -- Up-to-date: /home/yundo/f1tenth_ws/install/teleop_tools_msgs/share/teleop_tools_msgs/environment/path.dsv
[3.386s] -- Up-to-date: /home/yundo/f1tenth_ws/install/teleop_tools_msgs/share/teleop_tools_msgs/local_setup.bash
[3.387s] -- Up-to-date: /home/yundo/f1tenth_ws/install/teleop_tools_msgs/share/teleop_tools_msgs/local_setup.sh
[3.387s] -- Up-to-date: /home/yundo/f1tenth_ws/install/teleop_tools_msgs/share/teleop_tools_msgs/local_setup.zsh
[3.388s] -- Up-to-date: /home/yundo/f1tenth_ws/install/teleop_tools_msgs/share/teleop_tools_msgs/local_setup.dsv
[3.388s] -- Installing: /home/yundo/f1tenth_ws/install/teleop_tools_msgs/share/teleop_tools_msgs/package.dsv
[3.389s] -- Up-to-date: /home/yundo/f1tenth_ws/install/teleop_tools_msgs/share/ament_index/resource_index/packages/teleop_tools_msgs
[3.390s] -- Up-to-date: /home/yundo/f1tenth_ws/install/teleop_tools_msgs/share/teleop_tools_msgs/cmake/teleop_tools_msgs__rosidl_generator_cExport.cmake
[3.390s] -- Up-to-date: /home/yundo/f1tenth_ws/install/teleop_tools_msgs/share/teleop_tools_msgs/cmake/teleop_tools_msgs__rosidl_generator_cExport-noconfig.cmake
[3.391s] -- Up-to-date: /home/yundo/f1tenth_ws/install/teleop_tools_msgs/share/teleop_tools_msgs/cmake/teleop_tools_msgs__rosidl_typesupport_introspection_cExport.cmake
[3.391s] -- Up-to-date: /home/yundo/f1tenth_ws/install/teleop_tools_msgs/share/teleop_tools_msgs/cmake/teleop_tools_msgs__rosidl_typesupport_introspection_cExport-noconfig.cmake
[3.393s] -- Up-to-date: /home/yundo/f1tenth_ws/install/teleop_tools_msgs/share/teleop_tools_msgs/cmake/teleop_tools_msgs__rosidl_typesupport_cExport.cmake
[3.393s] -- Up-to-date: /home/yundo/f1tenth_ws/install/teleop_tools_msgs/share/teleop_tools_msgs/cmake/teleop_tools_msgs__rosidl_typesupport_cExport-noconfig.cmake
[3.394s] -- Up-to-date: /home/yundo/f1tenth_ws/install/teleop_tools_msgs/share/teleop_tools_msgs/cmake/teleop_tools_msgs__rosidl_generator_cppExport.cmake
[3.394s] -- Up-to-date: /home/yundo/f1tenth_ws/install/teleop_tools_msgs/share/teleop_tools_msgs/cmake/teleop_tools_msgs__rosidl_typesupport_introspection_cppExport.cmake
[3.395s] -- Up-to-date: /home/yundo/f1tenth_ws/install/teleop_tools_msgs/share/teleop_tools_msgs/cmake/teleop_tools_msgs__rosidl_typesupport_introspection_cppExport-noconfig.cmake
[3.395s] -- Up-to-date: /home/yundo/f1tenth_ws/install/teleop_tools_msgs/share/teleop_tools_msgs/cmake/teleop_tools_msgs__rosidl_typesupport_cppExport.cmake
[3.396s] -- Up-to-date: /home/yundo/f1tenth_ws/install/teleop_tools_msgs/share/teleop_tools_msgs/cmake/teleop_tools_msgs__rosidl_typesupport_cppExport-noconfig.cmake
[3.397s] -- Up-to-date: /home/yundo/f1tenth_ws/install/teleop_tools_msgs/share/teleop_tools_msgs/cmake/rosidl_cmake-extras.cmake
[3.397s] -- Up-to-date: /home/yundo/f1tenth_ws/install/teleop_tools_msgs/share/teleop_tools_msgs/cmake/ament_cmake_export_dependencies-extras.cmake
[3.400s] -- Up-to-date: /home/yundo/f1tenth_ws/install/teleop_tools_msgs/share/teleop_tools_msgs/cmake/ament_cmake_export_libraries-extras.cmake
[3.400s] -- Up-to-date: /home/yundo/f1tenth_ws/install/teleop_tools_msgs/share/teleop_tools_msgs/cmake/ament_cmake_export_targets-extras.cmake
[3.401s] -- Up-to-date: /home/yundo/f1tenth_ws/install/teleop_tools_msgs/share/teleop_tools_msgs/cmake/ament_cmake_export_include_directories-extras.cmake
[3.401s] -- Up-to-date: /home/yundo/f1tenth_ws/install/teleop_tools_msgs/share/teleop_tools_msgs/cmake/rosidl_cmake_export_typesupport_libraries-extras.cmake
[3.404s] -- Up-to-date: /home/yundo/f1tenth_ws/install/teleop_tools_msgs/share/teleop_tools_msgs/cmake/rosidl_cmake_export_typesupport_targets-extras.cmake
[3.404s] -- Up-to-date: /home/yundo/f1tenth_ws/install/teleop_tools_msgs/share/teleop_tools_msgs/cmake/teleop_tools_msgsConfig.cmake
[3.405s] -- Up-to-date: /home/yundo/f1tenth_ws/install/teleop_tools_msgs/share/teleop_tools_msgs/cmake/teleop_tools_msgsConfig-version.cmake
[3.405s] -- Up-to-date: /home/yundo/f1tenth_ws/install/teleop_tools_msgs/share/teleop_tools_msgs/package.xml
[3.420s] Invoked command in '/home/yundo/f1tenth_ws/build/teleop_tools_msgs' returned '0': BYOBU_DATE=%Y-%m-%d CMAKE_PREFIX_PATH=/home/yundo/f1tenth_ws/install/teleop_tools:/home/yundo/f1tenth_ws/install/teleop_tools_msgs:/home/yundo/f1tenth_ws/install/ackermann_mux:/home/yundo/vesc_ws/install/vesc:/home/yundo/vesc_ws/install/vesc_driver:/home/yundo/vesc_ws/install/vesc_ackermann:/home/yundo/f1tenth_ws/install/f1tenth_stack:/home/yundo/f1tenth_ws/install/joy_teleop:/home/yundo/f1tenth_ws/install/mouse_teleop:/home/yundo/f1tenth_ws/install/key_teleop:/opt/ros/foxy:/home/yundo/vesc_ws/install/vesc_msgs:/home/yundo/vesc_ws/install/udp_driver:/home/yundo/vesc_ws/install/io_context:/home/yundo/vesc_ws/install/asio_cmake_module:/home/yundo/ydlidar_ws/install/ydlidar_ros2_driver /usr/bin/cmake --install /home/yundo/f1tenth_ws/build/teleop_tools_msgs
