[0.128s] Invoking command in '/home/yundo/f1tenth_ws/build/teleop_tools_msgs': BYOBU_DATE=%Y-%m-%d CMAKE_PREFIX_PATH=/opt/ros/foxy /usr/bin/cmake --build /home/yundo/f1tenth_ws/build/teleop_tools_msgs -- -j4 -l4
[0.310s] [  3%] [34m[1mGenerating C code for ROS interfaces[0m
[0.363s] [35m[1mScanning dependencies of target teleop_tools_msgs__cpp[0m
[0.469s] [  6%] [34m[1mGenerating C++ code for ROS interfaces[0m
[3.631s] [35m[1mScanning dependencies of target teleop_tools_msgs__rosidl_generator_c[0m
[3.762s] [  9%] [32mBuilding C object CMakeFiles/teleop_tools_msgs__rosidl_generator_c.dir/rosidl_generator_c/teleop_tools_msgs/action/detail/increment__functions.c.o[0m
[4.271s] [  9%] Built target teleop_tools_msgs__cpp
[4.395s] [ 12%] [34m[1mGenerating C++ introspection for ROS interfaces[0m
[4.427s] [ 16%] [34m[1mGenerating C++ type support dispatch for ROS interfaces[0m
[4.457s] [ 19%] [34m[1mGenerating C++ type support for eProsima Fast-RTPS[0m
[5.075s] [ 22%] [32m[1mLinking C shared library libteleop_tools_msgs__rosidl_generator_c.so[0m
[5.570s] [ 22%] Built target teleop_tools_msgs__rosidl_generator_c
[5.701s] [ 25%] [34m[1mGenerating C introspection for ROS interfaces[0m
[7.776s] [35m[1mScanning dependencies of target teleop_tools_msgs__rosidl_typesupport_cpp[0m
[7.893s] [ 29%] [32mBuilding CXX object CMakeFiles/teleop_tools_msgs__rosidl_typesupport_cpp.dir/rosidl_typesupport_cpp/teleop_tools_msgs/action/increment__type_support.cpp.o[0m
[8.118s] [35m[1mScanning dependencies of target teleop_tools_msgs__rosidl_typesupport_introspection_cpp[0m
[8.262s] [ 32%] [32mBuilding CXX object CMakeFiles/teleop_tools_msgs__rosidl_typesupport_introspection_cpp.dir/rosidl_typesupport_introspection_cpp/teleop_tools_msgs/action/detail/increment__type_support.cpp.o[0m
[8.531s] [35m[1mScanning dependencies of target teleop_tools_msgs__rosidl_typesupport_fastrtps_cpp[0m
[8.726s] [ 35%] [32mBuilding CXX object CMakeFiles/teleop_tools_msgs__rosidl_typesupport_fastrtps_cpp.dir/rosidl_typesupport_fastrtps_cpp/teleop_tools_msgs/action/detail/dds_fastrtps/increment__type_support.cpp.o[0m
[9.292s] [35m[1mScanning dependencies of target teleop_tools_msgs__rosidl_typesupport_introspection_c[0m
[9.457s] [ 38%] [32mBuilding C object CMakeFiles/teleop_tools_msgs__rosidl_typesupport_introspection_c.dir/rosidl_typesupport_introspection_c/teleop_tools_msgs/action/detail/increment__type_support.c.o[0m
[10.011s] [ 41%] [32m[1mLinking C shared library libteleop_tools_msgs__rosidl_typesupport_introspection_c.so[0m
[10.360s] [ 41%] Built target teleop_tools_msgs__rosidl_typesupport_introspection_c
[10.498s] [ 45%] [34m[1mGenerating C type support dispatch for ROS interfaces[0m
[10.692s] [ 48%] [32m[1mLinking CXX shared library libteleop_tools_msgs__rosidl_typesupport_cpp.so[0m
[11.158s] [ 48%] Built target teleop_tools_msgs__rosidl_typesupport_cpp
[11.467s] [ 51%] [32m[1mLinking CXX shared library libteleop_tools_msgs__rosidl_typesupport_introspection_cpp.so[0m
[12.245s] [ 51%] Built target teleop_tools_msgs__rosidl_typesupport_introspection_cpp
[12.682s] [ 54%] [32m[1mLinking CXX shared library libteleop_tools_msgs__rosidl_typesupport_fastrtps_cpp.so[0m
[13.144s] [35m[1mScanning dependencies of target teleop_tools_msgs__rosidl_typesupport_c[0m
[13.210s] [ 54%] Built target teleop_tools_msgs__rosidl_typesupport_fastrtps_cpp
[13.210s] [ 58%] [32mBuilding CXX object CMakeFiles/teleop_tools_msgs__rosidl_typesupport_c.dir/rosidl_typesupport_c/teleop_tools_msgs/action/increment__type_support.cpp.o[0m
[13.250s] [ 61%] [34m[1mGenerating C type support for eProsima Fast-RTPS[0m
[13.404s] [ 64%] [32m[1mLinking CXX shared library libteleop_tools_msgs__rosidl_typesupport_c.so[0m
[13.568s] [ 64%] Built target teleop_tools_msgs__rosidl_typesupport_c
[15.113s] [35m[1mScanning dependencies of target teleop_tools_msgs__rosidl_typesupport_fastrtps_c[0m
[15.206s] [ 67%] [32mBuilding CXX object CMakeFiles/teleop_tools_msgs__rosidl_typesupport_fastrtps_c.dir/rosidl_typesupport_fastrtps_c/teleop_tools_msgs/action/detail/increment__type_support_c.cpp.o[0m
[16.612s] [ 70%] [32m[1mLinking CXX shared library libteleop_tools_msgs__rosidl_typesupport_fastrtps_c.so[0m
[16.940s] [ 70%] Built target teleop_tools_msgs__rosidl_typesupport_fastrtps_c
[16.975s] [35m[1mScanning dependencies of target teleop_tools_msgs[0m
[17.012s] [ 70%] Built target teleop_tools_msgs
[17.050s] [35m[1mScanning dependencies of target teleop_tools_msgs__py[0m
[17.087s] [ 74%] [34m[1mGenerating Python code for ROS interfaces[0m
[21.277s] [ 74%] Built target teleop_tools_msgs__py
[21.313s] [35m[1mScanning dependencies of target teleop_tools_msgs__python[0m
[21.422s] [ 77%] [32mBuilding C object CMakeFiles/teleop_tools_msgs__python.dir/rosidl_generator_py/teleop_tools_msgs/action/_increment_s.c.o[0m
[22.000s] [ 80%] [32m[1mLinking C shared library rosidl_generator_py/teleop_tools_msgs/libteleop_tools_msgs__python.so[0m
[22.172s] [ 80%] Built target teleop_tools_msgs__python
[22.212s] [35m[1mScanning dependencies of target teleop_tools_msgs__rosidl_typesupport_c__pyext[0m
[22.213s] [35m[1mScanning dependencies of target teleop_tools_msgs__rosidl_typesupport_introspection_c__pyext[0m
[22.213s] [35m[1mScanning dependencies of target teleop_tools_msgs__rosidl_typesupport_fastrtps_c__pyext[0m
[22.296s] [ 83%] [32mBuilding C object CMakeFiles/teleop_tools_msgs__rosidl_typesupport_introspection_c__pyext.dir/rosidl_generator_py/teleop_tools_msgs/_teleop_tools_msgs_s.ep.rosidl_typesupport_introspection_c.c.o[0m
[22.305s] [ 87%] [32mBuilding C object CMakeFiles/teleop_tools_msgs__rosidl_typesupport_c__pyext.dir/rosidl_generator_py/teleop_tools_msgs/_teleop_tools_msgs_s.ep.rosidl_typesupport_c.c.o[0m
[22.340s] [ 90%] [32mBuilding C object CMakeFiles/teleop_tools_msgs__rosidl_typesupport_fastrtps_c__pyext.dir/rosidl_generator_py/teleop_tools_msgs/_teleop_tools_msgs_s.ep.rosidl_typesupport_fastrtps_c.c.o[0m
[22.719s] [ 93%] [32m[1mLinking C shared library rosidl_generator_py/teleop_tools_msgs/teleop_tools_msgs_s__rosidl_typesupport_introspection_c.cpython-38-aarch64-linux-gnu.so[0m
[22.754s] [ 96%] [32m[1mLinking C shared library rosidl_generator_py/teleop_tools_msgs/teleop_tools_msgs_s__rosidl_typesupport_c.cpython-38-aarch64-linux-gnu.so[0m
[22.798s] [100%] [32m[1mLinking CXX shared library rosidl_generator_py/teleop_tools_msgs/teleop_tools_msgs_s__rosidl_typesupport_fastrtps_c.cpython-38-aarch64-linux-gnu.so[0m
[22.905s] [100%] Built target teleop_tools_msgs__rosidl_typesupport_introspection_c__pyext
[22.938s] [100%] Built target teleop_tools_msgs__rosidl_typesupport_c__pyext
[23.085s] [100%] Built target teleop_tools_msgs__rosidl_typesupport_fastrtps_c__pyext
