[0.197s] Invoking command in '/home/yundo/f1tenth_ws/build/teleop_tools_msgs': BYOBU_DATE=%Y-%m-%d CMAKE_PREFIX_PATH=/home/yundo/f1tenth_ws/install/teleop_tools:/home/yundo/f1tenth_ws/install/teleop_tools_msgs:/home/yundo/f1tenth_ws/install/ackermann_mux:/home/yundo/vesc_ws/install/vesc:/home/yundo/vesc_ws/install/vesc_driver:/home/yundo/vesc_ws/install/vesc_ackermann:/home/yundo/f1tenth_ws/install/f1tenth_stack:/home/yundo/f1tenth_ws/install/joy_teleop:/home/yundo/f1tenth_ws/install/mouse_teleop:/home/yundo/f1tenth_ws/install/key_teleop:/opt/ros/foxy:/home/yundo/vesc_ws/install/vesc_msgs:/home/yundo/vesc_ws/install/udp_driver:/home/yundo/vesc_ws/install/io_context:/home/yundo/vesc_ws/install/asio_cmake_module:/home/yundo/ydlidar_ws/install/ydlidar_ros2_driver /usr/bin/cmake --build /home/yundo/f1tenth_ws/build/teleop_tools_msgs -- -j4 -l4
[2.081s] [  3%] Built target teleop_tools_msgs__cpp
[2.084s] [ 12%] Built target teleop_tools_msgs__rosidl_generator_c
[2.087s] [ 22%] Built target teleop_tools_msgs__rosidl_typesupport_introspection_cpp
[2.088s] [ 32%] Built target teleop_tools_msgs__rosidl_typesupport_introspection_c
[2.088s] [ 41%] Built target teleop_tools_msgs__rosidl_typesupport_cpp
[2.089s] [ 61%] Built target teleop_tools_msgs__rosidl_typesupport_fastrtps_cpp
[2.089s] [ 61%] Built target teleop_tools_msgs__rosidl_typesupport_c
[2.090s] [ 70%] Built target teleop_tools_msgs__rosidl_typesupport_fastrtps_c
[2.090s] [ 70%] Built target teleop_tools_msgs
[2.090s] [ 74%] Built target teleop_tools_msgs__py
[2.091s] [ 80%] Built target teleop_tools_msgs__python
[2.210s] [ 87%] Built target teleop_tools_msgs__rosidl_typesupport_introspection_c__pyext
[2.224s] [ 93%] Built target teleop_tools_msgs__rosidl_typesupport_fastrtps_c__pyext
[2.262s] [100%] Built target teleop_tools_msgs__rosidl_typesupport_c__pyext
[3.541s] Invoked command in '/home/yundo/f1tenth_ws/build/teleop_tools_msgs' returned '0': BYOBU_DATE=%Y-%m-%d CMAKE_PREFIX_PATH=/home/yundo/f1tenth_ws/install/teleop_tools:/home/yundo/f1tenth_ws/install/teleop_tools_msgs:/home/yundo/f1tenth_ws/install/ackermann_mux:/home/yundo/vesc_ws/install/vesc:/home/yundo/vesc_ws/install/vesc_driver:/home/yundo/vesc_ws/install/vesc_ackermann:/home/yundo/f1tenth_ws/install/f1tenth_stack:/home/yundo/f1tenth_ws/install/joy_teleop:/home/yundo/f1tenth_ws/install/mouse_teleop:/home/yundo/f1tenth_ws/install/key_teleop:/opt/ros/foxy:/home/yundo/vesc_ws/install/vesc_msgs:/home/yundo/vesc_ws/install/udp_driver:/home/yundo/vesc_ws/install/io_context:/home/yundo/vesc_ws/install/asio_cmake_module:/home/yundo/ydlidar_ws/install/ydlidar_ros2_driver /usr/bin/cmake --build /home/yundo/f1tenth_ws/build/teleop_tools_msgs -- -j4 -l4
[3.881s] Invoking command in '/home/yundo/f1tenth_ws/build/teleop_tools_msgs': BYOBU_DATE=%Y-%m-%d CMAKE_PREFIX_PATH=/home/yundo/f1tenth_ws/install/teleop_tools:/home/yundo/f1tenth_ws/install/teleop_tools_msgs:/home/yundo/f1tenth_ws/install/ackermann_mux:/home/yundo/vesc_ws/install/vesc:/home/yundo/vesc_ws/install/vesc_driver:/home/yundo/vesc_ws/install/vesc_ackermann:/home/yundo/f1tenth_ws/install/f1tenth_stack:/home/yundo/f1tenth_ws/install/joy_teleop:/home/yundo/f1tenth_ws/install/mouse_teleop:/home/yundo/f1tenth_ws/install/key_teleop:/opt/ros/foxy:/home/yundo/vesc_ws/install/vesc_msgs:/home/yundo/vesc_ws/install/udp_driver:/home/yundo/vesc_ws/install/io_context:/home/yundo/vesc_ws/install/asio_cmake_module:/home/yundo/ydlidar_ws/install/ydlidar_ros2_driver /usr/bin/cmake --install /home/yundo/f1tenth_ws/build/teleop_tools_msgs
[3.932s] -- Install configuration: ""
[3.933s] -- Up-to-date: /home/yundo/f1tenth_ws/install/teleop_tools_msgs/share/ament_index/resource_index/rosidl_interfaces/teleop_tools_msgs
[3.934s] -- Up-to-date: /home/yundo/f1tenth_ws/install/teleop_tools_msgs/include/teleop_tools_msgs
[3.936s] -- Up-to-date: /home/yundo/f1tenth_ws/install/teleop_tools_msgs/include/teleop_tools_msgs/action
[3.936s] -- Up-to-date: /home/yundo/f1tenth_ws/install/teleop_tools_msgs/include/teleop_tools_msgs/action/detail
[3.937s] -- Up-to-date: /home/yundo/f1tenth_ws/install/teleop_tools_msgs/include/teleop_tools_msgs/action/detail/increment__struct.h
[3.937s] -- Up-to-date: /home/yundo/f1tenth_ws/install/teleop_tools_msgs/include/teleop_tools_msgs/action/detail/increment__type_support.h
[3.938s] -- Up-to-date: /home/yundo/f1tenth_ws/install/teleop_tools_msgs/include/teleop_tools_msgs/action/detail/increment__functions.c
[3.939s] -- Up-to-date: /home/yundo/f1tenth_ws/install/teleop_tools_msgs/include/teleop_tools_msgs/action/detail/increment__functions.h
[3.940s] -- Up-to-date: /home/yundo/f1tenth_ws/install/teleop_tools_msgs/include/teleop_tools_msgs/action/increment.h
[3.940s] -- Up-to-date: /home/yundo/f1tenth_ws/install/teleop_tools_msgs/include/teleop_tools_msgs/msg
[3.941s] -- Up-to-date: /home/yundo/f1tenth_ws/install/teleop_tools_msgs/include/teleop_tools_msgs/msg/rosidl_generator_c__visibility_control.h
[3.941s] -- Up-to-date: /home/yundo/f1tenth_ws/install/teleop_tools_msgs/share/teleop_tools_msgs/environment/library_path.sh
[3.942s] -- Up-to-date: /home/yundo/f1tenth_ws/install/teleop_tools_msgs/share/teleop_tools_msgs/environment/library_path.dsv
[3.942s] -- Up-to-date: /home/yundo/f1tenth_ws/install/teleop_tools_msgs/lib/libteleop_tools_msgs__rosidl_generator_c.so
[3.943s] -- Up-to-date: /home/yundo/f1tenth_ws/install/teleop_tools_msgs/include/teleop_tools_msgs
[3.944s] -- Up-to-date: /home/yundo/f1tenth_ws/install/teleop_tools_msgs/include/teleop_tools_msgs/action
[3.945s] -- Up-to-date: /home/yundo/f1tenth_ws/install/teleop_tools_msgs/include/teleop_tools_msgs/action/detail
[3.945s] -- Up-to-date: /home/yundo/f1tenth_ws/install/teleop_tools_msgs/include/teleop_tools_msgs/action/detail/increment__rosidl_typesupport_fastrtps_c.h
[3.947s] -- Up-to-date: /home/yundo/f1tenth_ws/install/teleop_tools_msgs/include/teleop_tools_msgs/msg
[3.947s] -- Up-to-date: /home/yundo/f1tenth_ws/install/teleop_tools_msgs/include/teleop_tools_msgs/msg/rosidl_typesupport_fastrtps_c__visibility_control.h
[3.950s] -- Up-to-date: /home/yundo/f1tenth_ws/install/teleop_tools_msgs/lib/libteleop_tools_msgs__rosidl_typesupport_fastrtps_c.so
[3.951s] -- Up-to-date: /home/yundo/f1tenth_ws/install/teleop_tools_msgs/include/teleop_tools_msgs
[3.951s] -- Up-to-date: /home/yundo/f1tenth_ws/install/teleop_tools_msgs/include/teleop_tools_msgs/action
[3.952s] -- Up-to-date: /home/yundo/f1tenth_ws/install/teleop_tools_msgs/include/teleop_tools_msgs/action/detail
[3.952s] -- Up-to-date: /home/yundo/f1tenth_ws/install/teleop_tools_msgs/include/teleop_tools_msgs/action/detail/increment__rosidl_typesupport_fastrtps_cpp.hpp
[3.953s] -- Up-to-date: /home/yundo/f1tenth_ws/install/teleop_tools_msgs/include/teleop_tools_msgs/action/detail/dds_fastrtps
[3.953s] -- Up-to-date: /home/yundo/f1tenth_ws/install/teleop_tools_msgs/include/teleop_tools_msgs/msg
[3.957s] -- Up-to-date: /home/yundo/f1tenth_ws/install/teleop_tools_msgs/include/teleop_tools_msgs/msg/rosidl_typesupport_fastrtps_cpp__visibility_control.h
[3.958s] -- Up-to-date: /home/yundo/f1tenth_ws/install/teleop_tools_msgs/lib/libteleop_tools_msgs__rosidl_typesupport_fastrtps_cpp.so
[3.960s] -- Up-to-date: /home/yundo/f1tenth_ws/install/teleop_tools_msgs/include/teleop_tools_msgs
[3.960s] -- Up-to-date: /home/yundo/f1tenth_ws/install/teleop_tools_msgs/include/teleop_tools_msgs/action
[3.960s] -- Up-to-date: /home/yundo/f1tenth_ws/install/teleop_tools_msgs/include/teleop_tools_msgs/action/detail
[3.961s] -- Up-to-date: /home/yundo/f1tenth_ws/install/teleop_tools_msgs/include/teleop_tools_msgs/action/detail/increment__rosidl_typesupport_introspection_c.h
[3.961s] -- Up-to-date: /home/yundo/f1tenth_ws/install/teleop_tools_msgs/include/teleop_tools_msgs/action/detail/increment__type_support.c
[3.967s] -- Up-to-date: /home/yundo/f1tenth_ws/install/teleop_tools_msgs/include/teleop_tools_msgs/msg
[3.968s] -- Up-to-date: /home/yundo/f1tenth_ws/install/teleop_tools_msgs/include/teleop_tools_msgs/msg/rosidl_typesupport_introspection_c__visibility_control.h
[3.968s] -- Up-to-date: /home/yundo/f1tenth_ws/install/teleop_tools_msgs/lib/libteleop_tools_msgs__rosidl_typesupport_introspection_c.so
[3.969s] -- Up-to-date: /home/yundo/f1tenth_ws/install/teleop_tools_msgs/lib/libteleop_tools_msgs__rosidl_typesupport_c.so
[3.969s] -- Up-to-date: /home/yundo/f1tenth_ws/install/teleop_tools_msgs/include/teleop_tools_msgs
[3.974s] -- Up-to-date: /home/yundo/f1tenth_ws/install/teleop_tools_msgs/include/teleop_tools_msgs/action
[3.975s] -- Up-to-date: /home/yundo/f1tenth_ws/install/teleop_tools_msgs/include/teleop_tools_msgs/action/detail
[3.975s] -- Up-to-date: /home/yundo/f1tenth_ws/install/teleop_tools_msgs/include/teleop_tools_msgs/action/detail/increment__builder.hpp
[3.976s] -- Up-to-date: /home/yundo/f1tenth_ws/install/teleop_tools_msgs/include/teleop_tools_msgs/action/detail/increment__struct.hpp
[3.976s] -- Up-to-date: /home/yundo/f1tenth_ws/install/teleop_tools_msgs/include/teleop_tools_msgs/action/detail/increment__traits.hpp
[3.977s] -- Up-to-date: /home/yundo/f1tenth_ws/install/teleop_tools_msgs/include/teleop_tools_msgs/action/detail/increment__type_support.hpp
[3.977s] -- Up-to-date: /home/yundo/f1tenth_ws/install/teleop_tools_msgs/include/teleop_tools_msgs/action/increment.hpp
[3.977s] -- Up-to-date: /home/yundo/f1tenth_ws/install/teleop_tools_msgs/include/teleop_tools_msgs/msg
[3.983s] -- Up-to-date: /home/yundo/f1tenth_ws/install/teleop_tools_msgs/include/teleop_tools_msgs/msg/rosidl_generator_cpp__visibility_control.hpp
[3.983s] -- Up-to-date: /home/yundo/f1tenth_ws/install/teleop_tools_msgs/include/teleop_tools_msgs
[3.984s] -- Up-to-date: /home/yundo/f1tenth_ws/install/teleop_tools_msgs/include/teleop_tools_msgs/action
[3.985s] -- Up-to-date: /home/yundo/f1tenth_ws/install/teleop_tools_msgs/include/teleop_tools_msgs/action/detail
[3.985s] -- Up-to-date: /home/yundo/f1tenth_ws/install/teleop_tools_msgs/include/teleop_tools_msgs/action/detail/increment__type_support.cpp
[3.985s] -- Up-to-date: /home/yundo/f1tenth_ws/install/teleop_tools_msgs/include/teleop_tools_msgs/action/detail/increment__rosidl_typesupport_introspection_cpp.hpp
[3.986s] -- Up-to-date: /home/yundo/f1tenth_ws/install/teleop_tools_msgs/lib/libteleop_tools_msgs__rosidl_typesupport_introspection_cpp.so
[3.986s] -- Up-to-date: /home/yundo/f1tenth_ws/install/teleop_tools_msgs/lib/libteleop_tools_msgs__rosidl_typesupport_cpp.so
[3.988s] -- Up-to-date: /home/yundo/f1tenth_ws/install/teleop_tools_msgs/share/teleop_tools_msgs/environment/pythonpath.sh
[3.988s] -- Up-to-date: /home/yundo/f1tenth_ws/install/teleop_tools_msgs/share/teleop_tools_msgs/environment/pythonpath.dsv
[3.989s] -- Up-to-date: /home/yundo/f1tenth_ws/install/teleop_tools_msgs/lib/python3.8/site-packages/teleop_tools_msgs/__init__.py
[4.173s] -- Up-to-date: /home/yundo/f1tenth_ws/install/teleop_tools_msgs/lib/python3.8/site-packages/teleop_tools_msgs/action
[4.174s] -- Up-to-date: /home/yundo/f1tenth_ws/install/teleop_tools_msgs/lib/python3.8/site-packages/teleop_tools_msgs/action/_increment.py
[4.177s] -- Up-to-date: /home/yundo/f1tenth_ws/install/teleop_tools_msgs/lib/python3.8/site-packages/teleop_tools_msgs/action/_increment_s.c
[4.178s] -- Up-to-date: /home/yundo/f1tenth_ws/install/teleop_tools_msgs/lib/python3.8/site-packages/teleop_tools_msgs/action/__init__.py
[4.180s] -- Up-to-date: /home/yundo/f1tenth_ws/install/teleop_tools_msgs/lib/python3.8/site-packages/teleop_tools_msgs/teleop_tools_msgs_s__rosidl_typesupport_fastrtps_c.cpython-38-aarch64-linux-gnu.so
[4.183s] -- Up-to-date: /home/yundo/f1tenth_ws/install/teleop_tools_msgs/lib/python3.8/site-packages/teleop_tools_msgs/teleop_tools_msgs_s__rosidl_typesupport_introspection_c.cpython-38-aarch64-linux-gnu.so
[4.186s] -- Up-to-date: /home/yundo/f1tenth_ws/install/teleop_tools_msgs/lib/python3.8/site-packages/teleop_tools_msgs/teleop_tools_msgs_s__rosidl_typesupport_c.cpython-38-aarch64-linux-gnu.so
[4.191s] -- Up-to-date: /home/yundo/f1tenth_ws/install/teleop_tools_msgs/lib/libteleop_tools_msgs__python.so
[4.192s] -- Up-to-date: /home/yundo/f1tenth_ws/install/teleop_tools_msgs/share/teleop_tools_msgs/action/Increment.idl
[4.192s] -- Up-to-date: /home/yundo/f1tenth_ws/install/teleop_tools_msgs/share/teleop_tools_msgs/action/Increment.action
[4.193s] -- Up-to-date: /home/yundo/f1tenth_ws/install/teleop_tools_msgs/share/ament_index/resource_index/package_run_dependencies/teleop_tools_msgs
[4.193s] -- Up-to-date: /home/yundo/f1tenth_ws/install/teleop_tools_msgs/share/ament_index/resource_index/parent_prefix_path/teleop_tools_msgs
[4.194s] -- Up-to-date: /home/yundo/f1tenth_ws/install/teleop_tools_msgs/share/teleop_tools_msgs/environment/ament_prefix_path.sh
[4.195s] -- Up-to-date: /home/yundo/f1tenth_ws/install/teleop_tools_msgs/share/teleop_tools_msgs/environment/ament_prefix_path.dsv
[4.196s] -- Up-to-date: /home/yundo/f1tenth_ws/install/teleop_tools_msgs/share/teleop_tools_msgs/environment/path.sh
[4.197s] -- Up-to-date: /home/yundo/f1tenth_ws/install/teleop_tools_msgs/share/teleop_tools_msgs/environment/path.dsv
[4.198s] -- Up-to-date: /home/yundo/f1tenth_ws/install/teleop_tools_msgs/share/teleop_tools_msgs/local_setup.bash
[4.199s] -- Up-to-date: /home/yundo/f1tenth_ws/install/teleop_tools_msgs/share/teleop_tools_msgs/local_setup.sh
[4.199s] -- Up-to-date: /home/yundo/f1tenth_ws/install/teleop_tools_msgs/share/teleop_tools_msgs/local_setup.zsh
[4.200s] -- Up-to-date: /home/yundo/f1tenth_ws/install/teleop_tools_msgs/share/teleop_tools_msgs/local_setup.dsv
[4.200s] -- Installing: /home/yundo/f1tenth_ws/install/teleop_tools_msgs/share/teleop_tools_msgs/package.dsv
[4.201s] -- Up-to-date: /home/yundo/f1tenth_ws/install/teleop_tools_msgs/share/ament_index/resource_index/packages/teleop_tools_msgs
[4.203s] -- Up-to-date: /home/yundo/f1tenth_ws/install/teleop_tools_msgs/share/teleop_tools_msgs/cmake/teleop_tools_msgs__rosidl_generator_cExport.cmake
[4.204s] -- Up-to-date: /home/yundo/f1tenth_ws/install/teleop_tools_msgs/share/teleop_tools_msgs/cmake/teleop_tools_msgs__rosidl_generator_cExport-noconfig.cmake
[4.207s] -- Up-to-date: /home/yundo/f1tenth_ws/install/teleop_tools_msgs/share/teleop_tools_msgs/cmake/teleop_tools_msgs__rosidl_typesupport_introspection_cExport.cmake
[4.207s] -- Up-to-date: /home/yundo/f1tenth_ws/install/teleop_tools_msgs/share/teleop_tools_msgs/cmake/teleop_tools_msgs__rosidl_typesupport_introspection_cExport-noconfig.cmake
[4.210s] -- Up-to-date: /home/yundo/f1tenth_ws/install/teleop_tools_msgs/share/teleop_tools_msgs/cmake/teleop_tools_msgs__rosidl_typesupport_cExport.cmake
[4.210s] -- Up-to-date: /home/yundo/f1tenth_ws/install/teleop_tools_msgs/share/teleop_tools_msgs/cmake/teleop_tools_msgs__rosidl_typesupport_cExport-noconfig.cmake
[4.213s] -- Up-to-date: /home/yundo/f1tenth_ws/install/teleop_tools_msgs/share/teleop_tools_msgs/cmake/teleop_tools_msgs__rosidl_generator_cppExport.cmake
[4.216s] -- Up-to-date: /home/yundo/f1tenth_ws/install/teleop_tools_msgs/share/teleop_tools_msgs/cmake/teleop_tools_msgs__rosidl_typesupport_introspection_cppExport.cmake
[4.216s] -- Up-to-date: /home/yundo/f1tenth_ws/install/teleop_tools_msgs/share/teleop_tools_msgs/cmake/teleop_tools_msgs__rosidl_typesupport_introspection_cppExport-noconfig.cmake
[4.219s] -- Up-to-date: /home/yundo/f1tenth_ws/install/teleop_tools_msgs/share/teleop_tools_msgs/cmake/teleop_tools_msgs__rosidl_typesupport_cppExport.cmake
[4.220s] -- Up-to-date: /home/yundo/f1tenth_ws/install/teleop_tools_msgs/share/teleop_tools_msgs/cmake/teleop_tools_msgs__rosidl_typesupport_cppExport-noconfig.cmake
[4.221s] -- Up-to-date: /home/yundo/f1tenth_ws/install/teleop_tools_msgs/share/teleop_tools_msgs/cmake/rosidl_cmake-extras.cmake
[4.222s] -- Up-to-date: /home/yundo/f1tenth_ws/install/teleop_tools_msgs/share/teleop_tools_msgs/cmake/ament_cmake_export_dependencies-extras.cmake
[4.222s] -- Up-to-date: /home/yundo/f1tenth_ws/install/teleop_tools_msgs/share/teleop_tools_msgs/cmake/ament_cmake_export_libraries-extras.cmake
[4.223s] -- Up-to-date: /home/yundo/f1tenth_ws/install/teleop_tools_msgs/share/teleop_tools_msgs/cmake/ament_cmake_export_targets-extras.cmake
[4.223s] -- Up-to-date: /home/yundo/f1tenth_ws/install/teleop_tools_msgs/share/teleop_tools_msgs/cmake/ament_cmake_export_include_directories-extras.cmake
[4.225s] -- Up-to-date: /home/yundo/f1tenth_ws/install/teleop_tools_msgs/share/teleop_tools_msgs/cmake/rosidl_cmake_export_typesupport_libraries-extras.cmake
[4.225s] -- Up-to-date: /home/yundo/f1tenth_ws/install/teleop_tools_msgs/share/teleop_tools_msgs/cmake/rosidl_cmake_export_typesupport_targets-extras.cmake
[4.226s] -- Up-to-date: /home/yundo/f1tenth_ws/install/teleop_tools_msgs/share/teleop_tools_msgs/cmake/teleop_tools_msgsConfig.cmake
[4.226s] -- Up-to-date: /home/yundo/f1tenth_ws/install/teleop_tools_msgs/share/teleop_tools_msgs/cmake/teleop_tools_msgsConfig-version.cmake
[4.227s] -- Up-to-date: /home/yundo/f1tenth_ws/install/teleop_tools_msgs/share/teleop_tools_msgs/package.xml
[4.239s] Invoked command in '/home/yundo/f1tenth_ws/build/teleop_tools_msgs' returned '0': BYOBU_DATE=%Y-%m-%d CMAKE_PREFIX_PATH=/home/yundo/f1tenth_ws/install/teleop_tools:/home/yundo/f1tenth_ws/install/teleop_tools_msgs:/home/yundo/f1tenth_ws/install/ackermann_mux:/home/yundo/vesc_ws/install/vesc:/home/yundo/vesc_ws/install/vesc_driver:/home/yundo/vesc_ws/install/vesc_ackermann:/home/yundo/f1tenth_ws/install/f1tenth_stack:/home/yundo/f1tenth_ws/install/joy_teleop:/home/yundo/f1tenth_ws/install/mouse_teleop:/home/yundo/f1tenth_ws/install/key_teleop:/opt/ros/foxy:/home/yundo/vesc_ws/install/vesc_msgs:/home/yundo/vesc_ws/install/udp_driver:/home/yundo/vesc_ws/install/io_context:/home/yundo/vesc_ws/install/asio_cmake_module:/home/yundo/ydlidar_ws/install/ydlidar_ros2_driver /usr/bin/cmake --install /home/yundo/f1tenth_ws/build/teleop_tools_msgs
