[0.185s] Invoking command in '/home/yundo/f1tenth_ws/build/teleop_tools_msgs': BYOBU_DATE=%Y-%m-%d CMAKE_PREFIX_PATH=/home/yundo/f1tenth_ws/install/teleop_tools:/home/yundo/f1tenth_ws/install/teleop_tools_msgs:/home/yundo/f1tenth_ws/install/ackermann_mux:/home/yundo/vesc_ws/install/vesc:/home/yundo/vesc_ws/install/vesc_driver:/home/yundo/vesc_ws/install/vesc_ackermann:/home/yundo/f1tenth_ws/install/f1tenth_stack:/home/yundo/f1tenth_ws/install/joy_teleop:/home/yundo/f1tenth_ws/install/mouse_teleop:/home/yundo/f1tenth_ws/install/key_teleop:/opt/ros/foxy:/home/yundo/vesc_ws/install/vesc_msgs:/home/yundo/vesc_ws/install/udp_driver:/home/yundo/vesc_ws/install/io_context:/home/yundo/vesc_ws/install/asio_cmake_module:/home/yundo/ydlidar_ws/install/ydlidar_ros2_driver /usr/bin/cmake --build /home/yundo/f1tenth_ws/build/teleop_tools_msgs -- -j4 -l4
[3.017s] [  3%] Built target teleop_tools_msgs__cpp
[3.020s] [ 12%] Built target teleop_tools_msgs__rosidl_generator_c
[3.021s] [ 22%] Built target teleop_tools_msgs__rosidl_typesupport_cpp
[3.022s] [ 32%] Built target teleop_tools_msgs__rosidl_typesupport_introspection_c
[3.023s] [ 41%] Built target teleop_tools_msgs__rosidl_typesupport_fastrtps_cpp
[3.024s] [ 51%] Built target teleop_tools_msgs__rosidl_typesupport_introspection_cpp
[3.025s] [ 61%] Built target teleop_tools_msgs__rosidl_typesupport_c
[3.026s] [ 70%] Built target teleop_tools_msgs__rosidl_typesupport_fastrtps_c
[3.027s] [ 70%] Built target teleop_tools_msgs
[3.028s] [ 74%] Built target teleop_tools_msgs__py
[3.033s] [ 80%] Built target teleop_tools_msgs__python
[3.033s] [ 87%] Built target teleop_tools_msgs__rosidl_typesupport_c__pyext
[3.034s] [ 93%] Built target teleop_tools_msgs__rosidl_typesupport_fastrtps_c__pyext
[3.034s] [100%] Built target teleop_tools_msgs__rosidl_typesupport_introspection_c__pyext
[3.036s] Invoked command in '/home/yundo/f1tenth_ws/build/teleop_tools_msgs' returned '0': BYOBU_DATE=%Y-%m-%d CMAKE_PREFIX_PATH=/home/yundo/f1tenth_ws/install/teleop_tools:/home/yundo/f1tenth_ws/install/teleop_tools_msgs:/home/yundo/f1tenth_ws/install/ackermann_mux:/home/yundo/vesc_ws/install/vesc:/home/yundo/vesc_ws/install/vesc_driver:/home/yundo/vesc_ws/install/vesc_ackermann:/home/yundo/f1tenth_ws/install/f1tenth_stack:/home/yundo/f1tenth_ws/install/joy_teleop:/home/yundo/f1tenth_ws/install/mouse_teleop:/home/yundo/f1tenth_ws/install/key_teleop:/opt/ros/foxy:/home/yundo/vesc_ws/install/vesc_msgs:/home/yundo/vesc_ws/install/udp_driver:/home/yundo/vesc_ws/install/io_context:/home/yundo/vesc_ws/install/asio_cmake_module:/home/yundo/ydlidar_ws/install/ydlidar_ros2_driver /usr/bin/cmake --build /home/yundo/f1tenth_ws/build/teleop_tools_msgs -- -j4 -l4
[3.319s] Invoking command in '/home/yundo/f1tenth_ws/build/teleop_tools_msgs': BYOBU_DATE=%Y-%m-%d CMAKE_PREFIX_PATH=/home/yundo/f1tenth_ws/install/teleop_tools:/home/yundo/f1tenth_ws/install/teleop_tools_msgs:/home/yundo/f1tenth_ws/install/ackermann_mux:/home/yundo/vesc_ws/install/vesc:/home/yundo/vesc_ws/install/vesc_driver:/home/yundo/vesc_ws/install/vesc_ackermann:/home/yundo/f1tenth_ws/install/f1tenth_stack:/home/yundo/f1tenth_ws/install/joy_teleop:/home/yundo/f1tenth_ws/install/mouse_teleop:/home/yundo/f1tenth_ws/install/key_teleop:/opt/ros/foxy:/home/yundo/vesc_ws/install/vesc_msgs:/home/yundo/vesc_ws/install/udp_driver:/home/yundo/vesc_ws/install/io_context:/home/yundo/vesc_ws/install/asio_cmake_module:/home/yundo/ydlidar_ws/install/ydlidar_ros2_driver /usr/bin/cmake --install /home/yundo/f1tenth_ws/build/teleop_tools_msgs
[3.356s] -- Install configuration: ""
[3.357s] -- Up-to-date: /home/yundo/f1tenth_ws/install/teleop_tools_msgs/share/ament_index/resource_index/rosidl_interfaces/teleop_tools_msgs
[3.357s] -- Up-to-date: /home/yundo/f1tenth_ws/install/teleop_tools_msgs/include/teleop_tools_msgs
[3.358s] -- Up-to-date: /home/yundo/f1tenth_ws/install/teleop_tools_msgs/include/teleop_tools_msgs/action
[3.358s] -- Up-to-date: /home/yundo/f1tenth_ws/install/teleop_tools_msgs/include/teleop_tools_msgs/action/detail
[3.359s] -- Up-to-date: /home/yundo/f1tenth_ws/install/teleop_tools_msgs/include/teleop_tools_msgs/action/detail/increment__struct.h
[3.360s] -- Up-to-date: /home/yundo/f1tenth_ws/install/teleop_tools_msgs/include/teleop_tools_msgs/action/detail/increment__type_support.h
[3.361s] -- Up-to-date: /home/yundo/f1tenth_ws/install/teleop_tools_msgs/include/teleop_tools_msgs/action/detail/increment__functions.c
[3.361s] -- Up-to-date: /home/yundo/f1tenth_ws/install/teleop_tools_msgs/include/teleop_tools_msgs/action/detail/increment__functions.h
[3.362s] -- Up-to-date: /home/yundo/f1tenth_ws/install/teleop_tools_msgs/include/teleop_tools_msgs/action/increment.h
[3.362s] -- Up-to-date: /home/yundo/f1tenth_ws/install/teleop_tools_msgs/include/teleop_tools_msgs/msg
[3.363s] -- Up-to-date: /home/yundo/f1tenth_ws/install/teleop_tools_msgs/include/teleop_tools_msgs/msg/rosidl_generator_c__visibility_control.h
[3.365s] -- Up-to-date: /home/yundo/f1tenth_ws/install/teleop_tools_msgs/share/teleop_tools_msgs/environment/library_path.sh
[3.367s] -- Up-to-date: /home/yundo/f1tenth_ws/install/teleop_tools_msgs/share/teleop_tools_msgs/environment/library_path.dsv
[3.367s] -- Up-to-date: /home/yundo/f1tenth_ws/install/teleop_tools_msgs/lib/libteleop_tools_msgs__rosidl_generator_c.so
[3.368s] -- Up-to-date: /home/yundo/f1tenth_ws/install/teleop_tools_msgs/include/teleop_tools_msgs
[3.370s] -- Up-to-date: /home/yundo/f1tenth_ws/install/teleop_tools_msgs/include/teleop_tools_msgs/action
[3.370s] -- Up-to-date: /home/yundo/f1tenth_ws/install/teleop_tools_msgs/include/teleop_tools_msgs/action/detail
[3.374s] -- Up-to-date: /home/yundo/f1tenth_ws/install/teleop_tools_msgs/include/teleop_tools_msgs/action/detail/increment__rosidl_typesupport_fastrtps_c.h
[3.376s] -- Up-to-date: /home/yundo/f1tenth_ws/install/teleop_tools_msgs/include/teleop_tools_msgs/msg
[3.377s] -- Up-to-date: /home/yundo/f1tenth_ws/install/teleop_tools_msgs/include/teleop_tools_msgs/msg/rosidl_typesupport_fastrtps_c__visibility_control.h
[3.378s] -- Up-to-date: /home/yundo/f1tenth_ws/install/teleop_tools_msgs/lib/libteleop_tools_msgs__rosidl_typesupport_fastrtps_c.so
[3.378s] -- Up-to-date: /home/yundo/f1tenth_ws/install/teleop_tools_msgs/include/teleop_tools_msgs
[3.382s] -- Up-to-date: /home/yundo/f1tenth_ws/install/teleop_tools_msgs/include/teleop_tools_msgs/action
[3.383s] -- Up-to-date: /home/yundo/f1tenth_ws/install/teleop_tools_msgs/include/teleop_tools_msgs/action/detail
[3.383s] -- Up-to-date: /home/yundo/f1tenth_ws/install/teleop_tools_msgs/include/teleop_tools_msgs/action/detail/increment__rosidl_typesupport_fastrtps_cpp.hpp
[3.384s] -- Up-to-date: /home/yundo/f1tenth_ws/install/teleop_tools_msgs/include/teleop_tools_msgs/action/detail/dds_fastrtps
[3.384s] -- Up-to-date: /home/yundo/f1tenth_ws/install/teleop_tools_msgs/include/teleop_tools_msgs/msg
[3.385s] -- Up-to-date: /home/yundo/f1tenth_ws/install/teleop_tools_msgs/include/teleop_tools_msgs/msg/rosidl_typesupport_fastrtps_cpp__visibility_control.h
[3.385s] -- Up-to-date: /home/yundo/f1tenth_ws/install/teleop_tools_msgs/lib/libteleop_tools_msgs__rosidl_typesupport_fastrtps_cpp.so
[3.386s] -- Up-to-date: /home/yundo/f1tenth_ws/install/teleop_tools_msgs/include/teleop_tools_msgs
[3.386s] -- Up-to-date: /home/yundo/f1tenth_ws/install/teleop_tools_msgs/include/teleop_tools_msgs/action
[3.386s] -- Up-to-date: /home/yundo/f1tenth_ws/install/teleop_tools_msgs/include/teleop_tools_msgs/action/detail
[3.387s] -- Up-to-date: /home/yundo/f1tenth_ws/install/teleop_tools_msgs/include/teleop_tools_msgs/action/detail/increment__rosidl_typesupport_introspection_c.h
[3.387s] -- Up-to-date: /home/yundo/f1tenth_ws/install/teleop_tools_msgs/include/teleop_tools_msgs/action/detail/increment__type_support.c
[3.388s] -- Up-to-date: /home/yundo/f1tenth_ws/install/teleop_tools_msgs/include/teleop_tools_msgs/msg
[3.388s] -- Up-to-date: /home/yundo/f1tenth_ws/install/teleop_tools_msgs/include/teleop_tools_msgs/msg/rosidl_typesupport_introspection_c__visibility_control.h
[3.389s] -- Up-to-date: /home/yundo/f1tenth_ws/install/teleop_tools_msgs/lib/libteleop_tools_msgs__rosidl_typesupport_introspection_c.so
[3.389s] -- Up-to-date: /home/yundo/f1tenth_ws/install/teleop_tools_msgs/lib/libteleop_tools_msgs__rosidl_typesupport_c.so
[3.390s] -- Up-to-date: /home/yundo/f1tenth_ws/install/teleop_tools_msgs/include/teleop_tools_msgs
[3.390s] -- Up-to-date: /home/yundo/f1tenth_ws/install/teleop_tools_msgs/include/teleop_tools_msgs/action
[3.391s] -- Up-to-date: /home/yundo/f1tenth_ws/install/teleop_tools_msgs/include/teleop_tools_msgs/action/detail
[3.391s] -- Up-to-date: /home/yundo/f1tenth_ws/install/teleop_tools_msgs/include/teleop_tools_msgs/action/detail/increment__builder.hpp
[3.392s] -- Up-to-date: /home/yundo/f1tenth_ws/install/teleop_tools_msgs/include/teleop_tools_msgs/action/detail/increment__struct.hpp
[3.392s] -- Up-to-date: /home/yundo/f1tenth_ws/install/teleop_tools_msgs/include/teleop_tools_msgs/action/detail/increment__traits.hpp
[3.401s] -- Up-to-date: /home/yundo/f1tenth_ws/install/teleop_tools_msgs/include/teleop_tools_msgs/action/detail/increment__type_support.hpp
[3.402s] -- Up-to-date: /home/yundo/f1tenth_ws/install/teleop_tools_msgs/include/teleop_tools_msgs/action/increment.hpp
[3.402s] -- Up-to-date: /home/yundo/f1tenth_ws/install/teleop_tools_msgs/include/teleop_tools_msgs/msg
[3.402s] -- Up-to-date: /home/yundo/f1tenth_ws/install/teleop_tools_msgs/include/teleop_tools_msgs/msg/rosidl_generator_cpp__visibility_control.hpp
[3.403s] -- Up-to-date: /home/yundo/f1tenth_ws/install/teleop_tools_msgs/include/teleop_tools_msgs
[3.403s] -- Up-to-date: /home/yundo/f1tenth_ws/install/teleop_tools_msgs/include/teleop_tools_msgs/action
[3.403s] -- Up-to-date: /home/yundo/f1tenth_ws/install/teleop_tools_msgs/include/teleop_tools_msgs/action/detail
[3.404s] -- Up-to-date: /home/yundo/f1tenth_ws/install/teleop_tools_msgs/include/teleop_tools_msgs/action/detail/increment__type_support.cpp
[3.404s] -- Up-to-date: /home/yundo/f1tenth_ws/install/teleop_tools_msgs/include/teleop_tools_msgs/action/detail/increment__rosidl_typesupport_introspection_cpp.hpp
[3.405s] -- Up-to-date: /home/yundo/f1tenth_ws/install/teleop_tools_msgs/lib/libteleop_tools_msgs__rosidl_typesupport_introspection_cpp.so
[3.405s] -- Up-to-date: /home/yundo/f1tenth_ws/install/teleop_tools_msgs/lib/libteleop_tools_msgs__rosidl_typesupport_cpp.so
[3.406s] -- Up-to-date: /home/yundo/f1tenth_ws/install/teleop_tools_msgs/share/teleop_tools_msgs/environment/pythonpath.sh
[3.406s] -- Up-to-date: /home/yundo/f1tenth_ws/install/teleop_tools_msgs/share/teleop_tools_msgs/environment/pythonpath.dsv
[3.407s] -- Up-to-date: /home/yundo/f1tenth_ws/install/teleop_tools_msgs/lib/python3.8/site-packages/teleop_tools_msgs/__init__.py
[3.560s] -- Up-to-date: /home/yundo/f1tenth_ws/install/teleop_tools_msgs/lib/python3.8/site-packages/teleop_tools_msgs/action
[3.561s] -- Up-to-date: /home/yundo/f1tenth_ws/install/teleop_tools_msgs/lib/python3.8/site-packages/teleop_tools_msgs/action/_increment.py
[3.561s] -- Up-to-date: /home/yundo/f1tenth_ws/install/teleop_tools_msgs/lib/python3.8/site-packages/teleop_tools_msgs/action/_increment_s.c
[3.562s] -- Up-to-date: /home/yundo/f1tenth_ws/install/teleop_tools_msgs/lib/python3.8/site-packages/teleop_tools_msgs/action/__init__.py
[3.562s] -- Up-to-date: /home/yundo/f1tenth_ws/install/teleop_tools_msgs/lib/python3.8/site-packages/teleop_tools_msgs/teleop_tools_msgs_s__rosidl_typesupport_fastrtps_c.cpython-38-aarch64-linux-gnu.so
[3.564s] -- Up-to-date: /home/yundo/f1tenth_ws/install/teleop_tools_msgs/lib/python3.8/site-packages/teleop_tools_msgs/teleop_tools_msgs_s__rosidl_typesupport_introspection_c.cpython-38-aarch64-linux-gnu.so
[3.567s] -- Up-to-date: /home/yundo/f1tenth_ws/install/teleop_tools_msgs/lib/python3.8/site-packages/teleop_tools_msgs/teleop_tools_msgs_s__rosidl_typesupport_c.cpython-38-aarch64-linux-gnu.so
[3.569s] -- Up-to-date: /home/yundo/f1tenth_ws/install/teleop_tools_msgs/lib/libteleop_tools_msgs__python.so
[3.569s] -- Up-to-date: /home/yundo/f1tenth_ws/install/teleop_tools_msgs/share/teleop_tools_msgs/action/Increment.idl
[3.570s] -- Up-to-date: /home/yundo/f1tenth_ws/install/teleop_tools_msgs/share/teleop_tools_msgs/action/Increment.action
[3.571s] -- Up-to-date: /home/yundo/f1tenth_ws/install/teleop_tools_msgs/share/ament_index/resource_index/package_run_dependencies/teleop_tools_msgs
[3.573s] -- Up-to-date: /home/yundo/f1tenth_ws/install/teleop_tools_msgs/share/ament_index/resource_index/parent_prefix_path/teleop_tools_msgs
[3.574s] -- Up-to-date: /home/yundo/f1tenth_ws/install/teleop_tools_msgs/share/teleop_tools_msgs/environment/ament_prefix_path.sh
[3.575s] -- Up-to-date: /home/yundo/f1tenth_ws/install/teleop_tools_msgs/share/teleop_tools_msgs/environment/ament_prefix_path.dsv
[3.577s] -- Up-to-date: /home/yundo/f1tenth_ws/install/teleop_tools_msgs/share/teleop_tools_msgs/environment/path.sh
[3.578s] -- Up-to-date: /home/yundo/f1tenth_ws/install/teleop_tools_msgs/share/teleop_tools_msgs/environment/path.dsv
[3.590s] -- Up-to-date: /home/yundo/f1tenth_ws/install/teleop_tools_msgs/share/teleop_tools_msgs/local_setup.bash
[3.591s] -- Up-to-date: /home/yundo/f1tenth_ws/install/teleop_tools_msgs/share/teleop_tools_msgs/local_setup.sh
[3.592s] -- Up-to-date: /home/yundo/f1tenth_ws/install/teleop_tools_msgs/share/teleop_tools_msgs/local_setup.zsh
[3.592s] -- Up-to-date: /home/yundo/f1tenth_ws/install/teleop_tools_msgs/share/teleop_tools_msgs/local_setup.dsv
[3.593s] -- Installing: /home/yundo/f1tenth_ws/install/teleop_tools_msgs/share/teleop_tools_msgs/package.dsv
[3.593s] -- Up-to-date: /home/yundo/f1tenth_ws/install/teleop_tools_msgs/share/ament_index/resource_index/packages/teleop_tools_msgs
[3.594s] -- Up-to-date: /home/yundo/f1tenth_ws/install/teleop_tools_msgs/share/teleop_tools_msgs/cmake/teleop_tools_msgs__rosidl_generator_cExport.cmake
[3.594s] -- Up-to-date: /home/yundo/f1tenth_ws/install/teleop_tools_msgs/share/teleop_tools_msgs/cmake/teleop_tools_msgs__rosidl_generator_cExport-noconfig.cmake
[3.595s] -- Up-to-date: /home/yundo/f1tenth_ws/install/teleop_tools_msgs/share/teleop_tools_msgs/cmake/teleop_tools_msgs__rosidl_typesupport_introspection_cExport.cmake
[3.595s] -- Up-to-date: /home/yundo/f1tenth_ws/install/teleop_tools_msgs/share/teleop_tools_msgs/cmake/teleop_tools_msgs__rosidl_typesupport_introspection_cExport-noconfig.cmake
[3.596s] -- Up-to-date: /home/yundo/f1tenth_ws/install/teleop_tools_msgs/share/teleop_tools_msgs/cmake/teleop_tools_msgs__rosidl_typesupport_cExport.cmake
[3.596s] -- Up-to-date: /home/yundo/f1tenth_ws/install/teleop_tools_msgs/share/teleop_tools_msgs/cmake/teleop_tools_msgs__rosidl_typesupport_cExport-noconfig.cmake
[3.598s] -- Up-to-date: /home/yundo/f1tenth_ws/install/teleop_tools_msgs/share/teleop_tools_msgs/cmake/teleop_tools_msgs__rosidl_generator_cppExport.cmake
[3.599s] -- Up-to-date: /home/yundo/f1tenth_ws/install/teleop_tools_msgs/share/teleop_tools_msgs/cmake/teleop_tools_msgs__rosidl_typesupport_introspection_cppExport.cmake
[3.600s] -- Up-to-date: /home/yundo/f1tenth_ws/install/teleop_tools_msgs/share/teleop_tools_msgs/cmake/teleop_tools_msgs__rosidl_typesupport_introspection_cppExport-noconfig.cmake
[3.600s] -- Up-to-date: /home/yundo/f1tenth_ws/install/teleop_tools_msgs/share/teleop_tools_msgs/cmake/teleop_tools_msgs__rosidl_typesupport_cppExport.cmake
[3.601s] -- Up-to-date: /home/yundo/f1tenth_ws/install/teleop_tools_msgs/share/teleop_tools_msgs/cmake/teleop_tools_msgs__rosidl_typesupport_cppExport-noconfig.cmake
[3.602s] -- Up-to-date: /home/yundo/f1tenth_ws/install/teleop_tools_msgs/share/teleop_tools_msgs/cmake/rosidl_cmake-extras.cmake
[3.603s] -- Up-to-date: /home/yundo/f1tenth_ws/install/teleop_tools_msgs/share/teleop_tools_msgs/cmake/ament_cmake_export_dependencies-extras.cmake
[3.605s] -- Up-to-date: /home/yundo/f1tenth_ws/install/teleop_tools_msgs/share/teleop_tools_msgs/cmake/ament_cmake_export_libraries-extras.cmake
[3.605s] -- Up-to-date: /home/yundo/f1tenth_ws/install/teleop_tools_msgs/share/teleop_tools_msgs/cmake/ament_cmake_export_targets-extras.cmake
[3.606s] -- Up-to-date: /home/yundo/f1tenth_ws/install/teleop_tools_msgs/share/teleop_tools_msgs/cmake/ament_cmake_export_include_directories-extras.cmake
[3.607s] -- Up-to-date: /home/yundo/f1tenth_ws/install/teleop_tools_msgs/share/teleop_tools_msgs/cmake/rosidl_cmake_export_typesupport_libraries-extras.cmake
[3.608s] -- Up-to-date: /home/yundo/f1tenth_ws/install/teleop_tools_msgs/share/teleop_tools_msgs/cmake/rosidl_cmake_export_typesupport_targets-extras.cmake
[3.610s] -- Up-to-date: /home/yundo/f1tenth_ws/install/teleop_tools_msgs/share/teleop_tools_msgs/cmake/teleop_tools_msgsConfig.cmake
[3.613s] -- Up-to-date: /home/yundo/f1tenth_ws/install/teleop_tools_msgs/share/teleop_tools_msgs/cmake/teleop_tools_msgsConfig-version.cmake
[3.614s] -- Up-to-date: /home/yundo/f1tenth_ws/install/teleop_tools_msgs/share/teleop_tools_msgs/package.xml
[3.672s] Invoked command in '/home/yundo/f1tenth_ws/build/teleop_tools_msgs' returned '0': BYOBU_DATE=%Y-%m-%d CMAKE_PREFIX_PATH=/home/yundo/f1tenth_ws/install/teleop_tools:/home/yundo/f1tenth_ws/install/teleop_tools_msgs:/home/yundo/f1tenth_ws/install/ackermann_mux:/home/yundo/vesc_ws/install/vesc:/home/yundo/vesc_ws/install/vesc_driver:/home/yundo/vesc_ws/install/vesc_ackermann:/home/yundo/f1tenth_ws/install/f1tenth_stack:/home/yundo/f1tenth_ws/install/joy_teleop:/home/yundo/f1tenth_ws/install/mouse_teleop:/home/yundo/f1tenth_ws/install/key_teleop:/opt/ros/foxy:/home/yundo/vesc_ws/install/vesc_msgs:/home/yundo/vesc_ws/install/udp_driver:/home/yundo/vesc_ws/install/io_context:/home/yundo/vesc_ws/install/asio_cmake_module:/home/yundo/ydlidar_ws/install/ydlidar_ros2_driver /usr/bin/cmake --install /home/yundo/f1tenth_ws/build/teleop_tools_msgs
