[0.910s] DEBUG:colcon:Command line arguments: ['/usr/bin/colcon', 'build']
[0.910s] DEBUG:colcon:Parsed command line arguments: Namespace(allow_overriding=[], ament_cmake_args=None, base_paths=['.'], build_base='build', catkin_cmake_args=None, catkin_skip_building_tests=False, cmake_args=None, cmake_clean_cache=False, cmake_clean_first=False, cmake_force_configure=False, cmake_target=None, cmake_target_skip_unavailable=False, continue_on_error=False, event_handlers=None, executor='parallel', ignore_user_meta=False, install_base='install', log_base=None, log_level=None, main=<bound method BuildVerb.main of <colcon_core.verb.build.BuildVerb object at 0x7f8f145550>>, merge_install=False, metas=['./colcon.meta'], mixin=None, mixin_files=None, mixin_verb=('build',), packages_above=None, packages_above_and_dependencies=None, packages_above_depth=None, packages_end=None, packages_ignore=None, packages_ignore_regex=None, packages_select=None, packages_select_build_failed=False, packages_select_by_dep=None, packages_select_regex=None, packages_select_test_failures=False, packages_skip=None, packages_skip_build_finished=False, packages_skip_by_dep=None, packages_skip_regex=None, packages_skip_test_passed=False, packages_skip_up_to=None, packages_start=None, packages_up_to=None, packages_up_to_regex=None, parallel_workers=4, paths=None, symlink_install=False, test_result_base=None, verb_extension=<colcon_core.verb.build.BuildVerb object at 0x7f8f145550>, verb_name='build', verb_parser=<colcon_mixin.mixin.mixin_argument.MixinArgumentDecorator object at 0x7f8f0817c0>)
[1.836s] Level 1:colcon.colcon_core.package_discovery:discover_packages(colcon_meta) check parameters
[1.837s] Level 1:colcon.colcon_core.package_discovery:discover_packages(recursive) check parameters
[1.837s] Level 1:colcon.colcon_core.package_discovery:discover_packages(ignore) check parameters
[1.837s] Level 1:colcon.colcon_core.package_discovery:discover_packages(path) check parameters
[1.837s] Level 1:colcon.colcon_core.package_discovery:discover_packages(colcon_meta) discover
[1.838s] Level 1:colcon.colcon_core.package_discovery:discover_packages(recursive) discover
[1.838s] INFO:colcon.colcon_core.package_discovery:Crawling recursively for packages in '/home/yundo/f1tenth_ws'
[1.838s] Level 1:colcon.colcon_core.package_identification:_identify(.) by extensions ['ignore', 'ignore_ament_install']
[1.838s] Level 1:colcon.colcon_core.package_identification:_identify(.) by extension 'ignore'
[1.839s] Level 1:colcon.colcon_core.package_identification:_identify(.) by extension 'ignore_ament_install'
[1.839s] Level 1:colcon.colcon_core.package_identification:_identify(.) by extensions ['colcon_pkg']
[1.839s] Level 1:colcon.colcon_core.package_identification:_identify(.) by extension 'colcon_pkg'
[1.839s] Level 1:colcon.colcon_core.package_identification:_identify(.) by extensions ['colcon_meta']
[1.839s] Level 1:colcon.colcon_core.package_identification:_identify(.) by extension 'colcon_meta'
[1.839s] Level 1:colcon.colcon_core.package_identification:_identify(.) by extensions ['ros']
[1.840s] Level 1:colcon.colcon_core.package_identification:_identify(.) by extension 'ros'
[1.925s] Level 1:colcon.colcon_core.package_identification:_identify(.) by extensions ['cmake', 'python']
[1.925s] Level 1:colcon.colcon_core.package_identification:_identify(.) by extension 'cmake'
[1.925s] Level 1:colcon.colcon_core.package_identification:_identify(.) by extension 'python'
[1.925s] Level 1:colcon.colcon_core.package_identification:_identify(.) by extensions ['python_setup_py']
[1.926s] Level 1:colcon.colcon_core.package_identification:_identify(.) by extension 'python_setup_py'
[1.926s] Level 1:colcon.colcon_core.package_identification:_identify(build) by extensions ['ignore', 'ignore_ament_install']
[1.926s] Level 1:colcon.colcon_core.package_identification:_identify(build) by extension 'ignore'
[1.927s] Level 1:colcon.colcon_core.package_identification:_identify(build) ignored
[1.927s] Level 1:colcon.colcon_core.package_identification:_identify(install) by extensions ['ignore', 'ignore_ament_install']
[1.928s] Level 1:colcon.colcon_core.package_identification:_identify(install) by extension 'ignore'
[1.928s] Level 1:colcon.colcon_core.package_identification:_identify(install) ignored
[1.928s] Level 1:colcon.colcon_core.package_identification:_identify(log) by extensions ['ignore', 'ignore_ament_install']
[1.928s] Level 1:colcon.colcon_core.package_identification:_identify(log) by extension 'ignore'
[1.929s] Level 1:colcon.colcon_core.package_identification:_identify(log) ignored
[1.929s] Level 1:colcon.colcon_core.package_identification:_identify(src) by extensions ['ignore', 'ignore_ament_install']
[1.929s] Level 1:colcon.colcon_core.package_identification:_identify(src) by extension 'ignore'
[1.930s] Level 1:colcon.colcon_core.package_identification:_identify(src) by extension 'ignore_ament_install'
[1.930s] Level 1:colcon.colcon_core.package_identification:_identify(src) by extensions ['colcon_pkg']
[1.930s] Level 1:colcon.colcon_core.package_identification:_identify(src) by extension 'colcon_pkg'
[1.930s] Level 1:colcon.colcon_core.package_identification:_identify(src) by extensions ['colcon_meta']
[1.930s] Level 1:colcon.colcon_core.package_identification:_identify(src) by extension 'colcon_meta'
[1.930s] Level 1:colcon.colcon_core.package_identification:_identify(src) by extensions ['ros']
[1.931s] Level 1:colcon.colcon_core.package_identification:_identify(src) by extension 'ros'
[1.931s] Level 1:colcon.colcon_core.package_identification:_identify(src) by extensions ['cmake', 'python']
[1.931s] Level 1:colcon.colcon_core.package_identification:_identify(src) by extension 'cmake'
[1.931s] Level 1:colcon.colcon_core.package_identification:_identify(src) by extension 'python'
[1.931s] Level 1:colcon.colcon_core.package_identification:_identify(src) by extensions ['python_setup_py']
[1.932s] Level 1:colcon.colcon_core.package_identification:_identify(src) by extension 'python_setup_py'
[1.932s] Level 1:colcon.colcon_core.package_identification:_identify(src/f1tenth_system) by extensions ['ignore', 'ignore_ament_install']
[1.932s] Level 1:colcon.colcon_core.package_identification:_identify(src/f1tenth_system) by extension 'ignore'
[1.932s] Level 1:colcon.colcon_core.package_identification:_identify(src/f1tenth_system) by extension 'ignore_ament_install'
[1.933s] Level 1:colcon.colcon_core.package_identification:_identify(src/f1tenth_system) by extensions ['colcon_pkg']
[1.933s] Level 1:colcon.colcon_core.package_identification:_identify(src/f1tenth_system) by extension 'colcon_pkg'
[1.933s] Level 1:colcon.colcon_core.package_identification:_identify(src/f1tenth_system) by extensions ['colcon_meta']
[1.933s] Level 1:colcon.colcon_core.package_identification:_identify(src/f1tenth_system) by extension 'colcon_meta'
[1.933s] Level 1:colcon.colcon_core.package_identification:_identify(src/f1tenth_system) by extensions ['ros']
[1.933s] Level 1:colcon.colcon_core.package_identification:_identify(src/f1tenth_system) by extension 'ros'
[1.934s] Level 1:colcon.colcon_core.package_identification:_identify(src/f1tenth_system) by extensions ['cmake', 'python']
[1.934s] Level 1:colcon.colcon_core.package_identification:_identify(src/f1tenth_system) by extension 'cmake'
[1.934s] Level 1:colcon.colcon_core.package_identification:_identify(src/f1tenth_system) by extension 'python'
[1.934s] Level 1:colcon.colcon_core.package_identification:_identify(src/f1tenth_system) by extensions ['python_setup_py']
[1.934s] Level 1:colcon.colcon_core.package_identification:_identify(src/f1tenth_system) by extension 'python_setup_py'
[1.935s] Level 1:colcon.colcon_core.package_identification:_identify(src/f1tenth_system/ackermann_mux) by extensions ['ignore', 'ignore_ament_install']
[1.935s] Level 1:colcon.colcon_core.package_identification:_identify(src/f1tenth_system/ackermann_mux) by extension 'ignore'
[1.935s] Level 1:colcon.colcon_core.package_identification:_identify(src/f1tenth_system/ackermann_mux) by extension 'ignore_ament_install'
[1.936s] Level 1:colcon.colcon_core.package_identification:_identify(src/f1tenth_system/ackermann_mux) by extensions ['colcon_pkg']
[1.936s] Level 1:colcon.colcon_core.package_identification:_identify(src/f1tenth_system/ackermann_mux) by extension 'colcon_pkg'
[1.936s] Level 1:colcon.colcon_core.package_identification:_identify(src/f1tenth_system/ackermann_mux) by extensions ['colcon_meta']
[1.936s] Level 1:colcon.colcon_core.package_identification:_identify(src/f1tenth_system/ackermann_mux) by extension 'colcon_meta'
[1.936s] Level 1:colcon.colcon_core.package_identification:_identify(src/f1tenth_system/ackermann_mux) by extensions ['ros']
[1.936s] Level 1:colcon.colcon_core.package_identification:_identify(src/f1tenth_system/ackermann_mux) by extension 'ros'
[1.948s] DEBUG:colcon.colcon_core.package_identification:Package 'src/f1tenth_system/ackermann_mux' with type 'ros.ament_cmake' and name 'ackermann_mux'
[1.949s] Level 1:colcon.colcon_core.package_identification:_identify(src/f1tenth_system/f1tenth_stack) by extensions ['ignore', 'ignore_ament_install']
[1.949s] Level 1:colcon.colcon_core.package_identification:_identify(src/f1tenth_system/f1tenth_stack) by extension 'ignore'
[1.949s] Level 1:colcon.colcon_core.package_identification:_identify(src/f1tenth_system/f1tenth_stack) by extension 'ignore_ament_install'
[1.950s] Level 1:colcon.colcon_core.package_identification:_identify(src/f1tenth_system/f1tenth_stack) by extensions ['colcon_pkg']
[1.950s] Level 1:colcon.colcon_core.package_identification:_identify(src/f1tenth_system/f1tenth_stack) by extension 'colcon_pkg'
[1.950s] Level 1:colcon.colcon_core.package_identification:_identify(src/f1tenth_system/f1tenth_stack) by extensions ['colcon_meta']
[1.950s] Level 1:colcon.colcon_core.package_identification:_identify(src/f1tenth_system/f1tenth_stack) by extension 'colcon_meta'
[1.950s] Level 1:colcon.colcon_core.package_identification:_identify(src/f1tenth_system/f1tenth_stack) by extensions ['ros']
[1.950s] Level 1:colcon.colcon_core.package_identification:_identify(src/f1tenth_system/f1tenth_stack) by extension 'ros'
[1.955s] DEBUG:colcon.colcon_core.package_identification:Package 'src/f1tenth_system/f1tenth_stack' with type 'ros.ament_python' and name 'f1tenth_stack'
[1.956s] Level 1:colcon.colcon_core.package_identification:_identify(src/f1tenth_system/scripts) by extensions ['ignore', 'ignore_ament_install']
[1.956s] Level 1:colcon.colcon_core.package_identification:_identify(src/f1tenth_system/scripts) by extension 'ignore'
[1.956s] Level 1:colcon.colcon_core.package_identification:_identify(src/f1tenth_system/scripts) by extension 'ignore_ament_install'
[1.956s] Level 1:colcon.colcon_core.package_identification:_identify(src/f1tenth_system/scripts) by extensions ['colcon_pkg']
[1.957s] Level 1:colcon.colcon_core.package_identification:_identify(src/f1tenth_system/scripts) by extension 'colcon_pkg'
[1.957s] Level 1:colcon.colcon_core.package_identification:_identify(src/f1tenth_system/scripts) by extensions ['colcon_meta']
[1.957s] Level 1:colcon.colcon_core.package_identification:_identify(src/f1tenth_system/scripts) by extension 'colcon_meta'
[1.957s] Level 1:colcon.colcon_core.package_identification:_identify(src/f1tenth_system/scripts) by extensions ['ros']
[1.957s] Level 1:colcon.colcon_core.package_identification:_identify(src/f1tenth_system/scripts) by extension 'ros'
[1.958s] Level 1:colcon.colcon_core.package_identification:_identify(src/f1tenth_system/scripts) by extensions ['cmake', 'python']
[1.958s] Level 1:colcon.colcon_core.package_identification:_identify(src/f1tenth_system/scripts) by extension 'cmake'
[1.958s] Level 1:colcon.colcon_core.package_identification:_identify(src/f1tenth_system/scripts) by extension 'python'
[1.958s] Level 1:colcon.colcon_core.package_identification:_identify(src/f1tenth_system/scripts) by extensions ['python_setup_py']
[1.958s] Level 1:colcon.colcon_core.package_identification:_identify(src/f1tenth_system/scripts) by extension 'python_setup_py'
[1.959s] Level 1:colcon.colcon_core.package_identification:_identify(src/f1tenth_system/teleop_tools) by extensions ['ignore', 'ignore_ament_install']
[1.959s] Level 1:colcon.colcon_core.package_identification:_identify(src/f1tenth_system/teleop_tools) by extension 'ignore'
[1.959s] Level 1:colcon.colcon_core.package_identification:_identify(src/f1tenth_system/teleop_tools) by extension 'ignore_ament_install'
[1.959s] Level 1:colcon.colcon_core.package_identification:_identify(src/f1tenth_system/teleop_tools) by extensions ['colcon_pkg']
[1.960s] Level 1:colcon.colcon_core.package_identification:_identify(src/f1tenth_system/teleop_tools) by extension 'colcon_pkg'
[1.960s] Level 1:colcon.colcon_core.package_identification:_identify(src/f1tenth_system/teleop_tools) by extensions ['colcon_meta']
[1.960s] Level 1:colcon.colcon_core.package_identification:_identify(src/f1tenth_system/teleop_tools) by extension 'colcon_meta'
[1.960s] Level 1:colcon.colcon_core.package_identification:_identify(src/f1tenth_system/teleop_tools) by extensions ['ros']
[1.960s] Level 1:colcon.colcon_core.package_identification:_identify(src/f1tenth_system/teleop_tools) by extension 'ros'
[1.961s] Level 1:colcon.colcon_core.package_identification:_identify(src/f1tenth_system/teleop_tools) by extensions ['cmake', 'python']
[1.961s] Level 1:colcon.colcon_core.package_identification:_identify(src/f1tenth_system/teleop_tools) by extension 'cmake'
[1.961s] Level 1:colcon.colcon_core.package_identification:_identify(src/f1tenth_system/teleop_tools) by extension 'python'
[1.961s] Level 1:colcon.colcon_core.package_identification:_identify(src/f1tenth_system/teleop_tools) by extensions ['python_setup_py']
[1.961s] Level 1:colcon.colcon_core.package_identification:_identify(src/f1tenth_system/teleop_tools) by extension 'python_setup_py'
[1.962s] Level 1:colcon.colcon_core.package_identification:_identify(src/f1tenth_system/teleop_tools/joy_teleop) by extensions ['ignore', 'ignore_ament_install']
[1.962s] Level 1:colcon.colcon_core.package_identification:_identify(src/f1tenth_system/teleop_tools/joy_teleop) by extension 'ignore'
[1.962s] Level 1:colcon.colcon_core.package_identification:_identify(src/f1tenth_system/teleop_tools/joy_teleop) by extension 'ignore_ament_install'
[1.963s] Level 1:colcon.colcon_core.package_identification:_identify(src/f1tenth_system/teleop_tools/joy_teleop) by extensions ['colcon_pkg']
[1.963s] Level 1:colcon.colcon_core.package_identification:_identify(src/f1tenth_system/teleop_tools/joy_teleop) by extension 'colcon_pkg'
[1.963s] Level 1:colcon.colcon_core.package_identification:_identify(src/f1tenth_system/teleop_tools/joy_teleop) by extensions ['colcon_meta']
[1.963s] Level 1:colcon.colcon_core.package_identification:_identify(src/f1tenth_system/teleop_tools/joy_teleop) by extension 'colcon_meta'
[1.963s] Level 1:colcon.colcon_core.package_identification:_identify(src/f1tenth_system/teleop_tools/joy_teleop) by extensions ['ros']
[1.963s] Level 1:colcon.colcon_core.package_identification:_identify(src/f1tenth_system/teleop_tools/joy_teleop) by extension 'ros'
[1.966s] DEBUG:colcon.colcon_core.package_identification:Package 'src/f1tenth_system/teleop_tools/joy_teleop' with type 'ros.ament_python' and name 'joy_teleop'
[1.967s] Level 1:colcon.colcon_core.package_identification:_identify(src/f1tenth_system/teleop_tools/key_teleop) by extensions ['ignore', 'ignore_ament_install']
[1.967s] Level 1:colcon.colcon_core.package_identification:_identify(src/f1tenth_system/teleop_tools/key_teleop) by extension 'ignore'
[1.967s] Level 1:colcon.colcon_core.package_identification:_identify(src/f1tenth_system/teleop_tools/key_teleop) by extension 'ignore_ament_install'
[1.968s] Level 1:colcon.colcon_core.package_identification:_identify(src/f1tenth_system/teleop_tools/key_teleop) by extensions ['colcon_pkg']
[1.968s] Level 1:colcon.colcon_core.package_identification:_identify(src/f1tenth_system/teleop_tools/key_teleop) by extension 'colcon_pkg'
[1.968s] Level 1:colcon.colcon_core.package_identification:_identify(src/f1tenth_system/teleop_tools/key_teleop) by extensions ['colcon_meta']
[1.968s] Level 1:colcon.colcon_core.package_identification:_identify(src/f1tenth_system/teleop_tools/key_teleop) by extension 'colcon_meta'
[1.968s] Level 1:colcon.colcon_core.package_identification:_identify(src/f1tenth_system/teleop_tools/key_teleop) by extensions ['ros']
[1.969s] Level 1:colcon.colcon_core.package_identification:_identify(src/f1tenth_system/teleop_tools/key_teleop) by extension 'ros'
[1.971s] DEBUG:colcon.colcon_core.package_identification:Package 'src/f1tenth_system/teleop_tools/key_teleop' with type 'ros.ament_python' and name 'key_teleop'
[1.971s] Level 1:colcon.colcon_core.package_identification:_identify(src/f1tenth_system/teleop_tools/mouse_teleop) by extensions ['ignore', 'ignore_ament_install']
[1.971s] Level 1:colcon.colcon_core.package_identification:_identify(src/f1tenth_system/teleop_tools/mouse_teleop) by extension 'ignore'
[1.972s] Level 1:colcon.colcon_core.package_identification:_identify(src/f1tenth_system/teleop_tools/mouse_teleop) by extension 'ignore_ament_install'
[1.972s] Level 1:colcon.colcon_core.package_identification:_identify(src/f1tenth_system/teleop_tools/mouse_teleop) by extensions ['colcon_pkg']
[1.972s] Level 1:colcon.colcon_core.package_identification:_identify(src/f1tenth_system/teleop_tools/mouse_teleop) by extension 'colcon_pkg'
[1.972s] Level 1:colcon.colcon_core.package_identification:_identify(src/f1tenth_system/teleop_tools/mouse_teleop) by extensions ['colcon_meta']
[1.972s] Level 1:colcon.colcon_core.package_identification:_identify(src/f1tenth_system/teleop_tools/mouse_teleop) by extension 'colcon_meta'
[1.972s] Level 1:colcon.colcon_core.package_identification:_identify(src/f1tenth_system/teleop_tools/mouse_teleop) by extensions ['ros']
[1.973s] Level 1:colcon.colcon_core.package_identification:_identify(src/f1tenth_system/teleop_tools/mouse_teleop) by extension 'ros'
[1.975s] DEBUG:colcon.colcon_core.package_identification:Package 'src/f1tenth_system/teleop_tools/mouse_teleop' with type 'ros.ament_python' and name 'mouse_teleop'
[1.975s] Level 1:colcon.colcon_core.package_identification:_identify(src/f1tenth_system/teleop_tools/teleop_tools) by extensions ['ignore', 'ignore_ament_install']
[1.975s] Level 1:colcon.colcon_core.package_identification:_identify(src/f1tenth_system/teleop_tools/teleop_tools) by extension 'ignore'
[1.976s] Level 1:colcon.colcon_core.package_identification:_identify(src/f1tenth_system/teleop_tools/teleop_tools) by extension 'ignore_ament_install'
[1.976s] Level 1:colcon.colcon_core.package_identification:_identify(src/f1tenth_system/teleop_tools/teleop_tools) by extensions ['colcon_pkg']
[1.976s] Level 1:colcon.colcon_core.package_identification:_identify(src/f1tenth_system/teleop_tools/teleop_tools) by extension 'colcon_pkg'
[1.976s] Level 1:colcon.colcon_core.package_identification:_identify(src/f1tenth_system/teleop_tools/teleop_tools) by extensions ['colcon_meta']
[1.976s] Level 1:colcon.colcon_core.package_identification:_identify(src/f1tenth_system/teleop_tools/teleop_tools) by extension 'colcon_meta'
[1.977s] Level 1:colcon.colcon_core.package_identification:_identify(src/f1tenth_system/teleop_tools/teleop_tools) by extensions ['ros']
[1.977s] Level 1:colcon.colcon_core.package_identification:_identify(src/f1tenth_system/teleop_tools/teleop_tools) by extension 'ros'
[1.978s] DEBUG:colcon.colcon_core.package_identification:Package 'src/f1tenth_system/teleop_tools/teleop_tools' with type 'ros.ament_cmake' and name 'teleop_tools'
[1.979s] Level 1:colcon.colcon_core.package_identification:_identify(src/f1tenth_system/teleop_tools/teleop_tools_msgs) by extensions ['ignore', 'ignore_ament_install']
[1.979s] Level 1:colcon.colcon_core.package_identification:_identify(src/f1tenth_system/teleop_tools/teleop_tools_msgs) by extension 'ignore'
[1.979s] Level 1:colcon.colcon_core.package_identification:_identify(src/f1tenth_system/teleop_tools/teleop_tools_msgs) by extension 'ignore_ament_install'
[1.980s] Level 1:colcon.colcon_core.package_identification:_identify(src/f1tenth_system/teleop_tools/teleop_tools_msgs) by extensions ['colcon_pkg']
[1.980s] Level 1:colcon.colcon_core.package_identification:_identify(src/f1tenth_system/teleop_tools/teleop_tools_msgs) by extension 'colcon_pkg'
[1.980s] Level 1:colcon.colcon_core.package_identification:_identify(src/f1tenth_system/teleop_tools/teleop_tools_msgs) by extensions ['colcon_meta']
[1.980s] Level 1:colcon.colcon_core.package_identification:_identify(src/f1tenth_system/teleop_tools/teleop_tools_msgs) by extension 'colcon_meta'
[1.980s] Level 1:colcon.colcon_core.package_identification:_identify(src/f1tenth_system/teleop_tools/teleop_tools_msgs) by extensions ['ros']
[1.980s] Level 1:colcon.colcon_core.package_identification:_identify(src/f1tenth_system/teleop_tools/teleop_tools_msgs) by extension 'ros'
[1.983s] DEBUG:colcon.colcon_core.package_identification:Package 'src/f1tenth_system/teleop_tools/teleop_tools_msgs' with type 'ros.ament_cmake' and name 'teleop_tools_msgs'
[1.983s] Level 1:colcon.colcon_core.package_discovery:discover_packages(recursive) using defaults
[1.983s] Level 1:colcon.colcon_core.package_discovery:discover_packages(ignore) discover
[1.983s] Level 1:colcon.colcon_core.package_discovery:discover_packages(ignore) using defaults
[1.983s] Level 1:colcon.colcon_core.package_discovery:discover_packages(path) discover
[1.983s] Level 1:colcon.colcon_core.package_discovery:discover_packages(path) using defaults
[2.072s] Level 1:colcon.colcon_core.package_discovery:discover_packages(prefix_path) check parameters
[2.072s] Level 1:colcon.colcon_core.package_discovery:discover_packages(prefix_path) discover
[2.076s] WARNING:colcon.colcon_ros.prefix_path.ament:The path '/home/yundo/f1tenth_ws/install/vesc' in the environment variable AMENT_PREFIX_PATH doesn't exist
[2.076s] WARNING:colcon.colcon_ros.prefix_path.ament:The path '/home/yundo/f1tenth_ws/install/vesc_driver' in the environment variable AMENT_PREFIX_PATH doesn't exist
[2.077s] WARNING:colcon.colcon_ros.prefix_path.ament:The path '/home/yundo/f1tenth_ws/install/vesc_ackermann' in the environment variable AMENT_PREFIX_PATH doesn't exist
[2.078s] WARNING:colcon.colcon_ros.prefix_path.catkin:The path '/home/yundo/f1tenth_ws/install/vesc' in the environment variable CMAKE_PREFIX_PATH doesn't exist
[2.079s] WARNING:colcon.colcon_ros.prefix_path.catkin:The path '/home/yundo/f1tenth_ws/install/vesc_driver' in the environment variable CMAKE_PREFIX_PATH doesn't exist
[2.079s] WARNING:colcon.colcon_ros.prefix_path.catkin:The path '/home/yundo/f1tenth_ws/install/vesc_ackermann' in the environment variable CMAKE_PREFIX_PATH doesn't exist
[2.082s] DEBUG:colcon.colcon_installed_package_information.package_discovery:Found 1 installed packages in /home/yundo/ydlidar_ws/install
[2.085s] DEBUG:colcon.colcon_installed_package_information.package_discovery:Found 8 installed packages in /home/yundo/f1tenth_ws/install
[2.092s] DEBUG:colcon.colcon_installed_package_information.package_discovery:Found 261 installed packages in /opt/ros/foxy
[2.100s] Level 1:colcon.colcon_core.package_discovery:discover_packages(prefix_path) using defaults
[2.403s] Level 5:colcon.colcon_core.verb:set package 'ackermann_mux' build argument 'cmake_args' from command line to 'None'
[2.403s] Level 5:colcon.colcon_core.verb:set package 'ackermann_mux' build argument 'cmake_target' from command line to 'None'
[2.403s] Level 5:colcon.colcon_core.verb:set package 'ackermann_mux' build argument 'cmake_target_skip_unavailable' from command line to 'False'
[2.404s] Level 5:colcon.colcon_core.verb:set package 'ackermann_mux' build argument 'cmake_clean_cache' from command line to 'False'
[2.404s] Level 5:colcon.colcon_core.verb:set package 'ackermann_mux' build argument 'cmake_clean_first' from command line to 'False'
[2.404s] Level 5:colcon.colcon_core.verb:set package 'ackermann_mux' build argument 'cmake_force_configure' from command line to 'False'
[2.404s] Level 5:colcon.colcon_core.verb:set package 'ackermann_mux' build argument 'ament_cmake_args' from command line to 'None'
[2.404s] Level 5:colcon.colcon_core.verb:set package 'ackermann_mux' build argument 'catkin_cmake_args' from command line to 'None'
[2.404s] Level 5:colcon.colcon_core.verb:set package 'ackermann_mux' build argument 'catkin_skip_building_tests' from command line to 'False'
[2.404s] DEBUG:colcon.colcon_core.verb:Building package 'ackermann_mux' with the following arguments: {'ament_cmake_args': None, 'build_base': '/home/yundo/f1tenth_ws/build/ackermann_mux', 'catkin_cmake_args': None, 'catkin_skip_building_tests': False, 'cmake_args': None, 'cmake_clean_cache': False, 'cmake_clean_first': False, 'cmake_force_configure': False, 'cmake_target': None, 'cmake_target_skip_unavailable': False, 'install_base': '/home/yundo/f1tenth_ws/install/ackermann_mux', 'merge_install': False, 'path': '/home/yundo/f1tenth_ws/src/f1tenth_system/ackermann_mux', 'symlink_install': False, 'test_result_base': None}
[2.406s] Level 5:colcon.colcon_core.verb:set package 'key_teleop' build argument 'cmake_args' from command line to 'None'
[2.406s] Level 5:colcon.colcon_core.verb:set package 'key_teleop' build argument 'cmake_target' from command line to 'None'
[2.407s] Level 5:colcon.colcon_core.verb:set package 'key_teleop' build argument 'cmake_target_skip_unavailable' from command line to 'False'
[2.407s] Level 5:colcon.colcon_core.verb:set package 'key_teleop' build argument 'cmake_clean_cache' from command line to 'False'
[2.407s] Level 5:colcon.colcon_core.verb:set package 'key_teleop' build argument 'cmake_clean_first' from command line to 'False'
[2.407s] Level 5:colcon.colcon_core.verb:set package 'key_teleop' build argument 'cmake_force_configure' from command line to 'False'
[2.407s] Level 5:colcon.colcon_core.verb:set package 'key_teleop' build argument 'ament_cmake_args' from command line to 'None'
[2.407s] Level 5:colcon.colcon_core.verb:set package 'key_teleop' build argument 'catkin_cmake_args' from command line to 'None'
[2.407s] Level 5:colcon.colcon_core.verb:set package 'key_teleop' build argument 'catkin_skip_building_tests' from command line to 'False'
[2.407s] DEBUG:colcon.colcon_core.verb:Building package 'key_teleop' with the following arguments: {'ament_cmake_args': None, 'build_base': '/home/yundo/f1tenth_ws/build/key_teleop', 'catkin_cmake_args': None, 'catkin_skip_building_tests': False, 'cmake_args': None, 'cmake_clean_cache': False, 'cmake_clean_first': False, 'cmake_force_configure': False, 'cmake_target': None, 'cmake_target_skip_unavailable': False, 'install_base': '/home/yundo/f1tenth_ws/install/key_teleop', 'merge_install': False, 'path': '/home/yundo/f1tenth_ws/src/f1tenth_system/teleop_tools/key_teleop', 'symlink_install': False, 'test_result_base': None}
[2.409s] Level 5:colcon.colcon_core.verb:set package 'mouse_teleop' build argument 'cmake_args' from command line to 'None'
[2.409s] Level 5:colcon.colcon_core.verb:set package 'mouse_teleop' build argument 'cmake_target' from command line to 'None'
[2.409s] Level 5:colcon.colcon_core.verb:set package 'mouse_teleop' build argument 'cmake_target_skip_unavailable' from command line to 'False'
[2.409s] Level 5:colcon.colcon_core.verb:set package 'mouse_teleop' build argument 'cmake_clean_cache' from command line to 'False'
[2.410s] Level 5:colcon.colcon_core.verb:set package 'mouse_teleop' build argument 'cmake_clean_first' from command line to 'False'
[2.410s] Level 5:colcon.colcon_core.verb:set package 'mouse_teleop' build argument 'cmake_force_configure' from command line to 'False'
[2.410s] Level 5:colcon.colcon_core.verb:set package 'mouse_teleop' build argument 'ament_cmake_args' from command line to 'None'
[2.410s] Level 5:colcon.colcon_core.verb:set package 'mouse_teleop' build argument 'catkin_cmake_args' from command line to 'None'
[2.410s] Level 5:colcon.colcon_core.verb:set package 'mouse_teleop' build argument 'catkin_skip_building_tests' from command line to 'False'
[2.410s] DEBUG:colcon.colcon_core.verb:Building package 'mouse_teleop' with the following arguments: {'ament_cmake_args': None, 'build_base': '/home/yundo/f1tenth_ws/build/mouse_teleop', 'catkin_cmake_args': None, 'catkin_skip_building_tests': False, 'cmake_args': None, 'cmake_clean_cache': False, 'cmake_clean_first': False, 'cmake_force_configure': False, 'cmake_target': None, 'cmake_target_skip_unavailable': False, 'install_base': '/home/yundo/f1tenth_ws/install/mouse_teleop', 'merge_install': False, 'path': '/home/yundo/f1tenth_ws/src/f1tenth_system/teleop_tools/mouse_teleop', 'symlink_install': False, 'test_result_base': None}
[2.412s] Level 5:colcon.colcon_core.verb:set package 'teleop_tools_msgs' build argument 'cmake_args' from command line to 'None'
[2.412s] Level 5:colcon.colcon_core.verb:set package 'teleop_tools_msgs' build argument 'cmake_target' from command line to 'None'
[2.412s] Level 5:colcon.colcon_core.verb:set package 'teleop_tools_msgs' build argument 'cmake_target_skip_unavailable' from command line to 'False'
[2.412s] Level 5:colcon.colcon_core.verb:set package 'teleop_tools_msgs' build argument 'cmake_clean_cache' from command line to 'False'
[2.412s] Level 5:colcon.colcon_core.verb:set package 'teleop_tools_msgs' build argument 'cmake_clean_first' from command line to 'False'
[2.412s] Level 5:colcon.colcon_core.verb:set package 'teleop_tools_msgs' build argument 'cmake_force_configure' from command line to 'False'
[2.413s] Level 5:colcon.colcon_core.verb:set package 'teleop_tools_msgs' build argument 'ament_cmake_args' from command line to 'None'
[2.413s] Level 5:colcon.colcon_core.verb:set package 'teleop_tools_msgs' build argument 'catkin_cmake_args' from command line to 'None'
[2.413s] Level 5:colcon.colcon_core.verb:set package 'teleop_tools_msgs' build argument 'catkin_skip_building_tests' from command line to 'False'
[2.413s] DEBUG:colcon.colcon_core.verb:Building package 'teleop_tools_msgs' with the following arguments: {'ament_cmake_args': None, 'build_base': '/home/yundo/f1tenth_ws/build/teleop_tools_msgs', 'catkin_cmake_args': None, 'catkin_skip_building_tests': False, 'cmake_args': None, 'cmake_clean_cache': False, 'cmake_clean_first': False, 'cmake_force_configure': False, 'cmake_target': None, 'cmake_target_skip_unavailable': False, 'install_base': '/home/yundo/f1tenth_ws/install/teleop_tools_msgs', 'merge_install': False, 'path': '/home/yundo/f1tenth_ws/src/f1tenth_system/teleop_tools/teleop_tools_msgs', 'symlink_install': False, 'test_result_base': None}
[2.415s] Level 5:colcon.colcon_core.verb:set package 'joy_teleop' build argument 'cmake_args' from command line to 'None'
[2.415s] Level 5:colcon.colcon_core.verb:set package 'joy_teleop' build argument 'cmake_target' from command line to 'None'
[2.415s] Level 5:colcon.colcon_core.verb:set package 'joy_teleop' build argument 'cmake_target_skip_unavailable' from command line to 'False'
[2.415s] Level 5:colcon.colcon_core.verb:set package 'joy_teleop' build argument 'cmake_clean_cache' from command line to 'False'
[2.415s] Level 5:colcon.colcon_core.verb:set package 'joy_teleop' build argument 'cmake_clean_first' from command line to 'False'
[2.415s] Level 5:colcon.colcon_core.verb:set package 'joy_teleop' build argument 'cmake_force_configure' from command line to 'False'
[2.415s] Level 5:colcon.colcon_core.verb:set package 'joy_teleop' build argument 'ament_cmake_args' from command line to 'None'
[2.416s] Level 5:colcon.colcon_core.verb:set package 'joy_teleop' build argument 'catkin_cmake_args' from command line to 'None'
[2.416s] Level 5:colcon.colcon_core.verb:set package 'joy_teleop' build argument 'catkin_skip_building_tests' from command line to 'False'
[2.416s] DEBUG:colcon.colcon_core.verb:Building package 'joy_teleop' with the following arguments: {'ament_cmake_args': None, 'build_base': '/home/yundo/f1tenth_ws/build/joy_teleop', 'catkin_cmake_args': None, 'catkin_skip_building_tests': False, 'cmake_args': None, 'cmake_clean_cache': False, 'cmake_clean_first': False, 'cmake_force_configure': False, 'cmake_target': None, 'cmake_target_skip_unavailable': False, 'install_base': '/home/yundo/f1tenth_ws/install/joy_teleop', 'merge_install': False, 'path': '/home/yundo/f1tenth_ws/src/f1tenth_system/teleop_tools/joy_teleop', 'symlink_install': False, 'test_result_base': None}
[2.418s] Level 5:colcon.colcon_core.verb:set package 'f1tenth_stack' build argument 'cmake_args' from command line to 'None'
[2.418s] Level 5:colcon.colcon_core.verb:set package 'f1tenth_stack' build argument 'cmake_target' from command line to 'None'
[2.418s] Level 5:colcon.colcon_core.verb:set package 'f1tenth_stack' build argument 'cmake_target_skip_unavailable' from command line to 'False'
[2.418s] Level 5:colcon.colcon_core.verb:set package 'f1tenth_stack' build argument 'cmake_clean_cache' from command line to 'False'
[2.418s] Level 5:colcon.colcon_core.verb:set package 'f1tenth_stack' build argument 'cmake_clean_first' from command line to 'False'
[2.418s] Level 5:colcon.colcon_core.verb:set package 'f1tenth_stack' build argument 'cmake_force_configure' from command line to 'False'
[2.418s] Level 5:colcon.colcon_core.verb:set package 'f1tenth_stack' build argument 'ament_cmake_args' from command line to 'None'
[2.418s] Level 5:colcon.colcon_core.verb:set package 'f1tenth_stack' build argument 'catkin_cmake_args' from command line to 'None'
[2.419s] Level 5:colcon.colcon_core.verb:set package 'f1tenth_stack' build argument 'catkin_skip_building_tests' from command line to 'False'
[2.419s] DEBUG:colcon.colcon_core.verb:Building package 'f1tenth_stack' with the following arguments: {'ament_cmake_args': None, 'build_base': '/home/yundo/f1tenth_ws/build/f1tenth_stack', 'catkin_cmake_args': None, 'catkin_skip_building_tests': False, 'cmake_args': None, 'cmake_clean_cache': False, 'cmake_clean_first': False, 'cmake_force_configure': False, 'cmake_target': None, 'cmake_target_skip_unavailable': False, 'install_base': '/home/yundo/f1tenth_ws/install/f1tenth_stack', 'merge_install': False, 'path': '/home/yundo/f1tenth_ws/src/f1tenth_system/f1tenth_stack', 'symlink_install': False, 'test_result_base': None}
[2.420s] Level 5:colcon.colcon_core.verb:set package 'teleop_tools' build argument 'cmake_args' from command line to 'None'
[2.420s] Level 5:colcon.colcon_core.verb:set package 'teleop_tools' build argument 'cmake_target' from command line to 'None'
[2.421s] Level 5:colcon.colcon_core.verb:set package 'teleop_tools' build argument 'cmake_target_skip_unavailable' from command line to 'False'
[2.421s] Level 5:colcon.colcon_core.verb:set package 'teleop_tools' build argument 'cmake_clean_cache' from command line to 'False'
[2.421s] Level 5:colcon.colcon_core.verb:set package 'teleop_tools' build argument 'cmake_clean_first' from command line to 'False'
[2.421s] Level 5:colcon.colcon_core.verb:set package 'teleop_tools' build argument 'cmake_force_configure' from command line to 'False'
[2.421s] Level 5:colcon.colcon_core.verb:set package 'teleop_tools' build argument 'ament_cmake_args' from command line to 'None'
[2.421s] Level 5:colcon.colcon_core.verb:set package 'teleop_tools' build argument 'catkin_cmake_args' from command line to 'None'
[2.421s] Level 5:colcon.colcon_core.verb:set package 'teleop_tools' build argument 'catkin_skip_building_tests' from command line to 'False'
[2.421s] DEBUG:colcon.colcon_core.verb:Building package 'teleop_tools' with the following arguments: {'ament_cmake_args': None, 'build_base': '/home/yundo/f1tenth_ws/build/teleop_tools', 'catkin_cmake_args': None, 'catkin_skip_building_tests': False, 'cmake_args': None, 'cmake_clean_cache': False, 'cmake_clean_first': False, 'cmake_force_configure': False, 'cmake_target': None, 'cmake_target_skip_unavailable': False, 'install_base': '/home/yundo/f1tenth_ws/install/teleop_tools', 'merge_install': False, 'path': '/home/yundo/f1tenth_ws/src/f1tenth_system/teleop_tools/teleop_tools', 'symlink_install': False, 'test_result_base': None}
[2.422s] INFO:colcon.colcon_core.executor:Executing jobs using 'parallel' executor
[2.426s] DEBUG:colcon.colcon_parallel_executor.executor.parallel:run_until_complete
[2.427s] INFO:colcon.colcon_ros.task.ament_cmake.build:Building ROS package in '/home/yundo/f1tenth_ws/src/f1tenth_system/teleop_tools/teleop_tools_msgs' with build type 'ament_cmake'
[2.427s] INFO:colcon.colcon_cmake.task.cmake.build:Building CMake package in '/home/yundo/f1tenth_ws/src/f1tenth_system/teleop_tools/teleop_tools_msgs'
[2.436s] INFO:colcon.colcon_core.plugin_system:Skipping extension 'colcon_core.shell.bat': Not used on non-Windows systems
[2.437s] INFO:colcon.colcon_core.shell:Skip shell extension 'powershell' for command environment: Not usable outside of PowerShell
[2.437s] DEBUG:colcon.colcon_core.shell:Skip shell extension 'dsv' for command environment
[2.465s] INFO:colcon.colcon_ros.task.ament_cmake.build:Building ROS package in '/home/yundo/f1tenth_ws/src/f1tenth_system/ackermann_mux' with build type 'ament_cmake'
[2.466s] INFO:colcon.colcon_cmake.task.cmake.build:Building CMake package in '/home/yundo/f1tenth_ws/src/f1tenth_system/ackermann_mux'
[2.468s] INFO:colcon.colcon_core.shell:Skip shell extension 'powershell' for command environment: Not usable outside of PowerShell
[2.469s] DEBUG:colcon.colcon_core.shell:Skip shell extension 'dsv' for command environment
[2.501s] INFO:colcon.colcon_ros.task.ament_python.build:Building ROS package in '/home/yundo/f1tenth_ws/src/f1tenth_system/teleop_tools/key_teleop' with build type 'ament_python'
[2.502s] Level 1:colcon.colcon_core.shell:create_environment_hook('key_teleop', 'ament_prefix_path')
[2.505s] INFO:colcon.colcon_core.shell:Creating environment hook '/home/yundo/f1tenth_ws/install/key_teleop/share/key_teleop/hook/ament_prefix_path.ps1'
[2.509s] INFO:colcon.colcon_core.shell:Creating environment descriptor '/home/yundo/f1tenth_ws/install/key_teleop/share/key_teleop/hook/ament_prefix_path.dsv'
[2.512s] INFO:colcon.colcon_core.shell:Creating environment hook '/home/yundo/f1tenth_ws/install/key_teleop/share/key_teleop/hook/ament_prefix_path.sh'
[2.516s] INFO:colcon.colcon_core.shell:Skip shell extension 'powershell' for command environment: Not usable outside of PowerShell
[2.516s] DEBUG:colcon.colcon_core.shell:Skip shell extension 'dsv' for command environment
[2.544s] INFO:colcon.colcon_ros.task.ament_python.build:Building ROS package in '/home/yundo/f1tenth_ws/src/f1tenth_system/teleop_tools/mouse_teleop' with build type 'ament_python'
[2.545s] Level 1:colcon.colcon_core.shell:create_environment_hook('mouse_teleop', 'ament_prefix_path')
[2.547s] INFO:colcon.colcon_core.shell:Creating environment hook '/home/yundo/f1tenth_ws/install/mouse_teleop/share/mouse_teleop/hook/ament_prefix_path.ps1'
[2.550s] INFO:colcon.colcon_core.shell:Creating environment descriptor '/home/yundo/f1tenth_ws/install/mouse_teleop/share/mouse_teleop/hook/ament_prefix_path.dsv'
[2.552s] INFO:colcon.colcon_core.shell:Creating environment hook '/home/yundo/f1tenth_ws/install/mouse_teleop/share/mouse_teleop/hook/ament_prefix_path.sh'
[2.554s] INFO:colcon.colcon_core.shell:Skip shell extension 'powershell' for command environment: Not usable outside of PowerShell
[2.555s] DEBUG:colcon.colcon_core.shell:Skip shell extension 'dsv' for command environment
[2.605s] DEBUG:colcon.colcon_core.event_handler.log_command:Invoking command in '/home/yundo/f1tenth_ws/build/teleop_tools_msgs': BYOBU_DATE=%Y-%m-%d CMAKE_PREFIX_PATH=/home/yundo/ydlidar_ws/install/ydlidar_ros2_driver:/home/yundo/f1tenth_ws/install/vesc:/home/yundo/f1tenth_ws/install/vesc_driver:/home/yundo/f1tenth_ws/install/vesc_ackermann:/home/yundo/f1tenth_ws/install/f1tenth_stack:/home/yundo/f1tenth_ws/install/joy_teleop:/home/yundo/f1tenth_ws/install/mouse_teleop:/home/yundo/f1tenth_ws/install/key_teleop:/opt/ros/foxy:/home/yundo/f1tenth_ws/install/vesc_msgs:/home/yundo/f1tenth_ws/install/teleop_tools:/home/yundo/f1tenth_ws/install/teleop_tools_msgs:/home/yundo/f1tenth_ws/install/ackermann_mux /usr/bin/cmake --build /home/yundo/f1tenth_ws/build/teleop_tools_msgs -- -j4 -l4
[2.634s] DEBUG:colcon.colcon_core.event_handler.log_command:Invoking command in '/home/yundo/f1tenth_ws/build/ackermann_mux': BYOBU_DATE=%Y-%m-%d CMAKE_PREFIX_PATH=/home/yundo/ydlidar_ws/install/ydlidar_ros2_driver:/home/yundo/f1tenth_ws/install/vesc:/home/yundo/f1tenth_ws/install/vesc_driver:/home/yundo/f1tenth_ws/install/vesc_ackermann:/home/yundo/f1tenth_ws/install/f1tenth_stack:/home/yundo/f1tenth_ws/install/joy_teleop:/home/yundo/f1tenth_ws/install/mouse_teleop:/home/yundo/f1tenth_ws/install/key_teleop:/opt/ros/foxy:/home/yundo/f1tenth_ws/install/vesc_msgs:/home/yundo/f1tenth_ws/install/teleop_tools:/home/yundo/f1tenth_ws/install/teleop_tools_msgs:/home/yundo/f1tenth_ws/install/ackermann_mux /usr/bin/cmake --build /home/yundo/f1tenth_ws/build/ackermann_mux -- -j4 -l4
[4.056s] INFO:colcon.colcon_core.task.python.build:Building Python package in '/home/yundo/f1tenth_ws/src/f1tenth_system/teleop_tools/key_teleop'
[4.058s] INFO:colcon.colcon_core.shell:Skip shell extension 'powershell' for command environment: Not usable outside of PowerShell
[4.058s] DEBUG:colcon.colcon_core.shell:Skip shell extension 'dsv' for command environment
[5.368s] INFO:colcon.colcon_core.task.python.build:Building Python package in '/home/yundo/f1tenth_ws/src/f1tenth_system/teleop_tools/mouse_teleop'
[5.370s] INFO:colcon.colcon_core.shell:Skip shell extension 'powershell' for command environment: Not usable outside of PowerShell
[5.370s] DEBUG:colcon.colcon_core.shell:Skip shell extension 'dsv' for command environment
[5.401s] DEBUG:colcon.colcon_core.event_handler.log_command:Invoked command in '/home/yundo/f1tenth_ws/build/teleop_tools_msgs' returned '0': BYOBU_DATE=%Y-%m-%d CMAKE_PREFIX_PATH=/home/yundo/ydlidar_ws/install/ydlidar_ros2_driver:/home/yundo/f1tenth_ws/install/vesc:/home/yundo/f1tenth_ws/install/vesc_driver:/home/yundo/f1tenth_ws/install/vesc_ackermann:/home/yundo/f1tenth_ws/install/f1tenth_stack:/home/yundo/f1tenth_ws/install/joy_teleop:/home/yundo/f1tenth_ws/install/mouse_teleop:/home/yundo/f1tenth_ws/install/key_teleop:/opt/ros/foxy:/home/yundo/f1tenth_ws/install/vesc_msgs:/home/yundo/f1tenth_ws/install/teleop_tools:/home/yundo/f1tenth_ws/install/teleop_tools_msgs:/home/yundo/f1tenth_ws/install/ackermann_mux /usr/bin/cmake --build /home/yundo/f1tenth_ws/build/teleop_tools_msgs -- -j4 -l4
[5.414s] DEBUG:colcon.colcon_core.event_handler.log_command:Invoked command in '/home/yundo/f1tenth_ws/build/ackermann_mux' returned '0': BYOBU_DATE=%Y-%m-%d CMAKE_PREFIX_PATH=/home/yundo/ydlidar_ws/install/ydlidar_ros2_driver:/home/yundo/f1tenth_ws/install/vesc:/home/yundo/f1tenth_ws/install/vesc_driver:/home/yundo/f1tenth_ws/install/vesc_ackermann:/home/yundo/f1tenth_ws/install/f1tenth_stack:/home/yundo/f1tenth_ws/install/joy_teleop:/home/yundo/f1tenth_ws/install/mouse_teleop:/home/yundo/f1tenth_ws/install/key_teleop:/opt/ros/foxy:/home/yundo/f1tenth_ws/install/vesc_msgs:/home/yundo/f1tenth_ws/install/teleop_tools:/home/yundo/f1tenth_ws/install/teleop_tools_msgs:/home/yundo/f1tenth_ws/install/ackermann_mux /usr/bin/cmake --build /home/yundo/f1tenth_ws/build/ackermann_mux -- -j4 -l4
[5.599s] DEBUG:colcon.colcon_core.event_handler.log_command:Invoking command in '/home/yundo/f1tenth_ws/build/ackermann_mux': BYOBU_DATE=%Y-%m-%d CMAKE_PREFIX_PATH=/home/yundo/ydlidar_ws/install/ydlidar_ros2_driver:/home/yundo/f1tenth_ws/install/vesc:/home/yundo/f1tenth_ws/install/vesc_driver:/home/yundo/f1tenth_ws/install/vesc_ackermann:/home/yundo/f1tenth_ws/install/f1tenth_stack:/home/yundo/f1tenth_ws/install/joy_teleop:/home/yundo/f1tenth_ws/install/mouse_teleop:/home/yundo/f1tenth_ws/install/key_teleop:/opt/ros/foxy:/home/yundo/f1tenth_ws/install/vesc_msgs:/home/yundo/f1tenth_ws/install/teleop_tools:/home/yundo/f1tenth_ws/install/teleop_tools_msgs:/home/yundo/f1tenth_ws/install/ackermann_mux /usr/bin/cmake --install /home/yundo/f1tenth_ws/build/ackermann_mux
[5.659s] Level 1:colcon.colcon_core.environment:create_environment_scripts_only(ackermann_mux)
[5.678s] DEBUG:colcon.colcon_core.event_handler.log_command:Invoked command in '/home/yundo/f1tenth_ws/build/ackermann_mux' returned '0': BYOBU_DATE=%Y-%m-%d CMAKE_PREFIX_PATH=/home/yundo/ydlidar_ws/install/ydlidar_ros2_driver:/home/yundo/f1tenth_ws/install/vesc:/home/yundo/f1tenth_ws/install/vesc_driver:/home/yundo/f1tenth_ws/install/vesc_ackermann:/home/yundo/f1tenth_ws/install/f1tenth_stack:/home/yundo/f1tenth_ws/install/joy_teleop:/home/yundo/f1tenth_ws/install/mouse_teleop:/home/yundo/f1tenth_ws/install/key_teleop:/opt/ros/foxy:/home/yundo/f1tenth_ws/install/vesc_msgs:/home/yundo/f1tenth_ws/install/teleop_tools:/home/yundo/f1tenth_ws/install/teleop_tools_msgs:/home/yundo/f1tenth_ws/install/ackermann_mux /usr/bin/cmake --install /home/yundo/f1tenth_ws/build/ackermann_mux
[5.681s] Level 1:colcon.colcon_core.environment:checking '/home/yundo/f1tenth_ws/install/ackermann_mux' for CMake module files
[5.684s] Level 1:colcon.colcon_core.environment:checking '/home/yundo/f1tenth_ws/install/ackermann_mux' for CMake config files
[5.685s] Level 1:colcon.colcon_core.shell:create_environment_hook('ackermann_mux', 'cmake_prefix_path')
[5.686s] INFO:colcon.colcon_core.shell:Creating environment hook '/home/yundo/f1tenth_ws/install/ackermann_mux/share/ackermann_mux/hook/cmake_prefix_path.ps1'
[5.688s] INFO:colcon.colcon_core.shell:Creating environment descriptor '/home/yundo/f1tenth_ws/install/ackermann_mux/share/ackermann_mux/hook/cmake_prefix_path.dsv'
[5.690s] INFO:colcon.colcon_core.shell:Creating environment hook '/home/yundo/f1tenth_ws/install/ackermann_mux/share/ackermann_mux/hook/cmake_prefix_path.sh'
[5.692s] Level 1:colcon.colcon_core.environment:checking '/home/yundo/f1tenth_ws/install/ackermann_mux/lib'
[5.693s] Level 1:colcon.colcon_core.environment:checking '/home/yundo/f1tenth_ws/install/ackermann_mux/bin'
[5.694s] Level 1:colcon.colcon_core.environment:checking '/home/yundo/f1tenth_ws/install/ackermann_mux/lib/pkgconfig/ackermann_mux.pc'
[5.695s] Level 1:colcon.colcon_core.environment:checking '/home/yundo/f1tenth_ws/install/ackermann_mux/lib/python3.8/site-packages'
[5.696s] Level 1:colcon.colcon_core.environment:checking '/home/yundo/f1tenth_ws/install/ackermann_mux/bin'
[5.697s] INFO:colcon.colcon_core.shell:Creating package script '/home/yundo/f1tenth_ws/install/ackermann_mux/share/ackermann_mux/package.ps1'
[5.701s] INFO:colcon.colcon_core.shell:Creating package descriptor '/home/yundo/f1tenth_ws/install/ackermann_mux/share/ackermann_mux/package.dsv'
[5.704s] INFO:colcon.colcon_core.shell:Creating package script '/home/yundo/f1tenth_ws/install/ackermann_mux/share/ackermann_mux/package.sh'
[5.708s] INFO:colcon.colcon_core.shell:Creating package script '/home/yundo/f1tenth_ws/install/ackermann_mux/share/ackermann_mux/package.bash'
[5.711s] INFO:colcon.colcon_core.shell:Creating package script '/home/yundo/f1tenth_ws/install/ackermann_mux/share/ackermann_mux/package.zsh'
[5.715s] Level 1:colcon.colcon_core.environment:create_file_with_runtime_dependencies(/home/yundo/f1tenth_ws/install/ackermann_mux/share/colcon-core/packages/ackermann_mux)
[5.733s] DEBUG:colcon.colcon_core.event_handler.log_command:Invoking command in '/home/yundo/f1tenth_ws/build/teleop_tools_msgs': BYOBU_DATE=%Y-%m-%d CMAKE_PREFIX_PATH=/home/yundo/ydlidar_ws/install/ydlidar_ros2_driver:/home/yundo/f1tenth_ws/install/vesc:/home/yundo/f1tenth_ws/install/vesc_driver:/home/yundo/f1tenth_ws/install/vesc_ackermann:/home/yundo/f1tenth_ws/install/f1tenth_stack:/home/yundo/f1tenth_ws/install/joy_teleop:/home/yundo/f1tenth_ws/install/mouse_teleop:/home/yundo/f1tenth_ws/install/key_teleop:/opt/ros/foxy:/home/yundo/f1tenth_ws/install/vesc_msgs:/home/yundo/f1tenth_ws/install/teleop_tools:/home/yundo/f1tenth_ws/install/teleop_tools_msgs:/home/yundo/f1tenth_ws/install/ackermann_mux /usr/bin/cmake --install /home/yundo/f1tenth_ws/build/teleop_tools_msgs
[5.886s] Level 1:colcon.colcon_core.environment:create_environment_scripts_only(ackermann_mux)
[5.887s] Level 1:colcon.colcon_core.environment:checking '/home/yundo/f1tenth_ws/install/ackermann_mux' for CMake module files
[5.890s] Level 1:colcon.colcon_core.environment:checking '/home/yundo/f1tenth_ws/install/ackermann_mux' for CMake config files
[5.892s] Level 1:colcon.colcon_core.shell:create_environment_hook('ackermann_mux', 'cmake_prefix_path')
[5.893s] INFO:colcon.colcon_core.shell:Creating environment hook '/home/yundo/f1tenth_ws/install/ackermann_mux/share/ackermann_mux/hook/cmake_prefix_path.ps1'
[5.895s] INFO:colcon.colcon_core.shell:Creating environment descriptor '/home/yundo/f1tenth_ws/install/ackermann_mux/share/ackermann_mux/hook/cmake_prefix_path.dsv'
[5.896s] INFO:colcon.colcon_core.shell:Creating environment hook '/home/yundo/f1tenth_ws/install/ackermann_mux/share/ackermann_mux/hook/cmake_prefix_path.sh'
[5.901s] Level 1:colcon.colcon_core.environment:checking '/home/yundo/f1tenth_ws/install/ackermann_mux/lib'
[5.902s] Level 1:colcon.colcon_core.environment:checking '/home/yundo/f1tenth_ws/install/ackermann_mux/bin'
[5.902s] Level 1:colcon.colcon_core.environment:checking '/home/yundo/f1tenth_ws/install/ackermann_mux/lib/pkgconfig/ackermann_mux.pc'
[5.903s] Level 1:colcon.colcon_core.environment:checking '/home/yundo/f1tenth_ws/install/ackermann_mux/lib/python3.8/site-packages'
[5.904s] Level 1:colcon.colcon_core.environment:checking '/home/yundo/f1tenth_ws/install/ackermann_mux/bin'
[5.905s] INFO:colcon.colcon_core.shell:Creating package script '/home/yundo/f1tenth_ws/install/ackermann_mux/share/ackermann_mux/package.ps1'
[5.939s] INFO:colcon.colcon_core.shell:Creating package descriptor '/home/yundo/f1tenth_ws/install/ackermann_mux/share/ackermann_mux/package.dsv'
[5.941s] INFO:colcon.colcon_core.shell:Creating package script '/home/yundo/f1tenth_ws/install/ackermann_mux/share/ackermann_mux/package.sh'
[5.943s] INFO:colcon.colcon_core.shell:Creating package script '/home/yundo/f1tenth_ws/install/ackermann_mux/share/ackermann_mux/package.bash'
[5.945s] INFO:colcon.colcon_core.shell:Creating package script '/home/yundo/f1tenth_ws/install/ackermann_mux/share/ackermann_mux/package.zsh'
[5.947s] Level 1:colcon.colcon_core.environment:create_file_with_runtime_dependencies(/home/yundo/f1tenth_ws/install/ackermann_mux/share/colcon-core/packages/ackermann_mux)
[6.037s] Level 1:colcon.colcon_core.environment:create_environment_scripts_only(teleop_tools_msgs)
[6.038s] Level 1:colcon.colcon_core.environment:checking '/home/yundo/f1tenth_ws/install/teleop_tools_msgs' for CMake module files
[6.047s] DEBUG:colcon.colcon_core.event_handler.log_command:Invoked command in '/home/yundo/f1tenth_ws/build/teleop_tools_msgs' returned '0': BYOBU_DATE=%Y-%m-%d CMAKE_PREFIX_PATH=/home/yundo/ydlidar_ws/install/ydlidar_ros2_driver:/home/yundo/f1tenth_ws/install/vesc:/home/yundo/f1tenth_ws/install/vesc_driver:/home/yundo/f1tenth_ws/install/vesc_ackermann:/home/yundo/f1tenth_ws/install/f1tenth_stack:/home/yundo/f1tenth_ws/install/joy_teleop:/home/yundo/f1tenth_ws/install/mouse_teleop:/home/yundo/f1tenth_ws/install/key_teleop:/opt/ros/foxy:/home/yundo/f1tenth_ws/install/vesc_msgs:/home/yundo/f1tenth_ws/install/teleop_tools:/home/yundo/f1tenth_ws/install/teleop_tools_msgs:/home/yundo/f1tenth_ws/install/ackermann_mux /usr/bin/cmake --install /home/yundo/f1tenth_ws/build/teleop_tools_msgs
[6.049s] Level 1:colcon.colcon_core.environment:checking '/home/yundo/f1tenth_ws/install/teleop_tools_msgs' for CMake config files
[6.051s] Level 1:colcon.colcon_core.shell:create_environment_hook('teleop_tools_msgs', 'cmake_prefix_path')
[6.052s] INFO:colcon.colcon_core.shell:Creating environment hook '/home/yundo/f1tenth_ws/install/teleop_tools_msgs/share/teleop_tools_msgs/hook/cmake_prefix_path.ps1'
[6.054s] INFO:colcon.colcon_core.shell:Creating environment descriptor '/home/yundo/f1tenth_ws/install/teleop_tools_msgs/share/teleop_tools_msgs/hook/cmake_prefix_path.dsv'
[6.056s] INFO:colcon.colcon_core.shell:Creating environment hook '/home/yundo/f1tenth_ws/install/teleop_tools_msgs/share/teleop_tools_msgs/hook/cmake_prefix_path.sh'
[6.059s] Level 1:colcon.colcon_core.environment:checking '/home/yundo/f1tenth_ws/install/teleop_tools_msgs/lib'
[6.059s] Level 1:colcon.colcon_core.shell:create_environment_hook('teleop_tools_msgs', 'ld_library_path_lib')
[6.060s] INFO:colcon.colcon_core.shell:Creating environment hook '/home/yundo/f1tenth_ws/install/teleop_tools_msgs/share/teleop_tools_msgs/hook/ld_library_path_lib.ps1'
[6.062s] INFO:colcon.colcon_core.shell:Creating environment descriptor '/home/yundo/f1tenth_ws/install/teleop_tools_msgs/share/teleop_tools_msgs/hook/ld_library_path_lib.dsv'
[6.063s] INFO:colcon.colcon_core.shell:Creating environment hook '/home/yundo/f1tenth_ws/install/teleop_tools_msgs/share/teleop_tools_msgs/hook/ld_library_path_lib.sh'
[6.065s] Level 1:colcon.colcon_core.environment:checking '/home/yundo/f1tenth_ws/install/teleop_tools_msgs/bin'
[6.065s] Level 1:colcon.colcon_core.environment:checking '/home/yundo/f1tenth_ws/install/teleop_tools_msgs/lib/pkgconfig/teleop_tools_msgs.pc'
[6.066s] Level 1:colcon.colcon_core.environment:checking '/home/yundo/f1tenth_ws/install/teleop_tools_msgs/lib/python3.8/site-packages'
[6.066s] Level 1:colcon.colcon_core.shell:create_environment_hook('teleop_tools_msgs', 'pythonpath')
[6.067s] INFO:colcon.colcon_core.shell:Creating environment hook '/home/yundo/f1tenth_ws/install/teleop_tools_msgs/share/teleop_tools_msgs/hook/pythonpath.ps1'
[6.069s] INFO:colcon.colcon_core.shell:Creating environment descriptor '/home/yundo/f1tenth_ws/install/teleop_tools_msgs/share/teleop_tools_msgs/hook/pythonpath.dsv'
[6.070s] INFO:colcon.colcon_core.shell:Creating environment hook '/home/yundo/f1tenth_ws/install/teleop_tools_msgs/share/teleop_tools_msgs/hook/pythonpath.sh'
[6.073s] Level 1:colcon.colcon_core.environment:checking '/home/yundo/f1tenth_ws/install/teleop_tools_msgs/bin'
[6.075s] INFO:colcon.colcon_core.shell:Creating package script '/home/yundo/f1tenth_ws/install/teleop_tools_msgs/share/teleop_tools_msgs/package.ps1'
[6.078s] INFO:colcon.colcon_core.shell:Creating package descriptor '/home/yundo/f1tenth_ws/install/teleop_tools_msgs/share/teleop_tools_msgs/package.dsv'
[6.080s] INFO:colcon.colcon_core.shell:Creating package script '/home/yundo/f1tenth_ws/install/teleop_tools_msgs/share/teleop_tools_msgs/package.sh'
[6.082s] INFO:colcon.colcon_core.shell:Creating package script '/home/yundo/f1tenth_ws/install/teleop_tools_msgs/share/teleop_tools_msgs/package.bash'
[6.083s] INFO:colcon.colcon_core.shell:Creating package script '/home/yundo/f1tenth_ws/install/teleop_tools_msgs/share/teleop_tools_msgs/package.zsh'
[6.085s] Level 1:colcon.colcon_core.environment:create_file_with_runtime_dependencies(/home/yundo/f1tenth_ws/install/teleop_tools_msgs/share/colcon-core/packages/teleop_tools_msgs)
[6.305s] Level 1:colcon.colcon_core.environment:create_environment_scripts_only(teleop_tools_msgs)
[6.306s] Level 1:colcon.colcon_core.environment:checking '/home/yundo/f1tenth_ws/install/teleop_tools_msgs' for CMake module files
[6.310s] Level 1:colcon.colcon_core.environment:checking '/home/yundo/f1tenth_ws/install/teleop_tools_msgs' for CMake config files
[6.312s] Level 1:colcon.colcon_core.shell:create_environment_hook('teleop_tools_msgs', 'cmake_prefix_path')
[6.314s] INFO:colcon.colcon_core.shell:Creating environment hook '/home/yundo/f1tenth_ws/install/teleop_tools_msgs/share/teleop_tools_msgs/hook/cmake_prefix_path.ps1'
[6.316s] INFO:colcon.colcon_core.shell:Creating environment descriptor '/home/yundo/f1tenth_ws/install/teleop_tools_msgs/share/teleop_tools_msgs/hook/cmake_prefix_path.dsv'
[6.317s] INFO:colcon.colcon_core.shell:Creating environment hook '/home/yundo/f1tenth_ws/install/teleop_tools_msgs/share/teleop_tools_msgs/hook/cmake_prefix_path.sh'
[6.319s] Level 1:colcon.colcon_core.environment:checking '/home/yundo/f1tenth_ws/install/teleop_tools_msgs/lib'
[6.319s] Level 1:colcon.colcon_core.shell:create_environment_hook('teleop_tools_msgs', 'ld_library_path_lib')
[6.321s] INFO:colcon.colcon_core.shell:Creating environment hook '/home/yundo/f1tenth_ws/install/teleop_tools_msgs/share/teleop_tools_msgs/hook/ld_library_path_lib.ps1'
[6.322s] INFO:colcon.colcon_core.shell:Creating environment descriptor '/home/yundo/f1tenth_ws/install/teleop_tools_msgs/share/teleop_tools_msgs/hook/ld_library_path_lib.dsv'
[6.323s] INFO:colcon.colcon_core.shell:Creating environment hook '/home/yundo/f1tenth_ws/install/teleop_tools_msgs/share/teleop_tools_msgs/hook/ld_library_path_lib.sh'
[6.325s] Level 1:colcon.colcon_core.environment:checking '/home/yundo/f1tenth_ws/install/teleop_tools_msgs/bin'
[6.325s] Level 1:colcon.colcon_core.environment:checking '/home/yundo/f1tenth_ws/install/teleop_tools_msgs/lib/pkgconfig/teleop_tools_msgs.pc'
[6.326s] Level 1:colcon.colcon_core.environment:checking '/home/yundo/f1tenth_ws/install/teleop_tools_msgs/lib/python3.8/site-packages'
[6.326s] Level 1:colcon.colcon_core.shell:create_environment_hook('teleop_tools_msgs', 'pythonpath')
[6.328s] INFO:colcon.colcon_core.shell:Creating environment hook '/home/yundo/f1tenth_ws/install/teleop_tools_msgs/share/teleop_tools_msgs/hook/pythonpath.ps1'
[6.329s] INFO:colcon.colcon_core.shell:Creating environment descriptor '/home/yundo/f1tenth_ws/install/teleop_tools_msgs/share/teleop_tools_msgs/hook/pythonpath.dsv'
[6.330s] INFO:colcon.colcon_core.shell:Creating environment hook '/home/yundo/f1tenth_ws/install/teleop_tools_msgs/share/teleop_tools_msgs/hook/pythonpath.sh'
[6.332s] Level 1:colcon.colcon_core.environment:checking '/home/yundo/f1tenth_ws/install/teleop_tools_msgs/bin'
[6.334s] INFO:colcon.colcon_core.shell:Creating package script '/home/yundo/f1tenth_ws/install/teleop_tools_msgs/share/teleop_tools_msgs/package.ps1'
[6.337s] INFO:colcon.colcon_core.shell:Creating package descriptor '/home/yundo/f1tenth_ws/install/teleop_tools_msgs/share/teleop_tools_msgs/package.dsv'
[6.340s] INFO:colcon.colcon_core.shell:Creating package script '/home/yundo/f1tenth_ws/install/teleop_tools_msgs/share/teleop_tools_msgs/package.sh'
[6.342s] INFO:colcon.colcon_core.shell:Creating package script '/home/yundo/f1tenth_ws/install/teleop_tools_msgs/share/teleop_tools_msgs/package.bash'
[6.343s] INFO:colcon.colcon_core.shell:Creating package script '/home/yundo/f1tenth_ws/install/teleop_tools_msgs/share/teleop_tools_msgs/package.zsh'
[6.345s] Level 1:colcon.colcon_core.environment:create_file_with_runtime_dependencies(/home/yundo/f1tenth_ws/install/teleop_tools_msgs/share/colcon-core/packages/teleop_tools_msgs)
[6.347s] INFO:colcon.colcon_ros.task.ament_python.build:Building ROS package in '/home/yundo/f1tenth_ws/src/f1tenth_system/teleop_tools/joy_teleop' with build type 'ament_python'
[6.347s] Level 1:colcon.colcon_core.shell:create_environment_hook('joy_teleop', 'ament_prefix_path')
[6.349s] INFO:colcon.colcon_core.shell:Creating environment hook '/home/yundo/f1tenth_ws/install/joy_teleop/share/joy_teleop/hook/ament_prefix_path.ps1'
[6.351s] INFO:colcon.colcon_core.shell:Creating environment descriptor '/home/yundo/f1tenth_ws/install/joy_teleop/share/joy_teleop/hook/ament_prefix_path.dsv'
[6.353s] INFO:colcon.colcon_core.shell:Creating environment hook '/home/yundo/f1tenth_ws/install/joy_teleop/share/joy_teleop/hook/ament_prefix_path.sh'
[6.355s] INFO:colcon.colcon_core.shell:Skip shell extension 'powershell' for command environment: Not usable outside of PowerShell
[6.356s] DEBUG:colcon.colcon_core.shell:Skip shell extension 'dsv' for command environment
[7.873s] INFO:colcon.colcon_core.task.python.build:Building Python package in '/home/yundo/f1tenth_ws/src/f1tenth_system/teleop_tools/joy_teleop'
[7.874s] INFO:colcon.colcon_core.shell:Skip shell extension 'powershell' for command environment: Not usable outside of PowerShell
[7.875s] DEBUG:colcon.colcon_core.shell:Skip shell extension 'dsv' for command environment
[7.915s] DEBUG:colcon.colcon_core.event_handler.log_command:Invoking command in '/home/yundo/f1tenth_ws/src/f1tenth_system/teleop_tools/key_teleop': BYOBU_DATE=%Y-%m-%d PYTHONPATH=/home/yundo/f1tenth_ws/build/key_teleop/prefix_override:/home/yundo/f1tenth_ws/install/key_teleop/lib/python3.8/site-packages:${PYTHONPATH} /usr/bin/python3 -W ignore:setup.py install is deprecated setup.py egg_info --egg-base ../../../../build/key_teleop build --build-base /home/yundo/f1tenth_ws/build/key_teleop/build install --record /home/yundo/f1tenth_ws/build/key_teleop/install.log --install-scripts $base/lib/key_teleop --single-version-externally-managed install_data
[7.928s] DEBUG:colcon.colcon_core.event_handler.log_command:Invoking command in '/home/yundo/f1tenth_ws/src/f1tenth_system/teleop_tools/mouse_teleop': BYOBU_DATE=%Y-%m-%d PYTHONPATH=/home/yundo/f1tenth_ws/build/mouse_teleop/prefix_override:/home/yundo/f1tenth_ws/install/mouse_teleop/lib/python3.8/site-packages:${PYTHONPATH} /usr/bin/python3 -W ignore:setup.py install is deprecated setup.py egg_info --egg-base ../../../../build/mouse_teleop build --build-base /home/yundo/f1tenth_ws/build/mouse_teleop/build install --record /home/yundo/f1tenth_ws/build/mouse_teleop/install.log --install-scripts $base/lib/mouse_teleop --single-version-externally-managed install_data
[9.455s] Level 1:colcon.colcon_core.environment:checking '/home/yundo/f1tenth_ws/install/key_teleop' for CMake module files
[9.459s] DEBUG:colcon.colcon_core.event_handler.log_command:Invoked command in '/home/yundo/f1tenth_ws/src/f1tenth_system/teleop_tools/key_teleop' returned '0': BYOBU_DATE=%Y-%m-%d PYTHONPATH=/home/yundo/f1tenth_ws/build/key_teleop/prefix_override:/home/yundo/f1tenth_ws/install/key_teleop/lib/python3.8/site-packages:${PYTHONPATH} /usr/bin/python3 -W ignore:setup.py install is deprecated setup.py egg_info --egg-base ../../../../build/key_teleop build --build-base /home/yundo/f1tenth_ws/build/key_teleop/build install --record /home/yundo/f1tenth_ws/build/key_teleop/install.log --install-scripts $base/lib/key_teleop --single-version-externally-managed install_data
[9.460s] Level 1:colcon.colcon_core.environment:checking '/home/yundo/f1tenth_ws/install/key_teleop' for CMake config files
[9.463s] Level 1:colcon.colcon_core.environment:checking '/home/yundo/f1tenth_ws/install/key_teleop/lib'
[9.464s] Level 1:colcon.colcon_core.environment:checking '/home/yundo/f1tenth_ws/install/key_teleop/bin'
[9.464s] Level 1:colcon.colcon_core.environment:checking '/home/yundo/f1tenth_ws/install/key_teleop/lib/pkgconfig/key_teleop.pc'
[9.465s] Level 1:colcon.colcon_core.environment:checking '/home/yundo/f1tenth_ws/install/key_teleop/lib/python3.8/site-packages'
[9.465s] Level 1:colcon.colcon_core.shell:create_environment_hook('key_teleop', 'pythonpath')
[9.467s] INFO:colcon.colcon_core.shell:Creating environment hook '/home/yundo/f1tenth_ws/install/key_teleop/share/key_teleop/hook/pythonpath.ps1'
[9.469s] INFO:colcon.colcon_core.shell:Creating environment descriptor '/home/yundo/f1tenth_ws/install/key_teleop/share/key_teleop/hook/pythonpath.dsv'
[9.471s] INFO:colcon.colcon_core.shell:Creating environment hook '/home/yundo/f1tenth_ws/install/key_teleop/share/key_teleop/hook/pythonpath.sh'
[9.473s] Level 1:colcon.colcon_core.environment:checking '/home/yundo/f1tenth_ws/install/key_teleop/bin'
[9.473s] Level 1:colcon.colcon_core.environment:create_environment_scripts_only(key_teleop)
[9.475s] INFO:colcon.colcon_core.shell:Creating package script '/home/yundo/f1tenth_ws/install/key_teleop/share/key_teleop/package.ps1'
[9.478s] INFO:colcon.colcon_core.shell:Creating package descriptor '/home/yundo/f1tenth_ws/install/key_teleop/share/key_teleop/package.dsv'
[9.480s] INFO:colcon.colcon_core.shell:Creating package script '/home/yundo/f1tenth_ws/install/key_teleop/share/key_teleop/package.sh'
[9.483s] INFO:colcon.colcon_core.shell:Creating package script '/home/yundo/f1tenth_ws/install/key_teleop/share/key_teleop/package.bash'
[9.485s] INFO:colcon.colcon_core.shell:Creating package script '/home/yundo/f1tenth_ws/install/key_teleop/share/key_teleop/package.zsh'
[9.486s] Level 1:colcon.colcon_core.environment:create_file_with_runtime_dependencies(/home/yundo/f1tenth_ws/install/key_teleop/share/colcon-core/packages/key_teleop)
[9.493s] Level 1:colcon.colcon_core.environment:checking '/home/yundo/f1tenth_ws/install/mouse_teleop' for CMake module files
[9.495s] DEBUG:colcon.colcon_core.event_handler.log_command:Invoked command in '/home/yundo/f1tenth_ws/src/f1tenth_system/teleop_tools/mouse_teleop' returned '0': BYOBU_DATE=%Y-%m-%d PYTHONPATH=/home/yundo/f1tenth_ws/build/mouse_teleop/prefix_override:/home/yundo/f1tenth_ws/install/mouse_teleop/lib/python3.8/site-packages:${PYTHONPATH} /usr/bin/python3 -W ignore:setup.py install is deprecated setup.py egg_info --egg-base ../../../../build/mouse_teleop build --build-base /home/yundo/f1tenth_ws/build/mouse_teleop/build install --record /home/yundo/f1tenth_ws/build/mouse_teleop/install.log --install-scripts $base/lib/mouse_teleop --single-version-externally-managed install_data
[9.497s] Level 1:colcon.colcon_core.environment:checking '/home/yundo/f1tenth_ws/install/mouse_teleop' for CMake config files
[9.499s] Level 1:colcon.colcon_core.environment:checking '/home/yundo/f1tenth_ws/install/mouse_teleop/lib'
[9.500s] Level 1:colcon.colcon_core.environment:checking '/home/yundo/f1tenth_ws/install/mouse_teleop/bin'
[9.500s] Level 1:colcon.colcon_core.environment:checking '/home/yundo/f1tenth_ws/install/mouse_teleop/lib/pkgconfig/mouse_teleop.pc'
[9.501s] Level 1:colcon.colcon_core.environment:checking '/home/yundo/f1tenth_ws/install/mouse_teleop/lib/python3.8/site-packages'
[9.501s] Level 1:colcon.colcon_core.shell:create_environment_hook('mouse_teleop', 'pythonpath')
[9.503s] INFO:colcon.colcon_core.shell:Creating environment hook '/home/yundo/f1tenth_ws/install/mouse_teleop/share/mouse_teleop/hook/pythonpath.ps1'
[9.505s] INFO:colcon.colcon_core.shell:Creating environment descriptor '/home/yundo/f1tenth_ws/install/mouse_teleop/share/mouse_teleop/hook/pythonpath.dsv'
[9.506s] INFO:colcon.colcon_core.shell:Creating environment hook '/home/yundo/f1tenth_ws/install/mouse_teleop/share/mouse_teleop/hook/pythonpath.sh'
[9.508s] Level 1:colcon.colcon_core.environment:checking '/home/yundo/f1tenth_ws/install/mouse_teleop/bin'
[9.509s] Level 1:colcon.colcon_core.environment:create_environment_scripts_only(mouse_teleop)
[9.510s] INFO:colcon.colcon_core.shell:Creating package script '/home/yundo/f1tenth_ws/install/mouse_teleop/share/mouse_teleop/package.ps1'
[9.513s] INFO:colcon.colcon_core.shell:Creating package descriptor '/home/yundo/f1tenth_ws/install/mouse_teleop/share/mouse_teleop/package.dsv'
[9.515s] INFO:colcon.colcon_core.shell:Creating package script '/home/yundo/f1tenth_ws/install/mouse_teleop/share/mouse_teleop/package.sh'
[9.517s] INFO:colcon.colcon_core.shell:Creating package script '/home/yundo/f1tenth_ws/install/mouse_teleop/share/mouse_teleop/package.bash'
[9.519s] INFO:colcon.colcon_core.shell:Creating package script '/home/yundo/f1tenth_ws/install/mouse_teleop/share/mouse_teleop/package.zsh'
[9.521s] Level 1:colcon.colcon_core.environment:create_file_with_runtime_dependencies(/home/yundo/f1tenth_ws/install/mouse_teleop/share/colcon-core/packages/mouse_teleop)
[9.904s] DEBUG:colcon.colcon_core.event_handler.log_command:Invoking command in '/home/yundo/f1tenth_ws/src/f1tenth_system/teleop_tools/joy_teleop': BYOBU_DATE=%Y-%m-%d CMAKE_PREFIX_PATH=/home/yundo/f1tenth_ws/install/teleop_tools_msgs:/home/yundo/ydlidar_ws/install/ydlidar_ros2_driver:/home/yundo/f1tenth_ws/install/vesc:/home/yundo/f1tenth_ws/install/vesc_driver:/home/yundo/f1tenth_ws/install/vesc_ackermann:/home/yundo/f1tenth_ws/install/vesc_msgs:/home/yundo/f1tenth_ws/install/teleop_tools:/home/yundo/f1tenth_ws/install/ackermann_mux LD_LIBRARY_PATH=/home/yundo/f1tenth_ws/install/teleop_tools_msgs/lib:/home/yundo/f1tenth_ws/install/vesc_driver/lib:/home/yundo/f1tenth_ws/install/vesc_ackermann/lib:/home/yundo/f1tenth_ws/install/vesc_msgs/lib:/opt/ros/foxy/opt/yaml_cpp_vendor/lib:/opt/ros/foxy/opt/rviz_ogre_vendor/lib:/opt/ros/foxy/lib/aarch64-linux-gnu:/opt/ros/foxy/lib PYTHONPATH=/home/yundo/f1tenth_ws/build/joy_teleop/prefix_override:/home/yundo/f1tenth_ws/install/joy_teleop/lib/python3.8/site-packages:/home/yundo/f1tenth_ws/install/teleop_tools_msgs/lib/python3.8/site-packages:/home/yundo/f1tenth_ws/install/f1tenth_stack/lib/python3.8/site-packages:/home/yundo/f1tenth_ws/install/vesc_msgs/lib/python3.8/site-packages:/home/yundo/f1tenth_ws/install/joy_teleop/lib/python3.8/site-packages:/home/yundo/f1tenth_ws/install/mouse_teleop/lib/python3.8/site-packages:/home/yundo/f1tenth_ws/install/key_teleop/lib/python3.8/site-packages:/opt/ros/foxy/lib/python3.8/site-packages /usr/bin/python3 -W ignore:setup.py install is deprecated setup.py egg_info --egg-base ../../../../build/joy_teleop build --build-base /home/yundo/f1tenth_ws/build/joy_teleop/build install --record /home/yundo/f1tenth_ws/build/joy_teleop/install.log --install-scripts $base/lib/joy_teleop --single-version-externally-managed install_data
[11.318s] Level 1:colcon.colcon_core.environment:checking '/home/yundo/f1tenth_ws/install/joy_teleop' for CMake module files
[11.320s] DEBUG:colcon.colcon_core.event_handler.log_command:Invoked command in '/home/yundo/f1tenth_ws/src/f1tenth_system/teleop_tools/joy_teleop' returned '0': BYOBU_DATE=%Y-%m-%d CMAKE_PREFIX_PATH=/home/yundo/f1tenth_ws/install/teleop_tools_msgs:/home/yundo/ydlidar_ws/install/ydlidar_ros2_driver:/home/yundo/f1tenth_ws/install/vesc:/home/yundo/f1tenth_ws/install/vesc_driver:/home/yundo/f1tenth_ws/install/vesc_ackermann:/home/yundo/f1tenth_ws/install/vesc_msgs:/home/yundo/f1tenth_ws/install/teleop_tools:/home/yundo/f1tenth_ws/install/ackermann_mux LD_LIBRARY_PATH=/home/yundo/f1tenth_ws/install/teleop_tools_msgs/lib:/home/yundo/f1tenth_ws/install/vesc_driver/lib:/home/yundo/f1tenth_ws/install/vesc_ackermann/lib:/home/yundo/f1tenth_ws/install/vesc_msgs/lib:/opt/ros/foxy/opt/yaml_cpp_vendor/lib:/opt/ros/foxy/opt/rviz_ogre_vendor/lib:/opt/ros/foxy/lib/aarch64-linux-gnu:/opt/ros/foxy/lib PYTHONPATH=/home/yundo/f1tenth_ws/build/joy_teleop/prefix_override:/home/yundo/f1tenth_ws/install/joy_teleop/lib/python3.8/site-packages:/home/yundo/f1tenth_ws/install/teleop_tools_msgs/lib/python3.8/site-packages:/home/yundo/f1tenth_ws/install/f1tenth_stack/lib/python3.8/site-packages:/home/yundo/f1tenth_ws/install/vesc_msgs/lib/python3.8/site-packages:/home/yundo/f1tenth_ws/install/joy_teleop/lib/python3.8/site-packages:/home/yundo/f1tenth_ws/install/mouse_teleop/lib/python3.8/site-packages:/home/yundo/f1tenth_ws/install/key_teleop/lib/python3.8/site-packages:/opt/ros/foxy/lib/python3.8/site-packages /usr/bin/python3 -W ignore:setup.py install is deprecated setup.py egg_info --egg-base ../../../../build/joy_teleop build --build-base /home/yundo/f1tenth_ws/build/joy_teleop/build install --record /home/yundo/f1tenth_ws/build/joy_teleop/install.log --install-scripts $base/lib/joy_teleop --single-version-externally-managed install_data
[11.322s] Level 1:colcon.colcon_core.environment:checking '/home/yundo/f1tenth_ws/install/joy_teleop' for CMake config files
[11.325s] Level 1:colcon.colcon_core.environment:checking '/home/yundo/f1tenth_ws/install/joy_teleop/lib'
[11.325s] Level 1:colcon.colcon_core.environment:checking '/home/yundo/f1tenth_ws/install/joy_teleop/bin'
[11.326s] Level 1:colcon.colcon_core.environment:checking '/home/yundo/f1tenth_ws/install/joy_teleop/lib/pkgconfig/joy_teleop.pc'
[11.327s] Level 1:colcon.colcon_core.environment:checking '/home/yundo/f1tenth_ws/install/joy_teleop/lib/python3.8/site-packages'
[11.327s] Level 1:colcon.colcon_core.shell:create_environment_hook('joy_teleop', 'pythonpath')
[11.328s] INFO:colcon.colcon_core.shell:Creating environment hook '/home/yundo/f1tenth_ws/install/joy_teleop/share/joy_teleop/hook/pythonpath.ps1'
[11.330s] INFO:colcon.colcon_core.shell:Creating environment descriptor '/home/yundo/f1tenth_ws/install/joy_teleop/share/joy_teleop/hook/pythonpath.dsv'
[11.331s] INFO:colcon.colcon_core.shell:Creating environment hook '/home/yundo/f1tenth_ws/install/joy_teleop/share/joy_teleop/hook/pythonpath.sh'
[11.333s] Level 1:colcon.colcon_core.environment:checking '/home/yundo/f1tenth_ws/install/joy_teleop/bin'
[11.333s] Level 1:colcon.colcon_core.environment:create_environment_scripts_only(joy_teleop)
[11.334s] INFO:colcon.colcon_core.shell:Creating package script '/home/yundo/f1tenth_ws/install/joy_teleop/share/joy_teleop/package.ps1'
[11.336s] INFO:colcon.colcon_core.shell:Creating package descriptor '/home/yundo/f1tenth_ws/install/joy_teleop/share/joy_teleop/package.dsv'
[11.338s] INFO:colcon.colcon_core.shell:Creating package script '/home/yundo/f1tenth_ws/install/joy_teleop/share/joy_teleop/package.sh'
[11.339s] INFO:colcon.colcon_core.shell:Creating package script '/home/yundo/f1tenth_ws/install/joy_teleop/share/joy_teleop/package.bash'
[11.340s] INFO:colcon.colcon_core.shell:Creating package script '/home/yundo/f1tenth_ws/install/joy_teleop/share/joy_teleop/package.zsh'
[11.342s] Level 1:colcon.colcon_core.environment:create_file_with_runtime_dependencies(/home/yundo/f1tenth_ws/install/joy_teleop/share/colcon-core/packages/joy_teleop)
[11.343s] INFO:colcon.colcon_ros.task.ament_python.build:Building ROS package in '/home/yundo/f1tenth_ws/src/f1tenth_system/f1tenth_stack' with build type 'ament_python'
[11.344s] Level 1:colcon.colcon_core.shell:create_environment_hook('f1tenth_stack', 'ament_prefix_path')
[11.346s] INFO:colcon.colcon_core.shell:Creating environment hook '/home/yundo/f1tenth_ws/install/f1tenth_stack/share/f1tenth_stack/hook/ament_prefix_path.ps1'
[11.348s] INFO:colcon.colcon_core.shell:Creating environment descriptor '/home/yundo/f1tenth_ws/install/f1tenth_stack/share/f1tenth_stack/hook/ament_prefix_path.dsv'
[11.350s] INFO:colcon.colcon_core.shell:Creating environment hook '/home/yundo/f1tenth_ws/install/f1tenth_stack/share/f1tenth_stack/hook/ament_prefix_path.sh'
[11.353s] INFO:colcon.colcon_core.shell:Skip shell extension 'powershell' for command environment: Not usable outside of PowerShell
[11.353s] DEBUG:colcon.colcon_core.shell:Skip shell extension 'dsv' for command environment
[11.379s] INFO:colcon.colcon_ros.task.ament_cmake.build:Building ROS package in '/home/yundo/f1tenth_ws/src/f1tenth_system/teleop_tools/teleop_tools' with build type 'ament_cmake'
[11.381s] INFO:colcon.colcon_cmake.task.cmake.build:Building CMake package in '/home/yundo/f1tenth_ws/src/f1tenth_system/teleop_tools/teleop_tools'
[11.383s] INFO:colcon.colcon_core.shell:Skip shell extension 'powershell' for command environment: Not usable outside of PowerShell
[11.383s] DEBUG:colcon.colcon_core.shell:Skip shell extension 'dsv' for command environment
[12.703s] INFO:colcon.colcon_core.task.python.build:Building Python package in '/home/yundo/f1tenth_ws/src/f1tenth_system/f1tenth_stack'
[12.705s] INFO:colcon.colcon_core.shell:Skip shell extension 'powershell' for command environment: Not usable outside of PowerShell
[12.705s] DEBUG:colcon.colcon_core.shell:Skip shell extension 'dsv' for command environment
[12.750s] DEBUG:colcon.colcon_core.event_handler.log_command:Invoking command in '/home/yundo/f1tenth_ws/build/teleop_tools': AMENT_PREFIX_PATH=/home/yundo/f1tenth_ws/install/joy_teleop:/home/yundo/f1tenth_ws/install/key_teleop:/home/yundo/ydlidar_ws/install/ydlidar_ros2_driver:/home/yundo/f1tenth_ws/install/f1tenth_stack:/home/yundo/f1tenth_ws/install/vesc:/home/yundo/f1tenth_ws/install/vesc_driver:/home/yundo/f1tenth_ws/install/vesc_ackermann:/home/yundo/f1tenth_ws/install/vesc_msgs:/home/yundo/f1tenth_ws/install/teleop_tools:/home/yundo/f1tenth_ws/install/teleop_tools_msgs:/home/yundo/f1tenth_ws/install/mouse_teleop:/home/yundo/f1tenth_ws/install/ackermann_mux:/opt/ros/foxy BYOBU_DATE=%Y-%m-%d CMAKE_PREFIX_PATH=/home/yundo/f1tenth_ws/install/teleop_tools_msgs:/home/yundo/ydlidar_ws/install/ydlidar_ros2_driver:/home/yundo/f1tenth_ws/install/vesc:/home/yundo/f1tenth_ws/install/vesc_driver:/home/yundo/f1tenth_ws/install/vesc_ackermann:/home/yundo/f1tenth_ws/install/f1tenth_stack:/home/yundo/f1tenth_ws/install/joy_teleop:/home/yundo/f1tenth_ws/install/mouse_teleop:/home/yundo/f1tenth_ws/install/key_teleop:/opt/ros/foxy:/home/yundo/f1tenth_ws/install/vesc_msgs:/home/yundo/f1tenth_ws/install/teleop_tools:/home/yundo/f1tenth_ws/install/ackermann_mux LD_LIBRARY_PATH=/home/yundo/f1tenth_ws/install/teleop_tools_msgs/lib:/home/yundo/f1tenth_ws/install/vesc_driver/lib:/home/yundo/f1tenth_ws/install/vesc_ackermann/lib:/home/yundo/f1tenth_ws/install/vesc_msgs/lib:/opt/ros/foxy/opt/yaml_cpp_vendor/lib:/opt/ros/foxy/opt/rviz_ogre_vendor/lib:/opt/ros/foxy/lib/aarch64-linux-gnu:/opt/ros/foxy/lib PYTHONPATH=/home/yundo/f1tenth_ws/install/joy_teleop/lib/python3.8/site-packages:/home/yundo/f1tenth_ws/install/teleop_tools_msgs/lib/python3.8/site-packages:/home/yundo/f1tenth_ws/install/key_teleop/lib/python3.8/site-packages:/home/yundo/f1tenth_ws/install/f1tenth_stack/lib/python3.8/site-packages:/home/yundo/f1tenth_ws/install/vesc_msgs/lib/python3.8/site-packages:/home/yundo/f1tenth_ws/install/mouse_teleop/lib/python3.8/site-packages:/opt/ros/foxy/lib/python3.8/site-packages /usr/bin/cmake --build /home/yundo/f1tenth_ws/build/teleop_tools -- -j4 -l4
[12.897s] DEBUG:colcon.colcon_core.event_handler.log_command:Invoked command in '/home/yundo/f1tenth_ws/build/teleop_tools' returned '0': AMENT_PREFIX_PATH=/home/yundo/f1tenth_ws/install/joy_teleop:/home/yundo/f1tenth_ws/install/key_teleop:/home/yundo/ydlidar_ws/install/ydlidar_ros2_driver:/home/yundo/f1tenth_ws/install/f1tenth_stack:/home/yundo/f1tenth_ws/install/vesc:/home/yundo/f1tenth_ws/install/vesc_driver:/home/yundo/f1tenth_ws/install/vesc_ackermann:/home/yundo/f1tenth_ws/install/vesc_msgs:/home/yundo/f1tenth_ws/install/teleop_tools:/home/yundo/f1tenth_ws/install/teleop_tools_msgs:/home/yundo/f1tenth_ws/install/mouse_teleop:/home/yundo/f1tenth_ws/install/ackermann_mux:/opt/ros/foxy BYOBU_DATE=%Y-%m-%d CMAKE_PREFIX_PATH=/home/yundo/f1tenth_ws/install/teleop_tools_msgs:/home/yundo/ydlidar_ws/install/ydlidar_ros2_driver:/home/yundo/f1tenth_ws/install/vesc:/home/yundo/f1tenth_ws/install/vesc_driver:/home/yundo/f1tenth_ws/install/vesc_ackermann:/home/yundo/f1tenth_ws/install/f1tenth_stack:/home/yundo/f1tenth_ws/install/joy_teleop:/home/yundo/f1tenth_ws/install/mouse_teleop:/home/yundo/f1tenth_ws/install/key_teleop:/opt/ros/foxy:/home/yundo/f1tenth_ws/install/vesc_msgs:/home/yundo/f1tenth_ws/install/teleop_tools:/home/yundo/f1tenth_ws/install/ackermann_mux LD_LIBRARY_PATH=/home/yundo/f1tenth_ws/install/teleop_tools_msgs/lib:/home/yundo/f1tenth_ws/install/vesc_driver/lib:/home/yundo/f1tenth_ws/install/vesc_ackermann/lib:/home/yundo/f1tenth_ws/install/vesc_msgs/lib:/opt/ros/foxy/opt/yaml_cpp_vendor/lib:/opt/ros/foxy/opt/rviz_ogre_vendor/lib:/opt/ros/foxy/lib/aarch64-linux-gnu:/opt/ros/foxy/lib PYTHONPATH=/home/yundo/f1tenth_ws/install/joy_teleop/lib/python3.8/site-packages:/home/yundo/f1tenth_ws/install/teleop_tools_msgs/lib/python3.8/site-packages:/home/yundo/f1tenth_ws/install/key_teleop/lib/python3.8/site-packages:/home/yundo/f1tenth_ws/install/f1tenth_stack/lib/python3.8/site-packages:/home/yundo/f1tenth_ws/install/vesc_msgs/lib/python3.8/site-packages:/home/yundo/f1tenth_ws/install/mouse_teleop/lib/python3.8/site-packages:/opt/ros/foxy/lib/python3.8/site-packages /usr/bin/cmake --build /home/yundo/f1tenth_ws/build/teleop_tools -- -j4 -l4
[12.986s] DEBUG:colcon.colcon_core.event_handler.log_command:Invoking command in '/home/yundo/f1tenth_ws/build/teleop_tools': AMENT_PREFIX_PATH=/home/yundo/f1tenth_ws/install/joy_teleop:/home/yundo/f1tenth_ws/install/key_teleop:/home/yundo/ydlidar_ws/install/ydlidar_ros2_driver:/home/yundo/f1tenth_ws/install/f1tenth_stack:/home/yundo/f1tenth_ws/install/vesc:/home/yundo/f1tenth_ws/install/vesc_driver:/home/yundo/f1tenth_ws/install/vesc_ackermann:/home/yundo/f1tenth_ws/install/vesc_msgs:/home/yundo/f1tenth_ws/install/teleop_tools:/home/yundo/f1tenth_ws/install/teleop_tools_msgs:/home/yundo/f1tenth_ws/install/mouse_teleop:/home/yundo/f1tenth_ws/install/ackermann_mux:/opt/ros/foxy BYOBU_DATE=%Y-%m-%d CMAKE_PREFIX_PATH=/home/yundo/f1tenth_ws/install/teleop_tools_msgs:/home/yundo/ydlidar_ws/install/ydlidar_ros2_driver:/home/yundo/f1tenth_ws/install/vesc:/home/yundo/f1tenth_ws/install/vesc_driver:/home/yundo/f1tenth_ws/install/vesc_ackermann:/home/yundo/f1tenth_ws/install/f1tenth_stack:/home/yundo/f1tenth_ws/install/joy_teleop:/home/yundo/f1tenth_ws/install/mouse_teleop:/home/yundo/f1tenth_ws/install/key_teleop:/opt/ros/foxy:/home/yundo/f1tenth_ws/install/vesc_msgs:/home/yundo/f1tenth_ws/install/teleop_tools:/home/yundo/f1tenth_ws/install/ackermann_mux LD_LIBRARY_PATH=/home/yundo/f1tenth_ws/install/teleop_tools_msgs/lib:/home/yundo/f1tenth_ws/install/vesc_driver/lib:/home/yundo/f1tenth_ws/install/vesc_ackermann/lib:/home/yundo/f1tenth_ws/install/vesc_msgs/lib:/opt/ros/foxy/opt/yaml_cpp_vendor/lib:/opt/ros/foxy/opt/rviz_ogre_vendor/lib:/opt/ros/foxy/lib/aarch64-linux-gnu:/opt/ros/foxy/lib PYTHONPATH=/home/yundo/f1tenth_ws/install/joy_teleop/lib/python3.8/site-packages:/home/yundo/f1tenth_ws/install/teleop_tools_msgs/lib/python3.8/site-packages:/home/yundo/f1tenth_ws/install/key_teleop/lib/python3.8/site-packages:/home/yundo/f1tenth_ws/install/f1tenth_stack/lib/python3.8/site-packages:/home/yundo/f1tenth_ws/install/vesc_msgs/lib/python3.8/site-packages:/home/yundo/f1tenth_ws/install/mouse_teleop/lib/python3.8/site-packages:/opt/ros/foxy/lib/python3.8/site-packages /usr/bin/cmake --install /home/yundo/f1tenth_ws/build/teleop_tools
[13.027s] Level 1:colcon.colcon_core.environment:create_environment_scripts_only(teleop_tools)
[13.029s] Level 1:colcon.colcon_core.environment:checking '/home/yundo/f1tenth_ws/install/teleop_tools' for CMake module files
[13.035s] DEBUG:colcon.colcon_core.event_handler.log_command:Invoked command in '/home/yundo/f1tenth_ws/build/teleop_tools' returned '0': AMENT_PREFIX_PATH=/home/yundo/f1tenth_ws/install/joy_teleop:/home/yundo/f1tenth_ws/install/key_teleop:/home/yundo/ydlidar_ws/install/ydlidar_ros2_driver:/home/yundo/f1tenth_ws/install/f1tenth_stack:/home/yundo/f1tenth_ws/install/vesc:/home/yundo/f1tenth_ws/install/vesc_driver:/home/yundo/f1tenth_ws/install/vesc_ackermann:/home/yundo/f1tenth_ws/install/vesc_msgs:/home/yundo/f1tenth_ws/install/teleop_tools:/home/yundo/f1tenth_ws/install/teleop_tools_msgs:/home/yundo/f1tenth_ws/install/mouse_teleop:/home/yundo/f1tenth_ws/install/ackermann_mux:/opt/ros/foxy BYOBU_DATE=%Y-%m-%d CMAKE_PREFIX_PATH=/home/yundo/f1tenth_ws/install/teleop_tools_msgs:/home/yundo/ydlidar_ws/install/ydlidar_ros2_driver:/home/yundo/f1tenth_ws/install/vesc:/home/yundo/f1tenth_ws/install/vesc_driver:/home/yundo/f1tenth_ws/install/vesc_ackermann:/home/yundo/f1tenth_ws/install/f1tenth_stack:/home/yundo/f1tenth_ws/install/joy_teleop:/home/yundo/f1tenth_ws/install/mouse_teleop:/home/yundo/f1tenth_ws/install/key_teleop:/opt/ros/foxy:/home/yundo/f1tenth_ws/install/vesc_msgs:/home/yundo/f1tenth_ws/install/teleop_tools:/home/yundo/f1tenth_ws/install/ackermann_mux LD_LIBRARY_PATH=/home/yundo/f1tenth_ws/install/teleop_tools_msgs/lib:/home/yundo/f1tenth_ws/install/vesc_driver/lib:/home/yundo/f1tenth_ws/install/vesc_ackermann/lib:/home/yundo/f1tenth_ws/install/vesc_msgs/lib:/opt/ros/foxy/opt/yaml_cpp_vendor/lib:/opt/ros/foxy/opt/rviz_ogre_vendor/lib:/opt/ros/foxy/lib/aarch64-linux-gnu:/opt/ros/foxy/lib PYTHONPATH=/home/yundo/f1tenth_ws/install/joy_teleop/lib/python3.8/site-packages:/home/yundo/f1tenth_ws/install/teleop_tools_msgs/lib/python3.8/site-packages:/home/yundo/f1tenth_ws/install/key_teleop/lib/python3.8/site-packages:/home/yundo/f1tenth_ws/install/f1tenth_stack/lib/python3.8/site-packages:/home/yundo/f1tenth_ws/install/vesc_msgs/lib/python3.8/site-packages:/home/yundo/f1tenth_ws/install/mouse_teleop/lib/python3.8/site-packages:/opt/ros/foxy/lib/python3.8/site-packages /usr/bin/cmake --install /home/yundo/f1tenth_ws/build/teleop_tools
[13.036s] Level 1:colcon.colcon_core.environment:checking '/home/yundo/f1tenth_ws/install/teleop_tools' for CMake config files
[13.036s] Level 1:colcon.colcon_core.shell:create_environment_hook('teleop_tools', 'cmake_prefix_path')
[13.038s] INFO:colcon.colcon_core.shell:Creating environment hook '/home/yundo/f1tenth_ws/install/teleop_tools/share/teleop_tools/hook/cmake_prefix_path.ps1'
[13.039s] INFO:colcon.colcon_core.shell:Creating environment descriptor '/home/yundo/f1tenth_ws/install/teleop_tools/share/teleop_tools/hook/cmake_prefix_path.dsv'
[13.041s] INFO:colcon.colcon_core.shell:Creating environment hook '/home/yundo/f1tenth_ws/install/teleop_tools/share/teleop_tools/hook/cmake_prefix_path.sh'
[13.043s] Level 1:colcon.colcon_core.environment:checking '/home/yundo/f1tenth_ws/install/teleop_tools/bin'
[13.043s] Level 1:colcon.colcon_core.environment:checking '/home/yundo/f1tenth_ws/install/teleop_tools/lib/pkgconfig/teleop_tools.pc'
[13.044s] Level 1:colcon.colcon_core.environment:checking '/home/yundo/f1tenth_ws/install/teleop_tools/lib/python3.8/site-packages'
[13.045s] Level 1:colcon.colcon_core.environment:checking '/home/yundo/f1tenth_ws/install/teleop_tools/bin'
[13.046s] INFO:colcon.colcon_core.shell:Creating package script '/home/yundo/f1tenth_ws/install/teleop_tools/share/teleop_tools/package.ps1'
[13.048s] INFO:colcon.colcon_core.shell:Creating package descriptor '/home/yundo/f1tenth_ws/install/teleop_tools/share/teleop_tools/package.dsv'
[13.050s] INFO:colcon.colcon_core.shell:Creating package script '/home/yundo/f1tenth_ws/install/teleop_tools/share/teleop_tools/package.sh'
[13.052s] INFO:colcon.colcon_core.shell:Creating package script '/home/yundo/f1tenth_ws/install/teleop_tools/share/teleop_tools/package.bash'
[13.053s] INFO:colcon.colcon_core.shell:Creating package script '/home/yundo/f1tenth_ws/install/teleop_tools/share/teleop_tools/package.zsh'
[13.054s] Level 1:colcon.colcon_core.environment:create_file_with_runtime_dependencies(/home/yundo/f1tenth_ws/install/teleop_tools/share/colcon-core/packages/teleop_tools)
[13.133s] Level 1:colcon.colcon_core.environment:create_environment_scripts_only(teleop_tools)
[13.135s] Level 1:colcon.colcon_core.environment:checking '/home/yundo/f1tenth_ws/install/teleop_tools' for CMake module files
[13.137s] Level 1:colcon.colcon_core.environment:checking '/home/yundo/f1tenth_ws/install/teleop_tools' for CMake config files
[13.138s] Level 1:colcon.colcon_core.shell:create_environment_hook('teleop_tools', 'cmake_prefix_path')
[13.139s] INFO:colcon.colcon_core.shell:Creating environment hook '/home/yundo/f1tenth_ws/install/teleop_tools/share/teleop_tools/hook/cmake_prefix_path.ps1'
[13.142s] INFO:colcon.colcon_core.shell:Creating environment descriptor '/home/yundo/f1tenth_ws/install/teleop_tools/share/teleop_tools/hook/cmake_prefix_path.dsv'
[13.144s] INFO:colcon.colcon_core.shell:Creating environment hook '/home/yundo/f1tenth_ws/install/teleop_tools/share/teleop_tools/hook/cmake_prefix_path.sh'
[13.146s] Level 1:colcon.colcon_core.environment:checking '/home/yundo/f1tenth_ws/install/teleop_tools/bin'
[13.146s] Level 1:colcon.colcon_core.environment:checking '/home/yundo/f1tenth_ws/install/teleop_tools/lib/pkgconfig/teleop_tools.pc'
[13.147s] Level 1:colcon.colcon_core.environment:checking '/home/yundo/f1tenth_ws/install/teleop_tools/lib/python3.8/site-packages'
[13.148s] Level 1:colcon.colcon_core.environment:checking '/home/yundo/f1tenth_ws/install/teleop_tools/bin'
[13.150s] INFO:colcon.colcon_core.shell:Creating package script '/home/yundo/f1tenth_ws/install/teleop_tools/share/teleop_tools/package.ps1'
[13.152s] INFO:colcon.colcon_core.shell:Creating package descriptor '/home/yundo/f1tenth_ws/install/teleop_tools/share/teleop_tools/package.dsv'
[13.154s] INFO:colcon.colcon_core.shell:Creating package script '/home/yundo/f1tenth_ws/install/teleop_tools/share/teleop_tools/package.sh'
[13.156s] INFO:colcon.colcon_core.shell:Creating package script '/home/yundo/f1tenth_ws/install/teleop_tools/share/teleop_tools/package.bash'
[13.158s] INFO:colcon.colcon_core.shell:Creating package script '/home/yundo/f1tenth_ws/install/teleop_tools/share/teleop_tools/package.zsh'
[13.160s] Level 1:colcon.colcon_core.environment:create_file_with_runtime_dependencies(/home/yundo/f1tenth_ws/install/teleop_tools/share/colcon-core/packages/teleop_tools)
[14.574s] DEBUG:colcon.colcon_core.event_handler.log_command:Invoking command in '/home/yundo/f1tenth_ws/src/f1tenth_system/f1tenth_stack': AMENT_PREFIX_PATH=/home/yundo/f1tenth_ws/install/joy_teleop:/home/yundo/ydlidar_ws/install/ydlidar_ros2_driver:/home/yundo/f1tenth_ws/install/f1tenth_stack:/home/yundo/f1tenth_ws/install/vesc:/home/yundo/f1tenth_ws/install/vesc_driver:/home/yundo/f1tenth_ws/install/vesc_ackermann:/home/yundo/f1tenth_ws/install/vesc_msgs:/home/yundo/f1tenth_ws/install/teleop_tools:/home/yundo/f1tenth_ws/install/teleop_tools_msgs:/home/yundo/f1tenth_ws/install/mouse_teleop:/home/yundo/f1tenth_ws/install/key_teleop:/home/yundo/f1tenth_ws/install/ackermann_mux:/opt/ros/foxy BYOBU_DATE=%Y-%m-%d CMAKE_PREFIX_PATH=/home/yundo/f1tenth_ws/install/teleop_tools_msgs:/home/yundo/f1tenth_ws/install/ackermann_mux:/home/yundo/ydlidar_ws/install/ydlidar_ros2_driver:/home/yundo/f1tenth_ws/install/vesc:/home/yundo/f1tenth_ws/install/vesc_driver:/home/yundo/f1tenth_ws/install/vesc_ackermann:/home/yundo/f1tenth_ws/install/vesc_msgs:/home/yundo/f1tenth_ws/install/teleop_tools LD_LIBRARY_PATH=/home/yundo/f1tenth_ws/install/teleop_tools_msgs/lib:/home/yundo/f1tenth_ws/install/vesc_driver/lib:/home/yundo/f1tenth_ws/install/vesc_ackermann/lib:/home/yundo/f1tenth_ws/install/vesc_msgs/lib:/opt/ros/foxy/opt/yaml_cpp_vendor/lib:/opt/ros/foxy/opt/rviz_ogre_vendor/lib:/opt/ros/foxy/lib/aarch64-linux-gnu:/opt/ros/foxy/lib PYTHONPATH=/home/yundo/f1tenth_ws/build/f1tenth_stack/prefix_override:/home/yundo/f1tenth_ws/install/f1tenth_stack/lib/python3.8/site-packages:/home/yundo/f1tenth_ws/install/joy_teleop/lib/python3.8/site-packages:/home/yundo/f1tenth_ws/install/teleop_tools_msgs/lib/python3.8/site-packages:/home/yundo/f1tenth_ws/install/f1tenth_stack/lib/python3.8/site-packages:/home/yundo/f1tenth_ws/install/vesc_msgs/lib/python3.8/site-packages:/home/yundo/f1tenth_ws/install/mouse_teleop/lib/python3.8/site-packages:/home/yundo/f1tenth_ws/install/key_teleop/lib/python3.8/site-packages:/opt/ros/foxy/lib/python3.8/site-packages /usr/bin/python3 -W ignore:setup.py install is deprecated setup.py egg_info --egg-base ../../../build/f1tenth_stack build --build-base /home/yundo/f1tenth_ws/build/f1tenth_stack/build install --record /home/yundo/f1tenth_ws/build/f1tenth_stack/install.log --install-scripts $base/lib/f1tenth_stack --single-version-externally-managed install_data
[15.979s] Level 1:colcon.colcon_core.environment:checking '/home/yundo/f1tenth_ws/install/f1tenth_stack' for CMake module files
[15.983s] DEBUG:colcon.colcon_core.event_handler.log_command:Invoked command in '/home/yundo/f1tenth_ws/src/f1tenth_system/f1tenth_stack' returned '0': AMENT_PREFIX_PATH=/home/yundo/f1tenth_ws/install/joy_teleop:/home/yundo/ydlidar_ws/install/ydlidar_ros2_driver:/home/yundo/f1tenth_ws/install/f1tenth_stack:/home/yundo/f1tenth_ws/install/vesc:/home/yundo/f1tenth_ws/install/vesc_driver:/home/yundo/f1tenth_ws/install/vesc_ackermann:/home/yundo/f1tenth_ws/install/vesc_msgs:/home/yundo/f1tenth_ws/install/teleop_tools:/home/yundo/f1tenth_ws/install/teleop_tools_msgs:/home/yundo/f1tenth_ws/install/mouse_teleop:/home/yundo/f1tenth_ws/install/key_teleop:/home/yundo/f1tenth_ws/install/ackermann_mux:/opt/ros/foxy BYOBU_DATE=%Y-%m-%d CMAKE_PREFIX_PATH=/home/yundo/f1tenth_ws/install/teleop_tools_msgs:/home/yundo/f1tenth_ws/install/ackermann_mux:/home/yundo/ydlidar_ws/install/ydlidar_ros2_driver:/home/yundo/f1tenth_ws/install/vesc:/home/yundo/f1tenth_ws/install/vesc_driver:/home/yundo/f1tenth_ws/install/vesc_ackermann:/home/yundo/f1tenth_ws/install/vesc_msgs:/home/yundo/f1tenth_ws/install/teleop_tools LD_LIBRARY_PATH=/home/yundo/f1tenth_ws/install/teleop_tools_msgs/lib:/home/yundo/f1tenth_ws/install/vesc_driver/lib:/home/yundo/f1tenth_ws/install/vesc_ackermann/lib:/home/yundo/f1tenth_ws/install/vesc_msgs/lib:/opt/ros/foxy/opt/yaml_cpp_vendor/lib:/opt/ros/foxy/opt/rviz_ogre_vendor/lib:/opt/ros/foxy/lib/aarch64-linux-gnu:/opt/ros/foxy/lib PYTHONPATH=/home/yundo/f1tenth_ws/build/f1tenth_stack/prefix_override:/home/yundo/f1tenth_ws/install/f1tenth_stack/lib/python3.8/site-packages:/home/yundo/f1tenth_ws/install/joy_teleop/lib/python3.8/site-packages:/home/yundo/f1tenth_ws/install/teleop_tools_msgs/lib/python3.8/site-packages:/home/yundo/f1tenth_ws/install/f1tenth_stack/lib/python3.8/site-packages:/home/yundo/f1tenth_ws/install/vesc_msgs/lib/python3.8/site-packages:/home/yundo/f1tenth_ws/install/mouse_teleop/lib/python3.8/site-packages:/home/yundo/f1tenth_ws/install/key_teleop/lib/python3.8/site-packages:/opt/ros/foxy/lib/python3.8/site-packages /usr/bin/python3 -W ignore:setup.py install is deprecated setup.py egg_info --egg-base ../../../build/f1tenth_stack build --build-base /home/yundo/f1tenth_ws/build/f1tenth_stack/build install --record /home/yundo/f1tenth_ws/build/f1tenth_stack/install.log --install-scripts $base/lib/f1tenth_stack --single-version-externally-managed install_data
[15.984s] Level 1:colcon.colcon_core.environment:checking '/home/yundo/f1tenth_ws/install/f1tenth_stack' for CMake config files
[15.987s] Level 1:colcon.colcon_core.environment:checking '/home/yundo/f1tenth_ws/install/f1tenth_stack/lib'
[15.987s] Level 1:colcon.colcon_core.environment:checking '/home/yundo/f1tenth_ws/install/f1tenth_stack/bin'
[15.987s] Level 1:colcon.colcon_core.environment:checking '/home/yundo/f1tenth_ws/install/f1tenth_stack/lib/pkgconfig/f1tenth_stack.pc'
[15.988s] Level 1:colcon.colcon_core.environment:checking '/home/yundo/f1tenth_ws/install/f1tenth_stack/lib/python3.8/site-packages'
[15.989s] Level 1:colcon.colcon_core.shell:create_environment_hook('f1tenth_stack', 'pythonpath')
[15.990s] INFO:colcon.colcon_core.shell:Creating environment hook '/home/yundo/f1tenth_ws/install/f1tenth_stack/share/f1tenth_stack/hook/pythonpath.ps1'
[15.992s] INFO:colcon.colcon_core.shell:Creating environment descriptor '/home/yundo/f1tenth_ws/install/f1tenth_stack/share/f1tenth_stack/hook/pythonpath.dsv'
[15.993s] INFO:colcon.colcon_core.shell:Creating environment hook '/home/yundo/f1tenth_ws/install/f1tenth_stack/share/f1tenth_stack/hook/pythonpath.sh'
[15.995s] Level 1:colcon.colcon_core.environment:checking '/home/yundo/f1tenth_ws/install/f1tenth_stack/bin'
[15.995s] Level 1:colcon.colcon_core.environment:create_environment_scripts_only(f1tenth_stack)
[15.997s] INFO:colcon.colcon_core.shell:Creating package script '/home/yundo/f1tenth_ws/install/f1tenth_stack/share/f1tenth_stack/package.ps1'
[15.999s] INFO:colcon.colcon_core.shell:Creating package descriptor '/home/yundo/f1tenth_ws/install/f1tenth_stack/share/f1tenth_stack/package.dsv'
[16.000s] INFO:colcon.colcon_core.shell:Creating package script '/home/yundo/f1tenth_ws/install/f1tenth_stack/share/f1tenth_stack/package.sh'
[16.002s] INFO:colcon.colcon_core.shell:Creating package script '/home/yundo/f1tenth_ws/install/f1tenth_stack/share/f1tenth_stack/package.bash'
[16.003s] INFO:colcon.colcon_core.shell:Creating package script '/home/yundo/f1tenth_ws/install/f1tenth_stack/share/f1tenth_stack/package.zsh'
[16.004s] Level 1:colcon.colcon_core.environment:create_file_with_runtime_dependencies(/home/yundo/f1tenth_ws/install/f1tenth_stack/share/colcon-core/packages/f1tenth_stack)
[16.005s] DEBUG:colcon.colcon_parallel_executor.executor.parallel:closing loop
[16.006s] DEBUG:colcon.colcon_parallel_executor.executor.parallel:loop closed
[16.007s] DEBUG:colcon.colcon_parallel_executor.executor.parallel:run_until_complete finished with '0'
[16.008s] DEBUG:colcon.colcon_core.event_reactor:joining thread
[16.031s] INFO:colcon.colcon_core.plugin_system:Skipping extension 'colcon_notification.desktop_notification.terminal_notifier': Not used on non-Darwin systems
[16.032s] INFO:colcon.colcon_core.plugin_system:Skipping extension 'colcon_notification.desktop_notification.win32': Not used on non-Windows systems
[16.032s] INFO:colcon.colcon_notification.desktop_notification:Sending desktop notification using 'notify2'
[16.093s] DEBUG:colcon.colcon_core.event_reactor:joined thread
[16.095s] INFO:colcon.colcon_core.shell:Creating prefix script '/home/yundo/f1tenth_ws/install/local_setup.ps1'
[16.099s] INFO:colcon.colcon_core.shell:Creating prefix util module '/home/yundo/f1tenth_ws/install/_local_setup_util_ps1.py'
[16.106s] INFO:colcon.colcon_core.shell:Creating prefix chain script '/home/yundo/f1tenth_ws/install/setup.ps1'
[16.113s] INFO:colcon.colcon_core.shell:Creating prefix script '/home/yundo/f1tenth_ws/install/local_setup.sh'
[16.115s] INFO:colcon.colcon_core.shell:Creating prefix util module '/home/yundo/f1tenth_ws/install/_local_setup_util_sh.py'
[16.118s] INFO:colcon.colcon_core.shell:Creating prefix chain script '/home/yundo/f1tenth_ws/install/setup.sh'
[16.124s] INFO:colcon.colcon_core.shell:Creating prefix script '/home/yundo/f1tenth_ws/install/local_setup.bash'
[16.126s] INFO:colcon.colcon_core.shell:Creating prefix chain script '/home/yundo/f1tenth_ws/install/setup.bash'
[16.133s] INFO:colcon.colcon_core.shell:Creating prefix script '/home/yundo/f1tenth_ws/install/local_setup.zsh'
[16.135s] INFO:colcon.colcon_core.shell:Creating prefix chain script '/home/yundo/f1tenth_ws/install/setup.zsh'
