[ 14%] [32mBuilding CXX object CMakeFiles/vesc_driver.dir/src/vesc_interface.cpp.o[0m
[ 42%] Built target vesc_driver_node
[ 57%] [32mBuilding CXX object CMakeFiles/vesc_driver.dir/src/vesc_packet_factory.cpp.o[0m
[ 71%] [32m[1mLinking CXX shared library libvesc_driver.so[0m
[100%] Built target vesc_driver
-- Install configuration: ""
-- Installing: /home/yundo/f1tenth_ws/install/vesc_driver/lib/vesc_driver/vesc_driver_node
-- Set runtime path of "/home/yundo/f1tenth_ws/install/vesc_driver/lib/vesc_driver/vesc_driver_node" to ""
-- Installing: /home/yundo/f1tenth_ws/install/vesc_driver/include
-- Installing: /home/yundo/f1tenth_ws/install/vesc_driver/include/vesc_driver
-- Installing: /home/yundo/f1tenth_ws/install/vesc_driver/include/vesc_driver/crc.hpp
-- Installing: /home/yundo/f1tenth_ws/install/vesc_driver/include/vesc_driver/vesc_packet.hpp
-- Installing: /home/yundo/f1tenth_ws/install/vesc_driver/include/vesc_driver/vesc_interface.hpp
-- Installing: /home/yundo/f1tenth_ws/install/vesc_driver/include/vesc_driver/datatypes.hpp
-- Installing: /home/yundo/f1tenth_ws/install/vesc_driver/include/vesc_driver/vesc_driver.hpp
-- Installing: /home/yundo/f1tenth_ws/install/vesc_driver/include/vesc_driver/vesc_packet_factory.hpp
-- Installing: /home/yundo/f1tenth_ws/install/vesc_driver/share/vesc_driver/environment/library_path.sh
-- Installing: /home/yundo/f1tenth_ws/install/vesc_driver/share/vesc_driver/environment/library_path.dsv
-- Installing: /home/yundo/f1tenth_ws/install/vesc_driver/lib/libvesc_driver.so
-- Set runtime path of "/home/yundo/f1tenth_ws/install/vesc_driver/lib/libvesc_driver.so" to ""
-- Installing: /home/yundo/f1tenth_ws/install/vesc_driver/share/vesc_driver/launch
-- Installing: /home/yundo/f1tenth_ws/install/vesc_driver/share/vesc_driver/launch/vesc_driver_node.launch.py
-- Installing: /home/yundo/f1tenth_ws/install/vesc_driver/share/vesc_driver/params
-- Installing: /home/yundo/f1tenth_ws/install/vesc_driver/share/vesc_driver/params/vesc_config.yaml
-- Installing: /home/yundo/f1tenth_ws/install/vesc_driver/share/ament_index/resource_index/package_run_dependencies/vesc_driver
-- Installing: /home/yundo/f1tenth_ws/install/vesc_driver/share/ament_index/resource_index/parent_prefix_path/vesc_driver
-- Installing: /home/yundo/f1tenth_ws/install/vesc_driver/share/vesc_driver/environment/ament_prefix_path.sh
-- Installing: /home/yundo/f1tenth_ws/install/vesc_driver/share/vesc_driver/environment/ament_prefix_path.dsv
-- Installing: /home/yundo/f1tenth_ws/install/vesc_driver/share/vesc_driver/environment/path.sh
-- Installing: /home/yundo/f1tenth_ws/install/vesc_driver/share/vesc_driver/environment/path.dsv
-- Installing: /home/yundo/f1tenth_ws/install/vesc_driver/share/vesc_driver/local_setup.bash
-- Installing: /home/yundo/f1tenth_ws/install/vesc_driver/share/vesc_driver/local_setup.sh
-- Installing: /home/yundo/f1tenth_ws/install/vesc_driver/share/vesc_driver/local_setup.zsh
-- Installing: /home/yundo/f1tenth_ws/install/vesc_driver/share/vesc_driver/local_setup.dsv
-- Installing: /home/yundo/f1tenth_ws/install/vesc_driver/share/vesc_driver/package.dsv
-- Installing: /home/yundo/f1tenth_ws/install/vesc_driver/share/ament_index/resource_index/packages/vesc_driver
-- Installing: /home/yundo/f1tenth_ws/install/vesc_driver/share/ament_index/resource_index/rclcpp_components/vesc_driver
-- Installing: /home/yundo/f1tenth_ws/install/vesc_driver/share/vesc_driver/cmake/ament_cmake_export_dependencies-extras.cmake
-- Installing: /home/yundo/f1tenth_ws/install/vesc_driver/share/vesc_driver/cmake/ament_cmake_export_include_directories-extras.cmake
-- Installing: /home/yundo/f1tenth_ws/install/vesc_driver/share/vesc_driver/cmake/ament_cmake_export_libraries-extras.cmake
-- Installing: /home/yundo/f1tenth_ws/install/vesc_driver/share/vesc_driver/cmake/vesc_driverConfig.cmake
-- Installing: /home/yundo/f1tenth_ws/install/vesc_driver/share/vesc_driver/cmake/vesc_driverConfig-version.cmake
-- Installing: /home/yundo/f1tenth_ws/install/vesc_driver/share/vesc_driver/package.xml
