[5.906s] Invoking command in '/home/yundo/f1tenth_ws/src/f1tenth_system/teleop_tools/key_teleop': BYOBU_DATE=%Y-%m-%d PYTHONPATH=/home/yundo/f1tenth_ws/build/key_teleop/prefix_override:/usr/lib/python3/dist-packages/colcon_core/task/python/colcon_distutils_commands:/home/yundo/f1tenth_ws/install/key_teleop/lib/python3.8/site-packages:${PYTHONPATH} /usr/bin/python3 -W ignore:setup.py install is deprecated -W ignore:easy_install command is deprecated setup.py egg_info --egg-base ../../../../build/key_teleop build --build-base /home/yundo/f1tenth_ws/build/key_teleop/build install --record /home/yundo/f1tenth_ws/build/key_teleop/install.log --install-scripts $base/lib/key_teleop --single-version-externally-managed install_data
[7.100s] /usr/local/lib/python3.8/dist-packages/setuptools/dist.py:717: UserWarning: Usage of dash-separated 'script-dir' will not be supported in future versions. Please use the underscore name 'script_dir' instead
[7.101s]   warnings.warn(
[7.248s] running egg_info
[7.250s] writing ../../../../build/key_teleop/key_teleop.egg-info/PKG-INFO
[7.251s] writing dependency_links to ../../../../build/key_teleop/key_teleop.egg-info/dependency_links.txt
[7.251s] writing entry points to ../../../../build/key_teleop/key_teleop.egg-info/entry_points.txt
[7.252s] writing requirements to ../../../../build/key_teleop/key_teleop.egg-info/requires.txt
[7.252s] writing top-level names to ../../../../build/key_teleop/key_teleop.egg-info/top_level.txt
[7.265s] reading manifest file '../../../../build/key_teleop/key_teleop.egg-info/SOURCES.txt'
[7.266s] adding license file 'LICENSE'
[7.270s] writing manifest file '../../../../build/key_teleop/key_teleop.egg-info/SOURCES.txt'
[7.270s] running build
[7.271s] running build_py
[7.271s] running install
[7.275s] running install_lib
[7.297s] running install_data
[7.297s] running install_egg_info
[7.298s] removing '/home/yundo/f1tenth_ws/install/key_teleop/lib/python3.8/site-packages/key_teleop-0.3.0-py3.8.egg-info' (and everything under it)
[7.299s] Copying ../../../../build/key_teleop/key_teleop.egg-info to /home/yundo/f1tenth_ws/install/key_teleop/lib/python3.8/site-packages/key_teleop-0.3.0-py3.8.egg-info
[7.313s] running install_scripts
[7.388s] Installing key_teleop script to /home/yundo/f1tenth_ws/install/key_teleop/lib/key_teleop
[7.388s] writing list of installed files to '/home/yundo/f1tenth_ws/build/key_teleop/install.log'
[7.535s] Invoked command in '/home/yundo/f1tenth_ws/src/f1tenth_system/teleop_tools/key_teleop' returned '0': BYOBU_DATE=%Y-%m-%d PYTHONPATH=/home/yundo/f1tenth_ws/build/key_teleop/prefix_override:/usr/lib/python3/dist-packages/colcon_core/task/python/colcon_distutils_commands:/home/yundo/f1tenth_ws/install/key_teleop/lib/python3.8/site-packages:${PYTHONPATH} /usr/bin/python3 -W ignore:setup.py install is deprecated -W ignore:easy_install command is deprecated setup.py egg_info --egg-base ../../../../build/key_teleop build --build-base /home/yundo/f1tenth_ws/build/key_teleop/build install --record /home/yundo/f1tenth_ws/build/key_teleop/install.log --install-scripts $base/lib/key_teleop --single-version-externally-managed install_data
