[3.552s] Invoking command in '/home/yundo/f1tenth_ws/src/f1tenth_system/teleop_tools/joy_teleop': BYOBU_DATE=%Y-%m-%d CMAKE_PREFIX_PATH=/home/yundo/f1tenth_ws/install/teleop_tools_msgs:/home/yundo/ydlidar_ws/install/ydlidar_ros2_driver:/home/yundo/f1tenth_ws/install/vesc:/home/yundo/f1tenth_ws/install/vesc_driver:/home/yundo/f1tenth_ws/install/vesc_ackermann:/home/yundo/f1tenth_ws/install/vesc_msgs:/home/yundo/f1tenth_ws/install/teleop_tools:/home/yundo/f1tenth_ws/install/ackermann_mux LD_LIBRARY_PATH=/home/yundo/f1tenth_ws/install/teleop_tools_msgs/lib:/home/yundo/f1tenth_ws/install/vesc_driver/lib:/home/yundo/f1tenth_ws/install/vesc_ackermann/lib:/home/yundo/f1tenth_ws/install/vesc_msgs/lib:/opt/ros/foxy/opt/yaml_cpp_vendor/lib:/opt/ros/foxy/opt/rviz_ogre_vendor/lib:/opt/ros/foxy/lib/aarch64-linux-gnu:/opt/ros/foxy/lib PYTHONPATH=/home/yundo/f1tenth_ws/build/joy_teleop/prefix_override:/home/yundo/f1tenth_ws/install/joy_teleop/lib/python3.8/site-packages:/home/yundo/f1tenth_ws/install/teleop_tools_msgs/lib/python3.8/site-packages:/home/yundo/f1tenth_ws/install/f1tenth_stack/lib/python3.8/site-packages:/home/yundo/f1tenth_ws/install/vesc_msgs/lib/python3.8/site-packages:/home/yundo/f1tenth_ws/install/joy_teleop/lib/python3.8/site-packages:/home/yundo/f1tenth_ws/install/mouse_teleop/lib/python3.8/site-packages:/home/yundo/f1tenth_ws/install/key_teleop/lib/python3.8/site-packages:/opt/ros/foxy/lib/python3.8/site-packages /usr/bin/python3 -W ignore:setup.py install is deprecated setup.py egg_info --egg-base ../../../../build/joy_teleop build --build-base /home/yundo/f1tenth_ws/build/joy_teleop/build install --record /home/yundo/f1tenth_ws/build/joy_teleop/install.log --install-scripts $base/lib/joy_teleop --single-version-externally-managed install_data
[4.619s] /usr/local/lib/python3.8/dist-packages/setuptools/dist.py:717: UserWarning: Usage of dash-separated 'script-dir' will not be supported in future versions. Please use the underscore name 'script_dir' instead
[4.620s]   warnings.warn(
[4.751s] running egg_info
[4.753s] writing ../../../../build/joy_teleop/joy_teleop.egg-info/PKG-INFO
[4.754s] writing dependency_links to ../../../../build/joy_teleop/joy_teleop.egg-info/dependency_links.txt
[4.754s] writing entry points to ../../../../build/joy_teleop/joy_teleop.egg-info/entry_points.txt
[4.755s] writing requirements to ../../../../build/joy_teleop/joy_teleop.egg-info/requires.txt
[4.755s] writing top-level names to ../../../../build/joy_teleop/joy_teleop.egg-info/top_level.txt
[4.767s] reading manifest file '../../../../build/joy_teleop/joy_teleop.egg-info/SOURCES.txt'
[4.772s] writing manifest file '../../../../build/joy_teleop/joy_teleop.egg-info/SOURCES.txt'
[4.772s] running build
[4.773s] running build_py
[4.774s] running install
[4.777s] running install_lib
[4.782s] running install_data
[4.783s] running install_egg_info
[4.789s] removing '/home/yundo/f1tenth_ws/install/joy_teleop/lib/python3.8/site-packages/joy_teleop-0.3.0-py3.8.egg-info' (and everything under it)
[4.790s] Copying ../../../../build/joy_teleop/joy_teleop.egg-info to /home/yundo/f1tenth_ws/install/joy_teleop/lib/python3.8/site-packages/joy_teleop-0.3.0-py3.8.egg-info
[4.794s] running install_scripts
[4.867s] Installing incrementer_server script to /home/yundo/f1tenth_ws/install/joy_teleop/lib/joy_teleop
[4.868s] Installing joy_teleop script to /home/yundo/f1tenth_ws/install/joy_teleop/lib/joy_teleop
[4.869s] writing list of installed files to '/home/yundo/f1tenth_ws/build/joy_teleop/install.log'
[4.968s] Invoked command in '/home/yundo/f1tenth_ws/src/f1tenth_system/teleop_tools/joy_teleop' returned '0': BYOBU_DATE=%Y-%m-%d CMAKE_PREFIX_PATH=/home/yundo/f1tenth_ws/install/teleop_tools_msgs:/home/yundo/ydlidar_ws/install/ydlidar_ros2_driver:/home/yundo/f1tenth_ws/install/vesc:/home/yundo/f1tenth_ws/install/vesc_driver:/home/yundo/f1tenth_ws/install/vesc_ackermann:/home/yundo/f1tenth_ws/install/vesc_msgs:/home/yundo/f1tenth_ws/install/teleop_tools:/home/yundo/f1tenth_ws/install/ackermann_mux LD_LIBRARY_PATH=/home/yundo/f1tenth_ws/install/teleop_tools_msgs/lib:/home/yundo/f1tenth_ws/install/vesc_driver/lib:/home/yundo/f1tenth_ws/install/vesc_ackermann/lib:/home/yundo/f1tenth_ws/install/vesc_msgs/lib:/opt/ros/foxy/opt/yaml_cpp_vendor/lib:/opt/ros/foxy/opt/rviz_ogre_vendor/lib:/opt/ros/foxy/lib/aarch64-linux-gnu:/opt/ros/foxy/lib PYTHONPATH=/home/yundo/f1tenth_ws/build/joy_teleop/prefix_override:/home/yundo/f1tenth_ws/install/joy_teleop/lib/python3.8/site-packages:/home/yundo/f1tenth_ws/install/teleop_tools_msgs/lib/python3.8/site-packages:/home/yundo/f1tenth_ws/install/f1tenth_stack/lib/python3.8/site-packages:/home/yundo/f1tenth_ws/install/vesc_msgs/lib/python3.8/site-packages:/home/yundo/f1tenth_ws/install/joy_teleop/lib/python3.8/site-packages:/home/yundo/f1tenth_ws/install/mouse_teleop/lib/python3.8/site-packages:/home/yundo/f1tenth_ws/install/key_teleop/lib/python3.8/site-packages:/opt/ros/foxy/lib/python3.8/site-packages /usr/bin/python3 -W ignore:setup.py install is deprecated setup.py egg_info --egg-base ../../../../build/joy_teleop build --build-base /home/yundo/f1tenth_ws/build/joy_teleop/build install --record /home/yundo/f1tenth_ws/build/joy_teleop/install.log --install-scripts $base/lib/joy_teleop --single-version-externally-managed install_data
