[1.403s] DEBUG:colcon:Command line arguments: ['/usr/bin/colcon', 'build']
[1.403s] DEBUG:colcon:Parsed command line arguments: Namespace(allow_overriding=[], ament_cmake_args=None, base_paths=['.'], build_base='build', catkin_cmake_args=None, catkin_skip_building_tests=False, cmake_args=None, cmake_clean_cache=False, cmake_clean_first=False, cmake_force_configure=False, cmake_target=None, cmake_target_skip_unavailable=False, continue_on_error=False, event_handlers=None, executor='parallel', ignore_user_meta=False, install_base='install', log_base=None, log_level=None, main=<bound method BuildVerb.main of <colcon_core.verb.build.BuildVerb object at 0x7f996c0af0>>, merge_install=False, metas=['./colcon.meta'], mixin=None, mixin_files=None, mixin_verb=('build',), packages_above=None, packages_above_and_dependencies=None, packages_above_depth=None, packages_end=None, packages_ignore=None, packages_ignore_regex=None, packages_select=None, packages_select_build_failed=False, packages_select_by_dep=None, packages_select_regex=None, packages_select_test_failures=False, packages_skip=None, packages_skip_build_finished=False, packages_skip_by_dep=None, packages_skip_regex=None, packages_skip_test_passed=False, packages_skip_up_to=None, packages_start=None, packages_up_to=None, packages_up_to_regex=None, parallel_workers=4, paths=None, symlink_install=False, test_result_base=None, verb_extension=<colcon_core.verb.build.BuildVerb object at 0x7f996c0af0>, verb_name='build', verb_parser=<colcon_mixin.mixin.mixin_argument.MixinArgumentDecorator object at 0x7f995ad190>)
[2.345s] Level 1:colcon.colcon_core.package_discovery:discover_packages(colcon_meta) check parameters
[2.346s] Level 1:colcon.colcon_core.package_discovery:discover_packages(recursive) check parameters
[2.346s] Level 1:colcon.colcon_core.package_discovery:discover_packages(ignore) check parameters
[2.346s] Level 1:colcon.colcon_core.package_discovery:discover_packages(path) check parameters
[2.346s] Level 1:colcon.colcon_core.package_discovery:discover_packages(colcon_meta) discover
[2.346s] Level 1:colcon.colcon_core.package_discovery:discover_packages(recursive) discover
[2.347s] INFO:colcon.colcon_core.package_discovery:Crawling recursively for packages in '/home/yundo/f1tenth_ws'
[2.347s] Level 1:colcon.colcon_core.package_identification:_identify(.) by extensions ['ignore', 'ignore_ament_install']
[2.347s] Level 1:colcon.colcon_core.package_identification:_identify(.) by extension 'ignore'
[2.348s] Level 1:colcon.colcon_core.package_identification:_identify(.) by extension 'ignore_ament_install'
[2.348s] Level 1:colcon.colcon_core.package_identification:_identify(.) by extensions ['colcon_pkg']
[2.348s] Level 1:colcon.colcon_core.package_identification:_identify(.) by extension 'colcon_pkg'
[2.348s] Level 1:colcon.colcon_core.package_identification:_identify(.) by extensions ['colcon_meta']
[2.348s] Level 1:colcon.colcon_core.package_identification:_identify(.) by extension 'colcon_meta'
[2.348s] Level 1:colcon.colcon_core.package_identification:_identify(.) by extensions ['ros']
[2.349s] Level 1:colcon.colcon_core.package_identification:_identify(.) by extension 'ros'
[2.434s] Level 1:colcon.colcon_core.package_identification:_identify(.) by extensions ['cmake', 'python']
[2.434s] Level 1:colcon.colcon_core.package_identification:_identify(.) by extension 'cmake'
[2.434s] Level 1:colcon.colcon_core.package_identification:_identify(.) by extension 'python'
[2.434s] Level 1:colcon.colcon_core.package_identification:_identify(.) by extensions ['python_setup_py']
[2.435s] Level 1:colcon.colcon_core.package_identification:_identify(.) by extension 'python_setup_py'
[2.435s] Level 1:colcon.colcon_core.package_identification:_identify(build) by extensions ['ignore', 'ignore_ament_install']
[2.435s] Level 1:colcon.colcon_core.package_identification:_identify(build) by extension 'ignore'
[2.436s] Level 1:colcon.colcon_core.package_identification:_identify(build) ignored
[2.436s] Level 1:colcon.colcon_core.package_identification:_identify(install) by extensions ['ignore', 'ignore_ament_install']
[2.436s] Level 1:colcon.colcon_core.package_identification:_identify(install) by extension 'ignore'
[2.437s] Level 1:colcon.colcon_core.package_identification:_identify(install) ignored
[2.437s] Level 1:colcon.colcon_core.package_identification:_identify(log) by extensions ['ignore', 'ignore_ament_install']
[2.438s] Level 1:colcon.colcon_core.package_identification:_identify(log) by extension 'ignore'
[2.438s] Level 1:colcon.colcon_core.package_identification:_identify(log) ignored
[2.438s] Level 1:colcon.colcon_core.package_identification:_identify(src) by extensions ['ignore', 'ignore_ament_install']
[2.438s] Level 1:colcon.colcon_core.package_identification:_identify(src) by extension 'ignore'
[2.439s] Level 1:colcon.colcon_core.package_identification:_identify(src) by extension 'ignore_ament_install'
[2.439s] Level 1:colcon.colcon_core.package_identification:_identify(src) by extensions ['colcon_pkg']
[2.439s] Level 1:colcon.colcon_core.package_identification:_identify(src) by extension 'colcon_pkg'
[2.439s] Level 1:colcon.colcon_core.package_identification:_identify(src) by extensions ['colcon_meta']
[2.439s] Level 1:colcon.colcon_core.package_identification:_identify(src) by extension 'colcon_meta'
[2.440s] Level 1:colcon.colcon_core.package_identification:_identify(src) by extensions ['ros']
[2.440s] Level 1:colcon.colcon_core.package_identification:_identify(src) by extension 'ros'
[2.440s] Level 1:colcon.colcon_core.package_identification:_identify(src) by extensions ['cmake', 'python']
[2.440s] Level 1:colcon.colcon_core.package_identification:_identify(src) by extension 'cmake'
[2.440s] Level 1:colcon.colcon_core.package_identification:_identify(src) by extension 'python'
[2.441s] Level 1:colcon.colcon_core.package_identification:_identify(src) by extensions ['python_setup_py']
[2.441s] Level 1:colcon.colcon_core.package_identification:_identify(src) by extension 'python_setup_py'
[2.441s] Level 1:colcon.colcon_core.package_identification:_identify(src/f1tenth_system) by extensions ['ignore', 'ignore_ament_install']
[2.441s] Level 1:colcon.colcon_core.package_identification:_identify(src/f1tenth_system) by extension 'ignore'
[2.442s] Level 1:colcon.colcon_core.package_identification:_identify(src/f1tenth_system) by extension 'ignore_ament_install'
[2.442s] Level 1:colcon.colcon_core.package_identification:_identify(src/f1tenth_system) by extensions ['colcon_pkg']
[2.442s] Level 1:colcon.colcon_core.package_identification:_identify(src/f1tenth_system) by extension 'colcon_pkg'
[2.442s] Level 1:colcon.colcon_core.package_identification:_identify(src/f1tenth_system) by extensions ['colcon_meta']
[2.442s] Level 1:colcon.colcon_core.package_identification:_identify(src/f1tenth_system) by extension 'colcon_meta'
[2.443s] Level 1:colcon.colcon_core.package_identification:_identify(src/f1tenth_system) by extensions ['ros']
[2.443s] Level 1:colcon.colcon_core.package_identification:_identify(src/f1tenth_system) by extension 'ros'
[2.443s] Level 1:colcon.colcon_core.package_identification:_identify(src/f1tenth_system) by extensions ['cmake', 'python']
[2.443s] Level 1:colcon.colcon_core.package_identification:_identify(src/f1tenth_system) by extension 'cmake'
[2.443s] Level 1:colcon.colcon_core.package_identification:_identify(src/f1tenth_system) by extension 'python'
[2.444s] Level 1:colcon.colcon_core.package_identification:_identify(src/f1tenth_system) by extensions ['python_setup_py']
[2.444s] Level 1:colcon.colcon_core.package_identification:_identify(src/f1tenth_system) by extension 'python_setup_py'
[2.444s] Level 1:colcon.colcon_core.package_identification:_identify(src/f1tenth_system/ackermann_mux) by extensions ['ignore', 'ignore_ament_install']
[2.444s] Level 1:colcon.colcon_core.package_identification:_identify(src/f1tenth_system/ackermann_mux) by extension 'ignore'
[2.445s] Level 1:colcon.colcon_core.package_identification:_identify(src/f1tenth_system/ackermann_mux) by extension 'ignore_ament_install'
[2.445s] Level 1:colcon.colcon_core.package_identification:_identify(src/f1tenth_system/ackermann_mux) by extensions ['colcon_pkg']
[2.445s] Level 1:colcon.colcon_core.package_identification:_identify(src/f1tenth_system/ackermann_mux) by extension 'colcon_pkg'
[2.445s] Level 1:colcon.colcon_core.package_identification:_identify(src/f1tenth_system/ackermann_mux) by extensions ['colcon_meta']
[2.445s] Level 1:colcon.colcon_core.package_identification:_identify(src/f1tenth_system/ackermann_mux) by extension 'colcon_meta'
[2.446s] Level 1:colcon.colcon_core.package_identification:_identify(src/f1tenth_system/ackermann_mux) by extensions ['ros']
[2.446s] Level 1:colcon.colcon_core.package_identification:_identify(src/f1tenth_system/ackermann_mux) by extension 'ros'
[2.458s] DEBUG:colcon.colcon_core.package_identification:Package 'src/f1tenth_system/ackermann_mux' with type 'ros.ament_cmake' and name 'ackermann_mux'
[2.458s] Level 1:colcon.colcon_core.package_identification:_identify(src/f1tenth_system/f1tenth_stack) by extensions ['ignore', 'ignore_ament_install']
[2.459s] Level 1:colcon.colcon_core.package_identification:_identify(src/f1tenth_system/f1tenth_stack) by extension 'ignore'
[2.459s] Level 1:colcon.colcon_core.package_identification:_identify(src/f1tenth_system/f1tenth_stack) by extension 'ignore_ament_install'
[2.459s] Level 1:colcon.colcon_core.package_identification:_identify(src/f1tenth_system/f1tenth_stack) by extensions ['colcon_pkg']
[2.459s] Level 1:colcon.colcon_core.package_identification:_identify(src/f1tenth_system/f1tenth_stack) by extension 'colcon_pkg'
[2.460s] Level 1:colcon.colcon_core.package_identification:_identify(src/f1tenth_system/f1tenth_stack) by extensions ['colcon_meta']
[2.460s] Level 1:colcon.colcon_core.package_identification:_identify(src/f1tenth_system/f1tenth_stack) by extension 'colcon_meta'
[2.460s] Level 1:colcon.colcon_core.package_identification:_identify(src/f1tenth_system/f1tenth_stack) by extensions ['ros']
[2.460s] Level 1:colcon.colcon_core.package_identification:_identify(src/f1tenth_system/f1tenth_stack) by extension 'ros'
[2.466s] DEBUG:colcon.colcon_core.package_identification:Package 'src/f1tenth_system/f1tenth_stack' with type 'ros.ament_python' and name 'f1tenth_stack'
[2.466s] Level 1:colcon.colcon_core.package_identification:_identify(src/f1tenth_system/scripts) by extensions ['ignore', 'ignore_ament_install']
[2.466s] Level 1:colcon.colcon_core.package_identification:_identify(src/f1tenth_system/scripts) by extension 'ignore'
[2.467s] Level 1:colcon.colcon_core.package_identification:_identify(src/f1tenth_system/scripts) by extension 'ignore_ament_install'
[2.467s] Level 1:colcon.colcon_core.package_identification:_identify(src/f1tenth_system/scripts) by extensions ['colcon_pkg']
[2.467s] Level 1:colcon.colcon_core.package_identification:_identify(src/f1tenth_system/scripts) by extension 'colcon_pkg'
[2.467s] Level 1:colcon.colcon_core.package_identification:_identify(src/f1tenth_system/scripts) by extensions ['colcon_meta']
[2.467s] Level 1:colcon.colcon_core.package_identification:_identify(src/f1tenth_system/scripts) by extension 'colcon_meta'
[2.467s] Level 1:colcon.colcon_core.package_identification:_identify(src/f1tenth_system/scripts) by extensions ['ros']
[2.468s] Level 1:colcon.colcon_core.package_identification:_identify(src/f1tenth_system/scripts) by extension 'ros'
[2.468s] Level 1:colcon.colcon_core.package_identification:_identify(src/f1tenth_system/scripts) by extensions ['cmake', 'python']
[2.468s] Level 1:colcon.colcon_core.package_identification:_identify(src/f1tenth_system/scripts) by extension 'cmake'
[2.468s] Level 1:colcon.colcon_core.package_identification:_identify(src/f1tenth_system/scripts) by extension 'python'
[2.468s] Level 1:colcon.colcon_core.package_identification:_identify(src/f1tenth_system/scripts) by extensions ['python_setup_py']
[2.469s] Level 1:colcon.colcon_core.package_identification:_identify(src/f1tenth_system/scripts) by extension 'python_setup_py'
[2.469s] Level 1:colcon.colcon_core.package_identification:_identify(src/f1tenth_system/teleop_tools) by extensions ['ignore', 'ignore_ament_install']
[2.469s] Level 1:colcon.colcon_core.package_identification:_identify(src/f1tenth_system/teleop_tools) by extension 'ignore'
[2.470s] Level 1:colcon.colcon_core.package_identification:_identify(src/f1tenth_system/teleop_tools) by extension 'ignore_ament_install'
[2.470s] Level 1:colcon.colcon_core.package_identification:_identify(src/f1tenth_system/teleop_tools) by extensions ['colcon_pkg']
[2.470s] Level 1:colcon.colcon_core.package_identification:_identify(src/f1tenth_system/teleop_tools) by extension 'colcon_pkg'
[2.470s] Level 1:colcon.colcon_core.package_identification:_identify(src/f1tenth_system/teleop_tools) by extensions ['colcon_meta']
[2.470s] Level 1:colcon.colcon_core.package_identification:_identify(src/f1tenth_system/teleop_tools) by extension 'colcon_meta'
[2.471s] Level 1:colcon.colcon_core.package_identification:_identify(src/f1tenth_system/teleop_tools) by extensions ['ros']
[2.471s] Level 1:colcon.colcon_core.package_identification:_identify(src/f1tenth_system/teleop_tools) by extension 'ros'
[2.471s] Level 1:colcon.colcon_core.package_identification:_identify(src/f1tenth_system/teleop_tools) by extensions ['cmake', 'python']
[2.471s] Level 1:colcon.colcon_core.package_identification:_identify(src/f1tenth_system/teleop_tools) by extension 'cmake'
[2.471s] Level 1:colcon.colcon_core.package_identification:_identify(src/f1tenth_system/teleop_tools) by extension 'python'
[2.472s] Level 1:colcon.colcon_core.package_identification:_identify(src/f1tenth_system/teleop_tools) by extensions ['python_setup_py']
[2.472s] Level 1:colcon.colcon_core.package_identification:_identify(src/f1tenth_system/teleop_tools) by extension 'python_setup_py'
[2.472s] Level 1:colcon.colcon_core.package_identification:_identify(src/f1tenth_system/teleop_tools/joy_teleop) by extensions ['ignore', 'ignore_ament_install']
[2.473s] Level 1:colcon.colcon_core.package_identification:_identify(src/f1tenth_system/teleop_tools/joy_teleop) by extension 'ignore'
[2.473s] Level 1:colcon.colcon_core.package_identification:_identify(src/f1tenth_system/teleop_tools/joy_teleop) by extension 'ignore_ament_install'
[2.473s] Level 1:colcon.colcon_core.package_identification:_identify(src/f1tenth_system/teleop_tools/joy_teleop) by extensions ['colcon_pkg']
[2.473s] Level 1:colcon.colcon_core.package_identification:_identify(src/f1tenth_system/teleop_tools/joy_teleop) by extension 'colcon_pkg'
[2.473s] Level 1:colcon.colcon_core.package_identification:_identify(src/f1tenth_system/teleop_tools/joy_teleop) by extensions ['colcon_meta']
[2.473s] Level 1:colcon.colcon_core.package_identification:_identify(src/f1tenth_system/teleop_tools/joy_teleop) by extension 'colcon_meta'
[2.474s] Level 1:colcon.colcon_core.package_identification:_identify(src/f1tenth_system/teleop_tools/joy_teleop) by extensions ['ros']
[2.474s] Level 1:colcon.colcon_core.package_identification:_identify(src/f1tenth_system/teleop_tools/joy_teleop) by extension 'ros'
[2.477s] DEBUG:colcon.colcon_core.package_identification:Package 'src/f1tenth_system/teleop_tools/joy_teleop' with type 'ros.ament_python' and name 'joy_teleop'
[2.478s] Level 1:colcon.colcon_core.package_identification:_identify(src/f1tenth_system/teleop_tools/key_teleop) by extensions ['ignore', 'ignore_ament_install']
[2.478s] Level 1:colcon.colcon_core.package_identification:_identify(src/f1tenth_system/teleop_tools/key_teleop) by extension 'ignore'
[2.478s] Level 1:colcon.colcon_core.package_identification:_identify(src/f1tenth_system/teleop_tools/key_teleop) by extension 'ignore_ament_install'
[2.479s] Level 1:colcon.colcon_core.package_identification:_identify(src/f1tenth_system/teleop_tools/key_teleop) by extensions ['colcon_pkg']
[2.479s] Level 1:colcon.colcon_core.package_identification:_identify(src/f1tenth_system/teleop_tools/key_teleop) by extension 'colcon_pkg'
[2.479s] Level 1:colcon.colcon_core.package_identification:_identify(src/f1tenth_system/teleop_tools/key_teleop) by extensions ['colcon_meta']
[2.479s] Level 1:colcon.colcon_core.package_identification:_identify(src/f1tenth_system/teleop_tools/key_teleop) by extension 'colcon_meta'
[2.479s] Level 1:colcon.colcon_core.package_identification:_identify(src/f1tenth_system/teleop_tools/key_teleop) by extensions ['ros']
[2.479s] Level 1:colcon.colcon_core.package_identification:_identify(src/f1tenth_system/teleop_tools/key_teleop) by extension 'ros'
[2.482s] DEBUG:colcon.colcon_core.package_identification:Package 'src/f1tenth_system/teleop_tools/key_teleop' with type 'ros.ament_python' and name 'key_teleop'
[2.482s] Level 1:colcon.colcon_core.package_identification:_identify(src/f1tenth_system/teleop_tools/mouse_teleop) by extensions ['ignore', 'ignore_ament_install']
[2.483s] Level 1:colcon.colcon_core.package_identification:_identify(src/f1tenth_system/teleop_tools/mouse_teleop) by extension 'ignore'
[2.483s] Level 1:colcon.colcon_core.package_identification:_identify(src/f1tenth_system/teleop_tools/mouse_teleop) by extension 'ignore_ament_install'
[2.483s] Level 1:colcon.colcon_core.package_identification:_identify(src/f1tenth_system/teleop_tools/mouse_teleop) by extensions ['colcon_pkg']
[2.483s] Level 1:colcon.colcon_core.package_identification:_identify(src/f1tenth_system/teleop_tools/mouse_teleop) by extension 'colcon_pkg'
[2.484s] Level 1:colcon.colcon_core.package_identification:_identify(src/f1tenth_system/teleop_tools/mouse_teleop) by extensions ['colcon_meta']
[2.484s] Level 1:colcon.colcon_core.package_identification:_identify(src/f1tenth_system/teleop_tools/mouse_teleop) by extension 'colcon_meta'
[2.484s] Level 1:colcon.colcon_core.package_identification:_identify(src/f1tenth_system/teleop_tools/mouse_teleop) by extensions ['ros']
[2.484s] Level 1:colcon.colcon_core.package_identification:_identify(src/f1tenth_system/teleop_tools/mouse_teleop) by extension 'ros'
[2.487s] DEBUG:colcon.colcon_core.package_identification:Package 'src/f1tenth_system/teleop_tools/mouse_teleop' with type 'ros.ament_python' and name 'mouse_teleop'
[2.487s] Level 1:colcon.colcon_core.package_identification:_identify(src/f1tenth_system/teleop_tools/teleop_tools) by extensions ['ignore', 'ignore_ament_install']
[2.488s] Level 1:colcon.colcon_core.package_identification:_identify(src/f1tenth_system/teleop_tools/teleop_tools) by extension 'ignore'
[2.488s] Level 1:colcon.colcon_core.package_identification:_identify(src/f1tenth_system/teleop_tools/teleop_tools) by extension 'ignore_ament_install'
[2.488s] Level 1:colcon.colcon_core.package_identification:_identify(src/f1tenth_system/teleop_tools/teleop_tools) by extensions ['colcon_pkg']
[2.489s] Level 1:colcon.colcon_core.package_identification:_identify(src/f1tenth_system/teleop_tools/teleop_tools) by extension 'colcon_pkg'
[2.489s] Level 1:colcon.colcon_core.package_identification:_identify(src/f1tenth_system/teleop_tools/teleop_tools) by extensions ['colcon_meta']
[2.489s] Level 1:colcon.colcon_core.package_identification:_identify(src/f1tenth_system/teleop_tools/teleop_tools) by extension 'colcon_meta'
[2.489s] Level 1:colcon.colcon_core.package_identification:_identify(src/f1tenth_system/teleop_tools/teleop_tools) by extensions ['ros']
[2.489s] Level 1:colcon.colcon_core.package_identification:_identify(src/f1tenth_system/teleop_tools/teleop_tools) by extension 'ros'
[2.492s] DEBUG:colcon.colcon_core.package_identification:Package 'src/f1tenth_system/teleop_tools/teleop_tools' with type 'ros.ament_cmake' and name 'teleop_tools'
[2.492s] Level 1:colcon.colcon_core.package_identification:_identify(src/f1tenth_system/teleop_tools/teleop_tools_msgs) by extensions ['ignore', 'ignore_ament_install']
[2.492s] Level 1:colcon.colcon_core.package_identification:_identify(src/f1tenth_system/teleop_tools/teleop_tools_msgs) by extension 'ignore'
[2.492s] Level 1:colcon.colcon_core.package_identification:_identify(src/f1tenth_system/teleop_tools/teleop_tools_msgs) by extension 'ignore_ament_install'
[2.493s] Level 1:colcon.colcon_core.package_identification:_identify(src/f1tenth_system/teleop_tools/teleop_tools_msgs) by extensions ['colcon_pkg']
[2.493s] Level 1:colcon.colcon_core.package_identification:_identify(src/f1tenth_system/teleop_tools/teleop_tools_msgs) by extension 'colcon_pkg'
[2.493s] Level 1:colcon.colcon_core.package_identification:_identify(src/f1tenth_system/teleop_tools/teleop_tools_msgs) by extensions ['colcon_meta']
[2.493s] Level 1:colcon.colcon_core.package_identification:_identify(src/f1tenth_system/teleop_tools/teleop_tools_msgs) by extension 'colcon_meta'
[2.494s] Level 1:colcon.colcon_core.package_identification:_identify(src/f1tenth_system/teleop_tools/teleop_tools_msgs) by extensions ['ros']
[2.494s] Level 1:colcon.colcon_core.package_identification:_identify(src/f1tenth_system/teleop_tools/teleop_tools_msgs) by extension 'ros'
[2.496s] DEBUG:colcon.colcon_core.package_identification:Package 'src/f1tenth_system/teleop_tools/teleop_tools_msgs' with type 'ros.ament_cmake' and name 'teleop_tools_msgs'
[2.497s] Level 1:colcon.colcon_core.package_discovery:discover_packages(recursive) using defaults
[2.497s] Level 1:colcon.colcon_core.package_discovery:discover_packages(ignore) discover
[2.497s] Level 1:colcon.colcon_core.package_discovery:discover_packages(ignore) using defaults
[2.497s] Level 1:colcon.colcon_core.package_discovery:discover_packages(path) discover
[2.497s] Level 1:colcon.colcon_core.package_discovery:discover_packages(path) using defaults
[2.592s] Level 1:colcon.colcon_core.package_discovery:discover_packages(prefix_path) check parameters
[2.593s] Level 1:colcon.colcon_core.package_discovery:discover_packages(prefix_path) discover
[2.604s] DEBUG:colcon.colcon_installed_package_information.package_discovery:Found 7 installed packages in /home/yundo/vesc_ws/install
[2.606s] DEBUG:colcon.colcon_installed_package_information.package_discovery:Found 1 installed packages in /home/yundo/ydlidar_ws/install
[2.609s] DEBUG:colcon.colcon_installed_package_information.package_discovery:Found 8 installed packages in /home/yundo/f1tenth_ws/install
[2.616s] DEBUG:colcon.colcon_installed_package_information.package_discovery:Found 261 installed packages in /opt/ros/foxy
[2.624s] Level 1:colcon.colcon_core.package_discovery:discover_packages(prefix_path) using defaults
[2.930s] Level 5:colcon.colcon_core.verb:set package 'ackermann_mux' build argument 'cmake_args' from command line to 'None'
[2.930s] Level 5:colcon.colcon_core.verb:set package 'ackermann_mux' build argument 'cmake_target' from command line to 'None'
[2.930s] Level 5:colcon.colcon_core.verb:set package 'ackermann_mux' build argument 'cmake_target_skip_unavailable' from command line to 'False'
[2.930s] Level 5:colcon.colcon_core.verb:set package 'ackermann_mux' build argument 'cmake_clean_cache' from command line to 'False'
[2.930s] Level 5:colcon.colcon_core.verb:set package 'ackermann_mux' build argument 'cmake_clean_first' from command line to 'False'
[2.930s] Level 5:colcon.colcon_core.verb:set package 'ackermann_mux' build argument 'cmake_force_configure' from command line to 'False'
[2.930s] Level 5:colcon.colcon_core.verb:set package 'ackermann_mux' build argument 'ament_cmake_args' from command line to 'None'
[2.931s] Level 5:colcon.colcon_core.verb:set package 'ackermann_mux' build argument 'catkin_cmake_args' from command line to 'None'
[2.931s] Level 5:colcon.colcon_core.verb:set package 'ackermann_mux' build argument 'catkin_skip_building_tests' from command line to 'False'
[2.931s] DEBUG:colcon.colcon_core.verb:Building package 'ackermann_mux' with the following arguments: {'ament_cmake_args': None, 'build_base': '/home/yundo/f1tenth_ws/build/ackermann_mux', 'catkin_cmake_args': None, 'catkin_skip_building_tests': False, 'cmake_args': None, 'cmake_clean_cache': False, 'cmake_clean_first': False, 'cmake_force_configure': False, 'cmake_target': None, 'cmake_target_skip_unavailable': False, 'install_base': '/home/yundo/f1tenth_ws/install/ackermann_mux', 'merge_install': False, 'path': '/home/yundo/f1tenth_ws/src/f1tenth_system/ackermann_mux', 'symlink_install': False, 'test_result_base': None}
[2.933s] Level 5:colcon.colcon_core.verb:set package 'key_teleop' build argument 'cmake_args' from command line to 'None'
[2.933s] Level 5:colcon.colcon_core.verb:set package 'key_teleop' build argument 'cmake_target' from command line to 'None'
[2.933s] Level 5:colcon.colcon_core.verb:set package 'key_teleop' build argument 'cmake_target_skip_unavailable' from command line to 'False'
[2.933s] Level 5:colcon.colcon_core.verb:set package 'key_teleop' build argument 'cmake_clean_cache' from command line to 'False'
[2.933s] Level 5:colcon.colcon_core.verb:set package 'key_teleop' build argument 'cmake_clean_first' from command line to 'False'
[2.933s] Level 5:colcon.colcon_core.verb:set package 'key_teleop' build argument 'cmake_force_configure' from command line to 'False'
[2.934s] Level 5:colcon.colcon_core.verb:set package 'key_teleop' build argument 'ament_cmake_args' from command line to 'None'
[2.934s] Level 5:colcon.colcon_core.verb:set package 'key_teleop' build argument 'catkin_cmake_args' from command line to 'None'
[2.934s] Level 5:colcon.colcon_core.verb:set package 'key_teleop' build argument 'catkin_skip_building_tests' from command line to 'False'
[2.934s] DEBUG:colcon.colcon_core.verb:Building package 'key_teleop' with the following arguments: {'ament_cmake_args': None, 'build_base': '/home/yundo/f1tenth_ws/build/key_teleop', 'catkin_cmake_args': None, 'catkin_skip_building_tests': False, 'cmake_args': None, 'cmake_clean_cache': False, 'cmake_clean_first': False, 'cmake_force_configure': False, 'cmake_target': None, 'cmake_target_skip_unavailable': False, 'install_base': '/home/yundo/f1tenth_ws/install/key_teleop', 'merge_install': False, 'path': '/home/yundo/f1tenth_ws/src/f1tenth_system/teleop_tools/key_teleop', 'symlink_install': False, 'test_result_base': None}
[2.936s] Level 5:colcon.colcon_core.verb:set package 'mouse_teleop' build argument 'cmake_args' from command line to 'None'
[2.936s] Level 5:colcon.colcon_core.verb:set package 'mouse_teleop' build argument 'cmake_target' from command line to 'None'
[2.936s] Level 5:colcon.colcon_core.verb:set package 'mouse_teleop' build argument 'cmake_target_skip_unavailable' from command line to 'False'
[2.936s] Level 5:colcon.colcon_core.verb:set package 'mouse_teleop' build argument 'cmake_clean_cache' from command line to 'False'
[2.936s] Level 5:colcon.colcon_core.verb:set package 'mouse_teleop' build argument 'cmake_clean_first' from command line to 'False'
[2.936s] Level 5:colcon.colcon_core.verb:set package 'mouse_teleop' build argument 'cmake_force_configure' from command line to 'False'
[2.936s] Level 5:colcon.colcon_core.verb:set package 'mouse_teleop' build argument 'ament_cmake_args' from command line to 'None'
[2.936s] Level 5:colcon.colcon_core.verb:set package 'mouse_teleop' build argument 'catkin_cmake_args' from command line to 'None'
[2.937s] Level 5:colcon.colcon_core.verb:set package 'mouse_teleop' build argument 'catkin_skip_building_tests' from command line to 'False'
[2.937s] DEBUG:colcon.colcon_core.verb:Building package 'mouse_teleop' with the following arguments: {'ament_cmake_args': None, 'build_base': '/home/yundo/f1tenth_ws/build/mouse_teleop', 'catkin_cmake_args': None, 'catkin_skip_building_tests': False, 'cmake_args': None, 'cmake_clean_cache': False, 'cmake_clean_first': False, 'cmake_force_configure': False, 'cmake_target': None, 'cmake_target_skip_unavailable': False, 'install_base': '/home/yundo/f1tenth_ws/install/mouse_teleop', 'merge_install': False, 'path': '/home/yundo/f1tenth_ws/src/f1tenth_system/teleop_tools/mouse_teleop', 'symlink_install': False, 'test_result_base': None}
[2.938s] Level 5:colcon.colcon_core.verb:set package 'teleop_tools_msgs' build argument 'cmake_args' from command line to 'None'
[2.939s] Level 5:colcon.colcon_core.verb:set package 'teleop_tools_msgs' build argument 'cmake_target' from command line to 'None'
[2.939s] Level 5:colcon.colcon_core.verb:set package 'teleop_tools_msgs' build argument 'cmake_target_skip_unavailable' from command line to 'False'
[2.939s] Level 5:colcon.colcon_core.verb:set package 'teleop_tools_msgs' build argument 'cmake_clean_cache' from command line to 'False'
[2.939s] Level 5:colcon.colcon_core.verb:set package 'teleop_tools_msgs' build argument 'cmake_clean_first' from command line to 'False'
[2.939s] Level 5:colcon.colcon_core.verb:set package 'teleop_tools_msgs' build argument 'cmake_force_configure' from command line to 'False'
[2.939s] Level 5:colcon.colcon_core.verb:set package 'teleop_tools_msgs' build argument 'ament_cmake_args' from command line to 'None'
[2.939s] Level 5:colcon.colcon_core.verb:set package 'teleop_tools_msgs' build argument 'catkin_cmake_args' from command line to 'None'
[2.939s] Level 5:colcon.colcon_core.verb:set package 'teleop_tools_msgs' build argument 'catkin_skip_building_tests' from command line to 'False'
[2.940s] DEBUG:colcon.colcon_core.verb:Building package 'teleop_tools_msgs' with the following arguments: {'ament_cmake_args': None, 'build_base': '/home/yundo/f1tenth_ws/build/teleop_tools_msgs', 'catkin_cmake_args': None, 'catkin_skip_building_tests': False, 'cmake_args': None, 'cmake_clean_cache': False, 'cmake_clean_first': False, 'cmake_force_configure': False, 'cmake_target': None, 'cmake_target_skip_unavailable': False, 'install_base': '/home/yundo/f1tenth_ws/install/teleop_tools_msgs', 'merge_install': False, 'path': '/home/yundo/f1tenth_ws/src/f1tenth_system/teleop_tools/teleop_tools_msgs', 'symlink_install': False, 'test_result_base': None}
[2.941s] Level 5:colcon.colcon_core.verb:set package 'joy_teleop' build argument 'cmake_args' from command line to 'None'
[2.941s] Level 5:colcon.colcon_core.verb:set package 'joy_teleop' build argument 'cmake_target' from command line to 'None'
[2.941s] Level 5:colcon.colcon_core.verb:set package 'joy_teleop' build argument 'cmake_target_skip_unavailable' from command line to 'False'
[2.942s] Level 5:colcon.colcon_core.verb:set package 'joy_teleop' build argument 'cmake_clean_cache' from command line to 'False'
[2.942s] Level 5:colcon.colcon_core.verb:set package 'joy_teleop' build argument 'cmake_clean_first' from command line to 'False'
[2.942s] Level 5:colcon.colcon_core.verb:set package 'joy_teleop' build argument 'cmake_force_configure' from command line to 'False'
[2.942s] Level 5:colcon.colcon_core.verb:set package 'joy_teleop' build argument 'ament_cmake_args' from command line to 'None'
[2.942s] Level 5:colcon.colcon_core.verb:set package 'joy_teleop' build argument 'catkin_cmake_args' from command line to 'None'
[2.942s] Level 5:colcon.colcon_core.verb:set package 'joy_teleop' build argument 'catkin_skip_building_tests' from command line to 'False'
[2.942s] DEBUG:colcon.colcon_core.verb:Building package 'joy_teleop' with the following arguments: {'ament_cmake_args': None, 'build_base': '/home/yundo/f1tenth_ws/build/joy_teleop', 'catkin_cmake_args': None, 'catkin_skip_building_tests': False, 'cmake_args': None, 'cmake_clean_cache': False, 'cmake_clean_first': False, 'cmake_force_configure': False, 'cmake_target': None, 'cmake_target_skip_unavailable': False, 'install_base': '/home/yundo/f1tenth_ws/install/joy_teleop', 'merge_install': False, 'path': '/home/yundo/f1tenth_ws/src/f1tenth_system/teleop_tools/joy_teleop', 'symlink_install': False, 'test_result_base': None}
[2.944s] Level 5:colcon.colcon_core.verb:set package 'f1tenth_stack' build argument 'cmake_args' from command line to 'None'
[2.944s] Level 5:colcon.colcon_core.verb:set package 'f1tenth_stack' build argument 'cmake_target' from command line to 'None'
[2.944s] Level 5:colcon.colcon_core.verb:set package 'f1tenth_stack' build argument 'cmake_target_skip_unavailable' from command line to 'False'
[2.944s] Level 5:colcon.colcon_core.verb:set package 'f1tenth_stack' build argument 'cmake_clean_cache' from command line to 'False'
[2.945s] Level 5:colcon.colcon_core.verb:set package 'f1tenth_stack' build argument 'cmake_clean_first' from command line to 'False'
[2.945s] Level 5:colcon.colcon_core.verb:set package 'f1tenth_stack' build argument 'cmake_force_configure' from command line to 'False'
[2.945s] Level 5:colcon.colcon_core.verb:set package 'f1tenth_stack' build argument 'ament_cmake_args' from command line to 'None'
[2.945s] Level 5:colcon.colcon_core.verb:set package 'f1tenth_stack' build argument 'catkin_cmake_args' from command line to 'None'
[2.945s] Level 5:colcon.colcon_core.verb:set package 'f1tenth_stack' build argument 'catkin_skip_building_tests' from command line to 'False'
[2.945s] DEBUG:colcon.colcon_core.verb:Building package 'f1tenth_stack' with the following arguments: {'ament_cmake_args': None, 'build_base': '/home/yundo/f1tenth_ws/build/f1tenth_stack', 'catkin_cmake_args': None, 'catkin_skip_building_tests': False, 'cmake_args': None, 'cmake_clean_cache': False, 'cmake_clean_first': False, 'cmake_force_configure': False, 'cmake_target': None, 'cmake_target_skip_unavailable': False, 'install_base': '/home/yundo/f1tenth_ws/install/f1tenth_stack', 'merge_install': False, 'path': '/home/yundo/f1tenth_ws/src/f1tenth_system/f1tenth_stack', 'symlink_install': False, 'test_result_base': None}
[2.947s] Level 5:colcon.colcon_core.verb:set package 'teleop_tools' build argument 'cmake_args' from command line to 'None'
[2.947s] Level 5:colcon.colcon_core.verb:set package 'teleop_tools' build argument 'cmake_target' from command line to 'None'
[2.947s] Level 5:colcon.colcon_core.verb:set package 'teleop_tools' build argument 'cmake_target_skip_unavailable' from command line to 'False'
[2.947s] Level 5:colcon.colcon_core.verb:set package 'teleop_tools' build argument 'cmake_clean_cache' from command line to 'False'
[2.947s] Level 5:colcon.colcon_core.verb:set package 'teleop_tools' build argument 'cmake_clean_first' from command line to 'False'
[2.948s] Level 5:colcon.colcon_core.verb:set package 'teleop_tools' build argument 'cmake_force_configure' from command line to 'False'
[2.948s] Level 5:colcon.colcon_core.verb:set package 'teleop_tools' build argument 'ament_cmake_args' from command line to 'None'
[2.948s] Level 5:colcon.colcon_core.verb:set package 'teleop_tools' build argument 'catkin_cmake_args' from command line to 'None'
[2.948s] Level 5:colcon.colcon_core.verb:set package 'teleop_tools' build argument 'catkin_skip_building_tests' from command line to 'False'
[2.948s] DEBUG:colcon.colcon_core.verb:Building package 'teleop_tools' with the following arguments: {'ament_cmake_args': None, 'build_base': '/home/yundo/f1tenth_ws/build/teleop_tools', 'catkin_cmake_args': None, 'catkin_skip_building_tests': False, 'cmake_args': None, 'cmake_clean_cache': False, 'cmake_clean_first': False, 'cmake_force_configure': False, 'cmake_target': None, 'cmake_target_skip_unavailable': False, 'install_base': '/home/yundo/f1tenth_ws/install/teleop_tools', 'merge_install': False, 'path': '/home/yundo/f1tenth_ws/src/f1tenth_system/teleop_tools/teleop_tools', 'symlink_install': False, 'test_result_base': None}
[2.949s] INFO:colcon.colcon_core.executor:Executing jobs using 'parallel' executor
[2.952s] DEBUG:colcon.colcon_parallel_executor.executor.parallel:run_until_complete
[2.953s] INFO:colcon.colcon_ros.task.ament_cmake.build:Building ROS package in '/home/yundo/f1tenth_ws/src/f1tenth_system/teleop_tools/teleop_tools_msgs' with build type 'ament_cmake'
[2.953s] INFO:colcon.colcon_cmake.task.cmake.build:Building CMake package in '/home/yundo/f1tenth_ws/src/f1tenth_system/teleop_tools/teleop_tools_msgs'
[2.963s] INFO:colcon.colcon_core.plugin_system:Skipping extension 'colcon_core.shell.bat': Not used on non-Windows systems
[2.964s] INFO:colcon.colcon_core.shell:Skip shell extension 'powershell' for command environment: Not usable outside of PowerShell
[2.964s] DEBUG:colcon.colcon_core.shell:Skip shell extension 'dsv' for command environment
[2.994s] INFO:colcon.colcon_ros.task.ament_cmake.build:Building ROS package in '/home/yundo/f1tenth_ws/src/f1tenth_system/ackermann_mux' with build type 'ament_cmake'
[2.995s] INFO:colcon.colcon_cmake.task.cmake.build:Building CMake package in '/home/yundo/f1tenth_ws/src/f1tenth_system/ackermann_mux'
[2.997s] INFO:colcon.colcon_core.shell:Skip shell extension 'powershell' for command environment: Not usable outside of PowerShell
[2.997s] DEBUG:colcon.colcon_core.shell:Skip shell extension 'dsv' for command environment
[3.026s] INFO:colcon.colcon_ros.task.ament_python.build:Building ROS package in '/home/yundo/f1tenth_ws/src/f1tenth_system/teleop_tools/key_teleop' with build type 'ament_python'
[3.028s] Level 1:colcon.colcon_core.shell:create_environment_hook('key_teleop', 'ament_prefix_path')
[3.030s] INFO:colcon.colcon_core.shell:Creating environment hook '/home/yundo/f1tenth_ws/install/key_teleop/share/key_teleop/hook/ament_prefix_path.ps1'
[3.033s] INFO:colcon.colcon_core.shell:Creating environment descriptor '/home/yundo/f1tenth_ws/install/key_teleop/share/key_teleop/hook/ament_prefix_path.dsv'
[3.035s] INFO:colcon.colcon_core.shell:Creating environment hook '/home/yundo/f1tenth_ws/install/key_teleop/share/key_teleop/hook/ament_prefix_path.sh'
[3.038s] INFO:colcon.colcon_core.shell:Skip shell extension 'powershell' for command environment: Not usable outside of PowerShell
[3.038s] DEBUG:colcon.colcon_core.shell:Skip shell extension 'dsv' for command environment
[3.068s] INFO:colcon.colcon_ros.task.ament_python.build:Building ROS package in '/home/yundo/f1tenth_ws/src/f1tenth_system/teleop_tools/mouse_teleop' with build type 'ament_python'
[3.069s] Level 1:colcon.colcon_core.shell:create_environment_hook('mouse_teleop', 'ament_prefix_path')
[3.071s] INFO:colcon.colcon_core.shell:Creating environment hook '/home/yundo/f1tenth_ws/install/mouse_teleop/share/mouse_teleop/hook/ament_prefix_path.ps1'
[3.073s] INFO:colcon.colcon_core.shell:Creating environment descriptor '/home/yundo/f1tenth_ws/install/mouse_teleop/share/mouse_teleop/hook/ament_prefix_path.dsv'
[3.075s] INFO:colcon.colcon_core.shell:Creating environment hook '/home/yundo/f1tenth_ws/install/mouse_teleop/share/mouse_teleop/hook/ament_prefix_path.sh'
[3.078s] INFO:colcon.colcon_core.shell:Skip shell extension 'powershell' for command environment: Not usable outside of PowerShell
[3.078s] DEBUG:colcon.colcon_core.shell:Skip shell extension 'dsv' for command environment
[3.131s] DEBUG:colcon.colcon_core.event_handler.log_command:Invoking command in '/home/yundo/f1tenth_ws/build/teleop_tools_msgs': BYOBU_DATE=%Y-%m-%d CMAKE_PREFIX_PATH=/home/yundo/f1tenth_ws/install/teleop_tools:/home/yundo/f1tenth_ws/install/teleop_tools_msgs:/home/yundo/f1tenth_ws/install/ackermann_mux:/home/yundo/vesc_ws/install/vesc:/home/yundo/vesc_ws/install/vesc_driver:/home/yundo/vesc_ws/install/vesc_ackermann:/home/yundo/f1tenth_ws/install/f1tenth_stack:/home/yundo/f1tenth_ws/install/joy_teleop:/home/yundo/f1tenth_ws/install/mouse_teleop:/home/yundo/f1tenth_ws/install/key_teleop:/opt/ros/foxy:/home/yundo/vesc_ws/install/vesc_msgs:/home/yundo/vesc_ws/install/udp_driver:/home/yundo/vesc_ws/install/io_context:/home/yundo/vesc_ws/install/asio_cmake_module:/home/yundo/ydlidar_ws/install/ydlidar_ros2_driver /usr/bin/cmake --build /home/yundo/f1tenth_ws/build/teleop_tools_msgs -- -j4 -l4
[3.441s] DEBUG:colcon.colcon_core.event_handler.log_command:Invoking command in '/home/yundo/f1tenth_ws/build/ackermann_mux': BYOBU_DATE=%Y-%m-%d CMAKE_PREFIX_PATH=/home/yundo/f1tenth_ws/install/teleop_tools:/home/yundo/f1tenth_ws/install/teleop_tools_msgs:/home/yundo/f1tenth_ws/install/ackermann_mux:/home/yundo/vesc_ws/install/vesc:/home/yundo/vesc_ws/install/vesc_driver:/home/yundo/vesc_ws/install/vesc_ackermann:/home/yundo/f1tenth_ws/install/f1tenth_stack:/home/yundo/f1tenth_ws/install/joy_teleop:/home/yundo/f1tenth_ws/install/mouse_teleop:/home/yundo/f1tenth_ws/install/key_teleop:/opt/ros/foxy:/home/yundo/vesc_ws/install/vesc_msgs:/home/yundo/vesc_ws/install/udp_driver:/home/yundo/vesc_ws/install/io_context:/home/yundo/vesc_ws/install/asio_cmake_module:/home/yundo/ydlidar_ws/install/ydlidar_ros2_driver /usr/bin/cmake --build /home/yundo/f1tenth_ws/build/ackermann_mux -- -j4 -l4
[4.917s] INFO:colcon.colcon_core.task.python.build:Building Python package in '/home/yundo/f1tenth_ws/src/f1tenth_system/teleop_tools/key_teleop'
[4.919s] INFO:colcon.colcon_core.shell:Skip shell extension 'powershell' for command environment: Not usable outside of PowerShell
[4.919s] DEBUG:colcon.colcon_core.shell:Skip shell extension 'dsv' for command environment
[6.267s] INFO:colcon.colcon_core.task.python.build:Building Python package in '/home/yundo/f1tenth_ws/src/f1tenth_system/teleop_tools/mouse_teleop'
[6.269s] INFO:colcon.colcon_core.shell:Skip shell extension 'powershell' for command environment: Not usable outside of PowerShell
[6.269s] DEBUG:colcon.colcon_core.shell:Skip shell extension 'dsv' for command environment
[6.302s] DEBUG:colcon.colcon_core.event_handler.log_command:Invoked command in '/home/yundo/f1tenth_ws/build/ackermann_mux' returned '0': BYOBU_DATE=%Y-%m-%d CMAKE_PREFIX_PATH=/home/yundo/f1tenth_ws/install/teleop_tools:/home/yundo/f1tenth_ws/install/teleop_tools_msgs:/home/yundo/f1tenth_ws/install/ackermann_mux:/home/yundo/vesc_ws/install/vesc:/home/yundo/vesc_ws/install/vesc_driver:/home/yundo/vesc_ws/install/vesc_ackermann:/home/yundo/f1tenth_ws/install/f1tenth_stack:/home/yundo/f1tenth_ws/install/joy_teleop:/home/yundo/f1tenth_ws/install/mouse_teleop:/home/yundo/f1tenth_ws/install/key_teleop:/opt/ros/foxy:/home/yundo/vesc_ws/install/vesc_msgs:/home/yundo/vesc_ws/install/udp_driver:/home/yundo/vesc_ws/install/io_context:/home/yundo/vesc_ws/install/asio_cmake_module:/home/yundo/ydlidar_ws/install/ydlidar_ros2_driver /usr/bin/cmake --build /home/yundo/f1tenth_ws/build/ackermann_mux -- -j4 -l4
[6.317s] DEBUG:colcon.colcon_core.event_handler.log_command:Invoked command in '/home/yundo/f1tenth_ws/build/teleop_tools_msgs' returned '0': BYOBU_DATE=%Y-%m-%d CMAKE_PREFIX_PATH=/home/yundo/f1tenth_ws/install/teleop_tools:/home/yundo/f1tenth_ws/install/teleop_tools_msgs:/home/yundo/f1tenth_ws/install/ackermann_mux:/home/yundo/vesc_ws/install/vesc:/home/yundo/vesc_ws/install/vesc_driver:/home/yundo/vesc_ws/install/vesc_ackermann:/home/yundo/f1tenth_ws/install/f1tenth_stack:/home/yundo/f1tenth_ws/install/joy_teleop:/home/yundo/f1tenth_ws/install/mouse_teleop:/home/yundo/f1tenth_ws/install/key_teleop:/opt/ros/foxy:/home/yundo/vesc_ws/install/vesc_msgs:/home/yundo/vesc_ws/install/udp_driver:/home/yundo/vesc_ws/install/io_context:/home/yundo/vesc_ws/install/asio_cmake_module:/home/yundo/ydlidar_ws/install/ydlidar_ros2_driver /usr/bin/cmake --build /home/yundo/f1tenth_ws/build/teleop_tools_msgs -- -j4 -l4
[6.503s] DEBUG:colcon.colcon_core.event_handler.log_command:Invoking command in '/home/yundo/f1tenth_ws/build/ackermann_mux': BYOBU_DATE=%Y-%m-%d CMAKE_PREFIX_PATH=/home/yundo/f1tenth_ws/install/teleop_tools:/home/yundo/f1tenth_ws/install/teleop_tools_msgs:/home/yundo/f1tenth_ws/install/ackermann_mux:/home/yundo/vesc_ws/install/vesc:/home/yundo/vesc_ws/install/vesc_driver:/home/yundo/vesc_ws/install/vesc_ackermann:/home/yundo/f1tenth_ws/install/f1tenth_stack:/home/yundo/f1tenth_ws/install/joy_teleop:/home/yundo/f1tenth_ws/install/mouse_teleop:/home/yundo/f1tenth_ws/install/key_teleop:/opt/ros/foxy:/home/yundo/vesc_ws/install/vesc_msgs:/home/yundo/vesc_ws/install/udp_driver:/home/yundo/vesc_ws/install/io_context:/home/yundo/vesc_ws/install/asio_cmake_module:/home/yundo/ydlidar_ws/install/ydlidar_ros2_driver /usr/bin/cmake --install /home/yundo/f1tenth_ws/build/ackermann_mux
[6.570s] Level 1:colcon.colcon_core.environment:create_environment_scripts_only(ackermann_mux)
[6.583s] Level 1:colcon.colcon_core.environment:checking '/home/yundo/f1tenth_ws/install/ackermann_mux' for CMake module files
[6.590s] DEBUG:colcon.colcon_core.event_handler.log_command:Invoked command in '/home/yundo/f1tenth_ws/build/ackermann_mux' returned '0': BYOBU_DATE=%Y-%m-%d CMAKE_PREFIX_PATH=/home/yundo/f1tenth_ws/install/teleop_tools:/home/yundo/f1tenth_ws/install/teleop_tools_msgs:/home/yundo/f1tenth_ws/install/ackermann_mux:/home/yundo/vesc_ws/install/vesc:/home/yundo/vesc_ws/install/vesc_driver:/home/yundo/vesc_ws/install/vesc_ackermann:/home/yundo/f1tenth_ws/install/f1tenth_stack:/home/yundo/f1tenth_ws/install/joy_teleop:/home/yundo/f1tenth_ws/install/mouse_teleop:/home/yundo/f1tenth_ws/install/key_teleop:/opt/ros/foxy:/home/yundo/vesc_ws/install/vesc_msgs:/home/yundo/vesc_ws/install/udp_driver:/home/yundo/vesc_ws/install/io_context:/home/yundo/vesc_ws/install/asio_cmake_module:/home/yundo/ydlidar_ws/install/ydlidar_ros2_driver /usr/bin/cmake --install /home/yundo/f1tenth_ws/build/ackermann_mux
[6.591s] Level 1:colcon.colcon_core.environment:checking '/home/yundo/f1tenth_ws/install/ackermann_mux' for CMake config files
[6.593s] Level 1:colcon.colcon_core.shell:create_environment_hook('ackermann_mux', 'cmake_prefix_path')
[6.594s] INFO:colcon.colcon_core.shell:Creating environment hook '/home/yundo/f1tenth_ws/install/ackermann_mux/share/ackermann_mux/hook/cmake_prefix_path.ps1'
[6.597s] INFO:colcon.colcon_core.shell:Creating environment descriptor '/home/yundo/f1tenth_ws/install/ackermann_mux/share/ackermann_mux/hook/cmake_prefix_path.dsv'
[6.599s] INFO:colcon.colcon_core.shell:Creating environment hook '/home/yundo/f1tenth_ws/install/ackermann_mux/share/ackermann_mux/hook/cmake_prefix_path.sh'
[6.602s] Level 1:colcon.colcon_core.environment:checking '/home/yundo/f1tenth_ws/install/ackermann_mux/lib'
[6.604s] Level 1:colcon.colcon_core.environment:checking '/home/yundo/f1tenth_ws/install/ackermann_mux/bin'
[6.604s] Level 1:colcon.colcon_core.environment:checking '/home/yundo/f1tenth_ws/install/ackermann_mux/lib/pkgconfig/ackermann_mux.pc'
[6.605s] Level 1:colcon.colcon_core.environment:checking '/home/yundo/f1tenth_ws/install/ackermann_mux/lib/python3.8/site-packages'
[6.606s] Level 1:colcon.colcon_core.environment:checking '/home/yundo/f1tenth_ws/install/ackermann_mux/bin'
[6.608s] INFO:colcon.colcon_core.shell:Creating package script '/home/yundo/f1tenth_ws/install/ackermann_mux/share/ackermann_mux/package.ps1'
[6.612s] INFO:colcon.colcon_core.shell:Creating package descriptor '/home/yundo/f1tenth_ws/install/ackermann_mux/share/ackermann_mux/package.dsv'
[6.614s] INFO:colcon.colcon_core.shell:Creating package script '/home/yundo/f1tenth_ws/install/ackermann_mux/share/ackermann_mux/package.sh'
[6.619s] INFO:colcon.colcon_core.shell:Creating package script '/home/yundo/f1tenth_ws/install/ackermann_mux/share/ackermann_mux/package.bash'
[6.623s] INFO:colcon.colcon_core.shell:Creating package script '/home/yundo/f1tenth_ws/install/ackermann_mux/share/ackermann_mux/package.zsh'
[6.626s] Level 1:colcon.colcon_core.environment:create_file_with_runtime_dependencies(/home/yundo/f1tenth_ws/install/ackermann_mux/share/colcon-core/packages/ackermann_mux)
[6.646s] DEBUG:colcon.colcon_core.event_handler.log_command:Invoking command in '/home/yundo/f1tenth_ws/build/teleop_tools_msgs': BYOBU_DATE=%Y-%m-%d CMAKE_PREFIX_PATH=/home/yundo/f1tenth_ws/install/teleop_tools:/home/yundo/f1tenth_ws/install/teleop_tools_msgs:/home/yundo/f1tenth_ws/install/ackermann_mux:/home/yundo/vesc_ws/install/vesc:/home/yundo/vesc_ws/install/vesc_driver:/home/yundo/vesc_ws/install/vesc_ackermann:/home/yundo/f1tenth_ws/install/f1tenth_stack:/home/yundo/f1tenth_ws/install/joy_teleop:/home/yundo/f1tenth_ws/install/mouse_teleop:/home/yundo/f1tenth_ws/install/key_teleop:/opt/ros/foxy:/home/yundo/vesc_ws/install/vesc_msgs:/home/yundo/vesc_ws/install/udp_driver:/home/yundo/vesc_ws/install/io_context:/home/yundo/vesc_ws/install/asio_cmake_module:/home/yundo/ydlidar_ws/install/ydlidar_ros2_driver /usr/bin/cmake --install /home/yundo/f1tenth_ws/build/teleop_tools_msgs
[6.800s] Level 1:colcon.colcon_core.environment:create_environment_scripts_only(ackermann_mux)
[6.801s] Level 1:colcon.colcon_core.environment:checking '/home/yundo/f1tenth_ws/install/ackermann_mux' for CMake module files
[6.804s] Level 1:colcon.colcon_core.environment:checking '/home/yundo/f1tenth_ws/install/ackermann_mux' for CMake config files
[6.806s] Level 1:colcon.colcon_core.shell:create_environment_hook('ackermann_mux', 'cmake_prefix_path')
[6.807s] INFO:colcon.colcon_core.shell:Creating environment hook '/home/yundo/f1tenth_ws/install/ackermann_mux/share/ackermann_mux/hook/cmake_prefix_path.ps1'
[6.811s] INFO:colcon.colcon_core.shell:Creating environment descriptor '/home/yundo/f1tenth_ws/install/ackermann_mux/share/ackermann_mux/hook/cmake_prefix_path.dsv'
[6.813s] INFO:colcon.colcon_core.shell:Creating environment hook '/home/yundo/f1tenth_ws/install/ackermann_mux/share/ackermann_mux/hook/cmake_prefix_path.sh'
[6.818s] Level 1:colcon.colcon_core.environment:checking '/home/yundo/f1tenth_ws/install/ackermann_mux/lib'
[6.818s] Level 1:colcon.colcon_core.environment:checking '/home/yundo/f1tenth_ws/install/ackermann_mux/bin'
[6.819s] Level 1:colcon.colcon_core.environment:checking '/home/yundo/f1tenth_ws/install/ackermann_mux/lib/pkgconfig/ackermann_mux.pc'
[6.820s] Level 1:colcon.colcon_core.environment:checking '/home/yundo/f1tenth_ws/install/ackermann_mux/lib/python3.8/site-packages'
[6.821s] Level 1:colcon.colcon_core.environment:checking '/home/yundo/f1tenth_ws/install/ackermann_mux/bin'
[6.822s] INFO:colcon.colcon_core.shell:Creating package script '/home/yundo/f1tenth_ws/install/ackermann_mux/share/ackermann_mux/package.ps1'
[6.829s] INFO:colcon.colcon_core.shell:Creating package descriptor '/home/yundo/f1tenth_ws/install/ackermann_mux/share/ackermann_mux/package.dsv'
[6.832s] INFO:colcon.colcon_core.shell:Creating package script '/home/yundo/f1tenth_ws/install/ackermann_mux/share/ackermann_mux/package.sh'
[6.834s] INFO:colcon.colcon_core.shell:Creating package script '/home/yundo/f1tenth_ws/install/ackermann_mux/share/ackermann_mux/package.bash'
[6.836s] INFO:colcon.colcon_core.shell:Creating package script '/home/yundo/f1tenth_ws/install/ackermann_mux/share/ackermann_mux/package.zsh'
[6.839s] Level 1:colcon.colcon_core.environment:create_file_with_runtime_dependencies(/home/yundo/f1tenth_ws/install/ackermann_mux/share/colcon-core/packages/ackermann_mux)
[6.996s] Level 1:colcon.colcon_core.environment:create_environment_scripts_only(teleop_tools_msgs)
[6.998s] Level 1:colcon.colcon_core.environment:checking '/home/yundo/f1tenth_ws/install/teleop_tools_msgs' for CMake module files
[7.001s] DEBUG:colcon.colcon_core.event_handler.log_command:Invoked command in '/home/yundo/f1tenth_ws/build/teleop_tools_msgs' returned '0': BYOBU_DATE=%Y-%m-%d CMAKE_PREFIX_PATH=/home/yundo/f1tenth_ws/install/teleop_tools:/home/yundo/f1tenth_ws/install/teleop_tools_msgs:/home/yundo/f1tenth_ws/install/ackermann_mux:/home/yundo/vesc_ws/install/vesc:/home/yundo/vesc_ws/install/vesc_driver:/home/yundo/vesc_ws/install/vesc_ackermann:/home/yundo/f1tenth_ws/install/f1tenth_stack:/home/yundo/f1tenth_ws/install/joy_teleop:/home/yundo/f1tenth_ws/install/mouse_teleop:/home/yundo/f1tenth_ws/install/key_teleop:/opt/ros/foxy:/home/yundo/vesc_ws/install/vesc_msgs:/home/yundo/vesc_ws/install/udp_driver:/home/yundo/vesc_ws/install/io_context:/home/yundo/vesc_ws/install/asio_cmake_module:/home/yundo/ydlidar_ws/install/ydlidar_ros2_driver /usr/bin/cmake --install /home/yundo/f1tenth_ws/build/teleop_tools_msgs
[7.003s] Level 1:colcon.colcon_core.environment:checking '/home/yundo/f1tenth_ws/install/teleop_tools_msgs' for CMake config files
[7.006s] Level 1:colcon.colcon_core.shell:create_environment_hook('teleop_tools_msgs', 'cmake_prefix_path')
[7.007s] INFO:colcon.colcon_core.shell:Creating environment hook '/home/yundo/f1tenth_ws/install/teleop_tools_msgs/share/teleop_tools_msgs/hook/cmake_prefix_path.ps1'
[7.009s] INFO:colcon.colcon_core.shell:Creating environment descriptor '/home/yundo/f1tenth_ws/install/teleop_tools_msgs/share/teleop_tools_msgs/hook/cmake_prefix_path.dsv'
[7.011s] INFO:colcon.colcon_core.shell:Creating environment hook '/home/yundo/f1tenth_ws/install/teleop_tools_msgs/share/teleop_tools_msgs/hook/cmake_prefix_path.sh'
[7.013s] Level 1:colcon.colcon_core.environment:checking '/home/yundo/f1tenth_ws/install/teleop_tools_msgs/lib'
[7.013s] Level 1:colcon.colcon_core.shell:create_environment_hook('teleop_tools_msgs', 'ld_library_path_lib')
[7.016s] INFO:colcon.colcon_core.shell:Creating environment hook '/home/yundo/f1tenth_ws/install/teleop_tools_msgs/share/teleop_tools_msgs/hook/ld_library_path_lib.ps1'
[7.018s] INFO:colcon.colcon_core.shell:Creating environment descriptor '/home/yundo/f1tenth_ws/install/teleop_tools_msgs/share/teleop_tools_msgs/hook/ld_library_path_lib.dsv'
[7.020s] INFO:colcon.colcon_core.shell:Creating environment hook '/home/yundo/f1tenth_ws/install/teleop_tools_msgs/share/teleop_tools_msgs/hook/ld_library_path_lib.sh'
[7.022s] Level 1:colcon.colcon_core.environment:checking '/home/yundo/f1tenth_ws/install/teleop_tools_msgs/bin'
[7.022s] Level 1:colcon.colcon_core.environment:checking '/home/yundo/f1tenth_ws/install/teleop_tools_msgs/lib/pkgconfig/teleop_tools_msgs.pc'
[7.023s] Level 1:colcon.colcon_core.environment:checking '/home/yundo/f1tenth_ws/install/teleop_tools_msgs/lib/python3.8/site-packages'
[7.023s] Level 1:colcon.colcon_core.shell:create_environment_hook('teleop_tools_msgs', 'pythonpath')
[7.025s] INFO:colcon.colcon_core.shell:Creating environment hook '/home/yundo/f1tenth_ws/install/teleop_tools_msgs/share/teleop_tools_msgs/hook/pythonpath.ps1'
[7.027s] INFO:colcon.colcon_core.shell:Creating environment descriptor '/home/yundo/f1tenth_ws/install/teleop_tools_msgs/share/teleop_tools_msgs/hook/pythonpath.dsv'
[7.029s] INFO:colcon.colcon_core.shell:Creating environment hook '/home/yundo/f1tenth_ws/install/teleop_tools_msgs/share/teleop_tools_msgs/hook/pythonpath.sh'
[7.032s] Level 1:colcon.colcon_core.environment:checking '/home/yundo/f1tenth_ws/install/teleop_tools_msgs/bin'
[7.034s] INFO:colcon.colcon_core.shell:Creating package script '/home/yundo/f1tenth_ws/install/teleop_tools_msgs/share/teleop_tools_msgs/package.ps1'
[7.037s] INFO:colcon.colcon_core.shell:Creating package descriptor '/home/yundo/f1tenth_ws/install/teleop_tools_msgs/share/teleop_tools_msgs/package.dsv'
[7.039s] INFO:colcon.colcon_core.shell:Creating package script '/home/yundo/f1tenth_ws/install/teleop_tools_msgs/share/teleop_tools_msgs/package.sh'
[7.041s] INFO:colcon.colcon_core.shell:Creating package script '/home/yundo/f1tenth_ws/install/teleop_tools_msgs/share/teleop_tools_msgs/package.bash'
[7.043s] INFO:colcon.colcon_core.shell:Creating package script '/home/yundo/f1tenth_ws/install/teleop_tools_msgs/share/teleop_tools_msgs/package.zsh'
[7.045s] Level 1:colcon.colcon_core.environment:create_file_with_runtime_dependencies(/home/yundo/f1tenth_ws/install/teleop_tools_msgs/share/colcon-core/packages/teleop_tools_msgs)
[7.274s] Level 1:colcon.colcon_core.environment:create_environment_scripts_only(teleop_tools_msgs)
[7.275s] Level 1:colcon.colcon_core.environment:checking '/home/yundo/f1tenth_ws/install/teleop_tools_msgs' for CMake module files
[7.279s] Level 1:colcon.colcon_core.environment:checking '/home/yundo/f1tenth_ws/install/teleop_tools_msgs' for CMake config files
[7.281s] Level 1:colcon.colcon_core.shell:create_environment_hook('teleop_tools_msgs', 'cmake_prefix_path')
[7.282s] INFO:colcon.colcon_core.shell:Creating environment hook '/home/yundo/f1tenth_ws/install/teleop_tools_msgs/share/teleop_tools_msgs/hook/cmake_prefix_path.ps1'
[7.285s] INFO:colcon.colcon_core.shell:Creating environment descriptor '/home/yundo/f1tenth_ws/install/teleop_tools_msgs/share/teleop_tools_msgs/hook/cmake_prefix_path.dsv'
[7.287s] INFO:colcon.colcon_core.shell:Creating environment hook '/home/yundo/f1tenth_ws/install/teleop_tools_msgs/share/teleop_tools_msgs/hook/cmake_prefix_path.sh'
[7.290s] Level 1:colcon.colcon_core.environment:checking '/home/yundo/f1tenth_ws/install/teleop_tools_msgs/lib'
[7.291s] Level 1:colcon.colcon_core.shell:create_environment_hook('teleop_tools_msgs', 'ld_library_path_lib')
[7.292s] INFO:colcon.colcon_core.shell:Creating environment hook '/home/yundo/f1tenth_ws/install/teleop_tools_msgs/share/teleop_tools_msgs/hook/ld_library_path_lib.ps1'
[7.296s] INFO:colcon.colcon_core.shell:Creating environment descriptor '/home/yundo/f1tenth_ws/install/teleop_tools_msgs/share/teleop_tools_msgs/hook/ld_library_path_lib.dsv'
[7.298s] INFO:colcon.colcon_core.shell:Creating environment hook '/home/yundo/f1tenth_ws/install/teleop_tools_msgs/share/teleop_tools_msgs/hook/ld_library_path_lib.sh'
[7.300s] Level 1:colcon.colcon_core.environment:checking '/home/yundo/f1tenth_ws/install/teleop_tools_msgs/bin'
[7.300s] Level 1:colcon.colcon_core.environment:checking '/home/yundo/f1tenth_ws/install/teleop_tools_msgs/lib/pkgconfig/teleop_tools_msgs.pc'
[7.301s] Level 1:colcon.colcon_core.environment:checking '/home/yundo/f1tenth_ws/install/teleop_tools_msgs/lib/python3.8/site-packages'
[7.301s] Level 1:colcon.colcon_core.shell:create_environment_hook('teleop_tools_msgs', 'pythonpath')
[7.302s] INFO:colcon.colcon_core.shell:Creating environment hook '/home/yundo/f1tenth_ws/install/teleop_tools_msgs/share/teleop_tools_msgs/hook/pythonpath.ps1'
[7.304s] INFO:colcon.colcon_core.shell:Creating environment descriptor '/home/yundo/f1tenth_ws/install/teleop_tools_msgs/share/teleop_tools_msgs/hook/pythonpath.dsv'
[7.306s] INFO:colcon.colcon_core.shell:Creating environment hook '/home/yundo/f1tenth_ws/install/teleop_tools_msgs/share/teleop_tools_msgs/hook/pythonpath.sh'
[7.308s] Level 1:colcon.colcon_core.environment:checking '/home/yundo/f1tenth_ws/install/teleop_tools_msgs/bin'
[7.310s] INFO:colcon.colcon_core.shell:Creating package script '/home/yundo/f1tenth_ws/install/teleop_tools_msgs/share/teleop_tools_msgs/package.ps1'
[7.313s] INFO:colcon.colcon_core.shell:Creating package descriptor '/home/yundo/f1tenth_ws/install/teleop_tools_msgs/share/teleop_tools_msgs/package.dsv'
[7.316s] INFO:colcon.colcon_core.shell:Creating package script '/home/yundo/f1tenth_ws/install/teleop_tools_msgs/share/teleop_tools_msgs/package.sh'
[7.319s] INFO:colcon.colcon_core.shell:Creating package script '/home/yundo/f1tenth_ws/install/teleop_tools_msgs/share/teleop_tools_msgs/package.bash'
[7.321s] INFO:colcon.colcon_core.shell:Creating package script '/home/yundo/f1tenth_ws/install/teleop_tools_msgs/share/teleop_tools_msgs/package.zsh'
[7.323s] Level 1:colcon.colcon_core.environment:create_file_with_runtime_dependencies(/home/yundo/f1tenth_ws/install/teleop_tools_msgs/share/colcon-core/packages/teleop_tools_msgs)
[7.328s] INFO:colcon.colcon_ros.task.ament_python.build:Building ROS package in '/home/yundo/f1tenth_ws/src/f1tenth_system/teleop_tools/joy_teleop' with build type 'ament_python'
[7.329s] Level 1:colcon.colcon_core.shell:create_environment_hook('joy_teleop', 'ament_prefix_path')
[7.330s] INFO:colcon.colcon_core.shell:Creating environment hook '/home/yundo/f1tenth_ws/install/joy_teleop/share/joy_teleop/hook/ament_prefix_path.ps1'
[7.332s] INFO:colcon.colcon_core.shell:Creating environment descriptor '/home/yundo/f1tenth_ws/install/joy_teleop/share/joy_teleop/hook/ament_prefix_path.dsv'
[7.334s] INFO:colcon.colcon_core.shell:Creating environment hook '/home/yundo/f1tenth_ws/install/joy_teleop/share/joy_teleop/hook/ament_prefix_path.sh'
[7.337s] INFO:colcon.colcon_core.shell:Skip shell extension 'powershell' for command environment: Not usable outside of PowerShell
[7.337s] DEBUG:colcon.colcon_core.shell:Skip shell extension 'dsv' for command environment
[8.972s] INFO:colcon.colcon_core.task.python.build:Building Python package in '/home/yundo/f1tenth_ws/src/f1tenth_system/teleop_tools/joy_teleop'
[8.973s] INFO:colcon.colcon_core.shell:Skip shell extension 'powershell' for command environment: Not usable outside of PowerShell
[8.974s] DEBUG:colcon.colcon_core.shell:Skip shell extension 'dsv' for command environment
[9.017s] DEBUG:colcon.colcon_core.event_handler.log_command:Invoking command in '/home/yundo/f1tenth_ws/src/f1tenth_system/teleop_tools/key_teleop': BYOBU_DATE=%Y-%m-%d PYTHONPATH=/home/yundo/f1tenth_ws/build/key_teleop/prefix_override:/usr/lib/python3/dist-packages/colcon_core/task/python/colcon_distutils_commands:/home/yundo/f1tenth_ws/install/key_teleop/lib/python3.8/site-packages:${PYTHONPATH} /usr/bin/python3 -W ignore:setup.py install is deprecated -W ignore:easy_install command is deprecated setup.py egg_info --egg-base ../../../../build/key_teleop build --build-base /home/yundo/f1tenth_ws/build/key_teleop/build install --record /home/yundo/f1tenth_ws/build/key_teleop/install.log --install-scripts $base/lib/key_teleop --single-version-externally-managed install_data
[9.031s] DEBUG:colcon.colcon_core.event_handler.log_command:Invoking command in '/home/yundo/f1tenth_ws/src/f1tenth_system/teleop_tools/mouse_teleop': BYOBU_DATE=%Y-%m-%d PYTHONPATH=/home/yundo/f1tenth_ws/build/mouse_teleop/prefix_override:/usr/lib/python3/dist-packages/colcon_core/task/python/colcon_distutils_commands:/home/yundo/f1tenth_ws/install/mouse_teleop/lib/python3.8/site-packages:${PYTHONPATH} /usr/bin/python3 -W ignore:setup.py install is deprecated -W ignore:easy_install command is deprecated setup.py egg_info --egg-base ../../../../build/mouse_teleop build --build-base /home/yundo/f1tenth_ws/build/mouse_teleop/build install --record /home/yundo/f1tenth_ws/build/mouse_teleop/install.log --install-scripts $base/lib/mouse_teleop --single-version-externally-managed install_data
[10.645s] Level 1:colcon.colcon_core.environment:checking '/home/yundo/f1tenth_ws/install/mouse_teleop' for CMake module files
[10.648s] DEBUG:colcon.colcon_core.event_handler.log_command:Invoked command in '/home/yundo/f1tenth_ws/src/f1tenth_system/teleop_tools/mouse_teleop' returned '0': BYOBU_DATE=%Y-%m-%d PYTHONPATH=/home/yundo/f1tenth_ws/build/mouse_teleop/prefix_override:/usr/lib/python3/dist-packages/colcon_core/task/python/colcon_distutils_commands:/home/yundo/f1tenth_ws/install/mouse_teleop/lib/python3.8/site-packages:${PYTHONPATH} /usr/bin/python3 -W ignore:setup.py install is deprecated -W ignore:easy_install command is deprecated setup.py egg_info --egg-base ../../../../build/mouse_teleop build --build-base /home/yundo/f1tenth_ws/build/mouse_teleop/build install --record /home/yundo/f1tenth_ws/build/mouse_teleop/install.log --install-scripts $base/lib/mouse_teleop --single-version-externally-managed install_data
[10.650s] Level 1:colcon.colcon_core.environment:checking '/home/yundo/f1tenth_ws/install/mouse_teleop' for CMake config files
[10.653s] Level 1:colcon.colcon_core.environment:checking '/home/yundo/f1tenth_ws/install/mouse_teleop/lib'
[10.654s] Level 1:colcon.colcon_core.environment:checking '/home/yundo/f1tenth_ws/install/mouse_teleop/bin'
[10.654s] Level 1:colcon.colcon_core.environment:checking '/home/yundo/f1tenth_ws/install/mouse_teleop/lib/pkgconfig/mouse_teleop.pc'
[10.655s] Level 1:colcon.colcon_core.environment:checking '/home/yundo/f1tenth_ws/install/mouse_teleop/lib/python3.8/site-packages'
[10.655s] Level 1:colcon.colcon_core.shell:create_environment_hook('mouse_teleop', 'pythonpath')
[10.657s] INFO:colcon.colcon_core.shell:Creating environment hook '/home/yundo/f1tenth_ws/install/mouse_teleop/share/mouse_teleop/hook/pythonpath.ps1'
[10.660s] INFO:colcon.colcon_core.shell:Creating environment descriptor '/home/yundo/f1tenth_ws/install/mouse_teleop/share/mouse_teleop/hook/pythonpath.dsv'
[10.663s] INFO:colcon.colcon_core.shell:Creating environment hook '/home/yundo/f1tenth_ws/install/mouse_teleop/share/mouse_teleop/hook/pythonpath.sh'
[10.665s] Level 1:colcon.colcon_core.environment:checking '/home/yundo/f1tenth_ws/install/mouse_teleop/bin'
[10.666s] Level 1:colcon.colcon_core.environment:create_environment_scripts_only(mouse_teleop)
[10.667s] INFO:colcon.colcon_core.shell:Creating package script '/home/yundo/f1tenth_ws/install/mouse_teleop/share/mouse_teleop/package.ps1'
[10.670s] INFO:colcon.colcon_core.shell:Creating package descriptor '/home/yundo/f1tenth_ws/install/mouse_teleop/share/mouse_teleop/package.dsv'
[10.672s] INFO:colcon.colcon_core.shell:Creating package script '/home/yundo/f1tenth_ws/install/mouse_teleop/share/mouse_teleop/package.sh'
[10.674s] INFO:colcon.colcon_core.shell:Creating package script '/home/yundo/f1tenth_ws/install/mouse_teleop/share/mouse_teleop/package.bash'
[10.676s] INFO:colcon.colcon_core.shell:Creating package script '/home/yundo/f1tenth_ws/install/mouse_teleop/share/mouse_teleop/package.zsh'
[10.678s] Level 1:colcon.colcon_core.environment:create_file_with_runtime_dependencies(/home/yundo/f1tenth_ws/install/mouse_teleop/share/colcon-core/packages/mouse_teleop)
[10.683s] Level 1:colcon.colcon_core.environment:checking '/home/yundo/f1tenth_ws/install/key_teleop' for CMake module files
[10.687s] DEBUG:colcon.colcon_core.event_handler.log_command:Invoked command in '/home/yundo/f1tenth_ws/src/f1tenth_system/teleop_tools/key_teleop' returned '0': BYOBU_DATE=%Y-%m-%d PYTHONPATH=/home/yundo/f1tenth_ws/build/key_teleop/prefix_override:/usr/lib/python3/dist-packages/colcon_core/task/python/colcon_distutils_commands:/home/yundo/f1tenth_ws/install/key_teleop/lib/python3.8/site-packages:${PYTHONPATH} /usr/bin/python3 -W ignore:setup.py install is deprecated -W ignore:easy_install command is deprecated setup.py egg_info --egg-base ../../../../build/key_teleop build --build-base /home/yundo/f1tenth_ws/build/key_teleop/build install --record /home/yundo/f1tenth_ws/build/key_teleop/install.log --install-scripts $base/lib/key_teleop --single-version-externally-managed install_data
[10.688s] Level 1:colcon.colcon_core.environment:checking '/home/yundo/f1tenth_ws/install/key_teleop' for CMake config files
[10.691s] Level 1:colcon.colcon_core.environment:checking '/home/yundo/f1tenth_ws/install/key_teleop/lib'
[10.691s] Level 1:colcon.colcon_core.environment:checking '/home/yundo/f1tenth_ws/install/key_teleop/bin'
[10.692s] Level 1:colcon.colcon_core.environment:checking '/home/yundo/f1tenth_ws/install/key_teleop/lib/pkgconfig/key_teleop.pc'
[10.693s] Level 1:colcon.colcon_core.environment:checking '/home/yundo/f1tenth_ws/install/key_teleop/lib/python3.8/site-packages'
[10.693s] Level 1:colcon.colcon_core.shell:create_environment_hook('key_teleop', 'pythonpath')
[10.695s] INFO:colcon.colcon_core.shell:Creating environment hook '/home/yundo/f1tenth_ws/install/key_teleop/share/key_teleop/hook/pythonpath.ps1'
[10.697s] INFO:colcon.colcon_core.shell:Creating environment descriptor '/home/yundo/f1tenth_ws/install/key_teleop/share/key_teleop/hook/pythonpath.dsv'
[10.698s] INFO:colcon.colcon_core.shell:Creating environment hook '/home/yundo/f1tenth_ws/install/key_teleop/share/key_teleop/hook/pythonpath.sh'
[10.701s] Level 1:colcon.colcon_core.environment:checking '/home/yundo/f1tenth_ws/install/key_teleop/bin'
[10.701s] Level 1:colcon.colcon_core.environment:create_environment_scripts_only(key_teleop)
[10.703s] INFO:colcon.colcon_core.shell:Creating package script '/home/yundo/f1tenth_ws/install/key_teleop/share/key_teleop/package.ps1'
[10.705s] INFO:colcon.colcon_core.shell:Creating package descriptor '/home/yundo/f1tenth_ws/install/key_teleop/share/key_teleop/package.dsv'
[10.707s] INFO:colcon.colcon_core.shell:Creating package script '/home/yundo/f1tenth_ws/install/key_teleop/share/key_teleop/package.sh'
[10.709s] INFO:colcon.colcon_core.shell:Creating package script '/home/yundo/f1tenth_ws/install/key_teleop/share/key_teleop/package.bash'
[10.711s] INFO:colcon.colcon_core.shell:Creating package script '/home/yundo/f1tenth_ws/install/key_teleop/share/key_teleop/package.zsh'
[10.713s] Level 1:colcon.colcon_core.environment:create_file_with_runtime_dependencies(/home/yundo/f1tenth_ws/install/key_teleop/share/colcon-core/packages/key_teleop)
[11.037s] DEBUG:colcon.colcon_core.event_handler.log_command:Invoking command in '/home/yundo/f1tenth_ws/src/f1tenth_system/teleop_tools/joy_teleop': BYOBU_DATE=%Y-%m-%d CMAKE_PREFIX_PATH=/home/yundo/f1tenth_ws/install/teleop_tools_msgs:/home/yundo/f1tenth_ws/install/teleop_tools:/home/yundo/f1tenth_ws/install/ackermann_mux:/home/yundo/vesc_ws/install/vesc:/home/yundo/vesc_ws/install/vesc_driver:/home/yundo/vesc_ws/install/vesc_ackermann:/home/yundo/vesc_ws/install/vesc_msgs:/home/yundo/vesc_ws/install/udp_driver:/home/yundo/vesc_ws/install/io_context:/home/yundo/vesc_ws/install/asio_cmake_module:/home/yundo/ydlidar_ws/install/ydlidar_ros2_driver PYTHONPATH=/home/yundo/f1tenth_ws/build/joy_teleop/prefix_override:/usr/lib/python3/dist-packages/colcon_core/task/python/colcon_distutils_commands:/home/yundo/f1tenth_ws/install/joy_teleop/lib/python3.8/site-packages:/home/yundo/f1tenth_ws/install/teleop_tools_msgs/lib/python3.8/site-packages:/home/yundo/f1tenth_ws/install/f1tenth_stack/lib/python3.8/site-packages:/home/yundo/f1tenth_ws/install/joy_teleop/lib/python3.8/site-packages:/home/yundo/f1tenth_ws/install/mouse_teleop/lib/python3.8/site-packages:/home/yundo/f1tenth_ws/install/key_teleop/lib/python3.8/site-packages:/home/yundo/vesc_ws/install/vesc_msgs/lib/python3.8/site-packages:/opt/ros/foxy/lib/python3.8/site-packages /usr/bin/python3 -W ignore:setup.py install is deprecated -W ignore:easy_install command is deprecated setup.py egg_info --egg-base ../../../../build/joy_teleop build --build-base /home/yundo/f1tenth_ws/build/joy_teleop/build install --record /home/yundo/f1tenth_ws/build/joy_teleop/install.log --install-scripts $base/lib/joy_teleop --single-version-externally-managed install_data
[12.472s] Level 1:colcon.colcon_core.environment:checking '/home/yundo/f1tenth_ws/install/joy_teleop' for CMake module files
[12.475s] DEBUG:colcon.colcon_core.event_handler.log_command:Invoked command in '/home/yundo/f1tenth_ws/src/f1tenth_system/teleop_tools/joy_teleop' returned '0': BYOBU_DATE=%Y-%m-%d CMAKE_PREFIX_PATH=/home/yundo/f1tenth_ws/install/teleop_tools_msgs:/home/yundo/f1tenth_ws/install/teleop_tools:/home/yundo/f1tenth_ws/install/ackermann_mux:/home/yundo/vesc_ws/install/vesc:/home/yundo/vesc_ws/install/vesc_driver:/home/yundo/vesc_ws/install/vesc_ackermann:/home/yundo/vesc_ws/install/vesc_msgs:/home/yundo/vesc_ws/install/udp_driver:/home/yundo/vesc_ws/install/io_context:/home/yundo/vesc_ws/install/asio_cmake_module:/home/yundo/ydlidar_ws/install/ydlidar_ros2_driver PYTHONPATH=/home/yundo/f1tenth_ws/build/joy_teleop/prefix_override:/usr/lib/python3/dist-packages/colcon_core/task/python/colcon_distutils_commands:/home/yundo/f1tenth_ws/install/joy_teleop/lib/python3.8/site-packages:/home/yundo/f1tenth_ws/install/teleop_tools_msgs/lib/python3.8/site-packages:/home/yundo/f1tenth_ws/install/f1tenth_stack/lib/python3.8/site-packages:/home/yundo/f1tenth_ws/install/joy_teleop/lib/python3.8/site-packages:/home/yundo/f1tenth_ws/install/mouse_teleop/lib/python3.8/site-packages:/home/yundo/f1tenth_ws/install/key_teleop/lib/python3.8/site-packages:/home/yundo/vesc_ws/install/vesc_msgs/lib/python3.8/site-packages:/opt/ros/foxy/lib/python3.8/site-packages /usr/bin/python3 -W ignore:setup.py install is deprecated -W ignore:easy_install command is deprecated setup.py egg_info --egg-base ../../../../build/joy_teleop build --build-base /home/yundo/f1tenth_ws/build/joy_teleop/build install --record /home/yundo/f1tenth_ws/build/joy_teleop/install.log --install-scripts $base/lib/joy_teleop --single-version-externally-managed install_data
[12.477s] Level 1:colcon.colcon_core.environment:checking '/home/yundo/f1tenth_ws/install/joy_teleop' for CMake config files
[12.480s] Level 1:colcon.colcon_core.environment:checking '/home/yundo/f1tenth_ws/install/joy_teleop/lib'
[12.481s] Level 1:colcon.colcon_core.environment:checking '/home/yundo/f1tenth_ws/install/joy_teleop/bin'
[12.481s] Level 1:colcon.colcon_core.environment:checking '/home/yundo/f1tenth_ws/install/joy_teleop/lib/pkgconfig/joy_teleop.pc'
[12.482s] Level 1:colcon.colcon_core.environment:checking '/home/yundo/f1tenth_ws/install/joy_teleop/lib/python3.8/site-packages'
[12.482s] Level 1:colcon.colcon_core.shell:create_environment_hook('joy_teleop', 'pythonpath')
[12.483s] INFO:colcon.colcon_core.shell:Creating environment hook '/home/yundo/f1tenth_ws/install/joy_teleop/share/joy_teleop/hook/pythonpath.ps1'
[12.485s] INFO:colcon.colcon_core.shell:Creating environment descriptor '/home/yundo/f1tenth_ws/install/joy_teleop/share/joy_teleop/hook/pythonpath.dsv'
[12.486s] INFO:colcon.colcon_core.shell:Creating environment hook '/home/yundo/f1tenth_ws/install/joy_teleop/share/joy_teleop/hook/pythonpath.sh'
[12.488s] Level 1:colcon.colcon_core.environment:checking '/home/yundo/f1tenth_ws/install/joy_teleop/bin'
[12.489s] Level 1:colcon.colcon_core.environment:create_environment_scripts_only(joy_teleop)
[12.490s] INFO:colcon.colcon_core.shell:Creating package script '/home/yundo/f1tenth_ws/install/joy_teleop/share/joy_teleop/package.ps1'
[12.492s] INFO:colcon.colcon_core.shell:Creating package descriptor '/home/yundo/f1tenth_ws/install/joy_teleop/share/joy_teleop/package.dsv'
[12.494s] INFO:colcon.colcon_core.shell:Creating package script '/home/yundo/f1tenth_ws/install/joy_teleop/share/joy_teleop/package.sh'
[12.496s] INFO:colcon.colcon_core.shell:Creating package script '/home/yundo/f1tenth_ws/install/joy_teleop/share/joy_teleop/package.bash'
[12.497s] INFO:colcon.colcon_core.shell:Creating package script '/home/yundo/f1tenth_ws/install/joy_teleop/share/joy_teleop/package.zsh'
[12.499s] Level 1:colcon.colcon_core.environment:create_file_with_runtime_dependencies(/home/yundo/f1tenth_ws/install/joy_teleop/share/colcon-core/packages/joy_teleop)
[12.500s] INFO:colcon.colcon_ros.task.ament_python.build:Building ROS package in '/home/yundo/f1tenth_ws/src/f1tenth_system/f1tenth_stack' with build type 'ament_python'
[12.501s] Level 1:colcon.colcon_core.shell:create_environment_hook('f1tenth_stack', 'ament_prefix_path')
[12.502s] INFO:colcon.colcon_core.shell:Creating environment hook '/home/yundo/f1tenth_ws/install/f1tenth_stack/share/f1tenth_stack/hook/ament_prefix_path.ps1'
[12.505s] INFO:colcon.colcon_core.shell:Creating environment descriptor '/home/yundo/f1tenth_ws/install/f1tenth_stack/share/f1tenth_stack/hook/ament_prefix_path.dsv'
[12.507s] INFO:colcon.colcon_core.shell:Creating environment hook '/home/yundo/f1tenth_ws/install/f1tenth_stack/share/f1tenth_stack/hook/ament_prefix_path.sh'
[12.510s] INFO:colcon.colcon_core.shell:Skip shell extension 'powershell' for command environment: Not usable outside of PowerShell
[12.511s] DEBUG:colcon.colcon_core.shell:Skip shell extension 'dsv' for command environment
[12.539s] INFO:colcon.colcon_ros.task.ament_cmake.build:Building ROS package in '/home/yundo/f1tenth_ws/src/f1tenth_system/teleop_tools/teleop_tools' with build type 'ament_cmake'
[12.540s] INFO:colcon.colcon_cmake.task.cmake.build:Building CMake package in '/home/yundo/f1tenth_ws/src/f1tenth_system/teleop_tools/teleop_tools'
[12.541s] INFO:colcon.colcon_core.shell:Skip shell extension 'powershell' for command environment: Not usable outside of PowerShell
[12.542s] DEBUG:colcon.colcon_core.shell:Skip shell extension 'dsv' for command environment
[13.860s] INFO:colcon.colcon_core.task.python.build:Building Python package in '/home/yundo/f1tenth_ws/src/f1tenth_system/f1tenth_stack'
[13.861s] INFO:colcon.colcon_core.shell:Skip shell extension 'powershell' for command environment: Not usable outside of PowerShell
[13.862s] DEBUG:colcon.colcon_core.shell:Skip shell extension 'dsv' for command environment
[13.910s] DEBUG:colcon.colcon_core.event_handler.log_command:Invoking command in '/home/yundo/f1tenth_ws/build/teleop_tools': AMENT_PREFIX_PATH=/home/yundo/f1tenth_ws/install/joy_teleop:/home/yundo/f1tenth_ws/install/key_teleop:/home/yundo/f1tenth_ws/install/teleop_tools:/home/yundo/f1tenth_ws/install/f1tenth_stack:/home/yundo/f1tenth_ws/install/teleop_tools_msgs:/home/yundo/f1tenth_ws/install/mouse_teleop:/home/yundo/f1tenth_ws/install/ackermann_mux:/home/yundo/vesc_ws/install/vesc:/home/yundo/vesc_ws/install/vesc_driver:/home/yundo/vesc_ws/install/vesc_ackermann:/home/yundo/vesc_ws/install/vesc_msgs:/home/yundo/vesc_ws/install/udp_driver:/home/yundo/vesc_ws/install/io_context:/home/yundo/vesc_ws/install/asio_cmake_module:/home/yundo/ydlidar_ws/install/ydlidar_ros2_driver:/opt/ros/foxy BYOBU_DATE=%Y-%m-%d CMAKE_PREFIX_PATH=/home/yundo/f1tenth_ws/install/teleop_tools_msgs:/home/yundo/f1tenth_ws/install/teleop_tools:/home/yundo/f1tenth_ws/install/ackermann_mux:/home/yundo/vesc_ws/install/vesc:/home/yundo/vesc_ws/install/vesc_driver:/home/yundo/vesc_ws/install/vesc_ackermann:/home/yundo/f1tenth_ws/install/f1tenth_stack:/home/yundo/f1tenth_ws/install/joy_teleop:/home/yundo/f1tenth_ws/install/mouse_teleop:/home/yundo/f1tenth_ws/install/key_teleop:/opt/ros/foxy:/home/yundo/vesc_ws/install/vesc_msgs:/home/yundo/vesc_ws/install/udp_driver:/home/yundo/vesc_ws/install/io_context:/home/yundo/vesc_ws/install/asio_cmake_module:/home/yundo/ydlidar_ws/install/ydlidar_ros2_driver PYTHONPATH=/home/yundo/f1tenth_ws/install/joy_teleop/lib/python3.8/site-packages:/home/yundo/f1tenth_ws/install/teleop_tools_msgs/lib/python3.8/site-packages:/home/yundo/f1tenth_ws/install/key_teleop/lib/python3.8/site-packages:/home/yundo/f1tenth_ws/install/f1tenth_stack/lib/python3.8/site-packages:/home/yundo/f1tenth_ws/install/mouse_teleop/lib/python3.8/site-packages:/home/yundo/vesc_ws/install/vesc_msgs/lib/python3.8/site-packages:/opt/ros/foxy/lib/python3.8/site-packages /usr/bin/cmake --build /home/yundo/f1tenth_ws/build/teleop_tools -- -j4 -l4
[14.073s] DEBUG:colcon.colcon_core.event_handler.log_command:Invoked command in '/home/yundo/f1tenth_ws/build/teleop_tools' returned '0': AMENT_PREFIX_PATH=/home/yundo/f1tenth_ws/install/joy_teleop:/home/yundo/f1tenth_ws/install/key_teleop:/home/yundo/f1tenth_ws/install/teleop_tools:/home/yundo/f1tenth_ws/install/f1tenth_stack:/home/yundo/f1tenth_ws/install/teleop_tools_msgs:/home/yundo/f1tenth_ws/install/mouse_teleop:/home/yundo/f1tenth_ws/install/ackermann_mux:/home/yundo/vesc_ws/install/vesc:/home/yundo/vesc_ws/install/vesc_driver:/home/yundo/vesc_ws/install/vesc_ackermann:/home/yundo/vesc_ws/install/vesc_msgs:/home/yundo/vesc_ws/install/udp_driver:/home/yundo/vesc_ws/install/io_context:/home/yundo/vesc_ws/install/asio_cmake_module:/home/yundo/ydlidar_ws/install/ydlidar_ros2_driver:/opt/ros/foxy BYOBU_DATE=%Y-%m-%d CMAKE_PREFIX_PATH=/home/yundo/f1tenth_ws/install/teleop_tools_msgs:/home/yundo/f1tenth_ws/install/teleop_tools:/home/yundo/f1tenth_ws/install/ackermann_mux:/home/yundo/vesc_ws/install/vesc:/home/yundo/vesc_ws/install/vesc_driver:/home/yundo/vesc_ws/install/vesc_ackermann:/home/yundo/f1tenth_ws/install/f1tenth_stack:/home/yundo/f1tenth_ws/install/joy_teleop:/home/yundo/f1tenth_ws/install/mouse_teleop:/home/yundo/f1tenth_ws/install/key_teleop:/opt/ros/foxy:/home/yundo/vesc_ws/install/vesc_msgs:/home/yundo/vesc_ws/install/udp_driver:/home/yundo/vesc_ws/install/io_context:/home/yundo/vesc_ws/install/asio_cmake_module:/home/yundo/ydlidar_ws/install/ydlidar_ros2_driver PYTHONPATH=/home/yundo/f1tenth_ws/install/joy_teleop/lib/python3.8/site-packages:/home/yundo/f1tenth_ws/install/teleop_tools_msgs/lib/python3.8/site-packages:/home/yundo/f1tenth_ws/install/key_teleop/lib/python3.8/site-packages:/home/yundo/f1tenth_ws/install/f1tenth_stack/lib/python3.8/site-packages:/home/yundo/f1tenth_ws/install/mouse_teleop/lib/python3.8/site-packages:/home/yundo/vesc_ws/install/vesc_msgs/lib/python3.8/site-packages:/opt/ros/foxy/lib/python3.8/site-packages /usr/bin/cmake --build /home/yundo/f1tenth_ws/build/teleop_tools -- -j4 -l4
[14.164s] DEBUG:colcon.colcon_core.event_handler.log_command:Invoking command in '/home/yundo/f1tenth_ws/build/teleop_tools': AMENT_PREFIX_PATH=/home/yundo/f1tenth_ws/install/joy_teleop:/home/yundo/f1tenth_ws/install/key_teleop:/home/yundo/f1tenth_ws/install/teleop_tools:/home/yundo/f1tenth_ws/install/f1tenth_stack:/home/yundo/f1tenth_ws/install/teleop_tools_msgs:/home/yundo/f1tenth_ws/install/mouse_teleop:/home/yundo/f1tenth_ws/install/ackermann_mux:/home/yundo/vesc_ws/install/vesc:/home/yundo/vesc_ws/install/vesc_driver:/home/yundo/vesc_ws/install/vesc_ackermann:/home/yundo/vesc_ws/install/vesc_msgs:/home/yundo/vesc_ws/install/udp_driver:/home/yundo/vesc_ws/install/io_context:/home/yundo/vesc_ws/install/asio_cmake_module:/home/yundo/ydlidar_ws/install/ydlidar_ros2_driver:/opt/ros/foxy BYOBU_DATE=%Y-%m-%d CMAKE_PREFIX_PATH=/home/yundo/f1tenth_ws/install/teleop_tools_msgs:/home/yundo/f1tenth_ws/install/teleop_tools:/home/yundo/f1tenth_ws/install/ackermann_mux:/home/yundo/vesc_ws/install/vesc:/home/yundo/vesc_ws/install/vesc_driver:/home/yundo/vesc_ws/install/vesc_ackermann:/home/yundo/f1tenth_ws/install/f1tenth_stack:/home/yundo/f1tenth_ws/install/joy_teleop:/home/yundo/f1tenth_ws/install/mouse_teleop:/home/yundo/f1tenth_ws/install/key_teleop:/opt/ros/foxy:/home/yundo/vesc_ws/install/vesc_msgs:/home/yundo/vesc_ws/install/udp_driver:/home/yundo/vesc_ws/install/io_context:/home/yundo/vesc_ws/install/asio_cmake_module:/home/yundo/ydlidar_ws/install/ydlidar_ros2_driver PYTHONPATH=/home/yundo/f1tenth_ws/install/joy_teleop/lib/python3.8/site-packages:/home/yundo/f1tenth_ws/install/teleop_tools_msgs/lib/python3.8/site-packages:/home/yundo/f1tenth_ws/install/key_teleop/lib/python3.8/site-packages:/home/yundo/f1tenth_ws/install/f1tenth_stack/lib/python3.8/site-packages:/home/yundo/f1tenth_ws/install/mouse_teleop/lib/python3.8/site-packages:/home/yundo/vesc_ws/install/vesc_msgs/lib/python3.8/site-packages:/opt/ros/foxy/lib/python3.8/site-packages /usr/bin/cmake --install /home/yundo/f1tenth_ws/build/teleop_tools
[14.210s] Level 1:colcon.colcon_core.environment:create_environment_scripts_only(teleop_tools)
[14.211s] Level 1:colcon.colcon_core.environment:checking '/home/yundo/f1tenth_ws/install/teleop_tools' for CMake module files
[14.215s] DEBUG:colcon.colcon_core.event_handler.log_command:Invoked command in '/home/yundo/f1tenth_ws/build/teleop_tools' returned '0': AMENT_PREFIX_PATH=/home/yundo/f1tenth_ws/install/joy_teleop:/home/yundo/f1tenth_ws/install/key_teleop:/home/yundo/f1tenth_ws/install/teleop_tools:/home/yundo/f1tenth_ws/install/f1tenth_stack:/home/yundo/f1tenth_ws/install/teleop_tools_msgs:/home/yundo/f1tenth_ws/install/mouse_teleop:/home/yundo/f1tenth_ws/install/ackermann_mux:/home/yundo/vesc_ws/install/vesc:/home/yundo/vesc_ws/install/vesc_driver:/home/yundo/vesc_ws/install/vesc_ackermann:/home/yundo/vesc_ws/install/vesc_msgs:/home/yundo/vesc_ws/install/udp_driver:/home/yundo/vesc_ws/install/io_context:/home/yundo/vesc_ws/install/asio_cmake_module:/home/yundo/ydlidar_ws/install/ydlidar_ros2_driver:/opt/ros/foxy BYOBU_DATE=%Y-%m-%d CMAKE_PREFIX_PATH=/home/yundo/f1tenth_ws/install/teleop_tools_msgs:/home/yundo/f1tenth_ws/install/teleop_tools:/home/yundo/f1tenth_ws/install/ackermann_mux:/home/yundo/vesc_ws/install/vesc:/home/yundo/vesc_ws/install/vesc_driver:/home/yundo/vesc_ws/install/vesc_ackermann:/home/yundo/f1tenth_ws/install/f1tenth_stack:/home/yundo/f1tenth_ws/install/joy_teleop:/home/yundo/f1tenth_ws/install/mouse_teleop:/home/yundo/f1tenth_ws/install/key_teleop:/opt/ros/foxy:/home/yundo/vesc_ws/install/vesc_msgs:/home/yundo/vesc_ws/install/udp_driver:/home/yundo/vesc_ws/install/io_context:/home/yundo/vesc_ws/install/asio_cmake_module:/home/yundo/ydlidar_ws/install/ydlidar_ros2_driver PYTHONPATH=/home/yundo/f1tenth_ws/install/joy_teleop/lib/python3.8/site-packages:/home/yundo/f1tenth_ws/install/teleop_tools_msgs/lib/python3.8/site-packages:/home/yundo/f1tenth_ws/install/key_teleop/lib/python3.8/site-packages:/home/yundo/f1tenth_ws/install/f1tenth_stack/lib/python3.8/site-packages:/home/yundo/f1tenth_ws/install/mouse_teleop/lib/python3.8/site-packages:/home/yundo/vesc_ws/install/vesc_msgs/lib/python3.8/site-packages:/opt/ros/foxy/lib/python3.8/site-packages /usr/bin/cmake --install /home/yundo/f1tenth_ws/build/teleop_tools
[14.216s] Level 1:colcon.colcon_core.environment:checking '/home/yundo/f1tenth_ws/install/teleop_tools' for CMake config files
[14.217s] Level 1:colcon.colcon_core.shell:create_environment_hook('teleop_tools', 'cmake_prefix_path')
[14.219s] INFO:colcon.colcon_core.shell:Creating environment hook '/home/yundo/f1tenth_ws/install/teleop_tools/share/teleop_tools/hook/cmake_prefix_path.ps1'
[14.221s] INFO:colcon.colcon_core.shell:Creating environment descriptor '/home/yundo/f1tenth_ws/install/teleop_tools/share/teleop_tools/hook/cmake_prefix_path.dsv'
[14.223s] INFO:colcon.colcon_core.shell:Creating environment hook '/home/yundo/f1tenth_ws/install/teleop_tools/share/teleop_tools/hook/cmake_prefix_path.sh'
[14.225s] Level 1:colcon.colcon_core.environment:checking '/home/yundo/f1tenth_ws/install/teleop_tools/bin'
[14.226s] Level 1:colcon.colcon_core.environment:checking '/home/yundo/f1tenth_ws/install/teleop_tools/lib/pkgconfig/teleop_tools.pc'
[14.227s] Level 1:colcon.colcon_core.environment:checking '/home/yundo/f1tenth_ws/install/teleop_tools/lib/python3.8/site-packages'
[14.227s] Level 1:colcon.colcon_core.environment:checking '/home/yundo/f1tenth_ws/install/teleop_tools/bin'
[14.229s] INFO:colcon.colcon_core.shell:Creating package script '/home/yundo/f1tenth_ws/install/teleop_tools/share/teleop_tools/package.ps1'
[14.231s] INFO:colcon.colcon_core.shell:Creating package descriptor '/home/yundo/f1tenth_ws/install/teleop_tools/share/teleop_tools/package.dsv'
[14.233s] INFO:colcon.colcon_core.shell:Creating package script '/home/yundo/f1tenth_ws/install/teleop_tools/share/teleop_tools/package.sh'
[14.234s] INFO:colcon.colcon_core.shell:Creating package script '/home/yundo/f1tenth_ws/install/teleop_tools/share/teleop_tools/package.bash'
[14.236s] INFO:colcon.colcon_core.shell:Creating package script '/home/yundo/f1tenth_ws/install/teleop_tools/share/teleop_tools/package.zsh'
[14.238s] Level 1:colcon.colcon_core.environment:create_file_with_runtime_dependencies(/home/yundo/f1tenth_ws/install/teleop_tools/share/colcon-core/packages/teleop_tools)
[14.323s] Level 1:colcon.colcon_core.environment:create_environment_scripts_only(teleop_tools)
[14.324s] Level 1:colcon.colcon_core.environment:checking '/home/yundo/f1tenth_ws/install/teleop_tools' for CMake module files
[14.327s] Level 1:colcon.colcon_core.environment:checking '/home/yundo/f1tenth_ws/install/teleop_tools' for CMake config files
[14.328s] Level 1:colcon.colcon_core.shell:create_environment_hook('teleop_tools', 'cmake_prefix_path')
[14.329s] INFO:colcon.colcon_core.shell:Creating environment hook '/home/yundo/f1tenth_ws/install/teleop_tools/share/teleop_tools/hook/cmake_prefix_path.ps1'
[14.332s] INFO:colcon.colcon_core.shell:Creating environment descriptor '/home/yundo/f1tenth_ws/install/teleop_tools/share/teleop_tools/hook/cmake_prefix_path.dsv'
[14.334s] INFO:colcon.colcon_core.shell:Creating environment hook '/home/yundo/f1tenth_ws/install/teleop_tools/share/teleop_tools/hook/cmake_prefix_path.sh'
[14.337s] Level 1:colcon.colcon_core.environment:checking '/home/yundo/f1tenth_ws/install/teleop_tools/bin'
[14.337s] Level 1:colcon.colcon_core.environment:checking '/home/yundo/f1tenth_ws/install/teleop_tools/lib/pkgconfig/teleop_tools.pc'
[14.338s] Level 1:colcon.colcon_core.environment:checking '/home/yundo/f1tenth_ws/install/teleop_tools/lib/python3.8/site-packages'
[14.339s] Level 1:colcon.colcon_core.environment:checking '/home/yundo/f1tenth_ws/install/teleop_tools/bin'
[14.340s] INFO:colcon.colcon_core.shell:Creating package script '/home/yundo/f1tenth_ws/install/teleop_tools/share/teleop_tools/package.ps1'
[14.343s] INFO:colcon.colcon_core.shell:Creating package descriptor '/home/yundo/f1tenth_ws/install/teleop_tools/share/teleop_tools/package.dsv'
[14.345s] INFO:colcon.colcon_core.shell:Creating package script '/home/yundo/f1tenth_ws/install/teleop_tools/share/teleop_tools/package.sh'
[14.347s] INFO:colcon.colcon_core.shell:Creating package script '/home/yundo/f1tenth_ws/install/teleop_tools/share/teleop_tools/package.bash'
[14.349s] INFO:colcon.colcon_core.shell:Creating package script '/home/yundo/f1tenth_ws/install/teleop_tools/share/teleop_tools/package.zsh'
[14.351s] Level 1:colcon.colcon_core.environment:create_file_with_runtime_dependencies(/home/yundo/f1tenth_ws/install/teleop_tools/share/colcon-core/packages/teleop_tools)
[15.752s] DEBUG:colcon.colcon_core.event_handler.log_command:Invoking command in '/home/yundo/f1tenth_ws/src/f1tenth_system/f1tenth_stack': AMENT_PREFIX_PATH=/home/yundo/f1tenth_ws/install/joy_teleop:/home/yundo/f1tenth_ws/install/teleop_tools:/home/yundo/f1tenth_ws/install/f1tenth_stack:/home/yundo/f1tenth_ws/install/teleop_tools_msgs:/home/yundo/f1tenth_ws/install/mouse_teleop:/home/yundo/f1tenth_ws/install/key_teleop:/home/yundo/f1tenth_ws/install/ackermann_mux:/home/yundo/vesc_ws/install/vesc:/home/yundo/vesc_ws/install/vesc_driver:/home/yundo/vesc_ws/install/vesc_ackermann:/home/yundo/vesc_ws/install/vesc_msgs:/home/yundo/vesc_ws/install/udp_driver:/home/yundo/vesc_ws/install/io_context:/home/yundo/vesc_ws/install/asio_cmake_module:/home/yundo/ydlidar_ws/install/ydlidar_ros2_driver:/opt/ros/foxy BYOBU_DATE=%Y-%m-%d CMAKE_PREFIX_PATH=/home/yundo/f1tenth_ws/install/teleop_tools_msgs:/home/yundo/f1tenth_ws/install/ackermann_mux:/home/yundo/f1tenth_ws/install/teleop_tools:/home/yundo/vesc_ws/install/vesc:/home/yundo/vesc_ws/install/vesc_driver:/home/yundo/vesc_ws/install/vesc_ackermann:/home/yundo/vesc_ws/install/vesc_msgs:/home/yundo/vesc_ws/install/udp_driver:/home/yundo/vesc_ws/install/io_context:/home/yundo/vesc_ws/install/asio_cmake_module:/home/yundo/ydlidar_ws/install/ydlidar_ros2_driver PYTHONPATH=/home/yundo/f1tenth_ws/build/f1tenth_stack/prefix_override:/usr/lib/python3/dist-packages/colcon_core/task/python/colcon_distutils_commands:/home/yundo/f1tenth_ws/install/f1tenth_stack/lib/python3.8/site-packages:/home/yundo/f1tenth_ws/install/joy_teleop/lib/python3.8/site-packages:/home/yundo/f1tenth_ws/install/teleop_tools_msgs/lib/python3.8/site-packages:/home/yundo/f1tenth_ws/install/f1tenth_stack/lib/python3.8/site-packages:/home/yundo/f1tenth_ws/install/mouse_teleop/lib/python3.8/site-packages:/home/yundo/f1tenth_ws/install/key_teleop/lib/python3.8/site-packages:/home/yundo/vesc_ws/install/vesc_msgs/lib/python3.8/site-packages:/opt/ros/foxy/lib/python3.8/site-packages /usr/bin/python3 -W ignore:setup.py install is deprecated -W ignore:easy_install command is deprecated setup.py egg_info --egg-base ../../../build/f1tenth_stack build --build-base /home/yundo/f1tenth_ws/build/f1tenth_stack/build install --record /home/yundo/f1tenth_ws/build/f1tenth_stack/install.log --install-scripts $base/lib/f1tenth_stack --single-version-externally-managed install_data
[17.180s] Level 1:colcon.colcon_core.environment:checking '/home/yundo/f1tenth_ws/install/f1tenth_stack' for CMake module files
[17.182s] DEBUG:colcon.colcon_core.event_handler.log_command:Invoked command in '/home/yundo/f1tenth_ws/src/f1tenth_system/f1tenth_stack' returned '0': AMENT_PREFIX_PATH=/home/yundo/f1tenth_ws/install/joy_teleop:/home/yundo/f1tenth_ws/install/teleop_tools:/home/yundo/f1tenth_ws/install/f1tenth_stack:/home/yundo/f1tenth_ws/install/teleop_tools_msgs:/home/yundo/f1tenth_ws/install/mouse_teleop:/home/yundo/f1tenth_ws/install/key_teleop:/home/yundo/f1tenth_ws/install/ackermann_mux:/home/yundo/vesc_ws/install/vesc:/home/yundo/vesc_ws/install/vesc_driver:/home/yundo/vesc_ws/install/vesc_ackermann:/home/yundo/vesc_ws/install/vesc_msgs:/home/yundo/vesc_ws/install/udp_driver:/home/yundo/vesc_ws/install/io_context:/home/yundo/vesc_ws/install/asio_cmake_module:/home/yundo/ydlidar_ws/install/ydlidar_ros2_driver:/opt/ros/foxy BYOBU_DATE=%Y-%m-%d CMAKE_PREFIX_PATH=/home/yundo/f1tenth_ws/install/teleop_tools_msgs:/home/yundo/f1tenth_ws/install/ackermann_mux:/home/yundo/f1tenth_ws/install/teleop_tools:/home/yundo/vesc_ws/install/vesc:/home/yundo/vesc_ws/install/vesc_driver:/home/yundo/vesc_ws/install/vesc_ackermann:/home/yundo/vesc_ws/install/vesc_msgs:/home/yundo/vesc_ws/install/udp_driver:/home/yundo/vesc_ws/install/io_context:/home/yundo/vesc_ws/install/asio_cmake_module:/home/yundo/ydlidar_ws/install/ydlidar_ros2_driver PYTHONPATH=/home/yundo/f1tenth_ws/build/f1tenth_stack/prefix_override:/usr/lib/python3/dist-packages/colcon_core/task/python/colcon_distutils_commands:/home/yundo/f1tenth_ws/install/f1tenth_stack/lib/python3.8/site-packages:/home/yundo/f1tenth_ws/install/joy_teleop/lib/python3.8/site-packages:/home/yundo/f1tenth_ws/install/teleop_tools_msgs/lib/python3.8/site-packages:/home/yundo/f1tenth_ws/install/f1tenth_stack/lib/python3.8/site-packages:/home/yundo/f1tenth_ws/install/mouse_teleop/lib/python3.8/site-packages:/home/yundo/f1tenth_ws/install/key_teleop/lib/python3.8/site-packages:/home/yundo/vesc_ws/install/vesc_msgs/lib/python3.8/site-packages:/opt/ros/foxy/lib/python3.8/site-packages /usr/bin/python3 -W ignore:setup.py install is deprecated -W ignore:easy_install command is deprecated setup.py egg_info --egg-base ../../../build/f1tenth_stack build --build-base /home/yundo/f1tenth_ws/build/f1tenth_stack/build install --record /home/yundo/f1tenth_ws/build/f1tenth_stack/install.log --install-scripts $base/lib/f1tenth_stack --single-version-externally-managed install_data
[17.184s] Level 1:colcon.colcon_core.environment:checking '/home/yundo/f1tenth_ws/install/f1tenth_stack' for CMake config files
[17.187s] Level 1:colcon.colcon_core.environment:checking '/home/yundo/f1tenth_ws/install/f1tenth_stack/lib'
[17.187s] Level 1:colcon.colcon_core.environment:checking '/home/yundo/f1tenth_ws/install/f1tenth_stack/bin'
[17.188s] Level 1:colcon.colcon_core.environment:checking '/home/yundo/f1tenth_ws/install/f1tenth_stack/lib/pkgconfig/f1tenth_stack.pc'
[17.188s] Level 1:colcon.colcon_core.environment:checking '/home/yundo/f1tenth_ws/install/f1tenth_stack/lib/python3.8/site-packages'
[17.189s] Level 1:colcon.colcon_core.shell:create_environment_hook('f1tenth_stack', 'pythonpath')
[17.190s] INFO:colcon.colcon_core.shell:Creating environment hook '/home/yundo/f1tenth_ws/install/f1tenth_stack/share/f1tenth_stack/hook/pythonpath.ps1'
[17.192s] INFO:colcon.colcon_core.shell:Creating environment descriptor '/home/yundo/f1tenth_ws/install/f1tenth_stack/share/f1tenth_stack/hook/pythonpath.dsv'
[17.193s] INFO:colcon.colcon_core.shell:Creating environment hook '/home/yundo/f1tenth_ws/install/f1tenth_stack/share/f1tenth_stack/hook/pythonpath.sh'
[17.195s] Level 1:colcon.colcon_core.environment:checking '/home/yundo/f1tenth_ws/install/f1tenth_stack/bin'
[17.196s] Level 1:colcon.colcon_core.environment:create_environment_scripts_only(f1tenth_stack)
[17.197s] INFO:colcon.colcon_core.shell:Creating package script '/home/yundo/f1tenth_ws/install/f1tenth_stack/share/f1tenth_stack/package.ps1'
[17.199s] INFO:colcon.colcon_core.shell:Creating package descriptor '/home/yundo/f1tenth_ws/install/f1tenth_stack/share/f1tenth_stack/package.dsv'
[17.201s] INFO:colcon.colcon_core.shell:Creating package script '/home/yundo/f1tenth_ws/install/f1tenth_stack/share/f1tenth_stack/package.sh'
[17.203s] INFO:colcon.colcon_core.shell:Creating package script '/home/yundo/f1tenth_ws/install/f1tenth_stack/share/f1tenth_stack/package.bash'
[17.204s] INFO:colcon.colcon_core.shell:Creating package script '/home/yundo/f1tenth_ws/install/f1tenth_stack/share/f1tenth_stack/package.zsh'
[17.205s] Level 1:colcon.colcon_core.environment:create_file_with_runtime_dependencies(/home/yundo/f1tenth_ws/install/f1tenth_stack/share/colcon-core/packages/f1tenth_stack)
[17.207s] DEBUG:colcon.colcon_parallel_executor.executor.parallel:closing loop
[17.208s] DEBUG:colcon.colcon_parallel_executor.executor.parallel:loop closed
[17.208s] DEBUG:colcon.colcon_parallel_executor.executor.parallel:run_until_complete finished with '0'
[17.209s] DEBUG:colcon.colcon_core.event_reactor:joining thread
[17.236s] INFO:colcon.colcon_core.plugin_system:Skipping extension 'colcon_notification.desktop_notification.terminal_notifier': Not used on non-Darwin systems
[17.236s] INFO:colcon.colcon_core.plugin_system:Skipping extension 'colcon_notification.desktop_notification.win32': Not used on non-Windows systems
[17.237s] INFO:colcon.colcon_notification.desktop_notification:Sending desktop notification using 'notify2'
[17.291s] DEBUG:colcon.colcon_core.event_reactor:joined thread
[17.292s] INFO:colcon.colcon_core.shell:Creating prefix script '/home/yundo/f1tenth_ws/install/local_setup.ps1'
[17.298s] INFO:colcon.colcon_core.shell:Creating prefix util module '/home/yundo/f1tenth_ws/install/_local_setup_util_ps1.py'
[17.307s] INFO:colcon.colcon_core.shell:Creating prefix chain script '/home/yundo/f1tenth_ws/install/setup.ps1'
[17.316s] INFO:colcon.colcon_core.shell:Creating prefix script '/home/yundo/f1tenth_ws/install/local_setup.sh'
[17.320s] INFO:colcon.colcon_core.shell:Creating prefix util module '/home/yundo/f1tenth_ws/install/_local_setup_util_sh.py'
[17.322s] INFO:colcon.colcon_core.shell:Creating prefix chain script '/home/yundo/f1tenth_ws/install/setup.sh'
[17.331s] INFO:colcon.colcon_core.shell:Creating prefix script '/home/yundo/f1tenth_ws/install/local_setup.bash'
[17.335s] INFO:colcon.colcon_core.shell:Creating prefix chain script '/home/yundo/f1tenth_ws/install/setup.bash'
[17.343s] INFO:colcon.colcon_core.shell:Creating prefix script '/home/yundo/f1tenth_ws/install/local_setup.zsh'
[17.347s] INFO:colcon.colcon_core.shell:Creating prefix chain script '/home/yundo/f1tenth_ws/install/setup.zsh'
