[0.062s] Invoking command in '/home/yundo/f1tenth_ws/build/vesc': AMENT_PREFIX_PATH=/home/yundo/f1tenth_ws/install/vesc_driver:/home/yundo/f1tenth_ws/install/vesc_ackermann:/home/yundo/f1tenth_ws/install/vesc_msgs:${AMENT_PREFIX_PATH} BYOBU_DATE=%Y-%m-%d CMAKE_PREFIX_PATH=/home/yundo/f1tenth_ws/install/vesc_driver:/home/yundo/f1tenth_ws/install/vesc_ackermann:/home/yundo/f1tenth_ws/install/vesc_msgs:/opt/ros/foxy LD_LIBRARY_PATH=/home/yundo/f1tenth_ws/install/vesc_driver/lib:/home/yundo/f1tenth_ws/install/vesc_ackermann/lib:/home/yundo/f1tenth_ws/install/vesc_msgs/lib:${LD_LIBRARY_PATH} PYTHONPATH=/home/yundo/f1tenth_ws/install/vesc_msgs/lib/python3.8/site-packages:${PYTHONPATH} /usr/bin/cmake /home/yundo/f1tenth_ws/src/f1tenth_system/vesc/vesc -DCMAKE_INSTALL_PREFIX=/home/yundo/f1tenth_ws/install/vesc
[0.535s] -- The C compiler identification is GNU 8.4.0
[0.747s] -- The CXX compiler identification is GNU 8.4.0
[0.770s] -- Check for working C compiler: /usr/bin/cc
[1.021s] -- Check for working C compiler: /usr/bin/cc -- works
[1.027s] -- Detecting C compiler ABI info
[1.272s] -- Detecting C compiler ABI info - done
[1.319s] -- Detecting C compile features
[1.321s] -- Detecting C compile features - done
[1.332s] -- Check for working CXX compiler: /usr/bin/c++
[1.611s] -- Check for working CXX compiler: /usr/bin/c++ -- works
[1.615s] -- Detecting CXX compiler ABI info
[1.899s] -- Detecting CXX compiler ABI info - done
[1.949s] -- Detecting CXX compile features
[1.951s] -- Detecting CXX compile features - done
[1.966s] -- Found ament_cmake_auto: 0.9.12 (/opt/ros/foxy/share/ament_cmake_auto/cmake)
[2.096s] -- Found PythonInterp: /usr/bin/python3 (found suitable version "3.8.10", minimum required is "3") 
[2.097s] -- Using PYTHON_EXECUTABLE: /usr/bin/python3
[3.613s] -- Configuring done
[3.620s] -- Generating done
[3.623s] -- Build files have been written to: /home/yundo/f1tenth_ws/build/vesc
[3.636s] Invoked command in '/home/yundo/f1tenth_ws/build/vesc' returned '0': AMENT_PREFIX_PATH=/home/yundo/f1tenth_ws/install/vesc_driver:/home/yundo/f1tenth_ws/install/vesc_ackermann:/home/yundo/f1tenth_ws/install/vesc_msgs:${AMENT_PREFIX_PATH} BYOBU_DATE=%Y-%m-%d CMAKE_PREFIX_PATH=/home/yundo/f1tenth_ws/install/vesc_driver:/home/yundo/f1tenth_ws/install/vesc_ackermann:/home/yundo/f1tenth_ws/install/vesc_msgs:/opt/ros/foxy LD_LIBRARY_PATH=/home/yundo/f1tenth_ws/install/vesc_driver/lib:/home/yundo/f1tenth_ws/install/vesc_ackermann/lib:/home/yundo/f1tenth_ws/install/vesc_msgs/lib:${LD_LIBRARY_PATH} PYTHONPATH=/home/yundo/f1tenth_ws/install/vesc_msgs/lib/python3.8/site-packages:${PYTHONPATH} /usr/bin/cmake /home/yundo/f1tenth_ws/src/f1tenth_system/vesc/vesc -DCMAKE_INSTALL_PREFIX=/home/yundo/f1tenth_ws/install/vesc
[3.646s] Invoking command in '/home/yundo/f1tenth_ws/build/vesc': AMENT_PREFIX_PATH=/home/yundo/f1tenth_ws/install/vesc_driver:/home/yundo/f1tenth_ws/install/vesc_ackermann:/home/yundo/f1tenth_ws/install/vesc_msgs:${AMENT_PREFIX_PATH} BYOBU_DATE=%Y-%m-%d CMAKE_PREFIX_PATH=/home/yundo/f1tenth_ws/install/vesc_driver:/home/yundo/f1tenth_ws/install/vesc_ackermann:/home/yundo/f1tenth_ws/install/vesc_msgs:/opt/ros/foxy LD_LIBRARY_PATH=/home/yundo/f1tenth_ws/install/vesc_driver/lib:/home/yundo/f1tenth_ws/install/vesc_ackermann/lib:/home/yundo/f1tenth_ws/install/vesc_msgs/lib:${LD_LIBRARY_PATH} PYTHONPATH=/home/yundo/f1tenth_ws/install/vesc_msgs/lib/python3.8/site-packages:${PYTHONPATH} /usr/bin/cmake --build /home/yundo/f1tenth_ws/build/vesc -- -j4 -l4
[3.790s] Invoked command in '/home/yundo/f1tenth_ws/build/vesc' returned '0': AMENT_PREFIX_PATH=/home/yundo/f1tenth_ws/install/vesc_driver:/home/yundo/f1tenth_ws/install/vesc_ackermann:/home/yundo/f1tenth_ws/install/vesc_msgs:${AMENT_PREFIX_PATH} BYOBU_DATE=%Y-%m-%d CMAKE_PREFIX_PATH=/home/yundo/f1tenth_ws/install/vesc_driver:/home/yundo/f1tenth_ws/install/vesc_ackermann:/home/yundo/f1tenth_ws/install/vesc_msgs:/opt/ros/foxy LD_LIBRARY_PATH=/home/yundo/f1tenth_ws/install/vesc_driver/lib:/home/yundo/f1tenth_ws/install/vesc_ackermann/lib:/home/yundo/f1tenth_ws/install/vesc_msgs/lib:${LD_LIBRARY_PATH} PYTHONPATH=/home/yundo/f1tenth_ws/install/vesc_msgs/lib/python3.8/site-packages:${PYTHONPATH} /usr/bin/cmake --build /home/yundo/f1tenth_ws/build/vesc -- -j4 -l4
[3.869s] Invoking command in '/home/yundo/f1tenth_ws/build/vesc': AMENT_PREFIX_PATH=/home/yundo/f1tenth_ws/install/vesc_driver:/home/yundo/f1tenth_ws/install/vesc_ackermann:/home/yundo/f1tenth_ws/install/vesc_msgs:${AMENT_PREFIX_PATH} BYOBU_DATE=%Y-%m-%d CMAKE_PREFIX_PATH=/home/yundo/f1tenth_ws/install/vesc_driver:/home/yundo/f1tenth_ws/install/vesc_ackermann:/home/yundo/f1tenth_ws/install/vesc_msgs:/opt/ros/foxy LD_LIBRARY_PATH=/home/yundo/f1tenth_ws/install/vesc_driver/lib:/home/yundo/f1tenth_ws/install/vesc_ackermann/lib:/home/yundo/f1tenth_ws/install/vesc_msgs/lib:${LD_LIBRARY_PATH} PYTHONPATH=/home/yundo/f1tenth_ws/install/vesc_msgs/lib/python3.8/site-packages:${PYTHONPATH} /usr/bin/cmake --install /home/yundo/f1tenth_ws/build/vesc
[3.902s] -- Install configuration: ""
[3.903s] -- Installing: /home/yundo/f1tenth_ws/install/vesc/share/ament_index/resource_index/package_run_dependencies/vesc
[3.904s] -- Installing: /home/yundo/f1tenth_ws/install/vesc/share/ament_index/resource_index/parent_prefix_path/vesc
[3.904s] -- Installing: /home/yundo/f1tenth_ws/install/vesc/share/vesc/environment/ament_prefix_path.sh
[3.905s] -- Installing: /home/yundo/f1tenth_ws/install/vesc/share/vesc/environment/ament_prefix_path.dsv
[3.906s] -- Installing: /home/yundo/f1tenth_ws/install/vesc/share/vesc/environment/path.sh
[3.906s] -- Installing: /home/yundo/f1tenth_ws/install/vesc/share/vesc/environment/path.dsv
[3.907s] -- Installing: /home/yundo/f1tenth_ws/install/vesc/share/vesc/local_setup.bash
[3.907s] -- Installing: /home/yundo/f1tenth_ws/install/vesc/share/vesc/local_setup.sh
[3.908s] -- Installing: /home/yundo/f1tenth_ws/install/vesc/share/vesc/local_setup.zsh
[3.908s] -- Installing: /home/yundo/f1tenth_ws/install/vesc/share/vesc/local_setup.dsv
[3.909s] -- Installing: /home/yundo/f1tenth_ws/install/vesc/share/vesc/package.dsv
[3.909s] -- Installing: /home/yundo/f1tenth_ws/install/vesc/share/ament_index/resource_index/packages/vesc
[3.910s] -- Installing: /home/yundo/f1tenth_ws/install/vesc/share/vesc/cmake/vescConfig.cmake
[3.910s] -- Installing: /home/yundo/f1tenth_ws/install/vesc/share/vesc/cmake/vescConfig-version.cmake
[3.911s] -- Installing: /home/yundo/f1tenth_ws/install/vesc/share/vesc/package.xml
[3.920s] Invoked command in '/home/yundo/f1tenth_ws/build/vesc' returned '0': AMENT_PREFIX_PATH=/home/yundo/f1tenth_ws/install/vesc_driver:/home/yundo/f1tenth_ws/install/vesc_ackermann:/home/yundo/f1tenth_ws/install/vesc_msgs:${AMENT_PREFIX_PATH} BYOBU_DATE=%Y-%m-%d CMAKE_PREFIX_PATH=/home/yundo/f1tenth_ws/install/vesc_driver:/home/yundo/f1tenth_ws/install/vesc_ackermann:/home/yundo/f1tenth_ws/install/vesc_msgs:/opt/ros/foxy LD_LIBRARY_PATH=/home/yundo/f1tenth_ws/install/vesc_driver/lib:/home/yundo/f1tenth_ws/install/vesc_ackermann/lib:/home/yundo/f1tenth_ws/install/vesc_msgs/lib:${LD_LIBRARY_PATH} PYTHONPATH=/home/yundo/f1tenth_ws/install/vesc_msgs/lib/python3.8/site-packages:${PYTHONPATH} /usr/bin/cmake --install /home/yundo/f1tenth_ws/build/vesc
