[0.470s] Invoking command in '/home/yundo/f1tenth_ws/build/ackermann_mux': BYOBU_DATE=%Y-%m-%d CMAKE_PREFIX_PATH=/home/yundo/f1tenth_ws/install/teleop_tools:/home/yundo/f1tenth_ws/install/teleop_tools_msgs:/home/yundo/f1tenth_ws/install/ackermann_mux:/home/yundo/vesc_ws/install/vesc:/home/yundo/vesc_ws/install/vesc_driver:/home/yundo/vesc_ws/install/vesc_ackermann:/home/yundo/f1tenth_ws/install/f1tenth_stack:/home/yundo/f1tenth_ws/install/joy_teleop:/home/yundo/f1tenth_ws/install/mouse_teleop:/home/yundo/f1tenth_ws/install/key_teleop:/opt/ros/foxy:/home/yundo/vesc_ws/install/vesc_msgs:/home/yundo/vesc_ws/install/udp_driver:/home/yundo/vesc_ws/install/io_context:/home/yundo/vesc_ws/install/asio_cmake_module:/home/yundo/ydlidar_ws/install/ydlidar_ros2_driver /usr/bin/cmake --build /home/yundo/f1tenth_ws/build/ackermann_mux -- -j4 -l4
[4.026s] [100%] Built target ackermann_mux
[4.028s] Invoked command in '/home/yundo/f1tenth_ws/build/ackermann_mux' returned '0': BYOBU_DATE=%Y-%m-%d CMAKE_PREFIX_PATH=/home/yundo/f1tenth_ws/install/teleop_tools:/home/yundo/f1tenth_ws/install/teleop_tools_msgs:/home/yundo/f1tenth_ws/install/ackermann_mux:/home/yundo/vesc_ws/install/vesc:/home/yundo/vesc_ws/install/vesc_driver:/home/yundo/vesc_ws/install/vesc_ackermann:/home/yundo/f1tenth_ws/install/f1tenth_stack:/home/yundo/f1tenth_ws/install/joy_teleop:/home/yundo/f1tenth_ws/install/mouse_teleop:/home/yundo/f1tenth_ws/install/key_teleop:/opt/ros/foxy:/home/yundo/vesc_ws/install/vesc_msgs:/home/yundo/vesc_ws/install/udp_driver:/home/yundo/vesc_ws/install/io_context:/home/yundo/vesc_ws/install/asio_cmake_module:/home/yundo/ydlidar_ws/install/ydlidar_ros2_driver /usr/bin/cmake --build /home/yundo/f1tenth_ws/build/ackermann_mux -- -j4 -l4
[4.336s] Invoking command in '/home/yundo/f1tenth_ws/build/ackermann_mux': BYOBU_DATE=%Y-%m-%d CMAKE_PREFIX_PATH=/home/yundo/f1tenth_ws/install/teleop_tools:/home/yundo/f1tenth_ws/install/teleop_tools_msgs:/home/yundo/f1tenth_ws/install/ackermann_mux:/home/yundo/vesc_ws/install/vesc:/home/yundo/vesc_ws/install/vesc_driver:/home/yundo/vesc_ws/install/vesc_ackermann:/home/yundo/f1tenth_ws/install/f1tenth_stack:/home/yundo/f1tenth_ws/install/joy_teleop:/home/yundo/f1tenth_ws/install/mouse_teleop:/home/yundo/f1tenth_ws/install/key_teleop:/opt/ros/foxy:/home/yundo/vesc_ws/install/vesc_msgs:/home/yundo/vesc_ws/install/udp_driver:/home/yundo/vesc_ws/install/io_context:/home/yundo/vesc_ws/install/asio_cmake_module:/home/yundo/ydlidar_ws/install/ydlidar_ros2_driver /usr/bin/cmake --install /home/yundo/f1tenth_ws/build/ackermann_mux
[4.495s] -- Install configuration: ""
[4.495s] -- Up-to-date: /home/yundo/f1tenth_ws/install/ackermann_mux/lib/ackermann_mux/ackermann_mux
[4.496s] -- Up-to-date: /home/yundo/f1tenth_ws/install/ackermann_mux/share/ackermann_mux/launch
[4.600s] -- Up-to-date: /home/yundo/f1tenth_ws/install/ackermann_mux/share/ackermann_mux/launch/ackermann_mux_launch.py
[4.601s] -- Up-to-date: /home/yundo/f1tenth_ws/install/ackermann_mux/share/ackermann_mux/config
[4.665s] -- Up-to-date: /home/yundo/f1tenth_ws/install/ackermann_mux/share/ackermann_mux/config/ackermann_mux_locks.yaml
[4.666s] -- Up-to-date: /home/yundo/f1tenth_ws/install/ackermann_mux/share/ackermann_mux/config/ackermann_mux_topics.yaml
[4.666s] -- Up-to-date: /home/yundo/f1tenth_ws/install/ackermann_mux/share/ackermann_mux/config/joystick.yaml
[4.667s] -- Up-to-date: /home/yundo/f1tenth_ws/install/ackermann_mux/include
[4.688s] -- Up-to-date: /home/yundo/f1tenth_ws/install/ackermann_mux/include/ackermann_mux
[4.690s] -- Up-to-date: /home/yundo/f1tenth_ws/install/ackermann_mux/include/ackermann_mux/ackermann_mux_diagnostics_status.hpp
[4.690s] -- Up-to-date: /home/yundo/f1tenth_ws/install/ackermann_mux/include/ackermann_mux/utils.hpp
[4.691s] -- Up-to-date: /home/yundo/f1tenth_ws/install/ackermann_mux/include/ackermann_mux/ackermann_mux.hpp
[4.691s] -- Up-to-date: /home/yundo/f1tenth_ws/install/ackermann_mux/include/ackermann_mux/ackermann_mux_diagnostics.hpp
[4.692s] -- Up-to-date: /home/yundo/f1tenth_ws/install/ackermann_mux/include/ackermann_mux/topic_handle.hpp
[4.692s] -- Up-to-date: /home/yundo/f1tenth_ws/install/ackermann_mux/include/ackermann_mux/params_helpers.hpp
[4.693s] -- Up-to-date: /home/yundo/f1tenth_ws/install/ackermann_mux/share/ament_index/resource_index/package_run_dependencies/ackermann_mux
[4.789s] -- Up-to-date: /home/yundo/f1tenth_ws/install/ackermann_mux/share/ament_index/resource_index/parent_prefix_path/ackermann_mux
[4.790s] -- Up-to-date: /home/yundo/f1tenth_ws/install/ackermann_mux/share/ackermann_mux/environment/ament_prefix_path.sh
[4.791s] -- Up-to-date: /home/yundo/f1tenth_ws/install/ackermann_mux/share/ackermann_mux/environment/ament_prefix_path.dsv
[4.791s] -- Up-to-date: /home/yundo/f1tenth_ws/install/ackermann_mux/share/ackermann_mux/environment/path.sh
[4.792s] -- Up-to-date: /home/yundo/f1tenth_ws/install/ackermann_mux/share/ackermann_mux/environment/path.dsv
[4.792s] -- Up-to-date: /home/yundo/f1tenth_ws/install/ackermann_mux/share/ackermann_mux/local_setup.bash
[4.793s] -- Up-to-date: /home/yundo/f1tenth_ws/install/ackermann_mux/share/ackermann_mux/local_setup.sh
[4.793s] -- Up-to-date: /home/yundo/f1tenth_ws/install/ackermann_mux/share/ackermann_mux/local_setup.zsh
[4.793s] -- Up-to-date: /home/yundo/f1tenth_ws/install/ackermann_mux/share/ackermann_mux/local_setup.dsv
[4.794s] -- Installing: /home/yundo/f1tenth_ws/install/ackermann_mux/share/ackermann_mux/package.dsv
[4.973s] -- Up-to-date: /home/yundo/f1tenth_ws/install/ackermann_mux/share/ament_index/resource_index/packages/ackermann_mux
[5.070s] -- Up-to-date: /home/yundo/f1tenth_ws/install/ackermann_mux/share/ackermann_mux/cmake/ament_cmake_export_include_directories-extras.cmake
[5.071s] -- Up-to-date: /home/yundo/f1tenth_ws/install/ackermann_mux/share/ackermann_mux/cmake/ament_cmake_export_dependencies-extras.cmake
[5.072s] -- Up-to-date: /home/yundo/f1tenth_ws/install/ackermann_mux/share/ackermann_mux/cmake/ackermann_muxConfig.cmake
[5.072s] -- Up-to-date: /home/yundo/f1tenth_ws/install/ackermann_mux/share/ackermann_mux/cmake/ackermann_muxConfig-version.cmake
[5.072s] -- Up-to-date: /home/yundo/f1tenth_ws/install/ackermann_mux/share/ackermann_mux/package.xml
[5.079s] Invoked command in '/home/yundo/f1tenth_ws/build/ackermann_mux' returned '0': BYOBU_DATE=%Y-%m-%d CMAKE_PREFIX_PATH=/home/yundo/f1tenth_ws/install/teleop_tools:/home/yundo/f1tenth_ws/install/teleop_tools_msgs:/home/yundo/f1tenth_ws/install/ackermann_mux:/home/yundo/vesc_ws/install/vesc:/home/yundo/vesc_ws/install/vesc_driver:/home/yundo/vesc_ws/install/vesc_ackermann:/home/yundo/f1tenth_ws/install/f1tenth_stack:/home/yundo/f1tenth_ws/install/joy_teleop:/home/yundo/f1tenth_ws/install/mouse_teleop:/home/yundo/f1tenth_ws/install/key_teleop:/opt/ros/foxy:/home/yundo/vesc_ws/install/vesc_msgs:/home/yundo/vesc_ws/install/udp_driver:/home/yundo/vesc_ws/install/io_context:/home/yundo/vesc_ws/install/asio_cmake_module:/home/yundo/ydlidar_ws/install/ydlidar_ros2_driver /usr/bin/cmake --install /home/yundo/f1tenth_ws/build/ackermann_mux
