/home/yundo/f1tenth_ws/install/joy_teleop/lib/python3.8/site-packages/joy_teleop/incrementer_server.py
/home/yundo/f1tenth_ws/install/joy_teleop/lib/python3.8/site-packages/joy_teleop/joy_teleop.py
/home/yundo/f1tenth_ws/install/joy_teleop/lib/python3.8/site-packages/joy_teleop/joy_teleop.old.py
/home/yundo/f1tenth_ws/install/joy_teleop/lib/python3.8/site-packages/joy_teleop/__init__.py
/home/yundo/f1tenth_ws/install/joy_teleop/lib/python3.8/site-packages/joy_teleop/__pycache__/incrementer_server.cpython-38.pyc
/home/yundo/f1tenth_ws/install/joy_teleop/lib/python3.8/site-packages/joy_teleop/__pycache__/joy_teleop.cpython-38.pyc
/home/yundo/f1tenth_ws/install/joy_teleop/lib/python3.8/site-packages/joy_teleop/__pycache__/joy_teleop.old.cpython-38.pyc
/home/yundo/f1tenth_ws/install/joy_teleop/lib/python3.8/site-packages/joy_teleop/__pycache__/__init__.cpython-38.pyc
/home/yundo/f1tenth_ws/install/joy_teleop/share/joy_teleop/package.xml
/home/yundo/f1tenth_ws/install/joy_teleop/share/joy_teleop/config/joy_teleop_example.yaml
/home/yundo/f1tenth_ws/install/joy_teleop/share/joy_teleop/launch/example.launch.py
/home/yundo/f1tenth_ws/install/joy_teleop/share/ament_index/resource_index/packages/joy_teleop
/home/yundo/f1tenth_ws/install/joy_teleop/lib/python3.8/site-packages/joy_teleop-0.3.0-py3.8.egg-info/top_level.txt
/home/yundo/f1tenth_ws/install/joy_teleop/lib/python3.8/site-packages/joy_teleop-0.3.0-py3.8.egg-info/entry_points.txt
/home/yundo/f1tenth_ws/install/joy_teleop/lib/python3.8/site-packages/joy_teleop-0.3.0-py3.8.egg-info/dependency_links.txt
/home/yundo/f1tenth_ws/install/joy_teleop/lib/python3.8/site-packages/joy_teleop-0.3.0-py3.8.egg-info/SOURCES.txt
/home/yundo/f1tenth_ws/install/joy_teleop/lib/python3.8/site-packages/joy_teleop-0.3.0-py3.8.egg-info/zip-safe
/home/yundo/f1tenth_ws/install/joy_teleop/lib/python3.8/site-packages/joy_teleop-0.3.0-py3.8.egg-info/PKG-INFO
/home/yundo/f1tenth_ws/install/joy_teleop/lib/python3.8/site-packages/joy_teleop-0.3.0-py3.8.egg-info/requires.txt
/home/yundo/f1tenth_ws/install/joy_teleop/lib/joy_teleop/incrementer_server
/home/yundo/f1tenth_ws/install/joy_teleop/lib/joy_teleop/joy_teleop
