[0.231s] Invoking command in '/home/yundo/f1tenth_ws/build/ackermann_mux': BYOBU_DATE=%Y-%m-%d CMAKE_PREFIX_PATH=${CMAKE_PREFIX_PATH}:/home/yundo/f1tenth_ws/install/f1tenth_stack:/home/yundo/f1tenth_ws/install/joy_teleop:/home/yundo/f1tenth_ws/install/mouse_teleop:/home/yundo/f1tenth_ws/install/key_teleop:/opt/ros/foxy /usr/bin/cmake --build /home/yundo/f1tenth_ws/build/ackermann_mux -- -j4 -l4
[2.559s] [100%] Built target ackermann_mux
[4.681s] Invoked command in '/home/yundo/f1tenth_ws/build/ackermann_mux' returned '0': BYOBU_DATE=%Y-%m-%d CMAKE_PREFIX_PATH=${CMAKE_PREFIX_PATH}:/home/yundo/f1tenth_ws/install/f1tenth_stack:/home/yundo/f1tenth_ws/install/joy_teleop:/home/yundo/f1tenth_ws/install/mouse_teleop:/home/yundo/f1tenth_ws/install/key_teleop:/opt/ros/foxy /usr/bin/cmake --build /home/yundo/f1tenth_ws/build/ackermann_mux -- -j4 -l4
[5.230s] Invoking command in '/home/yundo/f1tenth_ws/build/ackermann_mux': BYOBU_DATE=%Y-%m-%d CMAKE_PREFIX_PATH=${CMAKE_PREFIX_PATH}:/home/yundo/f1tenth_ws/install/f1tenth_stack:/home/yundo/f1tenth_ws/install/joy_teleop:/home/yundo/f1tenth_ws/install/mouse_teleop:/home/yundo/f1tenth_ws/install/key_teleop:/opt/ros/foxy /usr/bin/cmake --install /home/yundo/f1tenth_ws/build/ackermann_mux
[5.308s] -- Install configuration: ""
[5.309s] -- Up-to-date: /home/yundo/f1tenth_ws/install/ackermann_mux/lib/ackermann_mux/ackermann_mux
[5.310s] -- Up-to-date: /home/yundo/f1tenth_ws/install/ackermann_mux/share/ackermann_mux/launch
[5.311s] -- Up-to-date: /home/yundo/f1tenth_ws/install/ackermann_mux/share/ackermann_mux/launch/ackermann_mux_launch.py
[5.313s] -- Up-to-date: /home/yundo/f1tenth_ws/install/ackermann_mux/share/ackermann_mux/config
[5.314s] -- Up-to-date: /home/yundo/f1tenth_ws/install/ackermann_mux/share/ackermann_mux/config/ackermann_mux_locks.yaml
[5.314s] -- Up-to-date: /home/yundo/f1tenth_ws/install/ackermann_mux/share/ackermann_mux/config/ackermann_mux_topics.yaml
[5.315s] -- Up-to-date: /home/yundo/f1tenth_ws/install/ackermann_mux/share/ackermann_mux/config/joystick.yaml
[5.316s] -- Up-to-date: /home/yundo/f1tenth_ws/install/ackermann_mux/include
[5.317s] -- Up-to-date: /home/yundo/f1tenth_ws/install/ackermann_mux/include/ackermann_mux
[5.317s] -- Up-to-date: /home/yundo/f1tenth_ws/install/ackermann_mux/include/ackermann_mux/ackermann_mux_diagnostics_status.hpp
[5.319s] -- Up-to-date: /home/yundo/f1tenth_ws/install/ackermann_mux/include/ackermann_mux/utils.hpp
[5.319s] -- Up-to-date: /home/yundo/f1tenth_ws/install/ackermann_mux/include/ackermann_mux/ackermann_mux.hpp
[5.320s] -- Up-to-date: /home/yundo/f1tenth_ws/install/ackermann_mux/include/ackermann_mux/ackermann_mux_diagnostics.hpp
[5.321s] -- Up-to-date: /home/yundo/f1tenth_ws/install/ackermann_mux/include/ackermann_mux/topic_handle.hpp
[5.342s] -- Up-to-date: /home/yundo/f1tenth_ws/install/ackermann_mux/include/ackermann_mux/params_helpers.hpp
[5.343s] -- Up-to-date: /home/yundo/f1tenth_ws/install/ackermann_mux/share/ament_index/resource_index/package_run_dependencies/ackermann_mux
[5.343s] -- Up-to-date: /home/yundo/f1tenth_ws/install/ackermann_mux/share/ament_index/resource_index/parent_prefix_path/ackermann_mux
[5.344s] -- Up-to-date: /home/yundo/f1tenth_ws/install/ackermann_mux/share/ackermann_mux/environment/ament_prefix_path.sh
[5.344s] -- Up-to-date: /home/yundo/f1tenth_ws/install/ackermann_mux/share/ackermann_mux/environment/ament_prefix_path.dsv
[5.345s] -- Up-to-date: /home/yundo/f1tenth_ws/install/ackermann_mux/share/ackermann_mux/environment/path.sh
[5.359s] -- Up-to-date: /home/yundo/f1tenth_ws/install/ackermann_mux/share/ackermann_mux/environment/path.dsv
[5.360s] -- Up-to-date: /home/yundo/f1tenth_ws/install/ackermann_mux/share/ackermann_mux/local_setup.bash
[5.360s] -- Up-to-date: /home/yundo/f1tenth_ws/install/ackermann_mux/share/ackermann_mux/local_setup.sh
[5.361s] -- Up-to-date: /home/yundo/f1tenth_ws/install/ackermann_mux/share/ackermann_mux/local_setup.zsh
[5.361s] -- Up-to-date: /home/yundo/f1tenth_ws/install/ackermann_mux/share/ackermann_mux/local_setup.dsv
[5.362s] -- Installing: /home/yundo/f1tenth_ws/install/ackermann_mux/share/ackermann_mux/package.dsv
[5.362s] -- Up-to-date: /home/yundo/f1tenth_ws/install/ackermann_mux/share/ament_index/resource_index/packages/ackermann_mux
[5.363s] -- Up-to-date: /home/yundo/f1tenth_ws/install/ackermann_mux/share/ackermann_mux/cmake/ament_cmake_export_include_directories-extras.cmake
[5.363s] -- Up-to-date: /home/yundo/f1tenth_ws/install/ackermann_mux/share/ackermann_mux/cmake/ament_cmake_export_dependencies-extras.cmake
[5.364s] -- Up-to-date: /home/yundo/f1tenth_ws/install/ackermann_mux/share/ackermann_mux/cmake/ackermann_muxConfig.cmake
[5.364s] -- Up-to-date: /home/yundo/f1tenth_ws/install/ackermann_mux/share/ackermann_mux/cmake/ackermann_muxConfig-version.cmake
[5.365s] -- Up-to-date: /home/yundo/f1tenth_ws/install/ackermann_mux/share/ackermann_mux/package.xml
[5.366s] Invoked command in '/home/yundo/f1tenth_ws/build/ackermann_mux' returned '0': BYOBU_DATE=%Y-%m-%d CMAKE_PREFIX_PATH=${CMAKE_PREFIX_PATH}:/home/yundo/f1tenth_ws/install/f1tenth_stack:/home/yundo/f1tenth_ws/install/joy_teleop:/home/yundo/f1tenth_ws/install/mouse_teleop:/home/yundo/f1tenth_ws/install/key_teleop:/opt/ros/foxy /usr/bin/cmake --install /home/yundo/f1tenth_ws/build/ackermann_mux
