[0.121s] Invoking command in '/home/yundo/f1tenth_ws/build/ackermann_mux': BYOBU_DATE=%Y-%m-%d CMAKE_PREFIX_PATH=/opt/ros/foxy /usr/bin/cmake /home/yundo/f1tenth_ws/src/f1tenth_system/ackermann_mux -DCMAKE_INSTALL_PREFIX=/home/yundo/f1tenth_ws/install/ackermann_mux
[1.762s] -- Found ament_cmake: 0.9.12 (/opt/ros/foxy/share/ament_cmake/cmake)
[1.766s] -- Using PYTHON_EXECUTABLE: /usr/bin/python3
[1.768s] -- Found rclcpp: 2.4.3 (/opt/ros/foxy/share/rclcpp/cmake)
[1.771s] -- Using all available rosidl_typesupport_c: rosidl_typesupport_fastrtps_c;rosidl_typesupport_introspection_c
[1.774s] -- Found rosidl_adapter: 1.3.1 (/opt/ros/foxy/share/rosidl_adapter/cmake)
[2.422s] -- Using all available rosidl_typesupport_cpp: rosidl_typesupport_fastrtps_cpp;rosidl_typesupport_introspection_cpp
[2.626s] -- Found rmw_implementation_cmake: 1.0.4 (/opt/ros/foxy/share/rmw_implementation_cmake/cmake)
[2.633s] -- Using RMW implementation 'rmw_fastrtps_cpp' as default
[3.355s] -- Found ackermann_msgs: 2.0.2 (/opt/ros/foxy/share/ackermann_msgs/cmake)
[3.526s] -- Found diagnostic_updater: 3.1.2 (/opt/ros/foxy/share/diagnostic_updater/cmake)
[3.855s] -- Found ament_lint_auto: 0.9.8 (/opt/ros/foxy/share/ament_lint_auto/cmake)
[4.337s] -- Found python_cmake_module: 0.8.1 (/opt/ros/foxy/share/python_cmake_module/cmake)
[4.448s] -- Found PythonInterp: /usr/bin/python3 (found suitable version "3.8.10", minimum required is "3.5") 
[4.478s] -- Found PythonLibs: /usr/lib/aarch64-linux-gnu/libpython3.8.so (found suitable version "3.8.10", minimum required is "3.5") 
[4.480s] -- Using PYTHON_EXECUTABLE: /usr/bin/python3
[4.480s] -- Using PYTHON_INCLUDE_DIRS: /usr/include/python3.8
[4.481s] -- Using PYTHON_LIBRARIES: /usr/lib/aarch64-linux-gnu/libpython3.8.so
[4.589s] -- Found PythonExtra: .so  
[4.683s] -- Added test 'xmllint' to check XML markup files
[4.685s] -- Added test 'copyright' to check source files copyright and LICENSE
[4.695s] -- Added test 'cppcheck' to perform static code analysis on C / C++ code
[4.696s] -- Configured cppcheck include dirs: /home/yundo/f1tenth_ws/src/f1tenth_system/ackermann_mux/include
[4.697s] -- Configured cppcheck exclude dirs and/or files: 
[4.706s] -- Added test 'cpplint' to check C / C++ code against the Google style
[4.707s] -- Configured cpplint exclude dirs and/or files: 
[4.709s] -- Added test 'flake8' to check Python code syntax and style conventions
[4.713s] -- Added test 'lint_cmake' to check CMake code style
[4.717s] -- Added test 'pep257' to check Python code against some of the style conventions in PEP 257
[4.731s] -- Added test 'uncrustify' to check C / C++ code style
[4.732s] -- Configured uncrustify additional arguments: 
[4.751s] -- Configuring done
[4.790s] -- Generating done
[4.796s] -- Build files have been written to: /home/yundo/f1tenth_ws/build/ackermann_mux
[4.840s] Invoked command in '/home/yundo/f1tenth_ws/build/ackermann_mux' returned '0': BYOBU_DATE=%Y-%m-%d CMAKE_PREFIX_PATH=/opt/ros/foxy /usr/bin/cmake /home/yundo/f1tenth_ws/src/f1tenth_system/ackermann_mux -DCMAKE_INSTALL_PREFIX=/home/yundo/f1tenth_ws/install/ackermann_mux
[4.845s] Invoking command in '/home/yundo/f1tenth_ws/build/ackermann_mux': BYOBU_DATE=%Y-%m-%d CMAKE_PREFIX_PATH=/opt/ros/foxy /usr/bin/cmake --build /home/yundo/f1tenth_ws/build/ackermann_mux -- -j4 -l4
[5.029s] [35m[1mScanning dependencies of target ackermann_mux[0m
[5.424s] [ 25%] [32mBuilding CXX object CMakeFiles/ackermann_mux.dir/src/ackermann_mux.cpp.o[0m
[5.457s] [ 50%] [32mBuilding CXX object CMakeFiles/ackermann_mux.dir/src/ackermann_mux_diagnostics.cpp.o[0m
[5.469s] [ 75%] [32mBuilding CXX object CMakeFiles/ackermann_mux.dir/src/ackermann_mux_node.cpp.o[0m
[53.120s] [100%] [32m[1mLinking CXX executable ackermann_mux[0m
[55.146s] [100%] Built target ackermann_mux
[55.211s] Invoked command in '/home/yundo/f1tenth_ws/build/ackermann_mux' returned '0': BYOBU_DATE=%Y-%m-%d CMAKE_PREFIX_PATH=/opt/ros/foxy /usr/bin/cmake --build /home/yundo/f1tenth_ws/build/ackermann_mux -- -j4 -l4
[55.347s] Invoking command in '/home/yundo/f1tenth_ws/build/ackermann_mux': BYOBU_DATE=%Y-%m-%d CMAKE_PREFIX_PATH=/opt/ros/foxy /usr/bin/cmake --install /home/yundo/f1tenth_ws/build/ackermann_mux
[55.400s] -- Install configuration: ""
[55.400s] -- Installing: /home/yundo/f1tenth_ws/install/ackermann_mux/lib/ackermann_mux/ackermann_mux
[55.417s] -- Set runtime path of "/home/yundo/f1tenth_ws/install/ackermann_mux/lib/ackermann_mux/ackermann_mux" to ""
[55.418s] -- Installing: /home/yundo/f1tenth_ws/install/ackermann_mux/share/ackermann_mux/launch
[55.420s] -- Installing: /home/yundo/f1tenth_ws/install/ackermann_mux/share/ackermann_mux/launch/ackermann_mux_launch.py
[55.422s] -- Installing: /home/yundo/f1tenth_ws/install/ackermann_mux/share/ackermann_mux/config
[55.424s] -- Installing: /home/yundo/f1tenth_ws/install/ackermann_mux/share/ackermann_mux/config/ackermann_mux_locks.yaml
[55.426s] -- Installing: /home/yundo/f1tenth_ws/install/ackermann_mux/share/ackermann_mux/config/ackermann_mux_topics.yaml
[55.428s] -- Installing: /home/yundo/f1tenth_ws/install/ackermann_mux/share/ackermann_mux/config/joystick.yaml
[55.431s] -- Installing: /home/yundo/f1tenth_ws/install/ackermann_mux/include
[55.433s] -- Installing: /home/yundo/f1tenth_ws/install/ackermann_mux/include/ackermann_mux
[55.435s] -- Installing: /home/yundo/f1tenth_ws/install/ackermann_mux/include/ackermann_mux/ackermann_mux_diagnostics_status.hpp
[55.437s] -- Installing: /home/yundo/f1tenth_ws/install/ackermann_mux/include/ackermann_mux/utils.hpp
[55.439s] -- Installing: /home/yundo/f1tenth_ws/install/ackermann_mux/include/ackermann_mux/ackermann_mux.hpp
[55.441s] -- Installing: /home/yundo/f1tenth_ws/install/ackermann_mux/include/ackermann_mux/ackermann_mux_diagnostics.hpp
[55.442s] -- Installing: /home/yundo/f1tenth_ws/install/ackermann_mux/include/ackermann_mux/topic_handle.hpp
[55.444s] -- Installing: /home/yundo/f1tenth_ws/install/ackermann_mux/include/ackermann_mux/params_helpers.hpp
[55.448s] -- Installing: /home/yundo/f1tenth_ws/install/ackermann_mux/share/ament_index/resource_index/package_run_dependencies/ackermann_mux
[55.451s] -- Installing: /home/yundo/f1tenth_ws/install/ackermann_mux/share/ament_index/resource_index/parent_prefix_path/ackermann_mux
[55.461s] -- Installing: /home/yundo/f1tenth_ws/install/ackermann_mux/share/ackermann_mux/environment/ament_prefix_path.sh
[55.463s] -- Installing: /home/yundo/f1tenth_ws/install/ackermann_mux/share/ackermann_mux/environment/ament_prefix_path.dsv
[55.465s] -- Installing: /home/yundo/f1tenth_ws/install/ackermann_mux/share/ackermann_mux/environment/path.sh
[55.468s] -- Installing: /home/yundo/f1tenth_ws/install/ackermann_mux/share/ackermann_mux/environment/path.dsv
[55.474s] -- Installing: /home/yundo/f1tenth_ws/install/ackermann_mux/share/ackermann_mux/local_setup.bash
[55.476s] -- Installing: /home/yundo/f1tenth_ws/install/ackermann_mux/share/ackermann_mux/local_setup.sh
[55.479s] -- Installing: /home/yundo/f1tenth_ws/install/ackermann_mux/share/ackermann_mux/local_setup.zsh
[55.481s] -- Installing: /home/yundo/f1tenth_ws/install/ackermann_mux/share/ackermann_mux/local_setup.dsv
[55.483s] -- Installing: /home/yundo/f1tenth_ws/install/ackermann_mux/share/ackermann_mux/package.dsv
[55.486s] -- Installing: /home/yundo/f1tenth_ws/install/ackermann_mux/share/ament_index/resource_index/packages/ackermann_mux
[55.487s] -- Installing: /home/yundo/f1tenth_ws/install/ackermann_mux/share/ackermann_mux/cmake/ament_cmake_export_include_directories-extras.cmake
[55.490s] -- Installing: /home/yundo/f1tenth_ws/install/ackermann_mux/share/ackermann_mux/cmake/ament_cmake_export_dependencies-extras.cmake
[55.492s] -- Installing: /home/yundo/f1tenth_ws/install/ackermann_mux/share/ackermann_mux/cmake/ackermann_muxConfig.cmake
[55.494s] -- Installing: /home/yundo/f1tenth_ws/install/ackermann_mux/share/ackermann_mux/cmake/ackermann_muxConfig-version.cmake
[55.496s] -- Installing: /home/yundo/f1tenth_ws/install/ackermann_mux/share/ackermann_mux/package.xml
[55.511s] Invoked command in '/home/yundo/f1tenth_ws/build/ackermann_mux' returned '0': BYOBU_DATE=%Y-%m-%d CMAKE_PREFIX_PATH=/opt/ros/foxy /usr/bin/cmake --install /home/yundo/f1tenth_ws/build/ackermann_mux
