[0.456s] Invoking command in '/home/yundo/f1tenth_ws/build/ackermann_mux': BYOBU_DATE=%Y-%m-%d CMAKE_PREFIX_PATH=/home/yundo/f1tenth_ws/install/teleop_tools:/home/yundo/f1tenth_ws/install/teleop_tools_msgs:/home/yundo/f1tenth_ws/install/ackermann_mux:/home/yundo/vesc_ws/install/vesc:/home/yundo/vesc_ws/install/vesc_driver:/home/yundo/vesc_ws/install/vesc_ackermann:/home/yundo/f1tenth_ws/install/f1tenth_stack:/home/yundo/f1tenth_ws/install/joy_teleop:/home/yundo/f1tenth_ws/install/mouse_teleop:/home/yundo/f1tenth_ws/install/key_teleop:/opt/ros/foxy:/home/yundo/vesc_ws/install/vesc_msgs:/home/yundo/vesc_ws/install/udp_driver:/home/yundo/vesc_ws/install/io_context:/home/yundo/vesc_ws/install/asio_cmake_module:/home/yundo/ydlidar_ws/install/ydlidar_ros2_driver /usr/bin/cmake --build /home/yundo/f1tenth_ws/build/ackermann_mux -- -j4 -l4
[1.994s] [100%] Built target ackermann_mux
[3.329s] Invoked command in '/home/yundo/f1tenth_ws/build/ackermann_mux' returned '0': BYOBU_DATE=%Y-%m-%d CMAKE_PREFIX_PATH=/home/yundo/f1tenth_ws/install/teleop_tools:/home/yundo/f1tenth_ws/install/teleop_tools_msgs:/home/yundo/f1tenth_ws/install/ackermann_mux:/home/yundo/vesc_ws/install/vesc:/home/yundo/vesc_ws/install/vesc_driver:/home/yundo/vesc_ws/install/vesc_ackermann:/home/yundo/f1tenth_ws/install/f1tenth_stack:/home/yundo/f1tenth_ws/install/joy_teleop:/home/yundo/f1tenth_ws/install/mouse_teleop:/home/yundo/f1tenth_ws/install/key_teleop:/opt/ros/foxy:/home/yundo/vesc_ws/install/vesc_msgs:/home/yundo/vesc_ws/install/udp_driver:/home/yundo/vesc_ws/install/io_context:/home/yundo/vesc_ws/install/asio_cmake_module:/home/yundo/ydlidar_ws/install/ydlidar_ros2_driver /usr/bin/cmake --build /home/yundo/f1tenth_ws/build/ackermann_mux -- -j4 -l4
[3.547s] Invoking command in '/home/yundo/f1tenth_ws/build/ackermann_mux': BYOBU_DATE=%Y-%m-%d CMAKE_PREFIX_PATH=/home/yundo/f1tenth_ws/install/teleop_tools:/home/yundo/f1tenth_ws/install/teleop_tools_msgs:/home/yundo/f1tenth_ws/install/ackermann_mux:/home/yundo/vesc_ws/install/vesc:/home/yundo/vesc_ws/install/vesc_driver:/home/yundo/vesc_ws/install/vesc_ackermann:/home/yundo/f1tenth_ws/install/f1tenth_stack:/home/yundo/f1tenth_ws/install/joy_teleop:/home/yundo/f1tenth_ws/install/mouse_teleop:/home/yundo/f1tenth_ws/install/key_teleop:/opt/ros/foxy:/home/yundo/vesc_ws/install/vesc_msgs:/home/yundo/vesc_ws/install/udp_driver:/home/yundo/vesc_ws/install/io_context:/home/yundo/vesc_ws/install/asio_cmake_module:/home/yundo/ydlidar_ws/install/ydlidar_ros2_driver /usr/bin/cmake --install /home/yundo/f1tenth_ws/build/ackermann_mux
[3.591s] -- Install configuration: ""
[3.592s] -- Up-to-date: /home/yundo/f1tenth_ws/install/ackermann_mux/lib/ackermann_mux/ackermann_mux
[3.594s] -- Up-to-date: /home/yundo/f1tenth_ws/install/ackermann_mux/share/ackermann_mux/launch
[3.594s] -- Up-to-date: /home/yundo/f1tenth_ws/install/ackermann_mux/share/ackermann_mux/launch/ackermann_mux_launch.py
[3.595s] -- Up-to-date: /home/yundo/f1tenth_ws/install/ackermann_mux/share/ackermann_mux/config
[3.596s] -- Up-to-date: /home/yundo/f1tenth_ws/install/ackermann_mux/share/ackermann_mux/config/ackermann_mux_locks.yaml
[3.596s] -- Up-to-date: /home/yundo/f1tenth_ws/install/ackermann_mux/share/ackermann_mux/config/ackermann_mux_topics.yaml
[3.597s] -- Up-to-date: /home/yundo/f1tenth_ws/install/ackermann_mux/share/ackermann_mux/config/joystick.yaml
[3.598s] -- Up-to-date: /home/yundo/f1tenth_ws/install/ackermann_mux/include
[3.599s] -- Up-to-date: /home/yundo/f1tenth_ws/install/ackermann_mux/include/ackermann_mux
[3.600s] -- Up-to-date: /home/yundo/f1tenth_ws/install/ackermann_mux/include/ackermann_mux/ackermann_mux_diagnostics_status.hpp
[3.600s] -- Up-to-date: /home/yundo/f1tenth_ws/install/ackermann_mux/include/ackermann_mux/utils.hpp
[3.601s] -- Up-to-date: /home/yundo/f1tenth_ws/install/ackermann_mux/include/ackermann_mux/ackermann_mux.hpp
[3.601s] -- Up-to-date: /home/yundo/f1tenth_ws/install/ackermann_mux/include/ackermann_mux/ackermann_mux_diagnostics.hpp
[3.602s] -- Up-to-date: /home/yundo/f1tenth_ws/install/ackermann_mux/include/ackermann_mux/topic_handle.hpp
[3.602s] -- Up-to-date: /home/yundo/f1tenth_ws/install/ackermann_mux/include/ackermann_mux/params_helpers.hpp
[3.603s] -- Up-to-date: /home/yundo/f1tenth_ws/install/ackermann_mux/share/ament_index/resource_index/package_run_dependencies/ackermann_mux
[3.604s] -- Up-to-date: /home/yundo/f1tenth_ws/install/ackermann_mux/share/ament_index/resource_index/parent_prefix_path/ackermann_mux
[3.605s] -- Up-to-date: /home/yundo/f1tenth_ws/install/ackermann_mux/share/ackermann_mux/environment/ament_prefix_path.sh
[3.605s] -- Up-to-date: /home/yundo/f1tenth_ws/install/ackermann_mux/share/ackermann_mux/environment/ament_prefix_path.dsv
[3.606s] -- Up-to-date: /home/yundo/f1tenth_ws/install/ackermann_mux/share/ackermann_mux/environment/path.sh
[3.606s] -- Up-to-date: /home/yundo/f1tenth_ws/install/ackermann_mux/share/ackermann_mux/environment/path.dsv
[3.607s] -- Up-to-date: /home/yundo/f1tenth_ws/install/ackermann_mux/share/ackermann_mux/local_setup.bash
[3.607s] -- Up-to-date: /home/yundo/f1tenth_ws/install/ackermann_mux/share/ackermann_mux/local_setup.sh
[3.608s] -- Up-to-date: /home/yundo/f1tenth_ws/install/ackermann_mux/share/ackermann_mux/local_setup.zsh
[3.609s] -- Up-to-date: /home/yundo/f1tenth_ws/install/ackermann_mux/share/ackermann_mux/local_setup.dsv
[3.609s] -- Installing: /home/yundo/f1tenth_ws/install/ackermann_mux/share/ackermann_mux/package.dsv
[3.610s] -- Up-to-date: /home/yundo/f1tenth_ws/install/ackermann_mux/share/ament_index/resource_index/packages/ackermann_mux
[3.610s] -- Up-to-date: /home/yundo/f1tenth_ws/install/ackermann_mux/share/ackermann_mux/cmake/ament_cmake_export_include_directories-extras.cmake
[3.610s] -- Up-to-date: /home/yundo/f1tenth_ws/install/ackermann_mux/share/ackermann_mux/cmake/ament_cmake_export_dependencies-extras.cmake
[3.612s] -- Up-to-date: /home/yundo/f1tenth_ws/install/ackermann_mux/share/ackermann_mux/cmake/ackermann_muxConfig.cmake
[3.612s] -- Up-to-date: /home/yundo/f1tenth_ws/install/ackermann_mux/share/ackermann_mux/cmake/ackermann_muxConfig-version.cmake
[3.613s] -- Up-to-date: /home/yundo/f1tenth_ws/install/ackermann_mux/share/ackermann_mux/package.xml
[3.626s] Invoked command in '/home/yundo/f1tenth_ws/build/ackermann_mux' returned '0': BYOBU_DATE=%Y-%m-%d CMAKE_PREFIX_PATH=/home/yundo/f1tenth_ws/install/teleop_tools:/home/yundo/f1tenth_ws/install/teleop_tools_msgs:/home/yundo/f1tenth_ws/install/ackermann_mux:/home/yundo/vesc_ws/install/vesc:/home/yundo/vesc_ws/install/vesc_driver:/home/yundo/vesc_ws/install/vesc_ackermann:/home/yundo/f1tenth_ws/install/f1tenth_stack:/home/yundo/f1tenth_ws/install/joy_teleop:/home/yundo/f1tenth_ws/install/mouse_teleop:/home/yundo/f1tenth_ws/install/key_teleop:/opt/ros/foxy:/home/yundo/vesc_ws/install/vesc_msgs:/home/yundo/vesc_ws/install/udp_driver:/home/yundo/vesc_ws/install/io_context:/home/yundo/vesc_ws/install/asio_cmake_module:/home/yundo/ydlidar_ws/install/ydlidar_ros2_driver /usr/bin/cmake --install /home/yundo/f1tenth_ws/build/ackermann_mux
