[0.222s] Invoking command in '/home/yundo/f1tenth_ws/build/teleop_tools_msgs': BYOBU_DATE=%Y-%m-%d CMAKE_PREFIX_PATH=/opt/ros/foxy /usr/bin/cmake /home/yundo/f1tenth_ws/src/f1tenth_system/teleop_tools/teleop_tools_msgs -DCMAKE_INSTALL_PREFIX=/home/yundo/f1tenth_ws/install/teleop_tools_msgs
[1.076s] -- The C compiler identification is GNU 8.4.0
[1.745s] -- The CXX compiler identification is GNU 8.4.0
[1.780s] -- Check for working C compiler: /usr/bin/cc
[2.230s] -- Check for working C compiler: /usr/bin/cc -- works
[2.235s] -- Detecting C compiler ABI info
[2.926s] -- Detecting C compiler ABI info - done
[3.082s] -- Detecting C compile features
[3.087s] -- Detecting C compile features - done
[3.109s] -- Check for working CXX compiler: /usr/bin/c++
[3.767s] -- Check for working CXX compiler: /usr/bin/c++ -- works
[3.771s] -- Detecting CXX compiler ABI info
[4.213s] -- Detecting CXX compiler ABI info - done
[4.271s] -- Detecting CXX compile features
[4.273s] -- Detecting CXX compile features - done
[4.313s] -- Found ament_cmake: 0.9.12 (/opt/ros/foxy/share/ament_cmake/cmake)
[4.498s] -- Found PythonInterp: /usr/bin/python3 (found suitable version "3.8.10", minimum required is "3") 
[4.499s] -- Using PYTHON_EXECUTABLE: /usr/bin/python3
[6.350s] -- Found rosidl_default_generators: 1.0.1 (/opt/ros/foxy/share/rosidl_default_generators/cmake)
[6.393s] -- Using all available rosidl_typesupport_c: rosidl_typesupport_fastrtps_c;rosidl_typesupport_introspection_c
[6.453s] -- Found rosidl_adapter: 1.3.1 (/opt/ros/foxy/share/rosidl_adapter/cmake)
[7.308s] -- Found OpenSSL: /usr/lib/aarch64-linux-gnu/libcrypto.so (found version "1.1.1f")  
[7.503s] -- Found FastRTPS: /opt/ros/foxy/include  
[8.121s] -- Using all available rosidl_typesupport_cpp: rosidl_typesupport_fastrtps_cpp;rosidl_typesupport_introspection_cpp
[8.294s] -- Found ament_lint_auto: 0.9.8 (/opt/ros/foxy/share/ament_lint_auto/cmake)
[8.946s] -- Found PythonInterp: /usr/bin/python3 (found version "3.8.10") 
[9.953s] -- Found ament_cmake_ros: 0.9.2 (/opt/ros/foxy/share/ament_cmake_ros/cmake)
[10.723s] -- Using all available rosidl_typesupport_c: rosidl_typesupport_fastrtps_c;rosidl_typesupport_introspection_c
[10.926s] -- Using all available rosidl_typesupport_cpp: rosidl_typesupport_fastrtps_cpp;rosidl_typesupport_introspection_cpp
[11.126s] -- Found PythonInterp: /usr/bin/python3 (found suitable version "3.8.10", minimum required is "3.5") 
[11.140s] -- Found python_cmake_module: 0.8.1 (/opt/ros/foxy/share/python_cmake_module/cmake)
[11.365s] -- Found PythonLibs: /usr/lib/aarch64-linux-gnu/libpython3.8.so (found suitable version "3.8.10", minimum required is "3.5") 
[11.367s] -- Using PYTHON_EXECUTABLE: /usr/bin/python3
[11.368s] -- Using PYTHON_INCLUDE_DIRS: /usr/include/python3.8
[11.368s] -- Using PYTHON_LIBRARIES: /usr/lib/aarch64-linux-gnu/libpython3.8.so
[11.609s] -- Found PythonExtra: .so  
[12.047s] -- Added test 'copyright' to check source files copyright and LICENSE
[12.060s] -- Added test 'lint_cmake' to check CMake code style
[12.067s] -- Added test 'xmllint' to check XML markup files
[12.110s] -- Configuring done
[12.343s] -- Generating done
[12.355s] -- Build files have been written to: /home/yundo/f1tenth_ws/build/teleop_tools_msgs
