[0.076s] Invoking command in '/home/yundo/f1tenth_ws/build/vesc_ackermann': AMENT_PREFIX_PATH=/home/yundo/f1tenth_ws/install/vesc_msgs:${AMENT_PREFIX_PATH} BYOBU_DATE=%Y-%m-%d CMAKE_PREFIX_PATH=/home/yundo/f1tenth_ws/install/vesc_msgs:/opt/ros/foxy LD_LIBRARY_PATH=/home/yundo/f1tenth_ws/install/vesc_msgs/lib:${LD_LIBRARY_PATH} PYTHONPATH=/home/yundo/f1tenth_ws/install/vesc_msgs/lib/python3.8/site-packages:${PYTHONPATH} /usr/bin/cmake /home/yundo/f1tenth_ws/src/f1tenth_system/vesc/vesc_ackermann -DCMAKE_INSTALL_PREFIX=/home/yundo/f1tenth_ws/install/vesc_ackermann
[0.331s] -- The C compiler identification is GNU 8.4.0
[0.559s] -- The CXX compiler identification is GNU 8.4.0
[0.583s] -- Check for working C compiler: /usr/bin/cc
[0.867s] -- Check for working C compiler: /usr/bin/cc -- works
[0.870s] -- Detecting C compiler ABI info
[1.223s] -- Detecting C compiler ABI info - done
[1.277s] -- Detecting C compile features
[1.290s] -- Detecting C compile features - done
[1.312s] -- Check for working CXX compiler: /usr/bin/c++
[2.058s] -- Check for working CXX compiler: /usr/bin/c++ -- works
[2.069s] -- Detecting CXX compiler ABI info
[2.928s] -- Detecting CXX compiler ABI info - done
[3.054s] -- Detecting CXX compile features
[3.056s] -- Detecting CXX compile features - done
[3.067s] -- Found ament_cmake_auto: 0.9.12 (/opt/ros/foxy/share/ament_cmake_auto/cmake)
[3.384s] -- Found PythonInterp: /usr/bin/python3 (found suitable version "3.8.10", minimum required is "3") 
[3.385s] -- Using PYTHON_EXECUTABLE: /usr/bin/python3
[7.858s] -- Using all available rosidl_typesupport_c: rosidl_typesupport_fastrtps_c;rosidl_typesupport_introspection_c
[7.941s] -- Found rosidl_adapter: 1.3.1 (/opt/ros/foxy/share/rosidl_adapter/cmake)
[8.882s] -- Found OpenSSL: /usr/lib/aarch64-linux-gnu/libcrypto.so (found version "1.1.1f")  
[9.154s] -- Found FastRTPS: /opt/ros/foxy/include  
[10.155s] -- Using all available rosidl_typesupport_cpp: rosidl_typesupport_fastrtps_cpp;rosidl_typesupport_introspection_cpp
[12.476s] -- Found rmw_implementation_cmake: 1.0.4 (/opt/ros/foxy/share/rmw_implementation_cmake/cmake)
[12.492s] -- Using RMW implementation 'rmw_fastrtps_cpp' as default
[12.505s] -- Looking for pthread.h
[13.411s] -- Looking for pthread.h - found
[13.413s] -- Performing Test CMAKE_HAVE_LIBC_PTHREAD
[13.886s] -- Performing Test CMAKE_HAVE_LIBC_PTHREAD - Failed
[13.888s] -- Looking for pthread_create in pthreads
[14.354s] -- Looking for pthread_create in pthreads - not found
[14.354s] -- Looking for pthread_create in pthread
[14.867s] -- Looking for pthread_create in pthread - found
[14.872s] -- Found Threads: TRUE  
[19.784s] -- Found ament_lint_auto: 0.9.8 (/opt/ros/foxy/share/ament_lint_auto/cmake)
[19.936s] -- Added test 'copyright' to check source files copyright and LICENSE
[19.944s] -- Added test 'cppcheck' to perform static code analysis on C / C++ code
[19.946s] -- Configured cppcheck include dirs: /home/yundo/f1tenth_ws/src/f1tenth_system/vesc/vesc_ackermann/include
[19.947s] -- Configured cppcheck exclude dirs and/or files: 
[19.954s] -- Added test 'cpplint' to check C / C++ code against the Google style
[19.955s] -- Configured cpplint exclude dirs and/or files: 
[19.960s] -- Added test 'lint_cmake' to check CMake code style
[19.967s] -- Added test 'uncrustify' to check C / C++ code style
[19.968s] -- Configured uncrustify additional arguments: 
[19.972s] -- Added test 'xmllint' to check XML markup files
[20.004s] -- Configuring done
[20.108s] -- Generating done
[20.119s] -- Build files have been written to: /home/yundo/f1tenth_ws/build/vesc_ackermann
[20.168s] Invoked command in '/home/yundo/f1tenth_ws/build/vesc_ackermann' returned '0': AMENT_PREFIX_PATH=/home/yundo/f1tenth_ws/install/vesc_msgs:${AMENT_PREFIX_PATH} BYOBU_DATE=%Y-%m-%d CMAKE_PREFIX_PATH=/home/yundo/f1tenth_ws/install/vesc_msgs:/opt/ros/foxy LD_LIBRARY_PATH=/home/yundo/f1tenth_ws/install/vesc_msgs/lib:${LD_LIBRARY_PATH} PYTHONPATH=/home/yundo/f1tenth_ws/install/vesc_msgs/lib/python3.8/site-packages:${PYTHONPATH} /usr/bin/cmake /home/yundo/f1tenth_ws/src/f1tenth_system/vesc/vesc_ackermann -DCMAKE_INSTALL_PREFIX=/home/yundo/f1tenth_ws/install/vesc_ackermann
[20.172s] Invoking command in '/home/yundo/f1tenth_ws/build/vesc_ackermann': AMENT_PREFIX_PATH=/home/yundo/f1tenth_ws/install/vesc_msgs:${AMENT_PREFIX_PATH} BYOBU_DATE=%Y-%m-%d CMAKE_PREFIX_PATH=/home/yundo/f1tenth_ws/install/vesc_msgs:/opt/ros/foxy LD_LIBRARY_PATH=/home/yundo/f1tenth_ws/install/vesc_msgs/lib:${LD_LIBRARY_PATH} PYTHONPATH=/home/yundo/f1tenth_ws/install/vesc_msgs/lib/python3.8/site-packages:${PYTHONPATH} /usr/bin/cmake --build /home/yundo/f1tenth_ws/build/vesc_ackermann -- -j4 -l4
[20.482s] [35m[1mScanning dependencies of target vesc_to_odom_node[0m
[20.485s] [35m[1mScanning dependencies of target ackermann_to_vesc_node[0m
[20.492s] [35m[1mScanning dependencies of target vesc_ackermann[0m
[20.853s] [ 14%] [32mBuilding CXX object CMakeFiles/vesc_to_odom_node.dir/rclcpp_components/node_main_vesc_to_odom_node.cpp.o[0m
[21.037s] [ 28%] [32mBuilding CXX object CMakeFiles/ackermann_to_vesc_node.dir/rclcpp_components/node_main_ackermann_to_vesc_node.cpp.o[0m
[21.038s] [ 42%] [32mBuilding CXX object CMakeFiles/vesc_ackermann.dir/src/ackermann_to_vesc.cpp.o[0m
[21.187s] [ 57%] [32mBuilding CXX object CMakeFiles/vesc_ackermann.dir/src/vesc_to_odom.cpp.o[0m
[40.884s] [ 71%] [32m[1mLinking CXX executable vesc_to_odom_node[0m
[41.290s] [ 85%] [32m[1mLinking CXX executable ackermann_to_vesc_node[0m
[42.147s] [ 85%] Built target vesc_to_odom_node
[42.450s] [ 85%] Built target ackermann_to_vesc_node
[62.159s] [100%] [32m[1mLinking CXX shared library libvesc_ackermann.so[0m
[64.611s] [100%] Built target vesc_ackermann
